<?xml version="1.0" encoding="utf-8"?>
<TestRun id="d1bb2aec-9e6b-441e-a5ce-04ea7bef8cc9" name="Admin@LAPTOP-MOKR56NE 2026-08-17 14:42:27" runUser="LAPTOP-MOKR56NE\Admin" xmlns="http://microsoft.com/schemas/VisualStudio/TeamTest/2010">
  <Times creation="2026-08-17T14:42:27.7772885+07:00" queuing="2026-08-17T14:42:27.7772889+07:00" start="2026-08-17T14:42:27.0729675+07:00" finish="2026-08-17T14:42:36.9090622+07:00" />
  <TestSettings name="default" id="a06caf14-6c11-4a9d-869b-9340a2ec32ab">
    <Deployment runDeploymentRoot="Admin_LAPTOP-MOKR56NE_2026-08-17_14_42_27" />
  </TestSettings>
  <Results>
    <UnitTestResult executionId="aaba6858-051a-4127-83f7-78182fb14f8f" testId="2108244c-6838-cf99-62f4-c4cfc5101b44" testName="TestingLayer.PayOSWebhookServiceTests.Webhook_SubscriptionNotFound_ReturnsNotFound" computerName="LAPTOP-MOKR56NE" duration="00:00:00.1596040" startTime="2026-08-17T14:42:27.7192394+07:00" endTime="2026-08-17T14:42:27.8523672+07:00" testType="13cdc9d9-ddb5-4fa4-a97d-d965ccfc6d4b" outcome="Passed" testListId="8c84fa94-04c1-424b-9868-57a2d4851a1d" relativeResultsDirectory="aaba6858-051a-4127-83f7-78182fb14f8f" />
    <UnitTestResult executionId="f3a3ab98-3a73-4c2e-92a6-cc841f3ada12" testId="27ef2274-d52f-665f-5219-43846a07459f" testName="TestingLayer.AccountServiceTests.ChangeUserStatusAsync_ReasonInvalid_ThrowsException(reason: &quot;&quot;)" computerName="LAPTOP-MOKR56NE" duration="00:00:00.0006217" startTime="2026-08-17T14:42:27.9082622+07:00" endTime="2026-08-17T14:42:27.9085856+07:00" testType="13cdc9d9-ddb5-4fa4-a97d-d965ccfc6d4b" outcome="Passed" testListId="8c84fa94-04c1-424b-9868-57a2d4851a1d" relativeResultsDirectory="f3a3ab98-3a73-4c2e-92a6-cc841f3ada12" />
    <UnitTestResult executionId="ffc6c7ef-2af4-4fc3-b033-0f53947f9792" testId="87f2850d-39cc-f773-a7ec-46902dfc86aa" testName="TestingLayer.AssistantServiceTests.SendMessage_HardBudget_IsPassedInSqlCriteria" computerName="LAPTOP-MOKR56NE" duration="00:00:00.0059186" startTime="2026-08-17T14:42:28.0626225+07:00" endTime="2026-08-17T14:42:28.0668701+07:00" testType="13cdc9d9-ddb5-4fa4-a97d-d965ccfc6d4b" outcome="Passed" testListId="8c84fa94-04c1-424b-9868-57a2d4851a1d" relativeResultsDirectory="ffc6c7ef-2af4-4fc3-b033-0f53947f9792" />
    <UnitTestResult executionId="8ec4ccd6-a0af-4fd1-aa4c-b2ba2e2cfc25" testId="7327396e-b6f0-bd96-8bc7-a99d66882081" testName="TestingLayer.OrderPaymentWebhookTests.ExactVerifiedPayment_AtomicallyMarksPaidAndPreparing" computerName="LAPTOP-MOKR56NE" duration="00:00:00.0115527" startTime="2026-08-17T14:42:27.8977234+07:00" endTime="2026-08-17T14:42:27.9103181+07:00" testType="13cdc9d9-ddb5-4fa4-a97d-d965ccfc6d4b" outcome="Passed" testListId="8c84fa94-04c1-424b-9868-57a2d4851a1d" relativeResultsDirectory="8ec4ccd6-a0af-4fd1-aa4c-b2ba2e2cfc25" />
    <UnitTestResult executionId="4ce7e52f-49bc-4429-b930-44705a4b59eb" testId="a73b12eb-a551-ac86-a5ae-e9ee994fc883" testName="TestingLayer.PackagePolicyServiceTests.CreatePolicyAsync_ValidRequest_CreatesInactiveVersion" computerName="LAPTOP-MOKR56NE" duration="00:00:00.0081533" startTime="2026-08-17T14:42:28.0379432+07:00" endTime="2026-08-17T14:42:28.0458098+07:00" testType="13cdc9d9-ddb5-4fa4-a97d-d965ccfc6d4b" outcome="Passed" testListId="8c84fa94-04c1-424b-9868-57a2d4851a1d" relativeResultsDirectory="4ce7e52f-49bc-4429-b930-44705a4b59eb" />
    <UnitTestResult executionId="f9e63afa-76a6-47cf-9176-db3489fbd60c" testId="e3a89f35-85b1-7115-4b88-d2fff34d19d8" testName="TestingLayer.OrderPaymentWebhookTests.WrongAmount_DoesNotOverwriteExpectedAmount_AndRoutesToRefund(received: 61000)" computerName="LAPTOP-MOKR56NE" duration="00:00:00.0273533" startTime="2026-08-17T14:42:27.9202879+07:00" endTime="2026-08-17T14:42:27.9474566+07:00" testType="13cdc9d9-ddb5-4fa4-a97d-d965ccfc6d4b" outcome="Passed" testListId="8c84fa94-04c1-424b-9868-57a2d4851a1d" relativeResultsDirectory="f9e63afa-76a6-47cf-9176-db3489fbd60c" />
    <UnitTestResult executionId="ffa3552b-afa3-40dd-98db-f458714b017e" testId="678b06a9-7294-b9f8-361d-ff37a48d3585" testName="TestingLayer.NightMarketCustomerTests.Availability_UsesVietnamTimeAndDoesNotFakeMissingHours" computerName="LAPTOP-MOKR56NE" duration="00:00:00.0027279" startTime="2026-08-17T14:42:29.3083975+07:00" endTime="2026-08-17T14:42:29.3107788+07:00" testType="13cdc9d9-ddb5-4fa4-a97d-d965ccfc6d4b" outcome="Passed" testListId="8c84fa94-04c1-424b-9868-57a2d4851a1d" relativeResultsDirectory="ffa3552b-afa3-40dd-98db-f458714b017e" />
    <UnitTestResult executionId="36d02105-c98a-4f7c-bc33-f44850c1b884" testId="89bf04a3-5999-ab69-daac-4a52c6ddf4e7" testName="TestingLayer.AccountServiceTests.UpdateAvatarAsync_ConcurrentStaleSnapshots_DeleteOnlyTheirPreviousAvatar" computerName="LAPTOP-MOKR56NE" duration="00:00:00.0104184" startTime="2026-08-17T14:42:27.9527415+07:00" endTime="2026-08-17T14:42:27.9627858+07:00" testType="13cdc9d9-ddb5-4fa4-a97d-d965ccfc6d4b" outcome="Passed" testListId="8c84fa94-04c1-424b-9868-57a2d4851a1d" relativeResultsDirectory="36d02105-c98a-4f7c-bc33-f44850c1b884" />
    <UnitTestResult executionId="e0e49ec0-0095-4ee4-9815-64cbe9fc7d9c" testId="a939e84a-df2d-313a-c976-7b768c394465" testName="TestingLayer.AdminModerationServiceTests.ChangeMarketModerationStatus_AlreadySuspended_Throws" computerName="LAPTOP-MOKR56NE" duration="00:00:00.0021647" startTime="2026-08-17T14:42:28.4625027+07:00" endTime="2026-08-17T14:42:28.4639842+07:00" testType="13cdc9d9-ddb5-4fa4-a97d-d965ccfc6d4b" outcome="Passed" testListId="8c84fa94-04c1-424b-9868-57a2d4851a1d" relativeResultsDirectory="e0e49ec0-0095-4ee4-9815-64cbe9fc7d9c" />
    <UnitTestResult executionId="90f83728-8aa2-4c2c-ab8f-f7c841a99989" testId="0bf90a22-bafa-acd5-07e3-f0f27390091c" testName="TestingLayer.OrderZeroPaymentTests.CashOrder_UsesNoExternalPaymentGateway_AndStaysPendingUntilBoothCollection" computerName="LAPTOP-MOKR56NE" duration="00:00:00.0084169" startTime="2026-08-17T14:42:27.9725447+07:00" endTime="2026-08-17T14:42:27.9799937+07:00" testType="13cdc9d9-ddb5-4fa4-a97d-d965ccfc6d4b" outcome="Passed" testListId="8c84fa94-04c1-424b-9868-57a2d4851a1d" relativeResultsDirectory="90f83728-8aa2-4c2c-ab8f-f7c841a99989" />
    <UnitTestResult executionId="04f645e5-e313-472b-a80a-8ee5d59d7616" testId="eb62e58b-a9e9-b527-7ee7-a798be692162" testName="TestingLayer.LocalFileStorageServiceTests.SaveAvatarAsync_JpgExtensionWithPngMimeAndBytes_IsRejected" computerName="LAPTOP-MOKR56NE" duration="00:00:00.0048735" startTime="2026-08-17T14:42:28.2999208+07:00" endTime="2026-08-17T14:42:28.3034569+07:00" testType="13cdc9d9-ddb5-4fa4-a97d-d965ccfc6d4b" outcome="Passed" testListId="8c84fa94-04c1-424b-9868-57a2d4851a1d" relativeResultsDirectory="04f645e5-e313-472b-a80a-8ee5d59d7616" />
    <UnitTestResult executionId="a232d4b1-a3fa-4f00-8ebc-1ee0a12d6dc3" testId="626dead4-e4e8-1137-bcb8-c6688dcd60a8" testName="TestingLayer.AssistantArbitraryPromptTests.Recommend_ArbitraryPrompt_UsesStageASemanticThenStageB(prompt: &quot;Tôi muốn ăn gì đó hấp dẫn.&quot;, leftover: &quot;hấp dẫn&quot;)" computerName="LAPTOP-MOKR56NE" duration="00:00:00.0041524" startTime="2026-08-17T14:42:28.1052483+07:00" endTime="2026-08-17T14:42:28.1092583+07:00" testType="13cdc9d9-ddb5-4fa4-a97d-d965ccfc6d4b" outcome="Passed" testListId="8c84fa94-04c1-424b-9868-57a2d4851a1d" relativeResultsDirectory="a232d4b1-a3fa-4f00-8ebc-1ee0a12d6dc3" />
    <UnitTestResult executionId="d3f4dafe-7228-4226-ade7-207bcaf0757c" testId="0dc1e4f7-f0ec-0855-6279-3152adfebd0c" testName="TestingLayer.PayOSWebhookServiceTests.Webhook_NonSuccessCode_ReturnsNotSuccessful" computerName="LAPTOP-MOKR56NE" duration="00:00:00.0026663" startTime="2026-08-17T14:42:27.8531016+07:00" endTime="2026-08-17T14:42:27.8551384+07:00" testType="13cdc9d9-ddb5-4fa4-a97d-d965ccfc6d4b" outcome="Passed" testListId="8c84fa94-04c1-424b-9868-57a2d4851a1d" relativeResultsDirectory="d3f4dafe-7228-4226-ade7-207bcaf0757c" />
    <UnitTestResult executionId="96301635-677b-476b-a2c4-a2bc3d5db770" testId="e93b092e-743c-5938-8444-7d9f505b2afd" testName="TestingLayer.BackgroundWorkerCancellationTests.OrderCleanupWorker_RealFailure_IsLoggedAndRetried" computerName="LAPTOP-MOKR56NE" duration="00:00:00.0239506" startTime="2026-08-17T14:42:27.7918503+07:00" endTime="2026-08-17T14:42:27.8197736+07:00" testType="13cdc9d9-ddb5-4fa4-a97d-d965ccfc6d4b" outcome="Passed" testListId="8c84fa94-04c1-424b-9868-57a2d4851a1d" relativeResultsDirectory="96301635-677b-476b-a2c4-a2bc3d5db770" />
    <UnitTestResult executionId="909af15b-3b81-4936-98ce-1c6cb929d124" testId="1cfcc5dd-c842-cb71-37d4-a7ae6d69551d" testName="TestingLayer.EmailServiceTests.SendPasswordResetOtpAsync_WhenSmtpMissing_ThrowsWithoutHanging" computerName="LAPTOP-MOKR56NE" duration="00:00:00.0013728" startTime="2026-08-17T14:42:27.8124515+07:00" endTime="2026-08-17T14:42:27.8133012+07:00" testType="13cdc9d9-ddb5-4fa4-a97d-d965ccfc6d4b" outcome="Passed" testListId="8c84fa94-04c1-424b-9868-57a2d4851a1d" relativeResultsDirectory="909af15b-3b81-4936-98ce-1c6cb929d124" />
    <UnitTestResult executionId="e3da0706-9168-4850-b32c-42b085c18684" testId="b6101447-d270-055a-0b58-9622efd7ecbb" testName="TestingLayer.PackageTemplateTests.UpdateAsync_UpsertPromotion_ValidId_UpdatesExistingRecord" computerName="LAPTOP-MOKR56NE" duration="00:00:00.0065749" startTime="2026-08-17T14:42:28.1020825+07:00" endTime="2026-08-17T14:42:28.1084184+07:00" testType="13cdc9d9-ddb5-4fa4-a97d-d965ccfc6d4b" outcome="Passed" testListId="8c84fa94-04c1-424b-9868-57a2d4851a1d" relativeResultsDirectory="e3da0706-9168-4850-b32c-42b085c18684" />
    <UnitTestResult executionId="05e803eb-51ea-460c-8bb6-f1ca0d5dc12a" testId="27c94f20-40fd-fc61-07d6-b81e5b15b3ad" testName="TestingLayer.NavigationEntranceServiceTests.PublicEntrances_FilterExitBlockedAndUnreachable_AndSerializeVersionedContract" computerName="LAPTOP-MOKR56NE" duration="00:00:00.0212407" startTime="2026-08-17T14:42:29.6207009+07:00" endTime="2026-08-17T14:42:29.6419849+07:00" testType="13cdc9d9-ddb5-4fa4-a97d-d965ccfc6d4b" outcome="Passed" testListId="8c84fa94-04c1-424b-9868-57a2d4851a1d" relativeResultsDirectory="05e803eb-51ea-460c-8bb6-f1ca0d5dc12a" />
    <UnitTestResult executionId="5077a9a0-f0f7-43ce-804c-63b2ea06f6e4" testId="1f51dea7-2e79-5740-0833-b55fbf0f27ed" testName="TestingLayer.AuthenticationServiceTests.GenerateNumericCode_ReturnsRequestedCryptographicCodeShape" computerName="LAPTOP-MOKR56NE" duration="00:00:00.0038762" startTime="2026-08-17T14:42:28.5331473+07:00" endTime="2026-08-17T14:42:28.5368239+07:00" testType="13cdc9d9-ddb5-4fa4-a97d-d965ccfc6d4b" outcome="Passed" testListId="8c84fa94-04c1-424b-9868-57a2d4851a1d" relativeResultsDirectory="5077a9a0-f0f7-43ce-804c-63b2ea06f6e4" />
    <UnitTestResult executionId="438eef7a-05a3-45ef-a4c4-d4329e00db2d" testId="a970b374-06f0-ba5d-a51a-b30bfe285049" testName="TestingLayer.PromotionValidationServiceTests.NegativeEffectivePrice_IsRejected" computerName="LAPTOP-MOKR56NE" duration="00:00:00.0011003" startTime="2026-08-17T14:42:28.1521920+07:00" endTime="2026-08-17T14:42:28.1530227+07:00" testType="13cdc9d9-ddb5-4fa4-a97d-d965ccfc6d4b" outcome="Passed" testListId="8c84fa94-04c1-424b-9868-57a2d4851a1d" relativeResultsDirectory="438eef7a-05a3-45ef-a4c4-d4329e00db2d" />
    <UnitTestResult executionId="f8954695-6d8f-410f-a91e-b3790e96e86c" testId="087fbaaa-be2e-f194-3e69-27d8bf086cad" testName="TestingLayer.SubscriptionEntitlementServiceTests.GetMarketEntitlements_WithProPackage_ReturnsProEntitlements" computerName="LAPTOP-MOKR56NE" duration="00:00:00.0029028" startTime="2026-08-17T14:42:29.3987070+07:00" endTime="2026-08-17T14:42:29.4013842+07:00" testType="13cdc9d9-ddb5-4fa4-a97d-d965ccfc6d4b" outcome="Passed" testListId="8c84fa94-04c1-424b-9868-57a2d4851a1d" relativeResultsDirectory="f8954695-6d8f-410f-a91e-b3790e96e86c" />
    <UnitTestResult executionId="f6eeb829-2550-4c74-b6f9-c8ec58f011c8" testId="309a190a-5c7f-9605-9fe2-79f94911ccc5" testName="TestingLayer.PackageTemplateTests.ResolveTemplate_BoothFeatured_ReturnsCorrectEntitlements" computerName="LAPTOP-MOKR56NE" duration="00:00:00.0004410" startTime="2026-08-17T14:42:28.1086968+07:00" endTime="2026-08-17T14:42:28.1089016+07:00" testType="13cdc9d9-ddb5-4fa4-a97d-d965ccfc6d4b" outcome="Passed" testListId="8c84fa94-04c1-424b-9868-57a2d4851a1d" relativeResultsDirectory="f6eeb829-2550-4c74-b6f9-c8ec58f011c8" />
    <UnitTestResult executionId="718e2bfe-a407-413a-b138-2ad9708465cc" testId="cefc07db-c11b-b494-d707-0279aae4d7b3" testName="TestingLayer.CustomerHistoryReviewComplaintTests.FoodReviewCreate_RequiresCompletedOwnedOrderDetail" computerName="LAPTOP-MOKR56NE" duration="00:00:00.0093576" startTime="2026-08-17T14:42:29.7279698+07:00" endTime="2026-08-17T14:42:29.7370819+07:00" testType="13cdc9d9-ddb5-4fa4-a97d-d965ccfc6d4b" outcome="Passed" testListId="8c84fa94-04c1-424b-9868-57a2d4851a1d" relativeResultsDirectory="718e2bfe-a407-413a-b138-2ad9708465cc" />
    <UnitTestResult executionId="52c741aa-079a-4287-993c-33271eb94518" testId="885c8dc5-82f7-d40a-c091-f5632d25b3aa" testName="TestingLayer.MarketLayoutDistanceFoundationTests.CreateEdge_OnActiveLayout_IsRejectedAsImmutable" computerName="LAPTOP-MOKR56NE" duration="00:00:00.0897551" startTime="2026-08-17T14:42:29.4980591+07:00" endTime="2026-08-17T14:42:29.5874945+07:00" testType="13cdc9d9-ddb5-4fa4-a97d-d965ccfc6d4b" outcome="Passed" testListId="8c84fa94-04c1-424b-9868-57a2d4851a1d" relativeResultsDirectory="52c741aa-079a-4287-993c-33271eb94518" />
    <UnitTestResult executionId="dfc12905-6acf-4e35-b619-e3c71ecafd7d" testId="941ae642-e3c5-c0f1-9473-4c443fb9ae1e" testName="TestingLayer.SubscriptionEntitlementServiceTests.GetBoothEntitlements_WithNullEntitlements_ReturnsFree" computerName="LAPTOP-MOKR56NE" duration="00:00:00.0016508" startTime="2026-08-17T14:42:29.4017410+07:00" endTime="2026-08-17T14:42:29.4031517+07:00" testType="13cdc9d9-ddb5-4fa4-a97d-d965ccfc6d4b" outcome="Passed" testListId="8c84fa94-04c1-424b-9868-57a2d4851a1d" relativeResultsDirectory="dfc12905-6acf-4e35-b619-e3c71ecafd7d" />
    <UnitTestResult executionId="4cdc5923-544d-4e31-a7b6-a97f6c0746ab" testId="54946f45-f615-ea93-4759-1b0f0a682511" testName="TestingLayer.AssistantIntentInterpreterTests.Interpret_UsesStructuredJson_NotKeywordMatching" computerName="LAPTOP-MOKR56NE" duration="00:00:00.0093034" startTime="2026-08-17T14:42:27.9861565+07:00" endTime="2026-08-17T14:42:27.9948275+07:00" testType="13cdc9d9-ddb5-4fa4-a97d-d965ccfc6d4b" outcome="Passed" testListId="8c84fa94-04c1-424b-9868-57a2d4851a1d" relativeResultsDirectory="4cdc5923-544d-4e31-a7b6-a97f6c0746ab" />
    <UnitTestResult executionId="9dc36b6f-741c-4a29-bf36-ec4894077d83" testId="1e79c366-9c8b-d0a9-9307-7f09a701d5ef" testName="TestingLayer.CartCheckoutOrderabilityTests.Orderability_OvernightSchedulesUseHalfOpenIntervals" computerName="LAPTOP-MOKR56NE" duration="00:00:00.0003647" startTime="2026-08-17T14:42:29.5466920+07:00" endTime="2026-08-17T14:42:29.5468051+07:00" testType="13cdc9d9-ddb5-4fa4-a97d-d965ccfc6d4b" outcome="Passed" testListId="8c84fa94-04c1-424b-9868-57a2d4851a1d" relativeResultsDirectory="9dc36b6f-741c-4a29-bf36-ec4894077d83" />
    <UnitTestResult executionId="05dde243-21eb-41af-a5d2-fe0486867297" testId="dac8cab6-bc50-1a9b-854f-5dd3a5e49fef" testName="TestingLayer.IntegrationDemoDataSeederTests.SeededDataset_DisconnectedDestination_ReturnsStableRouteNotFoundError" computerName="LAPTOP-MOKR56NE" duration="00:00:01.1989155" startTime="2026-08-17T14:42:33.2380436+07:00" endTime="2026-08-17T14:42:34.4368967+07:00" testType="13cdc9d9-ddb5-4fa4-a97d-d965ccfc6d4b" outcome="Passed" testListId="8c84fa94-04c1-424b-9868-57a2d4851a1d" relativeResultsDirectory="05dde243-21eb-41af-a5d2-fe0486867297" />
    <UnitTestResult executionId="90fbe42d-8826-4d6a-9e56-e897308e557c" testId="efc630ef-1cc4-0f34-8e5b-768e20177f1c" testName="TestingLayer.SubscriptionServiceTests.VerifySubscription_BoothPackageInactive_ThrowsBadRequest" computerName="LAPTOP-MOKR56NE" duration="00:00:00.0020050" startTime="2026-08-17T14:42:28.5194272+07:00" endTime="2026-08-17T14:42:28.5211891+07:00" testType="13cdc9d9-ddb5-4fa4-a97d-d965ccfc6d4b" outcome="Passed" testListId="8c84fa94-04c1-424b-9868-57a2d4851a1d" relativeResultsDirectory="90fbe42d-8826-4d6a-9e56-e897308e557c" />
    <UnitTestResult executionId="bf29de66-1564-4102-963d-69b0e6aea78a" testId="c274656d-2407-878b-d465-b304a399ef94" testName="TestingLayer.PriceServiceTests.CreatePackagePriceAsync_StartDateEqualsEndDate_ThrowsBadRequest" computerName="LAPTOP-MOKR56NE" duration="00:00:00.0016863" startTime="2026-08-17T14:42:28.3728555+07:00" endTime="2026-08-17T14:42:28.3743308+07:00" testType="13cdc9d9-ddb5-4fa4-a97d-d965ccfc6d4b" outcome="Passed" testListId="8c84fa94-04c1-424b-9868-57a2d4851a1d" relativeResultsDirectory="bf29de66-1564-4102-963d-69b0e6aea78a" />
    <UnitTestResult executionId="5b4f8ee3-9c74-4bf9-af2b-70f174564f1f" testId="736b9664-3cca-91f5-4ce1-18d9b37836b5" testName="TestingLayer.PayOSWebhookDispatcherTests.Dispatch_UnknownPrefix_OnlySubscriptionExists_CallsSubscriptionService" computerName="LAPTOP-MOKR56NE" duration="00:00:00.0024164" startTime="2026-08-17T14:42:28.5674299+07:00" endTime="2026-08-17T14:42:28.5695765+07:00" testType="13cdc9d9-ddb5-4fa4-a97d-d965ccfc6d4b" outcome="Passed" testListId="8c84fa94-04c1-424b-9868-57a2d4851a1d" relativeResultsDirectory="5b4f8ee3-9c74-4bf9-af2b-70f174564f1f" />
    <UnitTestResult executionId="bb22fe06-cb3b-45bc-9d28-f978432a2785" testId="0c275979-fa0d-5759-0f2f-88dee0d34886" testName="TestingLayer.AdminModerationServiceTests.GetBoothsAsync_ReturnsActualBoothStatus(status: Inactive)" computerName="LAPTOP-MOKR56NE" duration="00:00:00.0008041" startTime="2026-08-17T14:42:28.3993876+07:00" endTime="2026-08-17T14:42:28.4000575+07:00" testType="13cdc9d9-ddb5-4fa4-a97d-d965ccfc6d4b" outcome="Passed" testListId="8c84fa94-04c1-424b-9868-57a2d4851a1d" relativeResultsDirectory="bb22fe06-cb3b-45bc-9d28-f978432a2785" />
    <UnitTestResult executionId="ee1a72d6-fa4a-47a0-9aa5-1545ee30667a" testId="6cc7b755-d948-5e1c-2c0f-8db6e16555bb" testName="TestingLayer.SubscriptionEntitlementServiceTests.GetRecommendationPriorityAsync_FeaturedSubscription_Returns3" computerName="LAPTOP-MOKR56NE" duration="00:00:00.0030442" startTime="2026-08-17T14:42:29.3967683+07:00" endTime="2026-08-17T14:42:29.3983546+07:00" testType="13cdc9d9-ddb5-4fa4-a97d-d965ccfc6d4b" outcome="Passed" testListId="8c84fa94-04c1-424b-9868-57a2d4851a1d" relativeResultsDirectory="ee1a72d6-fa4a-47a0-9aa5-1545ee30667a" />
    <UnitTestResult executionId="85fe3c04-db91-4a2f-a523-052a76aaffa1" testId="4a4e9b88-9677-b9d9-b042-84e5f5999583" testName="TestingLayer.AccountServiceTests.UpdateAvatarAsync_DatabaseFailure_CleansUpNewAvatar" computerName="LAPTOP-MOKR56NE" duration="00:00:00.0054922" startTime="2026-08-17T14:42:27.9727294+07:00" endTime="2026-08-17T14:42:27.9776371+07:00" testType="13cdc9d9-ddb5-4fa4-a97d-d965ccfc6d4b" outcome="Passed" testListId="8c84fa94-04c1-424b-9868-57a2d4851a1d" relativeResultsDirectory="85fe3c04-db91-4a2f-a523-052a76aaffa1" />
    <UnitTestResult executionId="c63dce7b-1a3e-47e3-8256-31ace8fedeab" testId="83f973d6-1e2e-7d8e-b6be-265a20490621" testName="TestingLayer.SubscriptionServiceTests.VerifySubscription_RejectWithoutReason_ThrowsBadRequest" computerName="LAPTOP-MOKR56NE" duration="00:00:00.0005792" startTime="2026-08-17T14:42:28.5103804+07:00" endTime="2026-08-17T14:42:28.5107592+07:00" testType="13cdc9d9-ddb5-4fa4-a97d-d965ccfc6d4b" outcome="Passed" testListId="8c84fa94-04c1-424b-9868-57a2d4851a1d" relativeResultsDirectory="c63dce7b-1a3e-47e3-8256-31ace8fedeab" />
    <UnitTestResult executionId="e363b248-5235-49dc-896d-7a976ce543ad" testId="d58d840e-5946-4c09-c7d2-671f0101916c" testName="TestingLayer.IndoorPositioningServicePhase5Tests.Snap_SelectsNearestAccessibleEdge_AndReturnsCalibratedDistance" computerName="LAPTOP-MOKR56NE" duration="00:00:00.0080898" startTime="2026-08-17T14:42:36.7944323+07:00" endTime="2026-08-17T14:42:36.8026386+07:00" testType="13cdc9d9-ddb5-4fa4-a97d-d965ccfc6d4b" outcome="Passed" testListId="8c84fa94-04c1-424b-9868-57a2d4851a1d" relativeResultsDirectory="e363b248-5235-49dc-896d-7a976ce543ad" />
    <UnitTestResult executionId="8a6e8419-0f80-45b0-9505-40b9dc9a381a" testId="37ad0ccf-d338-883d-9241-a4626b1bffc1" testName="TestingLayer.BackgroundWorkerCancellationTests.OrderCleanupWorker_HostShutdownDuringIteration_CompletesWithoutError" computerName="LAPTOP-MOKR56NE" duration="00:00:00.0120151" startTime="2026-08-17T14:42:27.9480950+07:00" endTime="2026-08-17T14:42:27.9607014+07:00" testType="13cdc9d9-ddb5-4fa4-a97d-d965ccfc6d4b" outcome="Passed" testListId="8c84fa94-04c1-424b-9868-57a2d4851a1d" relativeResultsDirectory="8a6e8419-0f80-45b0-9505-40b9dc9a381a" />
    <UnitTestResult executionId="790bd6d4-bf37-431d-af96-e630a444b395" testId="7a091fac-9a10-9c52-0f29-74f5aac006a2" testName="TestingLayer.ComplaintServiceTests.UpdateStatusAsync_SuspendBooth_UpdatesBoothInTransaction" computerName="LAPTOP-MOKR56NE" duration="00:00:00.0095534" startTime="2026-08-17T14:42:28.0271992+07:00" endTime="2026-08-17T14:42:28.0365035+07:00" testType="13cdc9d9-ddb5-4fa4-a97d-d965ccfc6d4b" outcome="Passed" testListId="8c84fa94-04c1-424b-9868-57a2d4851a1d" relativeResultsDirectory="790bd6d4-bf37-431d-af96-e630a444b395" />
    <UnitTestResult executionId="7c242b61-c2b4-42b0-9447-f67c51d57b12" testId="fb8d003f-7491-7f9d-3bd6-70e2e1de52e0" testName="TestingLayer.ComplaintServiceTests.UpdateStatusAsync_ResolveWithNoViolation_Succeeds" computerName="LAPTOP-MOKR56NE" duration="00:00:00.0038433" startTime="2026-08-17T14:42:28.0056588+07:00" endTime="2026-08-17T14:42:28.0094252+07:00" testType="13cdc9d9-ddb5-4fa4-a97d-d965ccfc6d4b" outcome="Passed" testListId="8c84fa94-04c1-424b-9868-57a2d4851a1d" relativeResultsDirectory="7c242b61-c2b4-42b0-9447-f67c51d57b12" />
    <UnitTestResult executionId="c71cb58a-8dc2-4117-bcfe-31788cc157f6" testId="336389f0-2b6f-e66c-8d94-850e901119f0" testName="TestingLayer.IndoorNavigationCorridorTests.Builder_SupportsMultipleEntrancesAndArbitraryBoothCounts" computerName="LAPTOP-MOKR56NE" duration="00:00:00.0033302" startTime="2026-08-17T14:42:29.5462902+07:00" endTime="2026-08-17T14:42:29.5479866+07:00" testType="13cdc9d9-ddb5-4fa4-a97d-d965ccfc6d4b" outcome="Passed" testListId="8c84fa94-04c1-424b-9868-57a2d4851a1d" relativeResultsDirectory="c71cb58a-8dc2-4117-bcfe-31788cc157f6" />
    <UnitTestResult executionId="6562b596-7365-45f0-b3f1-6d1dcc7b0b9e" testId="a4ec3659-30d5-9f98-e0f3-e66c6538f21e" testName="TestingLayer.AssistantSemanticMatcherTests.ParseBatch_InvalidJson_Throws503" computerName="LAPTOP-MOKR56NE" duration="00:00:00.0003441" startTime="2026-08-17T14:42:28.2061169+07:00" endTime="2026-08-17T14:42:28.2062374+07:00" testType="13cdc9d9-ddb5-4fa4-a97d-d965ccfc6d4b" outcome="Passed" testListId="8c84fa94-04c1-424b-9868-57a2d4851a1d" relativeResultsDirectory="6562b596-7365-45f0-b3f1-6d1dcc7b0b9e" />
    <UnitTestResult executionId="ba9ab1e5-1015-46db-9c1f-3f7cd07f535b" testId="39e05c8d-f939-25f2-bfa5-ec387a144ec4" testName="TestingLayer.DatabaseReadinessHealthCheckTests.CheckHealthAsync_ReturnsHealthy_WhenDatabaseCanConnect" computerName="LAPTOP-MOKR56NE" duration="00:00:01.2775523" startTime="2026-08-17T14:42:27.7191555+07:00" endTime="2026-08-17T14:42:28.9739883+07:00" testType="13cdc9d9-ddb5-4fa4-a97d-d965ccfc6d4b" outcome="Passed" testListId="8c84fa94-04c1-424b-9868-57a2d4851a1d" relativeResultsDirectory="ba9ab1e5-1015-46db-9c1f-3f7cd07f535b" />
    <UnitTestResult executionId="26483390-e1c6-4935-b859-e50bd8b29a20" testId="970171f7-0850-5f11-c9f3-c25d616e4499" testName="TestingLayer.PriceServiceTests.CreatePackagePriceAsync_PromotionExpired_ThrowsBadRequest" computerName="LAPTOP-MOKR56NE" duration="00:00:00.0010562" startTime="2026-08-17T14:42:28.3912924+07:00" endTime="2026-08-17T14:42:28.3921345+07:00" testType="13cdc9d9-ddb5-4fa4-a97d-d965ccfc6d4b" outcome="Passed" testListId="8c84fa94-04c1-424b-9868-57a2d4851a1d" relativeResultsDirectory="26483390-e1c6-4935-b859-e50bd8b29a20" />
    <UnitTestResult executionId="01ce41f9-29b1-411c-8cda-f3f3e6502ef1" testId="13f18633-9284-5a6d-74b7-43d9183a2f10" testName="TestingLayer.IndoorPositioningServicePhase5Tests.Snap_RejectsTooFar_AndUncalibratedDoesNotClaimMeters" computerName="LAPTOP-MOKR56NE" duration="00:00:00.0030182" startTime="2026-08-17T14:42:36.8370411+07:00" endTime="2026-08-17T14:42:36.8398777+07:00" testType="13cdc9d9-ddb5-4fa4-a97d-d965ccfc6d4b" outcome="Passed" testListId="8c84fa94-04c1-424b-9868-57a2d4851a1d" relativeResultsDirectory="01ce41f9-29b1-411c-8cda-f3f3e6502ef1" />
    <UnitTestResult executionId="da0f4984-653b-4da8-96da-d70622658a82" testId="53caef41-25ee-9441-de65-5d9928c6e854" testName="TestingLayer.OrderRefundLifecycleTests.Reconciliation_RequiresExactProviderAmount_BeforeRefunded" computerName="LAPTOP-MOKR56NE" duration="00:00:00.0038869" startTime="2026-08-17T14:42:28.4453888+07:00" endTime="2026-08-17T14:42:28.4480004+07:00" testType="13cdc9d9-ddb5-4fa4-a97d-d965ccfc6d4b" outcome="Passed" testListId="8c84fa94-04c1-424b-9868-57a2d4851a1d" relativeResultsDirectory="da0f4984-653b-4da8-96da-d70622658a82" />
    <UnitTestResult executionId="b4bd4ca2-2691-45c7-a678-f5e7fe7abb80" testId="3049ec16-20a5-5d77-9203-a71d1bb8ff58" testName="TestingLayer.OrderZeroPaymentTests.FullyDiscountedPayOSOrder_DoesNotCallProvider_AndIsSettledAtomically" computerName="LAPTOP-MOKR56NE" duration="00:00:00.0512098" startTime="2026-08-17T14:42:27.9207057+07:00" endTime="2026-08-17T14:42:27.9715043+07:00" testType="13cdc9d9-ddb5-4fa4-a97d-d965ccfc6d4b" outcome="Passed" testListId="8c84fa94-04c1-424b-9868-57a2d4851a1d" relativeResultsDirectory="b4bd4ca2-2691-45c7-a678-f5e7fe7abb80" />
    <UnitTestResult executionId="402d7306-2925-46e9-ae53-16aa9c518ab6" testId="7b81afe3-4b2d-67e2-acc5-32d6c0ab97b4" testName="TestingLayer.AccountServiceTests.GetUserStatusHistoryAsync_ReturnsPagedResult" computerName="LAPTOP-MOKR56NE" duration="00:00:00.0085516" startTime="2026-08-17T14:42:28.0028309+07:00" endTime="2026-08-17T14:42:28.0104067+07:00" testType="13cdc9d9-ddb5-4fa4-a97d-d965ccfc6d4b" outcome="Passed" testListId="8c84fa94-04c1-424b-9868-57a2d4851a1d" relativeResultsDirectory="402d7306-2925-46e9-ae53-16aa9c518ab6" />
    <UnitTestResult executionId="a540301d-20ab-45e5-af86-08767110c96b" testId="fa6275e6-9c38-cae6-787a-90d5161648e9" testName="TestingLayer.AssistantArbitraryPromptTests.Recommend_Bestseller_WithZeroSales_IsUnknown_NotFeaturedRemap" computerName="LAPTOP-MOKR56NE" duration="00:00:00.0058015" startTime="2026-08-17T14:42:28.0874469+07:00" endTime="2026-08-17T14:42:28.0918303+07:00" testType="13cdc9d9-ddb5-4fa4-a97d-d965ccfc6d4b" outcome="Passed" testListId="8c84fa94-04c1-424b-9868-57a2d4851a1d" relativeResultsDirectory="a540301d-20ab-45e5-af86-08767110c96b" />
    <UnitTestResult executionId="96025dee-6c6b-448a-adb4-c0ace448b531" testId="de5178bc-fc95-40ba-a880-84d06d0fcffc" testName="TestingLayer.PackagePolicySeederTests.SeedAsync_ContentMarkdown_ContainsEveryTermFromContentJson" computerName="LAPTOP-MOKR56NE" duration="00:00:00.0187194" startTime="2026-08-17T14:42:29.5752665+07:00" endTime="2026-08-17T14:42:29.5931242+07:00" testType="13cdc9d9-ddb5-4fa4-a97d-d965ccfc6d4b" outcome="Passed" testListId="8c84fa94-04c1-424b-9868-57a2d4851a1d" relativeResultsDirectory="96025dee-6c6b-448a-adb4-c0ace448b531" />
    <UnitTestResult executionId="0a469270-5f75-4069-8d95-174d90c381f7" testId="73b6e031-fce8-ad69-9eb8-87c4c2f812b5" testName="TestingLayer.PackageTemplateTests.ResolveTemplate_MarketPro_ReturnsCorrectEntitlements" computerName="LAPTOP-MOKR56NE" duration="00:00:00.0007025" startTime="2026-08-17T14:42:28.1123175+07:00" endTime="2026-08-17T14:42:28.1128102+07:00" testType="13cdc9d9-ddb5-4fa4-a97d-d965ccfc6d4b" outcome="Passed" testListId="8c84fa94-04c1-424b-9868-57a2d4851a1d" relativeResultsDirectory="0a469270-5f75-4069-8d95-174d90c381f7" />
    <UnitTestResult executionId="882991e9-20b2-49c3-bce6-46bd00ece7d7" testId="cf657956-b5a4-0224-3b69-c3eafbe0d428" testName="TestingLayer.PayOSWebhookDispatcherTests.Dispatch_MarketPrefix_CallsSubscriptionService" computerName="LAPTOP-MOKR56NE" duration="00:00:00.0143600" startTime="2026-08-17T14:42:28.5458225+07:00" endTime="2026-08-17T14:42:28.5602906+07:00" testType="13cdc9d9-ddb5-4fa4-a97d-d965ccfc6d4b" outcome="Passed" testListId="8c84fa94-04c1-424b-9868-57a2d4851a1d" relativeResultsDirectory="882991e9-20b2-49c3-bce6-46bd00ece7d7" />
    <UnitTestResult executionId="7ab21e3b-6e2d-46f3-9266-6ab72517899f" testId="4d660fd1-3f64-d3bc-7f59-9addb709f1d5" testName="TestingLayer.AssistantArbitraryPromptTests.MealPlan_NoDessertInPool_DessertSectionEmpty" computerName="LAPTOP-MOKR56NE" duration="00:00:00.0195848" startTime="2026-08-17T14:42:28.0664848+07:00" endTime="2026-08-17T14:42:28.0871786+07:00" testType="13cdc9d9-ddb5-4fa4-a97d-d965ccfc6d4b" outcome="Passed" testListId="8c84fa94-04c1-424b-9868-57a2d4851a1d" relativeResultsDirectory="7ab21e3b-6e2d-46f3-9266-6ab72517899f" />
    <UnitTestResult executionId="2fe3d577-8bf6-4964-b4db-b2c4bac66bf7" testId="f4a1d19d-e363-9109-2111-49cf197427ed" testName="TestingLayer.LocalFileStorageServiceTests.SaveAvatarAsync_InvalidOrRenamedActiveContent_IsRejected(fileName: &quot;renamed-svg.png&quot;, contentType: &quot;image/png&quot;, content: &quot;&lt;svg&gt;&lt;/svg&gt;&quot;)" computerName="LAPTOP-MOKR56NE" duration="00:00:00.0052629" startTime="2026-08-17T14:42:28.3455393+07:00" endTime="2026-08-17T14:42:28.3506685+07:00" testType="13cdc9d9-ddb5-4fa4-a97d-d965ccfc6d4b" outcome="Passed" testListId="8c84fa94-04c1-424b-9868-57a2d4851a1d" relativeResultsDirectory="2fe3d577-8bf6-4964-b4db-b2c4bac66bf7" />
    <UnitTestResult executionId="be686da7-e4d7-46fc-a90e-a921c64f10d4" testId="f8722384-0234-8375-67dc-d355d376260e" testName="TestingLayer.AccountServiceTests.ChangeUserStatusAsync_InvalidStatusTransition_ThrowsException" computerName="LAPTOP-MOKR56NE" duration="00:00:00.0030874" startTime="2026-08-17T14:42:27.9111810+07:00" endTime="2026-08-17T14:42:27.9122448+07:00" testType="13cdc9d9-ddb5-4fa4-a97d-d965ccfc6d4b" outcome="Passed" testListId="8c84fa94-04c1-424b-9868-57a2d4851a1d" relativeResultsDirectory="be686da7-e4d7-46fc-a90e-a921c64f10d4" />
    <UnitTestResult executionId="3582d947-8683-4bda-a021-d91b4060ac86" testId="f4cc4ad2-036c-61c5-5828-0bab18f3603b" testName="TestingLayer.PackagePolicySeederTests.SeedAsync_ExistingInactiveVersionOne_BlocksCreationWithDuplicateReport" computerName="LAPTOP-MOKR56NE" duration="00:00:00.0071021" startTime="2026-08-17T14:42:29.5228124+07:00" endTime="2026-08-17T14:42:29.5297306+07:00" testType="13cdc9d9-ddb5-4fa4-a97d-d965ccfc6d4b" outcome="Passed" testListId="8c84fa94-04c1-424b-9868-57a2d4851a1d" relativeResultsDirectory="3582d947-8683-4bda-a021-d91b4060ac86" />
    <UnitTestResult executionId="88cb3a4a-4838-4b54-840e-723a939dd880" testId="7f8bea3a-656d-cdc6-e6dd-7050a40053f6" testName="TestingLayer.SubscriptionServiceTests.VerifySubscription_MarketNotFound_ThrowsNotFound" computerName="LAPTOP-MOKR56NE" duration="00:00:00.0017097" startTime="2026-08-17T14:42:28.5169523+07:00" endTime="2026-08-17T14:42:28.5184558+07:00" testType="13cdc9d9-ddb5-4fa4-a97d-d965ccfc6d4b" outcome="Passed" testListId="8c84fa94-04c1-424b-9868-57a2d4851a1d" relativeResultsDirectory="88cb3a4a-4838-4b54-840e-723a939dd880" />
    <UnitTestResult executionId="3e0568b7-b308-4c0a-9496-811de8a09d63" testId="cced3c92-5ea5-8884-939d-65f720b2d244" testName="TestingLayer.AccountServiceTests.ChangeUserStatusAsync_UserNotFound_ThrowsException" computerName="LAPTOP-MOKR56NE" duration="00:00:00.0015697" startTime="2026-08-17T14:42:27.9152580+07:00" endTime="2026-08-17T14:42:27.9154397+07:00" testType="13cdc9d9-ddb5-4fa4-a97d-d965ccfc6d4b" outcome="Passed" testListId="8c84fa94-04c1-424b-9868-57a2d4851a1d" relativeResultsDirectory="3e0568b7-b308-4c0a-9496-811de8a09d63" />
    <UnitTestResult executionId="47cd580f-a433-47d3-ad7d-d25a6642f2e5" testId="d64d1d74-0921-0c47-899a-5a79aa2210ba" testName="TestingLayer.AssistantOpenAiLanguageModelClientTests.CompleteJson_Timeout_Throws503" computerName="LAPTOP-MOKR56NE" duration="00:00:01.6730392" startTime="2026-08-17T14:42:27.7814846+07:00" endTime="2026-08-17T14:42:29.4561131+07:00" testType="13cdc9d9-ddb5-4fa4-a97d-d965ccfc6d4b" outcome="Passed" testListId="8c84fa94-04c1-424b-9868-57a2d4851a1d" relativeResultsDirectory="47cd580f-a433-47d3-ad7d-d25a6642f2e5" />
    <UnitTestResult executionId="92f86d9f-aae7-4ecd-8cc7-ac848a86ca04" testId="0047c8c4-16a5-3908-f48f-4b7ede1e3b98" testName="TestingLayer.PostgresHomeDiscoveryTests.AppliedDatabase_HomeDiscoveryQueries_DoNotThrow" computerName="LAPTOP-MOKR56NE" duration="00:00:00.0008519" startTime="2026-08-17T14:42:28.0537614+07:00" endTime="2026-08-17T14:42:28.0543478+07:00" testType="13cdc9d9-ddb5-4fa4-a97d-d965ccfc6d4b" outcome="Passed" testListId="8c84fa94-04c1-424b-9868-57a2d4851a1d" relativeResultsDirectory="92f86d9f-aae7-4ecd-8cc7-ac848a86ca04" />
    <UnitTestResult executionId="8c85608c-2f8c-4377-9102-727b54e4ae3f" testId="19212e79-ab92-8e05-0b2b-efee4257b7f4" testName="TestingLayer.IndoorRouteSolverFoundationTests.Solve_UsesDirectionAccessibilityAndExactEdgeWeights" computerName="LAPTOP-MOKR56NE" duration="00:00:00.0188251" startTime="2026-08-17T14:42:28.1613256+07:00" endTime="2026-08-17T14:42:28.1799231+07:00" testType="13cdc9d9-ddb5-4fa4-a97d-d965ccfc6d4b" outcome="Passed" testListId="8c84fa94-04c1-424b-9868-57a2d4851a1d" relativeResultsDirectory="8c85608c-2f8c-4377-9102-727b54e4ae3f" />
    <UnitTestResult executionId="03e239f2-0508-438a-a433-381c247338f2" testId="39b4c1ef-ff6a-58f7-d33e-d636ff87e197" testName="TestingLayer.OrderPaymentWebhookTests.DuplicatePaidWebhook_IsNoOp" computerName="LAPTOP-MOKR56NE" duration="00:00:00.0063317" startTime="2026-08-17T14:42:27.9476399+07:00" endTime="2026-08-17T14:42:27.9538707+07:00" testType="13cdc9d9-ddb5-4fa4-a97d-d965ccfc6d4b" outcome="Passed" testListId="8c84fa94-04c1-424b-9868-57a2d4851a1d" relativeResultsDirectory="03e239f2-0508-438a-a433-381c247338f2" />
    <UnitTestResult executionId="61ec59f8-c715-46a9-bac4-312727d0fd56" testId="b5f64c37-cdcc-8987-7412-5d20896d997e" testName="TestingLayer.PostgresBusinessConcurrencyTests.ConcurrentCheckout_GuaranteesHoldThroughRealOrderService" computerName="LAPTOP-MOKR56NE" duration="00:00:00.0143866" startTime="2026-08-17T14:42:27.7192805+07:00" endTime="2026-08-17T14:42:27.7266808+07:00" testType="13cdc9d9-ddb5-4fa4-a97d-d965ccfc6d4b" outcome="Passed" testListId="8c84fa94-04c1-424b-9868-57a2d4851a1d" relativeResultsDirectory="61ec59f8-c715-46a9-bac4-312727d0fd56" />
    <UnitTestResult executionId="e321c626-267a-4bc3-bb08-1b8879e7857a" testId="cae8effc-7d97-a3dd-c97d-bec9377d786c" testName="TestingLayer.PackageImageSeederTests.SeedAsync_SetsSeedImageOnlyWhenImageUrlIsEmpty" computerName="LAPTOP-MOKR56NE" duration="00:00:00.0339063" startTime="2026-08-17T14:42:29.2236492+07:00" endTime="2026-08-17T14:42:29.2573166+07:00" testType="13cdc9d9-ddb5-4fa4-a97d-d965ccfc6d4b" outcome="Passed" testListId="8c84fa94-04c1-424b-9868-57a2d4851a1d" relativeResultsDirectory="e321c626-267a-4bc3-bb08-1b8879e7857a" />
    <UnitTestResult executionId="be26f9a8-a677-4e3a-9a1e-662baf834488" testId="e18b4135-e3cd-dd6e-f8a2-b5626aa3625a" testName="TestingLayer.SubscriptionEntitlementServiceTests.CanUseFeaturedFoodAsync_FeaturedSubscription_ReturnsTrue" computerName="LAPTOP-MOKR56NE" duration="00:00:00.0033428" startTime="2026-08-17T14:42:29.3891523+07:00" endTime="2026-08-17T14:42:29.3923322+07:00" testType="13cdc9d9-ddb5-4fa4-a97d-d965ccfc6d4b" outcome="Passed" testListId="8c84fa94-04c1-424b-9868-57a2d4851a1d" relativeResultsDirectory="be26f9a8-a677-4e3a-9a1e-662baf834488" />
    <UnitTestResult executionId="23895bff-1573-45cf-a066-ba7b49a438c5" testId="9e39015b-0922-4752-03e0-51d661a53d3d" testName="TestingLayer.PackageTemplateTests.GetFeatures_ReturnsExpectedFeaturesCount(code: &quot;MARKET_BASIC&quot;, expectedCount: 8)" computerName="LAPTOP-MOKR56NE" duration="00:00:00.0024175" startTime="2026-08-17T14:42:28.0253133+07:00" endTime="2026-08-17T14:42:28.0275426+07:00" testType="13cdc9d9-ddb5-4fa4-a97d-d965ccfc6d4b" outcome="Passed" testListId="8c84fa94-04c1-424b-9868-57a2d4851a1d" relativeResultsDirectory="23895bff-1573-45cf-a066-ba7b49a438c5" />
    <UnitTestResult executionId="0ed1be40-f120-4a0b-aebb-e3e3b1e8ad27" testId="7eb0c618-6f93-307e-10ee-8e36b3d8cd85" testName="TestingLayer.AdminModerationServiceTests.GetMarketHistoryAsync_ReturnsPagedHistory" computerName="LAPTOP-MOKR56NE" duration="00:00:00.0020019" startTime="2026-08-17T14:42:28.4458173+07:00" endTime="2026-08-17T14:42:28.4466967+07:00" testType="13cdc9d9-ddb5-4fa4-a97d-d965ccfc6d4b" outcome="Passed" testListId="8c84fa94-04c1-424b-9868-57a2d4851a1d" relativeResultsDirectory="0ed1be40-f120-4a0b-aebb-e3e3b1e8ad27" />
    <UnitTestResult executionId="56670418-48b9-4198-b7fe-5d3d60aabad5" testId="0adcb83e-8cb8-2896-da64-3ea70bcc4d6b" testName="TestingLayer.OrderZeroPaymentTests.PendingPayOSOrder_RemovesCheckedOutItemsBeforeReturningPaymentLink" computerName="LAPTOP-MOKR56NE" duration="00:00:00.2170170" startTime="2026-08-17T14:42:27.7191338+07:00" endTime="2026-08-17T14:42:27.9133660+07:00" testType="13cdc9d9-ddb5-4fa4-a97d-d965ccfc6d4b" outcome="Passed" testListId="8c84fa94-04c1-424b-9868-57a2d4851a1d" relativeResultsDirectory="56670418-48b9-4198-b7fe-5d3d60aabad5" />
    <UnitTestResult executionId="a448f509-8058-42fa-aa99-4b9b4950a411" testId="cc1856e4-2264-d5db-50ed-bced59a6f4e9" testName="TestingLayer.PackagePolicyServiceTests.ActivatePolicyAsync_ConcurrentConflict_RollsBack" computerName="LAPTOP-MOKR56NE" duration="00:00:00.0037552" startTime="2026-08-17T14:42:28.0348845+07:00" endTime="2026-08-17T14:42:28.0375867+07:00" testType="13cdc9d9-ddb5-4fa4-a97d-d965ccfc6d4b" outcome="Passed" testListId="8c84fa94-04c1-424b-9868-57a2d4851a1d" relativeResultsDirectory="a448f509-8058-42fa-aa99-4b9b4950a411" />
    <UnitTestResult executionId="473b0f85-470d-4e1b-b6fe-00d608745536" testId="526c0c53-967b-d73e-f61c-7d756f5c70a6" testName="TestingLayer.AssistantServiceTests.SendMessage_Timeout_Throws503" computerName="LAPTOP-MOKR56NE" duration="00:00:00.0055489" startTime="2026-08-17T14:42:28.1285175+07:00" endTime="2026-08-17T14:42:28.1337616+07:00" testType="13cdc9d9-ddb5-4fa4-a97d-d965ccfc6d4b" outcome="Passed" testListId="8c84fa94-04c1-424b-9868-57a2d4851a1d" relativeResultsDirectory="473b0f85-470d-4e1b-b6fe-00d608745536" />
    <UnitTestResult executionId="a4094182-afab-45ba-b935-5a0a32dc5165" testId="cf6ea92c-3e2c-cffb-b4ab-389eec7d1b85" testName="TestingLayer.AssistantSemanticMatcherTests.GetBatchSizes_FourteenWithThirty_IsSinglePartialBatch" computerName="LAPTOP-MOKR56NE" duration="00:00:00.0004638" startTime="2026-08-17T14:42:28.2044386+07:00" endTime="2026-08-17T14:42:28.2046152+07:00" testType="13cdc9d9-ddb5-4fa4-a97d-d965ccfc6d4b" outcome="Passed" testListId="8c84fa94-04c1-424b-9868-57a2d4851a1d" relativeResultsDirectory="a4094182-afab-45ba-b935-5a0a32dc5165" />
    <UnitTestResult executionId="68ad668d-46fd-4405-9e3f-40194fd94bf9" testId="a956bb52-e731-a7a1-5041-3d32f9b95ddb" testName="TestingLayer.ChatServiceTests.GetConversation_ForNonParticipant_ReturnsHiddenNotFound" computerName="LAPTOP-MOKR56NE" duration="00:00:00.0037327" startTime="2026-08-17T14:42:29.4313929+07:00" endTime="2026-08-17T14:42:29.4347655+07:00" testType="13cdc9d9-ddb5-4fa4-a97d-d965ccfc6d4b" outcome="Passed" testListId="8c84fa94-04c1-424b-9868-57a2d4851a1d" relativeResultsDirectory="68ad668d-46fd-4405-9e3f-40194fd94bf9" />
    <UnitTestResult executionId="a272f689-35f8-426e-862f-82a07d4af8dd" testId="820174f3-5d9e-52e6-4a6c-8ac044cd65f8" testName="TestingLayer.BackgroundWorkerCancellationTests.SubscriptionExpiryWorker_HostShutdownDuringIteration_CompletesWithoutError" computerName="LAPTOP-MOKR56NE" duration="00:00:00.0036746" startTime="2026-08-17T14:42:27.9789014+07:00" endTime="2026-08-17T14:42:27.9821587+07:00" testType="13cdc9d9-ddb5-4fa4-a97d-d965ccfc6d4b" outcome="Passed" testListId="8c84fa94-04c1-424b-9868-57a2d4851a1d" relativeResultsDirectory="a272f689-35f8-426e-862f-82a07d4af8dd" />
    <UnitTestResult executionId="e9ddc6dc-483e-47a8-bc4b-5990fb76442b" testId="fa27c4e4-3462-edfa-f1ff-fdb3f219150e" testName="TestingLayer.AssistantArbitraryPromptTests.MealPlan_GrilledFriends_UsesLlmMappedPrepAndContext" computerName="LAPTOP-MOKR56NE" duration="00:00:00.0045982" startTime="2026-08-17T14:42:28.1105915+07:00" endTime="2026-08-17T14:42:28.1150203+07:00" testType="13cdc9d9-ddb5-4fa4-a97d-d965ccfc6d4b" outcome="Passed" testListId="8c84fa94-04c1-424b-9868-57a2d4851a1d" relativeResultsDirectory="e9ddc6dc-483e-47a8-bc4b-5990fb76442b" />
    <UnitTestResult executionId="f2569318-e8f4-49c2-b55d-0bbdb49ca712" testId="bab2ae28-5759-4d58-f4ea-ad919a38f4e2" testName="TestingLayer.CustomerHistoryReviewComplaintTests.ReviewCreate_DerivesBoothFromCompletedOwnedOrder" computerName="LAPTOP-MOKR56NE" duration="00:00:00.0092677" startTime="2026-08-17T14:42:29.7188714+07:00" endTime="2026-08-17T14:42:29.7276297+07:00" testType="13cdc9d9-ddb5-4fa4-a97d-d965ccfc6d4b" outcome="Passed" testListId="8c84fa94-04c1-424b-9868-57a2d4851a1d" relativeResultsDirectory="f2569318-e8f4-49c2-b55d-0bbdb49ca712" />
    <UnitTestResult executionId="7fd96177-1e4e-4e00-9c00-fc2651befcab" testId="474d75e8-a968-2715-8743-5913f11832ec" testName="TestingLayer.IndoorNavigationCorridorTests.Builder_DoesNotMutatePersistedGeometry" computerName="LAPTOP-MOKR56NE" duration="00:00:00.0200171" startTime="2026-08-17T14:42:29.8514022+07:00" endTime="2026-08-17T14:42:29.8699828+07:00" testType="13cdc9d9-ddb5-4fa4-a97d-d965ccfc6d4b" outcome="Passed" testListId="8c84fa94-04c1-424b-9868-57a2d4851a1d" relativeResultsDirectory="7fd96177-1e4e-4e00-9c00-fc2651befcab" />
    <UnitTestResult executionId="879b157c-9d59-4040-bae3-4f8350e6c7a8" testId="86b87f2a-c060-481b-d3fd-4c340c1f3d2d" testName="TestingLayer.NightMarketCustomerTests.CustomerDetail_DoesNotReturnNonVisibleMarkets" computerName="LAPTOP-MOKR56NE" duration="00:00:00.0027232" startTime="2026-08-17T14:42:29.7361553+07:00" endTime="2026-08-17T14:42:29.7389021+07:00" testType="13cdc9d9-ddb5-4fa4-a97d-d965ccfc6d4b" outcome="Passed" testListId="8c84fa94-04c1-424b-9868-57a2d4851a1d" relativeResultsDirectory="879b157c-9d59-4040-bae3-4f8350e6c7a8" />
    <UnitTestResult executionId="24866d5a-6382-4d97-b48e-0a277a1bc1a0" testId="e6e3f3f1-93ad-7e1d-2cfb-e589aaa0bbf9" testName="TestingLayer.IndoorPositioningServicePhase5Tests.PositioningRejectsStaleRevision" computerName="LAPTOP-MOKR56NE" duration="00:00:00.0017520" startTime="2026-08-17T14:42:36.8028214+07:00" endTime="2026-08-17T14:42:36.8045006+07:00" testType="13cdc9d9-ddb5-4fa4-a97d-d965ccfc6d4b" outcome="Passed" testListId="8c84fa94-04c1-424b-9868-57a2d4851a1d" relativeResultsDirectory="24866d5a-6382-4d97-b48e-0a277a1bc1a0" />
    <UnitTestResult executionId="4313333e-8e44-4bf8-a3a6-66ccb802388f" testId="9c9b14fe-fcdd-fb2d-79cd-2a6a3481e5a0" testName="TestingLayer.PackageTemplateTests.GetFeatures_ReturnsExpectedFeaturesCount(code: &quot;BOOTH_FEATURED&quot;, expectedCount: 5)" computerName="LAPTOP-MOKR56NE" duration="00:00:00.0004489" startTime="2026-08-17T14:42:28.0293894+07:00" endTime="2026-08-17T14:42:28.0295159+07:00" testType="13cdc9d9-ddb5-4fa4-a97d-d965ccfc6d4b" outcome="Passed" testListId="8c84fa94-04c1-424b-9868-57a2d4851a1d" relativeResultsDirectory="4313333e-8e44-4bf8-a3a6-66ccb802388f" />
    <UnitTestResult executionId="567b04f7-8bdd-45a1-b1e0-88bedeeff763" testId="988a4782-bafa-bfc6-108a-767e1a4f7211" testName="TestingLayer.OrderPaymentWebhookTests.CancelledOrder_LateWebhookRoutesPaymentToRefund" computerName="LAPTOP-MOKR56NE" duration="00:00:00.1616255" startTime="2026-08-17T14:42:27.7508150+07:00" endTime="2026-08-17T14:42:27.8973660+07:00" testType="13cdc9d9-ddb5-4fa4-a97d-d965ccfc6d4b" outcome="Passed" testListId="8c84fa94-04c1-424b-9868-57a2d4851a1d" relativeResultsDirectory="567b04f7-8bdd-45a1-b1e0-88bedeeff763" />
    <UnitTestResult executionId="b3fb655b-9c14-494f-bfeb-8d9e36690cc0" testId="c9b58c9c-b8ba-e9c9-2794-65057264fff0" testName="TestingLayer.PackageImageServiceTests.UploadImageAsync_FirstUpload_NoOldFile_DoesNotCallDelete" computerName="LAPTOP-MOKR56NE" duration="00:00:00.0047846" startTime="2026-08-17T14:42:28.1566479+07:00" endTime="2026-08-17T14:42:28.1614341+07:00" testType="13cdc9d9-ddb5-4fa4-a97d-d965ccfc6d4b" outcome="Passed" testListId="8c84fa94-04c1-424b-9868-57a2d4851a1d" relativeResultsDirectory="b3fb655b-9c14-494f-bfeb-8d9e36690cc0" />
    <UnitTestResult executionId="170ed7ca-0329-4682-9af1-1701b55eafee" testId="de41fb8e-c5e2-1330-86dc-bcbb53ac89f6" testName="TestingLayer.PackagePolicySeederTests.SeedAsync_RunTwice_SecondRunIsNoOpWithSkipReport" computerName="LAPTOP-MOKR56NE" duration="00:00:00.0346493" startTime="2026-08-17T14:42:29.3431594+07:00" endTime="2026-08-17T14:42:29.3774716+07:00" testType="13cdc9d9-ddb5-4fa4-a97d-d965ccfc6d4b" outcome="Passed" testListId="8c84fa94-04c1-424b-9868-57a2d4851a1d" relativeResultsDirectory="170ed7ca-0329-4682-9af1-1701b55eafee" />
    <UnitTestResult executionId="ed7eb65c-2a30-4d8e-84eb-15cd67235655" testId="43fe5478-6825-a5b7-0f8f-1931b893cdd6" testName="TestingLayer.AssistantServiceTests.SendMessage_UsesStructuredPartySizeAndBudget_WithoutRewritingPrompt" computerName="LAPTOP-MOKR56NE" duration="00:00:00.0062969" startTime="2026-08-17T14:42:28.0350119+07:00" endTime="2026-08-17T14:42:28.0414988+07:00" testType="13cdc9d9-ddb5-4fa4-a97d-d965ccfc6d4b" outcome="Passed" testListId="8c84fa94-04c1-424b-9868-57a2d4851a1d" relativeResultsDirectory="ed7eb65c-2a30-4d8e-84eb-15cd67235655" />
    <UnitTestResult executionId="7cac817a-fe45-4d5f-977a-b91b518d0538" testId="03692e17-9705-a874-d870-45fb16ebc520" testName="TestingLayer.AssistantServiceTests.AddMealPlanToCart_RequeriesCurrentPriceThenAdds" computerName="LAPTOP-MOKR56NE" duration="00:00:00.0309903" startTime="2026-08-17T14:42:28.0787575+07:00" endTime="2026-08-17T14:42:28.0981929+07:00" testType="13cdc9d9-ddb5-4fa4-a97d-d965ccfc6d4b" outcome="Passed" testListId="8c84fa94-04c1-424b-9868-57a2d4851a1d" relativeResultsDirectory="7cac817a-fe45-4d5f-977a-b91b518d0538" />
    <UnitTestResult executionId="ef43146a-92c7-4377-b832-fbe947000f5d" testId="1c69ea24-f857-3f63-a10e-ad20053e31f2" testName="TestingLayer.PostgresCustomerHistoryReviewComplaintVerificationTests.AppliedDatabase_HasMigrationBackfillAndExpectedIndexes" computerName="LAPTOP-MOKR56NE" duration="00:00:00.0010902" startTime="2026-08-17T14:42:28.1305232+07:00" endTime="2026-08-17T14:42:28.1313516+07:00" testType="13cdc9d9-ddb5-4fa4-a97d-d965ccfc6d4b" outcome="Passed" testListId="8c84fa94-04c1-424b-9868-57a2d4851a1d" relativeResultsDirectory="ef43146a-92c7-4377-b832-fbe947000f5d" />
    <UnitTestResult executionId="ccce8f4d-4996-40a9-b120-be7e369dfc0e" testId="572d8da4-ad95-a1b4-3f26-bcfa1306eb1c" testName="TestingLayer.AssistantServiceTests.RemoveMealPlanItem_DoesNotAutoAddFoods_AndWarnsWhenServingsInsufficient" computerName="LAPTOP-MOKR56NE" duration="00:00:00.0534109" startTime="2026-08-17T14:42:27.9026152+07:00" endTime="2026-08-17T14:42:27.9558938+07:00" testType="13cdc9d9-ddb5-4fa4-a97d-d965ccfc6d4b" outcome="Passed" testListId="8c84fa94-04c1-424b-9868-57a2d4851a1d" relativeResultsDirectory="ccce8f4d-4996-40a9-b120-be7e369dfc0e" />
    <UnitTestResult executionId="ebdef6de-4470-43cc-8856-042ae5d39016" testId="ca156042-e542-b8a3-99a8-b8d3ae92766e" testName="TestingLayer.AuthenticationServiceTests.Login_NonActiveAccount_IsRejected(status: Banned, expectedErrorCode: &quot;ACCOUNT_NOT_ACTIVE&quot;)" computerName="LAPTOP-MOKR56NE" duration="00:00:00.0015964" startTime="2026-08-17T14:42:28.5112831+07:00" endTime="2026-08-17T14:42:28.5126627+07:00" testType="13cdc9d9-ddb5-4fa4-a97d-d965ccfc6d4b" outcome="Passed" testListId="8c84fa94-04c1-424b-9868-57a2d4851a1d" relativeResultsDirectory="ebdef6de-4470-43cc-8856-042ae5d39016" />
    <UnitTestResult executionId="9c56e982-0194-4874-be5a-0f16b8d32c54" testId="123bac30-98ee-40e8-f3f0-e0798c41d1f9" testName="TestingLayer.AssistantServiceTests.AddMealPlanToCart_AllValid_AddsEveryItemViaCartService" computerName="LAPTOP-MOKR56NE" duration="00:00:00.0145107" startTime="2026-08-17T14:42:28.1149488+07:00" endTime="2026-08-17T14:42:28.1283981+07:00" testType="13cdc9d9-ddb5-4fa4-a97d-d965ccfc6d4b" outcome="Passed" testListId="8c84fa94-04c1-424b-9868-57a2d4851a1d" relativeResultsDirectory="9c56e982-0194-4874-be5a-0f16b8d32c54" />
    <UnitTestResult executionId="819b41fd-3ee1-477e-aa43-ad463cf99b66" testId="1138289f-bd9a-5e20-e2ed-a3d9845af063" testName="TestingLayer.SubscriptionServiceTests.VerifySubscription_MarketPackageTypeMismatch_ThrowsBadRequest" computerName="LAPTOP-MOKR56NE" duration="00:00:00.0030119" startTime="2026-08-17T14:42:28.5045935+07:00" endTime="2026-08-17T14:42:28.5062082+07:00" testType="13cdc9d9-ddb5-4fa4-a97d-d965ccfc6d4b" outcome="Passed" testListId="8c84fa94-04c1-424b-9868-57a2d4851a1d" relativeResultsDirectory="819b41fd-3ee1-477e-aa43-ad463cf99b66" />
    <UnitTestResult executionId="ac490451-f747-45f1-91d8-bc93be0915cd" testId="f4b81116-6df1-b153-826a-1b52d1585cc0" testName="TestingLayer.PayOSWebhookServiceTests.Webhook_RenewWhileActive_StacksEndDate" computerName="LAPTOP-MOKR56NE" duration="00:00:00.0030523" startTime="2026-08-17T14:42:27.8833353+07:00" endTime="2026-08-17T14:42:27.8849848+07:00" testType="13cdc9d9-ddb5-4fa4-a97d-d965ccfc6d4b" outcome="Passed" testListId="8c84fa94-04c1-424b-9868-57a2d4851a1d" relativeResultsDirectory="ac490451-f747-45f1-91d8-bc93be0915cd" />
    <UnitTestResult executionId="66551775-d67e-4014-b652-99f390554401" testId="816ca2c3-f047-c03e-a466-34a357ed7210" testName="TestingLayer.PayOSOrderCodeGeneratorTests.Generate_BoothSubscription_PrefixIs2" computerName="LAPTOP-MOKR56NE" duration="00:00:00.0010092" startTime="2026-08-17T14:42:27.7916800+07:00" endTime="2026-08-17T14:42:27.7923740+07:00" testType="13cdc9d9-ddb5-4fa4-a97d-d965ccfc6d4b" outcome="Passed" testListId="8c84fa94-04c1-424b-9868-57a2d4851a1d" relativeResultsDirectory="66551775-d67e-4014-b652-99f390554401" />
    <UnitTestResult executionId="898924bf-4d8c-4655-ac8e-71222ce65bc4" testId="c54e13e5-a82c-4597-3332-5e498f26e38d" testName="TestingLayer.PriceServiceTests.CreatePackagePriceAsync_MissingStartDateOrEndDate_ThrowsBadRequest" computerName="LAPTOP-MOKR56NE" duration="00:00:00.0013167" startTime="2026-08-17T14:42:28.3721220+07:00" endTime="2026-08-17T14:42:28.3726160+07:00" testType="13cdc9d9-ddb5-4fa4-a97d-d965ccfc6d4b" outcome="Passed" testListId="8c84fa94-04c1-424b-9868-57a2d4851a1d" relativeResultsDirectory="898924bf-4d8c-4655-ac8e-71222ce65bc4" />
    <UnitTestResult executionId="2c41e213-2f07-44f7-86bc-fd05e19b8767" testId="955125fb-5bf6-7584-1703-52de0c053821" testName="TestingLayer.PromotionUsageLifecycleTests.ReleasedUsage_IsNeverConsumedByLatePayment" computerName="LAPTOP-MOKR56NE" duration="00:00:00.0001721" startTime="2026-08-17T14:42:28.5794286+07:00" endTime="2026-08-17T14:42:28.5795281+07:00" testType="13cdc9d9-ddb5-4fa4-a97d-d965ccfc6d4b" outcome="Passed" testListId="8c84fa94-04c1-424b-9868-57a2d4851a1d" relativeResultsDirectory="2c41e213-2f07-44f7-86bc-fd05e19b8767" />
    <UnitTestResult executionId="f9dce214-1204-4d65-a777-d3f9dee8ea45" testId="19c881a6-bab4-4579-39a8-3eaef555fcf9" testName="TestingLayer.AdminModerationServiceTests.ChangeMarketModerationStatus_InvalidStatus_Throws" computerName="LAPTOP-MOKR56NE" duration="00:00:00.0022364" startTime="2026-08-17T14:42:28.4040569+07:00" endTime="2026-08-17T14:42:28.4060538+07:00" testType="13cdc9d9-ddb5-4fa4-a97d-d965ccfc6d4b" outcome="Passed" testListId="8c84fa94-04c1-424b-9868-57a2d4851a1d" relativeResultsDirectory="f9dce214-1204-4d65-a777-d3f9dee8ea45" />
    <UnitTestResult executionId="cea208a1-e4d7-4e15-88a1-d08ca42a1247" testId="e334281f-1349-332e-7a6e-fa3e606a3bcb" testName="TestingLayer.PackageTemplateTests.GetTemplates_ReturnsAllFiveTemplates" computerName="LAPTOP-MOKR56NE" duration="00:00:00.0012252" startTime="2026-08-17T14:42:28.0957569+07:00" endTime="2026-08-17T14:42:28.0962801+07:00" testType="13cdc9d9-ddb5-4fa4-a97d-d965ccfc6d4b" outcome="Passed" testListId="8c84fa94-04c1-424b-9868-57a2d4851a1d" relativeResultsDirectory="cea208a1-e4d7-4e15-88a1-d08ca42a1247" />
    <UnitTestResult executionId="98a93dc2-ece8-4736-b5fa-098d549adce6" testId="a347325a-be7b-1740-93c9-2290a4736a57" testName="TestingLayer.AssistantArbitraryPromptTests.MealPlan_ManyDishesAndValueDinner_ReturnGroundedPlans" computerName="LAPTOP-MOKR56NE" duration="00:00:00.0056218" startTime="2026-08-17T14:42:28.0541224+07:00" endTime="2026-08-17T14:42:28.0597195+07:00" testType="13cdc9d9-ddb5-4fa4-a97d-d965ccfc6d4b" outcome="Passed" testListId="8c84fa94-04c1-424b-9868-57a2d4851a1d" relativeResultsDirectory="98a93dc2-ece8-4736-b5fa-098d549adce6" />
    <UnitTestResult executionId="a566f625-a6ae-4601-bc3c-bf8172c71729" testId="b78677cc-a169-482f-a555-2ce60740a0a7" testName="TestingLayer.PackageTemplateTests.UpdateAsync_RemovePromotion_ValidId_RemovesCorrectly" computerName="LAPTOP-MOKR56NE" duration="00:00:00.0200088" startTime="2026-08-17T14:42:28.0660052+07:00" endTime="2026-08-17T14:42:28.0867707+07:00" testType="13cdc9d9-ddb5-4fa4-a97d-d965ccfc6d4b" outcome="Passed" testListId="8c84fa94-04c1-424b-9868-57a2d4851a1d" relativeResultsDirectory="a566f625-a6ae-4601-bc3c-bf8172c71729" />
    <UnitTestResult executionId="4eb18abc-b2ff-407a-ad0f-1faf31fc6915" testId="0e665a40-83db-4e01-8040-5acc29bf39de" testName="TestingLayer.AuthenticationServiceTests.Login_NonActiveAccount_IsRejected(status: Inactive, expectedErrorCode: &quot;ACCOUNT_NOT_ACTIVE&quot;)" computerName="LAPTOP-MOKR56NE" duration="00:00:00.0029479" startTime="2026-08-17T14:42:28.5082793+07:00" endTime="2026-08-17T14:42:28.5111106+07:00" testType="13cdc9d9-ddb5-4fa4-a97d-d965ccfc6d4b" outcome="Passed" testListId="8c84fa94-04c1-424b-9868-57a2d4851a1d" relativeResultsDirectory="4eb18abc-b2ff-407a-ad0f-1faf31fc6915" />
    <UnitTestResult executionId="28ab9e66-4c5d-4428-946d-18a7098de9d9" testId="0a93709b-dc47-294a-f03c-168a201c5e07" testName="TestingLayer.AssistantIntentInterpreterTests.Interpret_InvalidJson_ThrowsProviderUnavailable" computerName="LAPTOP-MOKR56NE" duration="00:00:00.0031379" startTime="2026-08-17T14:42:27.9641419+07:00" endTime="2026-08-17T14:42:27.9672419+07:00" testType="13cdc9d9-ddb5-4fa4-a97d-d965ccfc6d4b" outcome="Passed" testListId="8c84fa94-04c1-424b-9868-57a2d4851a1d" relativeResultsDirectory="28ab9e66-4c5d-4428-946d-18a7098de9d9" />
    <UnitTestResult executionId="79ed686c-ccca-46fc-9cd3-c3c7366164f8" testId="7b1a718f-8253-8ff9-9ede-0fc84e622d39" testName="TestingLayer.AssistantMealPlanComposerTests.Validate_NoDessertInPool_DoesNotPadDessertWithMains" computerName="LAPTOP-MOKR56NE" duration="00:00:00.0189120" startTime="2026-08-17T14:42:27.7544415+07:00" endTime="2026-08-17T14:42:27.7732982+07:00" testType="13cdc9d9-ddb5-4fa4-a97d-d965ccfc6d4b" outcome="Passed" testListId="8c84fa94-04c1-424b-9868-57a2d4851a1d" relativeResultsDirectory="79ed686c-ccca-46fc-9cd3-c3c7366164f8" />
    <UnitTestResult executionId="cfba3bab-5f06-4208-898f-0a2f50de03af" testId="d005ada3-5082-50ff-5351-b13e01ad6f0c" testName="TestingLayer.SubscriptionEntitlementServiceTests.CanUsePromotionAsync_GrowthSubscription_ReturnsTrue" computerName="LAPTOP-MOKR56NE" duration="00:00:00.0025252" startTime="2026-08-17T14:42:29.4539038+07:00" endTime="2026-08-17T14:42:29.4566331+07:00" testType="13cdc9d9-ddb5-4fa4-a97d-d965ccfc6d4b" outcome="Passed" testListId="8c84fa94-04c1-424b-9868-57a2d4851a1d" relativeResultsDirectory="cfba3bab-5f06-4208-898f-0a2f50de03af" />
    <UnitTestResult executionId="ac9f1c7b-4591-42c2-be10-1dd89f280a11" testId="afe89ec8-0a08-e5c2-313a-8fd41d0561d9" testName="TestingLayer.PayOSOrderCodeGeneratorTests.GetSource_ReturnsCorrectSource" computerName="LAPTOP-MOKR56NE" duration="00:00:00.0025714" startTime="2026-08-17T14:42:27.7964177+07:00" endTime="2026-08-17T14:42:27.7989073+07:00" testType="13cdc9d9-ddb5-4fa4-a97d-d965ccfc6d4b" outcome="Passed" testListId="8c84fa94-04c1-424b-9868-57a2d4851a1d" relativeResultsDirectory="ac9f1c7b-4591-42c2-be10-1dd89f280a11" />
    <UnitTestResult executionId="4b43cf3e-b6be-4dfb-9aa2-b5439287dd55" testId="2eb2639c-bf92-3406-b780-e5f3d48d5b8c" testName="TestingLayer.AuthenticationServiceTests.Register_DuplicateEmail_ReturnsConflictWithoutCreatingUser" computerName="LAPTOP-MOKR56NE" duration="00:00:00.0022792" startTime="2026-08-17T14:42:28.5308318+07:00" endTime="2026-08-17T14:42:28.5328686+07:00" testType="13cdc9d9-ddb5-4fa4-a97d-d965ccfc6d4b" outcome="Passed" testListId="8c84fa94-04c1-424b-9868-57a2d4851a1d" relativeResultsDirectory="4b43cf3e-b6be-4dfb-9aa2-b5439287dd55" />
    <UnitTestResult executionId="41611983-8b81-4672-8083-af10eed22e7f" testId="2e51da4d-0ee5-e2e3-4597-b393ab061883" testName="TestingLayer.PayOSWebhookServiceTests.Webhook_Upgrade_ExpiresCurrentPlanAndStartsReplacementImmediately" computerName="LAPTOP-MOKR56NE" duration="00:00:00.0135038" startTime="2026-08-17T14:42:27.8554689+07:00" endTime="2026-08-17T14:42:27.8687517+07:00" testType="13cdc9d9-ddb5-4fa4-a97d-d965ccfc6d4b" outcome="Passed" testListId="8c84fa94-04c1-424b-9868-57a2d4851a1d" relativeResultsDirectory="41611983-8b81-4672-8083-af10eed22e7f" />
    <UnitTestResult executionId="80ccf0d5-1143-405d-b66e-c09f6ff5f4c9" testId="668797ad-2d06-e979-873f-9d56f055bcdf" testName="TestingLayer.SubscriptionServiceTests.VerifySubscription_RejectBooth_CancelsSubscription" computerName="LAPTOP-MOKR56NE" duration="00:00:00.0136181" startTime="2026-08-17T14:42:28.4806865+07:00" endTime="2026-08-17T14:42:28.4941309+07:00" testType="13cdc9d9-ddb5-4fa4-a97d-d965ccfc6d4b" outcome="Passed" testListId="8c84fa94-04c1-424b-9868-57a2d4851a1d" relativeResultsDirectory="80ccf0d5-1143-405d-b66e-c09f6ff5f4c9" />
    <UnitTestResult executionId="678f7c21-249d-4a1e-88a4-1988868039af" testId="d41571cd-6e88-4b08-1f2d-8a9ad49bb9d5" testName="TestingLayer.AuthenticationServiceTests.Register_EmailSendFailure_ReturnsEmailDeliveryFailedAfterCreatingPendingUser" computerName="LAPTOP-MOKR56NE" duration="00:00:00.0045034" startTime="2026-08-17T14:42:28.5202705+07:00" endTime="2026-08-17T14:42:28.5245769+07:00" testType="13cdc9d9-ddb5-4fa4-a97d-d965ccfc6d4b" outcome="Passed" testListId="8c84fa94-04c1-424b-9868-57a2d4851a1d" relativeResultsDirectory="678f7c21-249d-4a1e-88a4-1988868039af" />
    <UnitTestResult executionId="16be3006-6c44-42c2-8ba9-0c4d86abea68" testId="e71ead71-d441-af2b-357a-ff20695f4d54" testName="TestingLayer.PackagePolicySeederTests.SeedAsync_DryRun_CreatesNothing" computerName="LAPTOP-MOKR56NE" duration="00:00:00.0052249" startTime="2026-08-17T14:42:29.5189199+07:00" endTime="2026-08-17T14:42:29.5224517+07:00" testType="13cdc9d9-ddb5-4fa4-a97d-d965ccfc6d4b" outcome="Passed" testListId="8c84fa94-04c1-424b-9868-57a2d4851a1d" relativeResultsDirectory="16be3006-6c44-42c2-8ba9-0c4d86abea68" />
    <UnitTestResult executionId="3a9e171b-702b-4591-aa05-759f3d214b41" testId="4edc4208-a20a-fc48-ec70-d1f495b7100e" testName="TestingLayer.IndoorNavigationCorridorTests.FindRoute_UsesTransientGraphWithoutRewritingPersistedStarEdges" computerName="LAPTOP-MOKR56NE" duration="00:00:00.0372317" startTime="2026-08-17T14:42:29.8703261+07:00" endTime="2026-08-17T14:42:29.9073495+07:00" testType="13cdc9d9-ddb5-4fa4-a97d-d965ccfc6d4b" outcome="Passed" testListId="8c84fa94-04c1-424b-9868-57a2d4851a1d" relativeResultsDirectory="3a9e171b-702b-4591-aa05-759f3d214b41" />
    <UnitTestResult executionId="85d5e93e-8cc9-40c7-b73f-2b1a2455ad28" testId="7cca039d-27ac-a9dd-a9aa-f54829bc7361" testName="TestingLayer.BackgroundWorkerCancellationTests.EmailOutboxWorker_HostShutdownDuringIteration_CompletesWithoutError" computerName="LAPTOP-MOKR56NE" duration="00:00:00.0032996" startTime="2026-08-17T14:42:27.9741469+07:00" endTime="2026-08-17T14:42:27.9780914+07:00" testType="13cdc9d9-ddb5-4fa4-a97d-d965ccfc6d4b" outcome="Passed" testListId="8c84fa94-04c1-424b-9868-57a2d4851a1d" relativeResultsDirectory="85d5e93e-8cc9-40c7-b73f-2b1a2455ad28" />
    <UnitTestResult executionId="9a1bac21-752a-455e-a80f-afeeb50dbccb" testId="9f0e1b2d-7afe-c0bf-b577-202ff825252e" testName="TestingLayer.SubscriptionEntitlementServiceTests.CanUsePromotionAsync_FreeSubscription_ReturnsFalse" computerName="LAPTOP-MOKR56NE" duration="00:00:00.0013506" startTime="2026-08-17T14:42:29.4585851+07:00" endTime="2026-08-17T14:42:29.4595396+07:00" testType="13cdc9d9-ddb5-4fa4-a97d-d965ccfc6d4b" outcome="Passed" testListId="8c84fa94-04c1-424b-9868-57a2d4851a1d" relativeResultsDirectory="9a1bac21-752a-455e-a80f-afeeb50dbccb" />
    <UnitTestResult executionId="5ece4da3-d3c7-4748-9fdc-b88c17f3e209" testId="1235bc73-47e6-0fc9-2a8e-0ba9f943db14" testName="TestingLayer.PayOSWebhookDispatcherTests.Dispatch_OrderPrefix_CallsOrderService" computerName="LAPTOP-MOKR56NE" duration="00:00:00.0024431" startTime="2026-08-17T14:42:28.5647890+07:00" endTime="2026-08-17T14:42:28.5671383+07:00" testType="13cdc9d9-ddb5-4fa4-a97d-d965ccfc6d4b" outcome="Passed" testListId="8c84fa94-04c1-424b-9868-57a2d4851a1d" relativeResultsDirectory="5ece4da3-d3c7-4748-9fdc-b88c17f3e209" />
    <UnitTestResult executionId="b4ccebaf-6b43-4ad4-83f3-50edae2aae4c" testId="fb62c1a2-500a-fabc-789b-a0a340987de0" testName="TestingLayer.SNMContextFactoryTests.LoadDotEnv_DoesNotOverrideExplicitEnvironmentValue" computerName="LAPTOP-MOKR56NE" duration="00:00:00.0156012" startTime="2026-08-17T14:42:28.4073975+07:00" endTime="2026-08-17T14:42:28.4238427+07:00" testType="13cdc9d9-ddb5-4fa4-a97d-d965ccfc6d4b" outcome="Passed" testListId="8c84fa94-04c1-424b-9868-57a2d4851a1d" relativeResultsDirectory="b4ccebaf-6b43-4ad4-83f3-50edae2aae4c" />
    <UnitTestResult executionId="5c483868-b35a-43b3-a908-db4fb81a928b" testId="e0f552a5-8a68-7dce-56ec-8091c9770e72" testName="TestingLayer.LocalFileStorageServiceTests.SaveAvatarAsync_ClientPathNeverControlsFinalStoragePath(clientFileName: &quot;/tmp/escape.png&quot;)" computerName="LAPTOP-MOKR56NE" duration="00:00:00.0070385" startTime="2026-08-17T14:42:28.2587491+07:00" endTime="2026-08-17T14:42:28.2661650+07:00" testType="13cdc9d9-ddb5-4fa4-a97d-d965ccfc6d4b" outcome="Passed" testListId="8c84fa94-04c1-424b-9868-57a2d4851a1d" relativeResultsDirectory="5c483868-b35a-43b3-a908-db4fb81a928b" />
    <UnitTestResult executionId="caddef69-b008-4361-a02f-c093e520cf0e" testId="ed4ad97a-d978-48e9-5da5-57c22e69fa9a" testName="TestingLayer.AssistantServiceTests.SendMessage_LocationRequired_DoesNotQueryFoodsOrStageB" computerName="LAPTOP-MOKR56NE" duration="00:00:00.0094958" startTime="2026-08-17T14:42:28.0431709+07:00" endTime="2026-08-17T14:42:28.0509890+07:00" testType="13cdc9d9-ddb5-4fa4-a97d-d965ccfc6d4b" outcome="Passed" testListId="8c84fa94-04c1-424b-9868-57a2d4851a1d" relativeResultsDirectory="caddef69-b008-4361-a02f-c093e520cf0e" />
    <UnitTestResult executionId="babeb578-f5c4-4aed-9c5f-2c1d48444212" testId="85fb9a50-b1f3-1ee0-f1ca-d862bc015a19" testName="TestingLayer.AuthenticationServiceTests.RefreshToken_RevokedOrExpired_IsUnauthorized(expired: False)" computerName="LAPTOP-MOKR56NE" duration="00:00:00.0046984" startTime="2026-08-17T14:42:28.4626432+07:00" endTime="2026-08-17T14:42:28.4673224+07:00" testType="13cdc9d9-ddb5-4fa4-a97d-d965ccfc6d4b" outcome="Passed" testListId="8c84fa94-04c1-424b-9868-57a2d4851a1d" relativeResultsDirectory="babeb578-f5c4-4aed-9c5f-2c1d48444212" />
    <UnitTestResult executionId="c1f7997f-a4be-4dbf-9ab3-2f6de12ed5b9" testId="35353cdc-78e8-f9ff-a2b2-57a865eabd0c" testName="TestingLayer.CustomerCheckoutServiceTests.Checkout_ReusedRequestId_ReturnsExistingOrderWithoutCreatingAnother" computerName="LAPTOP-MOKR56NE" duration="00:00:00.0306038" startTime="2026-08-17T14:42:28.0548006+07:00" endTime="2026-08-17T14:42:28.0852844+07:00" testType="13cdc9d9-ddb5-4fa4-a97d-d965ccfc6d4b" outcome="Passed" testListId="8c84fa94-04c1-424b-9868-57a2d4851a1d" relativeResultsDirectory="c1f7997f-a4be-4dbf-9ab3-2f6de12ed5b9" />
    <UnitTestResult executionId="82421093-c3f7-43fc-90dd-17486d67ba6e" testId="a72100bf-7325-3fa6-2909-833c2097c78c" testName="TestingLayer.SubscriptionEntitlementServiceTests.GetBoothEntitlements_WithGrowthPackage_ReturnsGrowthEntitlements" computerName="LAPTOP-MOKR56NE" duration="00:00:00.0012435" startTime="2026-08-17T14:42:29.4399369+07:00" endTime="2026-08-17T14:42:29.4409429+07:00" testType="13cdc9d9-ddb5-4fa4-a97d-d965ccfc6d4b" outcome="Passed" testListId="8c84fa94-04c1-424b-9868-57a2d4851a1d" relativeResultsDirectory="82421093-c3f7-43fc-90dd-17486d67ba6e" />
    <UnitTestResult executionId="d21add78-f176-436e-8bd9-b8d848c9d633" testId="8de5302f-29a7-6316-3bd8-26c19610090d" testName="TestingLayer.SystemFoodTaxonomyTests.MenuCreateAndUpdate_PersistValidatedSystemCategory" computerName="LAPTOP-MOKR56NE" duration="00:00:01.8187940" startTime="2026-08-17T14:42:27.7983760+07:00" endTime="2026-08-17T14:42:29.6165016+07:00" testType="13cdc9d9-ddb5-4fa4-a97d-d965ccfc6d4b" outcome="Passed" testListId="8c84fa94-04c1-424b-9868-57a2d4851a1d" relativeResultsDirectory="d21add78-f176-436e-8bd9-b8d848c9d633" />
    <UnitTestResult executionId="5b7bbae1-0e1f-4a51-b94e-2d1df8e1640e" testId="61980b92-fd36-a7c7-e0f1-681ac1ed4ac2" testName="TestingLayer.CustomerCheckoutServiceTests.CreateCustomerOrder_TwoBoothCart_UsesOnlyRequestedBooth" computerName="LAPTOP-MOKR56NE" duration="00:00:00.0117518" startTime="2026-08-17T14:42:28.0928019+07:00" endTime="2026-08-17T14:42:28.1046362+07:00" testType="13cdc9d9-ddb5-4fa4-a97d-d965ccfc6d4b" outcome="Passed" testListId="8c84fa94-04c1-424b-9868-57a2d4851a1d" relativeResultsDirectory="5b7bbae1-0e1f-4a51-b94e-2d1df8e1640e" />
    <UnitTestResult executionId="599148ca-66ef-4d17-b2ac-f5fef14fdd25" testId="48a2bb87-c2ee-e6c7-595b-2b1ed4592196" testName="TestingLayer.SubscriptionEntitlementServiceTests.CanUseFeaturedFoodAsync_NoSubscription_ReturnsFalse" computerName="LAPTOP-MOKR56NE" duration="00:00:00.0027607" startTime="2026-08-17T14:42:29.3927074+07:00" endTime="2026-08-17T14:42:29.3951829+07:00" testType="13cdc9d9-ddb5-4fa4-a97d-d965ccfc6d4b" outcome="Passed" testListId="8c84fa94-04c1-424b-9868-57a2d4851a1d" relativeResultsDirectory="599148ca-66ef-4d17-b2ac-f5fef14fdd25" />
    <UnitTestResult executionId="676422fe-c9c1-45ef-adc5-8093843e0e24" testId="25a24628-8a17-e841-e26f-977459a7e882" testName="TestingLayer.NightMarketCustomerTests.Availability_SupportsOvernightScheduleAndExclusiveClosingBoundary" computerName="LAPTOP-MOKR56NE" duration="00:00:00.0002382" startTime="2026-08-17T14:42:30.0829861+07:00" endTime="2026-08-17T14:42:30.0831560+07:00" testType="13cdc9d9-ddb5-4fa4-a97d-d965ccfc6d4b" outcome="Passed" testListId="8c84fa94-04c1-424b-9868-57a2d4851a1d" relativeResultsDirectory="676422fe-c9c1-45ef-adc5-8093843e0e24" />
    <UnitTestResult executionId="01f8c65b-a63b-4a0b-9829-44fcb86c7367" testId="dc6e1450-0dd1-e8b1-c353-9896668b49d8" testName="TestingLayer.LocalFileStorageServiceTests.SaveAvatarAsync_InvalidOrRenamedActiveContent_IsRejected(fileName: &quot;invalid.jpg&quot;, contentType: &quot;image/jpeg&quot;, content: &quot;not an image&quot;)" computerName="LAPTOP-MOKR56NE" duration="00:00:00.0046677" startTime="2026-08-17T14:42:28.3518018+07:00" endTime="2026-08-17T14:42:28.3554377+07:00" testType="13cdc9d9-ddb5-4fa4-a97d-d965ccfc6d4b" outcome="Passed" testListId="8c84fa94-04c1-424b-9868-57a2d4851a1d" relativeResultsDirectory="01f8c65b-a63b-4a0b-9829-44fcb86c7367" />
    <UnitTestResult executionId="6dcc25a9-20cf-43a2-80ec-aeea1f9d14bc" testId="50fe0771-7ceb-e68f-3163-9170baa8c8ef" testName="TestingLayer.ComplaintServiceTests.UpdateStatusAsync_InvalidResolutionAction99_Throws400" computerName="LAPTOP-MOKR56NE" duration="00:00:00.0023736" startTime="2026-08-17T14:42:27.9836774+07:00" endTime="2026-08-17T14:42:27.9861846+07:00" testType="13cdc9d9-ddb5-4fa4-a97d-d965ccfc6d4b" outcome="Passed" testListId="8c84fa94-04c1-424b-9868-57a2d4851a1d" relativeResultsDirectory="6dcc25a9-20cf-43a2-80ec-aeea1f9d14bc" />
    <UnitTestResult executionId="31c02a9f-9aad-4e01-abc7-59e5fcd55d59" testId="f63bcc1c-a994-7009-f1c1-99374267dbf9" testName="TestingLayer.IndoorNavigationCorridorTests.Calibration_FallsBackToNightMarketBoundaryAndStaysUncalibratedWithoutPhysicalData" computerName="LAPTOP-MOKR56NE" duration="00:00:00.0004239" startTime="2026-08-17T14:42:28.6096835+07:00" endTime="2026-08-17T14:42:28.6097959+07:00" testType="13cdc9d9-ddb5-4fa4-a97d-d965ccfc6d4b" outcome="Passed" testListId="8c84fa94-04c1-424b-9868-57a2d4851a1d" relativeResultsDirectory="31c02a9f-9aad-4e01-abc7-59e5fcd55d59" />
    <UnitTestResult executionId="ab152419-0362-4a1a-9e44-2a95785a4193" testId="2086cf9d-1065-4371-bb37-5bc91c2c3c4d" testName="TestingLayer.PackagePolicyServiceTests.CreatePolicyAsync_WhitespaceOnlyTerms_Rejects" computerName="LAPTOP-MOKR56NE" duration="00:00:00.0009498" startTime="2026-08-17T14:42:28.0313106+07:00" endTime="2026-08-17T14:42:28.0316554+07:00" testType="13cdc9d9-ddb5-4fa4-a97d-d965ccfc6d4b" outcome="Passed" testListId="8c84fa94-04c1-424b-9868-57a2d4851a1d" relativeResultsDirectory="ab152419-0362-4a1a-9e44-2a95785a4193" />
    <UnitTestResult executionId="6d5626e3-e595-42ce-b14c-094ab7a9ca6c" testId="176093d0-664c-087f-571a-34ad9696c232" testName="TestingLayer.OrderPaymentStateMachineTests.PaidPayment_CannotBeCancelledFailedOrExpired" computerName="LAPTOP-MOKR56NE" duration="00:00:00.0031203" startTime="2026-08-17T14:42:27.7624616+07:00" endTime="2026-08-17T14:42:27.7710555+07:00" testType="13cdc9d9-ddb5-4fa4-a97d-d965ccfc6d4b" outcome="Passed" testListId="8c84fa94-04c1-424b-9868-57a2d4851a1d" relativeResultsDirectory="6d5626e3-e595-42ce-b14c-094ab7a9ca6c" />
    <UnitTestResult executionId="4cb35dac-dad7-4b66-80e9-7c158198b088" testId="3e1cdc25-5e0c-6f45-0de1-3a282e914557" testName="TestingLayer.PackageTemplateTests.Create_MarketBasicTemplate_Succeeds" computerName="LAPTOP-MOKR56NE" duration="00:00:00.0122387" startTime="2026-08-17T14:42:28.0309729+07:00" endTime="2026-08-17T14:42:28.0432645+07:00" testType="13cdc9d9-ddb5-4fa4-a97d-d965ccfc6d4b" outcome="Passed" testListId="8c84fa94-04c1-424b-9868-57a2d4851a1d" relativeResultsDirectory="4cb35dac-dad7-4b66-80e9-7c158198b088" />
    <UnitTestResult executionId="c68183d1-9520-48fa-9b32-d804d822e241" testId="d7d4b40b-3655-2154-ed49-adf0d12027cc" testName="TestingLayer.IntegrationDemoDataSeederTests.IsEnabled_RequiresExplicitOptIn" computerName="LAPTOP-MOKR56NE" duration="00:00:00.0006645" startTime="2026-08-17T14:42:33.2375736+07:00" endTime="2026-08-17T14:42:33.2377063+07:00" testType="13cdc9d9-ddb5-4fa4-a97d-d965ccfc6d4b" outcome="Passed" testListId="8c84fa94-04c1-424b-9868-57a2d4851a1d" relativeResultsDirectory="c68183d1-9520-48fa-9b32-d804d822e241" />
    <UnitTestResult executionId="35ca4c8f-400c-42ee-b200-96fe20845734" testId="52494d68-417a-3ceb-a776-a6e447a8880b" testName="TestingLayer.ChatServiceTests.SendMessage_PostCommitDeliveryFailures_DoNotFailPersistedMessage" computerName="LAPTOP-MOKR56NE" duration="00:00:00.0118056" startTime="2026-08-17T14:42:29.4350452+07:00" endTime="2026-08-17T14:42:29.4465422+07:00" testType="13cdc9d9-ddb5-4fa4-a97d-d965ccfc6d4b" outcome="Passed" testListId="8c84fa94-04c1-424b-9868-57a2d4851a1d" relativeResultsDirectory="35ca4c8f-400c-42ee-b200-96fe20845734" />
    <UnitTestResult executionId="2a85ff8f-95d3-49a8-8453-828935518c22" testId="310c129a-a351-650c-2a0e-1892dc84704f" testName="TestingLayer.PriceServiceTests.CreatePackagePriceAsync_PromotionPriceGreaterThanBasePrice_ThrowsBadRequest" computerName="LAPTOP-MOKR56NE" duration="00:00:00.0016908" startTime="2026-08-17T14:42:28.3665926+07:00" endTime="2026-08-17T14:42:28.3680375+07:00" testType="13cdc9d9-ddb5-4fa4-a97d-d965ccfc6d4b" outcome="Passed" testListId="8c84fa94-04c1-424b-9868-57a2d4851a1d" relativeResultsDirectory="2a85ff8f-95d3-49a8-8453-828935518c22" />
    <UnitTestResult executionId="5b8e537c-4b8f-4501-98a1-31b8315b2cbb" testId="f2867a44-836d-4c05-27d7-11f5fc68c541" testName="TestingLayer.PromotionValidationServiceTests.MinimumOrder_UsesCurrentEffectiveBoothSubtotal" computerName="LAPTOP-MOKR56NE" duration="00:00:00.0011002" startTime="2026-08-17T14:42:28.1556464+07:00" endTime="2026-08-17T14:42:28.1567323+07:00" testType="13cdc9d9-ddb5-4fa4-a97d-d965ccfc6d4b" outcome="Passed" testListId="8c84fa94-04c1-424b-9868-57a2d4851a1d" relativeResultsDirectory="5b8e537c-4b8f-4501-98a1-31b8315b2cbb" />
    <UnitTestResult executionId="6cd47cd7-2611-44d6-ad87-28d746e033a2" testId="0413a2c8-7d6c-3d03-4bbd-fb2fc6d75c2c" testName="TestingLayer.IntegrationDemoDataSeederTests.SeededDataset_SatisfiesCustomerDiscoveryAndShortestRouteContracts" computerName="LAPTOP-MOKR56NE" duration="00:00:01.7099394" startTime="2026-08-17T14:42:31.5271949+07:00" endTime="2026-08-17T14:42:33.2370753+07:00" testType="13cdc9d9-ddb5-4fa4-a97d-d965ccfc6d4b" outcome="Passed" testListId="8c84fa94-04c1-424b-9868-57a2d4851a1d" relativeResultsDirectory="6cd47cd7-2611-44d6-ad87-28d746e033a2" />
    <UnitTestResult executionId="b93e9468-3917-4a25-a6cc-2e028df231a0" testId="f80833cc-8937-ca53-3522-fbdfa4dca850" testName="TestingLayer.PromotionValidationServiceTests.FuturePromotion_ReturnsNotStartedBeforeQueryingUsage" computerName="LAPTOP-MOKR56NE" duration="00:00:00.0015738" startTime="2026-08-17T14:42:28.1482255+07:00" endTime="2026-08-17T14:42:28.1487475+07:00" testType="13cdc9d9-ddb5-4fa4-a97d-d965ccfc6d4b" outcome="Passed" testListId="8c84fa94-04c1-424b-9868-57a2d4851a1d" relativeResultsDirectory="b93e9468-3917-4a25-a6cc-2e028df231a0" />
    <UnitTestResult executionId="f5470c87-def1-44e9-8467-81a379dc6131" testId="f5726042-159d-9cf7-4d10-4562537eec49" testName="TestingLayer.AssistantMealPlanComposerTests.Validate_OverBudgetProposal_RecomputesWithBackendPrices" computerName="LAPTOP-MOKR56NE" duration="00:00:00.0566574" startTime="2026-08-17T14:42:27.7190804+07:00" endTime="2026-08-17T14:42:27.7531473+07:00" testType="13cdc9d9-ddb5-4fa4-a97d-d965ccfc6d4b" outcome="Passed" testListId="8c84fa94-04c1-424b-9868-57a2d4851a1d" relativeResultsDirectory="f5470c87-def1-44e9-8467-81a379dc6131" />
    <UnitTestResult executionId="18b1342d-12ec-4989-bc84-f945de654b35" testId="b7a40375-bdbf-3d18-c64f-3fe1d974db15" testName="TestingLayer.PromotionValidationServiceTests.Percentage100_CannotExceedEligibleSubtotalAfterRounding" computerName="LAPTOP-MOKR56NE" duration="00:00:00.0009847" startTime="2026-08-17T14:42:28.1510813+07:00" endTime="2026-08-17T14:42:28.1518749+07:00" testType="13cdc9d9-ddb5-4fa4-a97d-d965ccfc6d4b" outcome="Passed" testListId="8c84fa94-04c1-424b-9868-57a2d4851a1d" relativeResultsDirectory="18b1342d-12ec-4989-bc84-f945de654b35" />
    <UnitTestResult executionId="b356c2c8-9bab-4fbd-8ddd-dfe35f99e033" testId="c3eaa481-98ef-6c78-fb60-0d0c5df45951" testName="TestingLayer.PackageImageServiceTests.DeleteImageAsync_FileDeleteFailure_DoesNotThrow" computerName="LAPTOP-MOKR56NE" duration="00:00:00.0031786" startTime="2026-08-17T14:42:28.1548681+07:00" endTime="2026-08-17T14:42:28.1563378+07:00" testType="13cdc9d9-ddb5-4fa4-a97d-d965ccfc6d4b" outcome="Passed" testListId="8c84fa94-04c1-424b-9868-57a2d4851a1d" relativeResultsDirectory="b356c2c8-9bab-4fbd-8ddd-dfe35f99e033" />
    <UnitTestResult executionId="ac467524-71f3-4e1e-94ca-5e0e8091ed88" testId="70b8754a-0aee-1954-85ba-b34b6948a8db" testName="TestingLayer.AccountServiceTests.UpdateAvatarAsync_OldAvatarCleanupFailure_DoesNotFailCommittedUpdate" computerName="LAPTOP-MOKR56NE" duration="00:00:00.0126889" startTime="2026-08-17T14:42:27.8952725+07:00" endTime="2026-08-17T14:42:27.9079132+07:00" testType="13cdc9d9-ddb5-4fa4-a97d-d965ccfc6d4b" outcome="Passed" testListId="8c84fa94-04c1-424b-9868-57a2d4851a1d" relativeResultsDirectory="ac467524-71f3-4e1e-94ca-5e0e8091ed88" />
    <UnitTestResult executionId="1e6f428b-cacd-4e29-8530-8b6e8f47ffa8" testId="64cdd7fc-8ba2-138c-c026-dae0b9148c37" testName="TestingLayer.AccountServiceTests.UpdateAvatarAsync_PersistsManagedUrlThenDeletesOldAvatar" computerName="LAPTOP-MOKR56NE" duration="00:00:00.0057033" startTime="2026-08-17T14:42:27.9780059+07:00" endTime="2026-08-17T14:42:27.9834432+07:00" testType="13cdc9d9-ddb5-4fa4-a97d-d965ccfc6d4b" outcome="Passed" testListId="8c84fa94-04c1-424b-9868-57a2d4851a1d" relativeResultsDirectory="1e6f428b-cacd-4e29-8530-8b6e8f47ffa8" />
    <UnitTestResult executionId="21516d78-c8d9-4a35-822d-7f2657a78471" testId="4f9f2e9f-5d9a-e6a7-6e39-51e069a8dc0b" testName="TestingLayer.PromotionValidationServiceTests.SpecificFoodPercentage_UsesEffectivePriceAndMaximumDiscount" computerName="LAPTOP-MOKR56NE" duration="00:00:00.0273374" startTime="2026-08-17T14:42:28.1184429+07:00" endTime="2026-08-17T14:42:28.1455430+07:00" testType="13cdc9d9-ddb5-4fa4-a97d-d965ccfc6d4b" outcome="Passed" testListId="8c84fa94-04c1-424b-9868-57a2d4851a1d" relativeResultsDirectory="21516d78-c8d9-4a35-822d-7f2657a78471" />
    <UnitTestResult executionId="93ca0bda-d5f3-44af-99d3-4e76873fe611" testId="57b8899d-3422-df88-f1df-1afef39d1ffc" testName="TestingLayer.PayOSWebhookDispatcherTests.Dispatch_NullBody_ReturnsInvalidSignature" computerName="LAPTOP-MOKR56NE" duration="00:00:00.0003631" startTime="2026-08-17T14:42:28.5766080+07:00" endTime="2026-08-17T14:42:28.5767087+07:00" testType="13cdc9d9-ddb5-4fa4-a97d-d965ccfc6d4b" outcome="Passed" testListId="8c84fa94-04c1-424b-9868-57a2d4851a1d" relativeResultsDirectory="93ca0bda-d5f3-44af-99d3-4e76873fe611" />
    <UnitTestResult executionId="59ba47d2-aef8-4478-8100-195d1fc46672" testId="69bc6c2d-d16d-bc1c-b2ae-4b5299d2b8ae" testName="TestingLayer.ChatServiceTests.SendMessage_RejectsUnsupportedClientMessageType" computerName="LAPTOP-MOKR56NE" duration="00:00:00.0019773" startTime="2026-08-17T14:42:29.3478291+07:00" endTime="2026-08-17T14:42:29.3494692+07:00" testType="13cdc9d9-ddb5-4fa4-a97d-d965ccfc6d4b" outcome="Passed" testListId="8c84fa94-04c1-424b-9868-57a2d4851a1d" relativeResultsDirectory="59ba47d2-aef8-4478-8100-195d1fc46672" />
    <UnitTestResult executionId="99bc4460-80ac-4522-9836-396d77373d51" testId="b5f0a46a-0e92-a18e-0ed5-af2a8864011e" testName="TestingLayer.PayOSWebhookDispatcherTests.Dispatch_BoothPrefix_CallsSubscriptionService" computerName="LAPTOP-MOKR56NE" duration="00:00:00.0014641" startTime="2026-08-17T14:42:28.5769354+07:00" endTime="2026-08-17T14:42:28.5782506+07:00" testType="13cdc9d9-ddb5-4fa4-a97d-d965ccfc6d4b" outcome="Passed" testListId="8c84fa94-04c1-424b-9868-57a2d4851a1d" relativeResultsDirectory="99bc4460-80ac-4522-9836-396d77373d51" />
    <UnitTestResult executionId="1e9361d1-45e1-4c31-bd24-d523e5513e82" testId="cec918c1-a693-a2c7-6f24-4dff8d4f0163" testName="TestingLayer.AuthenticationServiceTests.VerifyEmail_PendingAccount_ActivatesAndConsumesToken" computerName="LAPTOP-MOKR56NE" duration="00:00:00.0027286" startTime="2026-08-17T14:42:28.5432001+07:00" endTime="2026-08-17T14:42:28.5456392+07:00" testType="13cdc9d9-ddb5-4fa4-a97d-d965ccfc6d4b" outcome="Passed" testListId="8c84fa94-04c1-424b-9868-57a2d4851a1d" relativeResultsDirectory="1e9361d1-45e1-4c31-bd24-d523e5513e82" />
    <UnitTestResult executionId="26aece98-0dc0-4b52-b19b-f3e560133489" testId="f63a0ea9-4b7b-6b1d-e4c4-1a7ad36b6567" testName="TestingLayer.LocalFileStorageServiceTests.SaveAvatarAsync_AllSupportedFormats_AreAccepted(fileName: &quot;photo.jpeg&quot;, contentType: &quot;image/jpeg&quot;, format: &quot;jpeg&quot;)" computerName="LAPTOP-MOKR56NE" duration="00:00:00.0222120" startTime="2026-08-17T14:42:27.9804824+07:00" endTime="2026-08-17T14:42:28.0036189+07:00" testType="13cdc9d9-ddb5-4fa4-a97d-d965ccfc6d4b" outcome="Passed" testListId="8c84fa94-04c1-424b-9868-57a2d4851a1d" relativeResultsDirectory="26aece98-0dc0-4b52-b19b-f3e560133489" />
[...]
    <TestEntry testId="76f94966-1bab-f531-7a6c-65ae411dfd5a" executionId="8df66663-9a05-40b7-84ae-cf4c6418a8ad" testListId="8c84fa94-04c1-424b-9868-57a2d4851a1d" />
    <TestEntry testId="8ec07599-d542-f18b-bf73-5295a65a7439" executionId="58d59eb5-412b-4552-bb4e-d2a89fa1337e" testListId="8c84fa94-04c1-424b-9868-57a2d4851a1d" />
    <TestEntry testId="5d4e48be-844a-a028-1afa-3fb76d009b74" executionId="66fcde64-8631-4cf6-9b4d-e65fda8a5a40" testListId="8c84fa94-04c1-424b-9868-57a2d4851a1d" />
    <TestEntry testId="900864f7-bc1e-8298-ed87-359a22e3e26a" executionId="44e7a361-9b09-4578-85fe-1fa4ea6bfaaa" testListId="8c84fa94-04c1-424b-9868-57a2d4851a1d" />
    <TestEntry testId="f434835e-4936-d377-e6cc-3b7063bef60d" executionId="75a81fd3-4888-4219-aba9-99ee49533a98" testListId="8c84fa94-04c1-424b-9868-57a2d4851a1d" />
    <TestEntry testId="867e2b14-33ca-5bf1-fb78-2b44b5171770" executionId="51bfe3ce-fdd3-4f44-af3e-122c6ae6ddb7" testListId="8c84fa94-04c1-424b-9868-57a2d4851a1d" />
    <TestEntry testId="c57751fe-081a-ea9b-daef-8881e2e239ba" executionId="32b95152-89a0-4786-9035-5ba4ac2bc304" testListId="8c84fa94-04c1-424b-9868-57a2d4851a1d" />
    <TestEntry testId="b9c429be-caae-0013-f302-48f6c1236376" executionId="b8d15cdc-7f56-4bae-9bab-a7cd5d915509" testListId="8c84fa94-04c1-424b-9868-57a2d4851a1d" />
    <TestEntry testId="f8c72c81-b8e4-d89e-8bfb-abbd5a4a09c6" executionId="d14ea8a5-c6f6-4156-9211-f8011edfc461" testListId="8c84fa94-04c1-424b-9868-57a2d4851a1d" />
    <TestEntry testId="e6bcaec4-16d7-ab08-ab35-0269e02d3907" executionId="a525cec6-f11b-4cd2-8335-ab1abdb62572" testListId="8c84fa94-04c1-424b-9868-57a2d4851a1d" />
    <TestEntry testId="8d6dce42-d3ce-db17-7325-dd0e9ec0117b" executionId="bb66f6c9-c395-49a0-b62a-f664d9aa615a" testListId="8c84fa94-04c1-424b-9868-57a2d4851a1d" />
    <TestEntry testId="b0c75aab-c9b9-8115-5d7f-993341c3ee93" executionId="9c93149c-95a5-4462-b9f4-03b1a9bb8f68" testListId="8c84fa94-04c1-424b-9868-57a2d4851a1d" />
    <TestEntry testId="719d6545-e991-1c8f-6271-aeaf9fbee776" executionId="f69194e1-d38f-47ef-b414-d1c7963f8f41" testListId="8c84fa94-04c1-424b-9868-57a2d4851a1d" />
    <TestEntry testId="753827b6-6626-eff5-e55a-c018b8b4fe73" executionId="66845822-5103-409b-8871-d9d9608b2f4d" testListId="8c84fa94-04c1-424b-9868-57a2d4851a1d" />
    <TestEntry testId="7331862e-98c3-e026-e215-0e57c381c102" executionId="ca574342-b10a-4d1c-8a7a-2c4e53f36907" testListId="8c84fa94-04c1-424b-9868-57a2d4851a1d" />
    <TestEntry testId="b2768ad3-c85e-b461-0080-35ddbc3d6293" executionId="416af6c4-684c-4be6-9715-7089641d70ea" testListId="8c84fa94-04c1-424b-9868-57a2d4851a1d" />
    <TestEntry testId="4f10b535-5325-10e3-c8cd-722beef34314" executionId="2ce873d9-75cb-4f01-8ac6-1909fe96669b" testListId="8c84fa94-04c1-424b-9868-57a2d4851a1d" />
    <TestEntry testId="6adcaef9-3019-06b3-1943-e9c842dfb49a" executionId="4e3477a7-b7b8-43a8-9af8-5846890b54cb" testListId="8c84fa94-04c1-424b-9868-57a2d4851a1d" />
    <TestEntry testId="36494beb-16e9-ce46-75cf-7a3da938364e" executionId="a7f516d0-63dd-4b1a-870c-14b7274f0067" testListId="8c84fa94-04c1-424b-9868-57a2d4851a1d" />
    <TestEntry testId="483c2b43-741d-529f-3346-be7173c9d27c" executionId="6a05b14e-6a0f-42dd-9198-d372e326075e" testListId="8c84fa94-04c1-424b-9868-57a2d4851a1d" />
    <TestEntry testId="2c4f555a-e0c2-ad13-baae-72a5ea1ba065" executionId="e773989a-543b-4a8b-8be5-6dcb5170eaa1" testListId="8c84fa94-04c1-424b-9868-57a2d4851a1d" />
    <TestEntry testId="d47c5539-9798-8bdc-4709-7817d921fe27" executionId="9895df5e-9d0c-4706-a67d-db36c55661cb" testListId="8c84fa94-04c1-424b-9868-57a2d4851a1d" />
    <TestEntry testId="9b650201-824a-19ef-d9a9-7d83e601b174" executionId="06c79935-399c-4d1f-a812-9f34337fcad7" testListId="8c84fa94-04c1-424b-9868-57a2d4851a1d" />
    <TestEntry testId="793fc9b4-2c68-363e-2f97-9a6040604a7a" executionId="f8cd4725-40d9-4098-a830-d9c6aea15c3b" testListId="8c84fa94-04c1-424b-9868-57a2d4851a1d" />
    <TestEntry testId="b35c330c-6996-adaf-7a5c-98d13ce6d10d" executionId="a869cc28-1df9-4e16-baee-8136a412d23c" testListId="8c84fa94-04c1-424b-9868-57a2d4851a1d" />
    <TestEntry testId="c7e692b1-3b40-0b7d-3c47-cc4630d9d7b8" executionId="f33634b6-5d63-46bb-a473-93c1514ffeb9" testListId="8c84fa94-04c1-424b-9868-57a2d4851a1d" />
    <TestEntry testId="95fcdb80-4963-d68a-768a-22fd62276cf0" executionId="412741aa-b092-4bf7-aaa1-4210b8cd691c" testListId="8c84fa94-04c1-424b-9868-57a2d4851a1d" />
    <TestEntry testId="0f160a9c-125a-17bf-2f9a-90f60e14f114" executionId="134f9fc9-4bc5-408a-8ec8-e307d4203f60" testListId="8c84fa94-04c1-424b-9868-57a2d4851a1d" />
    <TestEntry testId="0ba849b9-e82c-9a79-cb78-adccb5780c26" executionId="78558834-68bc-4d94-8f35-fa5d2d09f7d3" testListId="8c84fa94-04c1-424b-9868-57a2d4851a1d" />
    <TestEntry testId="e0ab613f-bd44-9142-621f-332318b5a2fe" executionId="8dde176c-8660-4abd-bb72-51fb599bb7c0" testListId="8c84fa94-04c1-424b-9868-57a2d4851a1d" />
    <TestEntry testId="51973f33-8f8c-c7c5-2fdc-3e08e4f00e5c" executionId="b298bcce-8ac6-4998-9530-9848cb585853" testListId="8c84fa94-04c1-424b-9868-57a2d4851a1d" />
    <TestEntry testId="35d5ba92-3a61-8f04-c9da-7e08e0f9adf4" executionId="25745ba2-68c0-4944-8d29-374871753e1f" testListId="8c84fa94-04c1-424b-9868-57a2d4851a1d" />
    <TestEntry testId="d124f5ad-fe31-13ba-409d-4a406b5cc927" executionId="43531057-8609-437d-b8f3-fc1ad15d4daf" testListId="8c84fa94-04c1-424b-9868-57a2d4851a1d" />
    <TestEntry testId="11040872-0f4f-067a-fcaa-33eea4a88f99" executionId="a9757ce6-87b9-4530-8c7a-62c8e0a7bf62" testListId="8c84fa94-04c1-424b-9868-57a2d4851a1d" />
    <TestEntry testId="d48c638b-4814-a208-9821-900ca6911b04" executionId="941133be-68c0-4be2-879c-46e90b411d46" testListId="8c84fa94-04c1-424b-9868-57a2d4851a1d" />
    <TestEntry testId="cbca2d30-b56d-3743-de52-5703299fa54b" executionId="86c15436-b6a8-40e8-a4e2-41087fadf3e0" testListId="8c84fa94-04c1-424b-9868-57a2d4851a1d" />
    <TestEntry testId="d826fa2b-2de3-e631-2156-e0802a69ffd3" executionId="8377b61a-3d78-41b5-b5fd-be50bcee67d4" testListId="8c84fa94-04c1-424b-9868-57a2d4851a1d" />
    <TestEntry testId="3418b61a-f720-b1d1-dce6-58e1408e4ee8" executionId="555c2d9e-c05d-44af-845f-f305b8b597f6" testListId="8c84fa94-04c1-424b-9868-57a2d4851a1d" />
    <TestEntry testId="6208bca7-cba5-bacf-6792-7b66606b5f32" executionId="4385056e-0c58-4226-98d8-bc3c6c87e488" testListId="8c84fa94-04c1-424b-9868-57a2d4851a1d" />
    <TestEntry testId="c80a5c6f-e009-3dbd-b54f-200608ebd0b8" executionId="f231f5e6-0bd0-4e93-8ebe-05fd29713c8e" testListId="8c84fa94-04c1-424b-9868-57a2d4851a1d" />
    <TestEntry testId="98af1d81-e3dc-bf9b-8015-43f056a00239" executionId="92045ce8-5a53-4af4-80e9-6443ac06bfd4" testListId="8c84fa94-04c1-424b-9868-57a2d4851a1d" />
    <TestEntry testId="fc262570-900e-725d-8b8e-cf4c1a0d264b" executionId="ec27cecf-2468-457b-82f6-7b3a6e506bd8" testListId="8c84fa94-04c1-424b-9868-57a2d4851a1d" />
    <TestEntry testId="3ae6f2c5-574c-cbf3-a480-94ca13cb8fb8" executionId="87b02779-b8a1-4901-9dfb-974e9f86ef8f" testListId="8c84fa94-04c1-424b-9868-57a2d4851a1d" />
    <TestEntry testId="7e490613-5448-6f5c-9dca-cbcfd73deacf" executionId="9a9d1c04-f88e-4143-81e5-caf622e4a3c9" testListId="8c84fa94-04c1-424b-9868-57a2d4851a1d" />
    <TestEntry testId="936233d2-8900-809d-2928-66b5ccd0db90" executionId="84ac3823-619c-46fb-9238-2392c6e9d2dc" testListId="8c84fa94-04c1-424b-9868-57a2d4851a1d" />
    <TestEntry testId="cb36fbf2-5f87-eb47-0cf8-56e9872a8648" executionId="7f60d648-547c-43f5-9622-29cd1927938b" testListId="8c84fa94-04c1-424b-9868-57a2d4851a1d" />
    <TestEntry testId="36d1f7b1-e6e8-24c9-bf10-768039ffc405" executionId="7a782ad0-5b37-4aac-8586-dbba8f10ac7a" testListId="8c84fa94-04c1-424b-9868-57a2d4851a1d" />
    <TestEntry testId="b36a58de-9913-92f6-ccf9-bd0c05f25b8d" executionId="7eee3182-b1ff-4352-9b53-173e749c9ba0" testListId="8c84fa94-04c1-424b-9868-57a2d4851a1d" />
    <TestEntry testId="abb49440-4991-526d-73d8-0acb40132107" executionId="16c1a004-0fa8-4049-a12f-4da42617cd87" testListId="8c84fa94-04c1-424b-9868-57a2d4851a1d" />
    <TestEntry testId="a56efc69-fd6f-92ca-556d-d70ce548a1ed" executionId="eda4dd43-c436-4f15-a411-8762f3564348" testListId="8c84fa94-04c1-424b-9868-57a2d4851a1d" />
    <TestEntry testId="1fecf9a7-2212-4178-ee1f-4f5fda20a9cf" executionId="5eb66590-2c37-45e8-b0df-50b82a0354a6" testListId="8c84fa94-04c1-424b-9868-57a2d4851a1d" />
    <TestEntry testId="3eb190ba-dbf2-d842-0b9f-9f55ccf4802e" executionId="e704e07e-8e74-491d-96a7-5b3153441fbb" testListId="8c84fa94-04c1-424b-9868-57a2d4851a1d" />
    <TestEntry testId="f22f2dc3-fd35-6672-ee95-239b2544d505" executionId="ab672d63-6bf8-49fd-ac5f-d1f8a70f24b6" testListId="8c84fa94-04c1-424b-9868-57a2d4851a1d" />
    <TestEntry testId="880bf752-b0cc-c296-434b-1598d443e7ec" executionId="1b41a8b4-66bc-45b7-97fd-13eff55dbc85" testListId="8c84fa94-04c1-424b-9868-57a2d4851a1d" />
    <TestEntry testId="0cb501a5-beb3-1ac3-1acb-a915a7ef09b6" executionId="f6e2f721-1d02-4a7c-b46e-93c21e557dfe" testListId="8c84fa94-04c1-424b-9868-57a2d4851a1d" />
    <TestEntry testId="f8a343a7-f4f2-0fcc-086c-55966c924a9f" executionId="be07965e-5979-4fd7-93b1-ba59d65a7175" testListId="8c84fa94-04c1-424b-9868-57a2d4851a1d" />
    <TestEntry testId="3d7240c4-8eea-79da-198f-835265b45133" executionId="4d786eb9-8307-4462-baad-cd71b62c3c51" testListId="8c84fa94-04c1-424b-9868-57a2d4851a1d" />
    <TestEntry testId="226257c3-03dc-9e6e-8832-ce4265af1cfa" executionId="9feed06d-0e64-4729-96bc-2d5016a80b49" testListId="8c84fa94-04c1-424b-9868-57a2d4851a1d" />
    <TestEntry testId="3150043a-555c-5f5a-59f2-e4107f63cd4c" executionId="aac0f7b8-7ea4-4fd5-9aae-4dcd52609403" testListId="8c84fa94-04c1-424b-9868-57a2d4851a1d" />
    <TestEntry testId="e428c0f9-03b3-4b5b-5f0a-e85682f9a3fb" executionId="753c6dcc-3ec3-474b-82d4-3741bdd941b3" testListId="8c84fa94-04c1-424b-9868-57a2d4851a1d" />
    <TestEntry testId="96f01fe6-7363-d0fa-d725-c343ba158234" executionId="9d50c74d-1b6a-4faf-b52a-9634f076e9e6" testListId="8c84fa94-04c1-424b-9868-57a2d4851a1d" />
    <TestEntry testId="483dc6ab-7ad7-85b6-63a8-18618ea8daff" executionId="3b817476-1da2-4b33-be63-0a187d3e2e00" testListId="8c84fa94-04c1-424b-9868-57a2d4851a1d" />
    <TestEntry testId="5465138e-f86a-334b-d0c1-ee9c7282f993" executionId="4a499b31-fd9e-4bf5-8664-97beab435f54" testListId="8c84fa94-04c1-424b-9868-57a2d4851a1d" />
    <TestEntry testId="43e22286-b215-43d1-7dae-dc46b73e2d46" executionId="51d4ac3f-06e3-4d98-a590-425cc82cbba3" testListId="8c84fa94-04c1-424b-9868-57a2d4851a1d" />
    <TestEntry testId="6ae7b26e-f1de-d40b-f570-ad88064f7402" executionId="7a335ef9-3376-4883-bc77-41eb8856c22a" testListId="8c84fa94-04c1-424b-9868-57a2d4851a1d" />
    <TestEntry testId="452eb4f4-5d75-a034-6a4a-70b2d761abbf" executionId="2ef50fa1-c0ab-4b3e-ba3e-5734e307bcc6" testListId="8c84fa94-04c1-424b-9868-57a2d4851a1d" />
    <TestEntry testId="c811405c-43c6-0036-561e-ac94da73f077" executionId="b8398b1f-8c28-4ee0-a040-e524945b72fd" testListId="8c84fa94-04c1-424b-9868-57a2d4851a1d" />
    <TestEntry testId="46cc3b42-d0d6-2833-290d-27429bf5aac2" executionId="b974bbf3-d33b-4a73-9b74-f33a0d82d060" testListId="8c84fa94-04c1-424b-9868-57a2d4851a1d" />
    <TestEntry testId="c4d50f68-7963-5fa4-f056-0224dd4c42d6" executionId="9141fd53-ae5a-432e-9a84-0be6e6bb6e0f" testListId="8c84fa94-04c1-424b-9868-57a2d4851a1d" />
    <TestEntry testId="8b3bb1aa-3e71-39ed-b587-9c19c3c043d9" executionId="a5ef0451-2b58-4ada-9798-2b836dc0897d" testListId="8c84fa94-04c1-424b-9868-57a2d4851a1d" />
    <TestEntry testId="a488c284-2b06-0891-a85b-c521b6ded281" executionId="01ba924e-56d1-4997-a66b-0177425d899c" testListId="8c84fa94-04c1-424b-9868-57a2d4851a1d" />
    <TestEntry testId="0c2596ac-1ff9-cad2-2f2b-fe3f6becc05f" executionId="f540a955-c0e5-46b1-8698-5a6cfe128a8a" testListId="8c84fa94-04c1-424b-9868-57a2d4851a1d" />
    <TestEntry testId="3e7fdf44-bb05-0688-f291-8d0dc8b171f1" executionId="fa7896bc-e7a2-458e-9295-c69a12ac9c0c" testListId="8c84fa94-04c1-424b-9868-57a2d4851a1d" />
    <TestEntry testId="de4ddfce-ee7d-46c2-e65f-d2ed056d69a6" executionId="052bc6fa-dea5-44b1-87e6-9276452d8a95" testListId="8c84fa94-04c1-424b-9868-57a2d4851a1d" />
    <TestEntry testId="887f3a40-e42b-072a-5358-240c5a8f988c" executionId="925ed388-6cb3-4353-98da-52dba173ab82" testListId="8c84fa94-04c1-424b-9868-57a2d4851a1d" />
    <TestEntry testId="e302e81f-9e03-795f-b106-2e08e875d330" executionId="d77f289c-8d6f-4d86-bca6-5fb0e4ce8eef" testListId="8c84fa94-04c1-424b-9868-57a2d4851a1d" />
    <TestEntry testId="afa1ee3d-37b5-06b9-4931-d23c20f6a902" executionId="9e8e8530-1e0b-45da-ab3b-8b9a53deb2c6" testListId="8c84fa94-04c1-424b-9868-57a2d4851a1d" />
    <TestEntry testId="76647366-40cb-440e-9a0f-ea1ebc4652af" executionId="e32fd199-6a1b-4a43-986e-a00eb757761a" testListId="8c84fa94-04c1-424b-9868-57a2d4851a1d" />
    <TestEntry testId="343ab6cf-5570-1eb2-28d9-5e5febba2433" executionId="8c03b58e-b627-4172-b776-08c93e91703a" testListId="8c84fa94-04c1-424b-9868-57a2d4851a1d" />
    <TestEntry testId="89202286-d930-02f7-97af-e6c771a9c225" executionId="9190d61f-64a5-404d-8dfd-22c5550dd207" testListId="8c84fa94-04c1-424b-9868-57a2d4851a1d" />
    <TestEntry testId="6b2adc58-fa9d-0cc0-a216-237c32d6205f" executionId="37c1ff9a-ed9c-4622-8054-b3bf4745d1d5" testListId="8c84fa94-04c1-424b-9868-57a2d4851a1d" />
    <TestEntry testId="462964e1-b8b1-ba48-f936-40149cd78b69" executionId="5c127481-277c-4cae-b5f7-584518272ec9" testListId="8c84fa94-04c1-424b-9868-57a2d4851a1d" />
    <TestEntry testId="58622e9b-55b3-f03c-a3f0-f4b8ba427b91" executionId="cdfa7216-695d-4c3b-8311-f2ee7d0db607" testListId="8c84fa94-04c1-424b-9868-57a2d4851a1d" />
    <TestEntry testId="64bbcb90-8e0c-55ea-a99c-e36c1a39819a" executionId="922fd387-0bf8-4a97-81d1-5c945673446c" testListId="8c84fa94-04c1-424b-9868-57a2d4851a1d" />
    <TestEntry testId="567a67c5-fea1-8eb0-118f-7dc2c6519e2e" executionId="63668e1d-e937-41a0-85ba-1d54d3b14732" testListId="8c84fa94-04c1-424b-9868-57a2d4851a1d" />
    <TestEntry testId="fb9586c5-c05d-b874-38e8-19bc9d5fa6df" executionId="f8f3be7f-649f-4f7b-b8cb-1d0ca71d1a96" testListId="8c84fa94-04c1-424b-9868-57a2d4851a1d" />
    <TestEntry testId="da788274-f991-56b2-f98c-9cb39a40693b" executionId="aa397bf4-ca42-495e-82f2-9109d505b602" testListId="8c84fa94-04c1-424b-9868-57a2d4851a1d" />
    <TestEntry testId="981e2a8b-6309-0cb0-04f0-2c440468a8e8" executionId="9bf3a5af-483c-4fe0-95c3-c6d4304ad851" testListId="8c84fa94-04c1-424b-9868-57a2d4851a1d" />
    <TestEntry testId="7c121be6-a5c3-6b74-d7fe-7d20fe70aede" executionId="ac8131d8-1324-44d2-81d6-05464d4f37a3" testListId="8c84fa94-04c1-424b-9868-57a2d4851a1d" />
    <TestEntry testId="664900a4-2197-8cb5-103f-b1082fbb1ba1" executionId="4e4b921e-0cfa-432d-be29-f30780ee8471" testListId="8c84fa94-04c1-424b-9868-57a2d4851a1d" />
    <TestEntry testId="71fa23b2-3f63-79a0-508b-91e9f707e0f2" executionId="84bd5be4-1f36-49d3-a80b-25edd1b5992d" testListId="8c84fa94-04c1-424b-9868-57a2d4851a1d" />
    <TestEntry testId="34f68ddd-20d4-131d-44b0-a56c94f1ce7a" executionId="c8c4c396-530a-4b50-8caa-6ef170cf7f62" testListId="8c84fa94-04c1-424b-9868-57a2d4851a1d" />
    <TestEntry testId="8ba114ce-78d7-c08a-0940-a342361fdf35" executionId="7aa042c9-dcf6-401e-84a0-aa198ed6482c" testListId="8c84fa94-04c1-424b-9868-57a2d4851a1d" />
    <TestEntry testId="c314a57b-a5ca-dfe2-eb29-7c04a38bbec5" executionId="b51c6802-1310-4619-99d2-bfea3ca8e4da" testListId="8c84fa94-04c1-424b-9868-57a2d4851a1d" />
    <TestEntry testId="a3de9065-416d-4eb0-6213-0c4f6530bad9" executionId="c5cbedbc-e87d-4641-b894-fbf7b173f3fa" testListId="8c84fa94-04c1-424b-9868-57a2d4851a1d" />
    <TestEntry testId="49283911-60ca-4601-27fe-690307ba1369" executionId="0297af89-c7e8-4156-af34-64adf8718963" testListId="8c84fa94-04c1-424b-9868-57a2d4851a1d" />
    <TestEntry testId="9c48b417-27e6-3184-1438-c3020d0e52e6" executionId="ecfd27d0-4881-427a-8c1e-50673441ca12" testListId="8c84fa94-04c1-424b-9868-57a2d4851a1d" />
    <TestEntry testId="92deb4c5-50b3-fe49-d3af-2e520327e6de" executionId="232590ed-89df-4119-8bbc-1623b37313f6" testListId="8c84fa94-04c1-424b-9868-57a2d4851a1d" />
    <TestEntry testId="b845a2ab-9c01-d31c-66d2-e0129a5ea364" executionId="ee2db55a-f7e0-4e7a-b73c-1db8412d40d5" testListId="8c84fa94-04c1-424b-9868-57a2d4851a1d" />
    <TestEntry testId="9b4d8108-ca86-43da-f36a-e47af03362d5" executionId="892564f4-f0c8-4656-8217-6a775592441e" testListId="8c84fa94-04c1-424b-9868-57a2d4851a1d" />
    <TestEntry testId="953e0c54-5c22-ff13-4cf2-5b570f4b3d92" executionId="b60bd858-4341-491f-8fab-001fa9236c82" testListId="8c84fa94-04c1-424b-9868-57a2d4851a1d" />
    <TestEntry testId="7b39f6f4-a50f-6967-7c40-72abc8f75617" executionId="88259409-3f8b-4a86-a1c1-61cb4f7e8c55" testListId="8c84fa94-04c1-424b-9868-57a2d4851a1d" />
    <TestEntry testId="64e2ad8e-e6bf-d62b-d72f-cf4a3edbcd3e" executionId="391ca545-8a30-420e-ac82-b23ef0ba62ff" testListId="8c84fa94-04c1-424b-9868-57a2d4851a1d" />
    <TestEntry testId="fcfbe41d-7b20-1b0e-d7b1-51e5f3e202d1" executionId="25315b36-5db0-4f0b-8ea3-9a8cfe8c9673" testListId="8c84fa94-04c1-424b-9868-57a2d4851a1d" />
    <TestEntry testId="69c9c967-18dd-eec4-1ef5-9e827821eb56" executionId="6e3e4e7d-b7d0-4135-9859-3fcba501e17a" testListId="8c84fa94-04c1-424b-9868-57a2d4851a1d" />
    <TestEntry testId="0a386dd5-5585-4d7b-0625-a65421c74526" executionId="f72dd602-62e6-4ac9-bfe1-a947fc01fbd2" testListId="8c84fa94-04c1-424b-9868-57a2d4851a1d" />
    <TestEntry testId="67e21cd4-bae7-1d12-9d41-000f139ffa4c" executionId="0d7e06f1-dbd0-4223-8417-2cae783f7a0e" testListId="8c84fa94-04c1-424b-9868-57a2d4851a1d" />
    <TestEntry testId="20afb41d-c2ce-a1af-b49f-a938aed8d2cf" executionId="b636dca0-a13d-4c9c-99e3-7e8ec9f01e54" testListId="8c84fa94-04c1-424b-9868-57a2d4851a1d" />
    <TestEntry testId="eccdfa1e-d759-7f96-fc25-d641a5f9c833" executionId="e2d45e7a-1cfe-4841-95fd-3d6fa85ba300" testListId="8c84fa94-04c1-424b-9868-57a2d4851a1d" />
    <TestEntry testId="aed78143-ed2f-0a44-b759-739ff69857e2" executionId="dd64d1ab-c237-4f49-b74f-70d5796a5d4b" testListId="8c84fa94-04c1-424b-9868-57a2d4851a1d" />
    <TestEntry testId="20834c2d-9703-1bd5-b697-5a7fbf38a578" executionId="3fda4353-2ef0-4786-b255-b1464b4b802b" testListId="8c84fa94-04c1-424b-9868-57a2d4851a1d" />
    <TestEntry testId="b873307c-8d2e-7ebc-bb5c-6b1d0b4e066b" executionId="fe14727d-cba1-4fb1-8a65-06c4e7a0c25b" testListId="8c84fa94-04c1-424b-9868-57a2d4851a1d" />
    <TestEntry testId="d097e001-7390-e011-9d16-46e2fab05c66" executionId="5531cd4f-7056-49d6-9c86-379b8293c7e2" testListId="8c84fa94-04c1-424b-9868-57a2d4851a1d" />
    <TestEntry testId="10781072-132f-8413-9960-6a55aefb4f54" executionId="66c0af44-0a38-4d6c-8951-b106d94ac257" testListId="8c84fa94-04c1-424b-9868-57a2d4851a1d" />
    <TestEntry testId="8273fdd1-8379-4dc0-c1ad-1b0c69ab5e7f" executionId="44fd44db-4d5f-4c4b-b90f-edd2528b5785" testListId="8c84fa94-04c1-424b-9868-57a2d4851a1d" />
  </TestEntries>
  <TestLists>
    <TestList name="Results Not in a List" id="8c84fa94-04c1-424b-9868-57a2d4851a1d" />
    <TestList name="All Loaded Results" id="19431567-8539-422a-85d7-44ee4e166bda" />
  </TestLists>
  <ResultSummary outcome="Completed">
    <Counters total="505" executed="505" passed="505" failed="0" error="0" timeout="0" aborted="0" inconclusive="0" passedButRunAborted="0" notRunnable="0" notExecuted="0" disconnected="0" warning="0" completed="0" inProgress="0" pending="0" />
    <Output>
      <StdOut>[xUnit.net 00:00:00.00] xUnit.net VSTest Adapter v3.1.4+50e68bbb8b (64-bit .NET 8.0.20)&#xD;
[xUnit.net 00:00:00.10]   Discovering: TestingLayer&#xD;
[xUnit.net 00:00:00.18]   Discovered:  TestingLayer&#xD;
[xUnit.net 00:00:00.23]   Starting:    TestingLayer&#xD;
Complaint was persisted but notification delivery failed: Notification service down&#xD;
[xUnit.net 00:00:09.41]   Finished:    TestingLayer&#xD;
</StdOut>
    </Output>
  </ResultSummary>
</TestRun>