<?xml version="1.0" encoding="utf-8"?>
<TestRun id="fa0269f2-39ba-40af-aa28-e915570e5bcd" name="Admin@LAPTOP-MOKR56NE 2026-08-17 14:43:03" runUser="LAPTOP-MOKR56NE\Admin" xmlns="http://microsoft.com/schemas/VisualStudio/TeamTest/2010">
  <Times creation="2026-08-17T14:43:03.2514398+07:00" queuing="2026-08-17T14:43:03.2514406+07:00" start="2026-08-17T14:43:02.5403758+07:00" finish="2026-08-17T14:43:12.2528124+07:00" />
  <TestSettings name="default" id="59f01017-45af-49f8-8a76-86858eef29cc">
    <Deployment runDeploymentRoot="Admin_LAPTOP-MOKR56NE_2026-08-17_14_43_03" />
  </TestSettings>
  <Results>
    <UnitTestResult executionId="d737c0df-7a58-422e-8562-dc6a13bf604d" testId="6208bca7-cba5-bacf-6792-7b66606b5f32" testName="TestingLayer.CartCheckoutOrderabilityTests.CartAdd_InactiveBooth_Blocked" computerName="LAPTOP-MOKR56NE" duration="00:00:00.0001357" startTime="2026-08-17T14:43:05.4572100+07:00" endTime="2026-08-17T14:43:05.4573459+07:00" testType="13cdc9d9-ddb5-4fa4-a97d-d965ccfc6d4b" outcome="Passed" testListId="8c84fa94-04c1-424b-9868-57a2d4851a1d" relativeResultsDirectory="d737c0df-7a58-422e-8562-dc6a13bf604d" />
    <UnitTestResult executionId="71a5ac44-b79c-48e3-aa38-7f9abda78c92" testId="47e96960-d42f-e61b-a725-5fd8989d211f" testName="TestingLayer.PackageTemplateTests.UpdateAsync_RollbackOnFailure" computerName="LAPTOP-MOKR56NE" duration="00:00:00.0044685" startTime="2026-08-17T14:43:03.4892126+07:00" endTime="2026-08-17T14:43:03.4930623+07:00" testType="13cdc9d9-ddb5-4fa4-a97d-d965ccfc6d4b" outcome="Passed" testListId="8c84fa94-04c1-424b-9868-57a2d4851a1d" relativeResultsDirectory="71a5ac44-b79c-48e3-aa38-7f9abda78c92" />
    <UnitTestResult executionId="26ee9d7e-d96c-41b9-911e-03c3ca1c1fc7" testId="8ba114ce-78d7-c08a-0940-a342361fdf35" testName="TestingLayer.IndoorRouteInstructionBuilderTests.Build_UsesDestinationBoothForArrivalSide" computerName="LAPTOP-MOKR56NE" duration="00:00:00.0009939" startTime="2026-08-17T14:43:03.2289703+07:00" endTime="2026-08-17T14:43:03.2290669+07:00" testType="13cdc9d9-ddb5-4fa4-a97d-d965ccfc6d4b" outcome="Passed" testListId="8c84fa94-04c1-424b-9868-57a2d4851a1d" relativeResultsDirectory="26ee9d7e-d96c-41b9-911e-03c3ca1c1fc7" />
    <UnitTestResult executionId="b7e35897-04c3-48ea-94e3-cda227378b28" testId="53b03e51-5dd0-2b77-f82a-cd57565fb322" testName="TestingLayer.SubscriptionEntitlementServiceTests.GetMarketEntitlements_NoSubscription_ReturnsNone" computerName="LAPTOP-MOKR56NE" duration="00:00:00.0011345" startTime="2026-08-17T14:43:03.8276395+07:00" endTime="2026-08-17T14:43:03.8284683+07:00" testType="13cdc9d9-ddb5-4fa4-a97d-d965ccfc6d4b" outcome="Passed" testListId="8c84fa94-04c1-424b-9868-57a2d4851a1d" relativeResultsDirectory="b7e35897-04c3-48ea-94e3-cda227378b28" />
    <UnitTestResult executionId="e6d3c3d2-4e81-4bbe-bce1-6f3924d6d37d" testId="29155972-c04e-a39a-1008-638c4c0117d7" testName="TestingLayer.AuthenticationServiceTests.Login_NonActiveAccount_IsRejected(status: PendingVerification, expectedErrorCode: &quot;EMAIL_NOT_VERIFIED&quot;)" computerName="LAPTOP-MOKR56NE" duration="00:00:00.0026667" startTime="2026-08-17T14:43:03.5805575+07:00" endTime="2026-08-17T14:43:03.5831574+07:00" testType="13cdc9d9-ddb5-4fa4-a97d-d965ccfc6d4b" outcome="Passed" testListId="8c84fa94-04c1-424b-9868-57a2d4851a1d" relativeResultsDirectory="e6d3c3d2-4e81-4bbe-bce1-6f3924d6d37d" />
    <UnitTestResult executionId="6dd08b9c-afeb-4825-9893-bb9d48e6ada9" testId="36d1b37d-4ab7-3abb-bf87-e6466e273cbb" testName="TestingLayer.PackagePolicySeederTests.SeedAsync_ExistingActivePolicy_IsSkippedAndContentUntouched" computerName="LAPTOP-MOKR56NE" duration="00:00:00.0145145" startTime="2026-08-17T14:43:05.4555939+07:00" endTime="2026-08-17T14:43:05.4700623+07:00" testType="13cdc9d9-ddb5-4fa4-a97d-d965ccfc6d4b" outcome="Passed" testListId="8c84fa94-04c1-424b-9868-57a2d4851a1d" relativeResultsDirectory="6dd08b9c-afeb-4825-9893-bb9d48e6ada9" />
    <UnitTestResult executionId="f322ccfb-e3fb-4e9e-a9a7-7403e1436d18" testId="59bd2d1f-5ea3-e796-d77d-ea4e0e8863c9" testName="TestingLayer.AccountServiceTests.UpdateMyAccountAsync_InvalidPhone_IsRejectedBeforePersistence(invalidPhone: &quot;0000000000&quot;)" computerName="LAPTOP-MOKR56NE" duration="00:00:00.0022749" startTime="2026-08-17T14:43:03.8672313+07:00" endTime="2026-08-17T14:43:03.8676712+07:00" testType="13cdc9d9-ddb5-4fa4-a97d-d965ccfc6d4b" outcome="Passed" testListId="8c84fa94-04c1-424b-9868-57a2d4851a1d" relativeResultsDirectory="f322ccfb-e3fb-4e9e-a9a7-7403e1436d18" />
    <UnitTestResult executionId="5fab7359-d068-4ec4-9aae-7538e247c4bd" testId="f963df14-77cc-7a5b-60d9-a23fbd3c5bcf" testName="TestingLayer.CustomerCheckoutServiceTests.Checkout_UsesAuthoritativeBoothItems_AndDelegatesRemovalToOrderTransaction" computerName="LAPTOP-MOKR56NE" duration="00:00:00.0188167" startTime="2026-08-17T14:43:03.3953087+07:00" endTime="2026-08-17T14:43:03.4138555+07:00" testType="13cdc9d9-ddb5-4fa4-a97d-d965ccfc6d4b" outcome="Passed" testListId="8c84fa94-04c1-424b-9868-57a2d4851a1d" relativeResultsDirectory="5fab7359-d068-4ec4-9aae-7538e247c4bd" />
    <UnitTestResult executionId="c6b27f67-d7eb-4b80-b53c-5a968d051bf0" testId="b1892dc1-b1d7-0670-b491-4ad647de05c0" testName="TestingLayer.AssistantMealPlanComposerTests.ComposeAsync_EmptyRanked_DoesNotCallProvider" computerName="LAPTOP-MOKR56NE" duration="00:00:00.0020523" startTime="2026-08-17T14:43:04.0126482+07:00" endTime="2026-08-17T14:43:04.0144388+07:00" testType="13cdc9d9-ddb5-4fa4-a97d-d965ccfc6d4b" outcome="Passed" testListId="8c84fa94-04c1-424b-9868-57a2d4851a1d" relativeResultsDirectory="c6b27f67-d7eb-4b80-b53c-5a968d051bf0" />
    <UnitTestResult executionId="bc40aa9e-59b5-482f-8848-d6e9b0ebf3b6" testId="96f01fe6-7363-d0fa-d725-c343ba158234" testName="TestingLayer.AssistantServiceTests.SendMessage_EmptyEligible_SkipsStageB_AndReturnsEmptyList" computerName="LAPTOP-MOKR56NE" duration="00:00:00.0054752" startTime="2026-08-17T14:43:03.6145923+07:00" endTime="2026-08-17T14:43:03.6200422+07:00" testType="13cdc9d9-ddb5-4fa4-a97d-d965ccfc6d4b" outcome="Passed" testListId="8c84fa94-04c1-424b-9868-57a2d4851a1d" relativeResultsDirectory="bc40aa9e-59b5-482f-8848-d6e9b0ebf3b6" />
    <UnitTestResult executionId="bb2c1220-76be-4993-b2c8-8fd2931ce335" testId="5ce540bf-2caf-a28d-c2d0-b796d3d2438a" testName="TestingLayer.NightMarketCustomerTests.CustomerFoodQuery_UsesSameEffectivePriceForListAndDetail" computerName="LAPTOP-MOKR56NE" duration="00:00:00.1555475" startTime="2026-08-17T14:43:05.9866734+07:00" endTime="2026-08-17T14:43:06.1422052+07:00" testType="13cdc9d9-ddb5-4fa4-a97d-d965ccfc6d4b" outcome="Passed" testListId="8c84fa94-04c1-424b-9868-57a2d4851a1d" relativeResultsDirectory="bb2c1220-76be-4993-b2c8-8fd2931ce335" />
    <UnitTestResult executionId="49db2a66-1a2c-497d-af79-b7ae5f79b0d9" testId="53caef41-25ee-9441-de65-5d9928c6e854" testName="TestingLayer.OrderRefundLifecycleTests.Reconciliation_RequiresExactProviderAmount_BeforeRefunded" computerName="LAPTOP-MOKR56NE" duration="00:00:00.0050316" startTime="2026-08-17T14:43:04.1052238+07:00" endTime="2026-08-17T14:43:04.1102224+07:00" testType="13cdc9d9-ddb5-4fa4-a97d-d965ccfc6d4b" outcome="Passed" testListId="8c84fa94-04c1-424b-9868-57a2d4851a1d" relativeResultsDirectory="49db2a66-1a2c-497d-af79-b7ae5f79b0d9" />
    <UnitTestResult executionId="2135441b-f48f-4f24-aff7-24a97cf448e0" testId="52ec6a55-ac3e-9dc1-faa9-949faeded19f" testName="TestingLayer.PromotionValidationServiceTests.InvalidPersistedPercentage_IsRejectedAtApplicationTime" computerName="LAPTOP-MOKR56NE" duration="00:00:00.0013339" startTime="2026-08-17T14:43:04.0604523+07:00" endTime="2026-08-17T14:43:04.0613295+07:00" testType="13cdc9d9-ddb5-4fa4-a97d-d965ccfc6d4b" outcome="Passed" testListId="8c84fa94-04c1-424b-9868-57a2d4851a1d" relativeResultsDirectory="2135441b-f48f-4f24-aff7-24a97cf448e0" />
    <UnitTestResult executionId="b33fce79-21b5-45ec-a10b-ded2e321a7d6" testId="b1edd25f-3715-3eb9-30e9-f5c6082b7f43" testName="TestingLayer.LocalFileStorageServiceTests.SaveAvatarAsync_ClientPathNeverControlsFinalStoragePath(clientFileName: &quot;crafted-name.png&quot;)" computerName="LAPTOP-MOKR56NE" duration="00:00:00.0343914" startTime="2026-08-17T14:43:03.9009727+07:00" endTime="2026-08-17T14:43:03.9399602+07:00" testType="13cdc9d9-ddb5-4fa4-a97d-d965ccfc6d4b" outcome="Passed" testListId="8c84fa94-04c1-424b-9868-57a2d4851a1d" relativeResultsDirectory="b33fce79-21b5-45ec-a10b-ded2e321a7d6" />
    <UnitTestResult executionId="9af356ac-d5ef-4c66-b810-195e6d0a5f30" testId="cec918c1-a693-a2c7-6f24-4dff8d4f0163" testName="TestingLayer.AuthenticationServiceTests.VerifyEmail_PendingAccount_ActivatesAndConsumesToken" computerName="LAPTOP-MOKR56NE" duration="00:00:00.0051501" startTime="2026-08-17T14:43:03.6551483+07:00" endTime="2026-08-17T14:43:03.6600164+07:00" testType="13cdc9d9-ddb5-4fa4-a97d-d965ccfc6d4b" outcome="Passed" testListId="8c84fa94-04c1-424b-9868-57a2d4851a1d" relativeResultsDirectory="9af356ac-d5ef-4c66-b810-195e6d0a5f30" />
    <UnitTestResult executionId="643e4d3f-266e-4e05-aa66-d7b1bfb85b48" testId="aa30ee5f-3bde-e7b1-195b-692d252199dc" testName="TestingLayer.AssistantMealPlanComposerTests.Validate_MaxOptionsThree_ReturnsOnlyDistinctQualityPlans" computerName="LAPTOP-MOKR56NE" duration="00:00:00.0018778" startTime="2026-08-17T14:43:04.0146355+07:00" endTime="2026-08-17T14:43:04.0164224+07:00" testType="13cdc9d9-ddb5-4fa4-a97d-d965ccfc6d4b" outcome="Passed" testListId="8c84fa94-04c1-424b-9868-57a2d4851a1d" relativeResultsDirectory="643e4d3f-266e-4e05-aa66-d7b1bfb85b48" />
    <UnitTestResult executionId="388b88b4-d6bb-478b-a5c3-035fb355e9b7" testId="d58d840e-5946-4c09-c7d2-671f0101916c" testName="TestingLayer.IndoorPositioningServicePhase5Tests.Snap_SelectsNearestAccessibleEdge_AndReturnsCalibratedDistance" computerName="LAPTOP-MOKR56NE" duration="00:00:00.0067428" startTime="2026-08-17T14:43:12.1448524+07:00" endTime="2026-08-17T14:43:12.1516046+07:00" testType="13cdc9d9-ddb5-4fa4-a97d-d965ccfc6d4b" outcome="Passed" testListId="8c84fa94-04c1-424b-9868-57a2d4851a1d" relativeResultsDirectory="388b88b4-d6bb-478b-a5c3-035fb355e9b7" />
    <UnitTestResult executionId="e9fc9832-1019-445a-afc1-6877de62654e" testId="39b4c1ef-ff6a-58f7-d33e-d636ff87e197" testName="TestingLayer.OrderPaymentWebhookTests.DuplicatePaidWebhook_IsNoOp" computerName="LAPTOP-MOKR56NE" duration="00:00:00.0290391" startTime="2026-08-17T14:43:03.4457740+07:00" endTime="2026-08-17T14:43:03.4736185+07:00" testType="13cdc9d9-ddb5-4fa4-a97d-d965ccfc6d4b" outcome="Passed" testListId="8c84fa94-04c1-424b-9868-57a2d4851a1d" relativeResultsDirectory="e9fc9832-1019-445a-afc1-6877de62654e" />
    <UnitTestResult executionId="fb3dec58-9bd8-4e4e-bed8-8a5ff4e5c197" testId="e302e81f-9e03-795f-b106-2e08e875d330" testName="TestingLayer.AccountServiceTests.ChangeUserStatusAsync_ReasonInvalid_ThrowsException(reason: &quot;short&quot;)" computerName="LAPTOP-MOKR56NE" duration="00:00:00.0001487" startTime="2026-08-17T14:43:03.8910366+07:00" endTime="2026-08-17T14:43:03.8911990+07:00" testType="13cdc9d9-ddb5-4fa4-a97d-d965ccfc6d4b" outcome="Passed" testListId="8c84fa94-04c1-424b-9868-57a2d4851a1d" relativeResultsDirectory="fb3dec58-9bd8-4e4e-bed8-8a5ff4e5c197" />
    <UnitTestResult executionId="ce96bd28-3597-4217-9873-882d6e0e96e5" testId="4178aba9-7132-c761-f947-455159a9d2f0" testName="TestingLayer.LocalFileStorageServiceTests.SaveAvatarAsync_AllSupportedFormats_AreAccepted(fileName: &quot;photo.webp&quot;, contentType: &quot;image/webp&quot;, format: &quot;webp&quot;)" computerName="LAPTOP-MOKR56NE" duration="00:00:00.0919643" startTime="2026-08-17T14:43:03.6594530+07:00" endTime="2026-08-17T14:43:03.7529484+07:00" testType="13cdc9d9-ddb5-4fa4-a97d-d965ccfc6d4b" outcome="Passed" testListId="8c84fa94-04c1-424b-9868-57a2d4851a1d" relativeResultsDirectory="ce96bd28-3597-4217-9873-882d6e0e96e5" />
    <UnitTestResult executionId="172213b5-f6af-4620-ac8b-54446ae99169" testId="4341f102-fc4e-0b4f-484f-3e30dcbed7d9" testName="TestingLayer.PackagePolicyServiceTests.CreatePolicyAsync_InactivePackage_Rejects" computerName="LAPTOP-MOKR56NE" duration="00:00:00.0021778" startTime="2026-08-17T14:43:03.2936481+07:00" endTime="2026-08-17T14:43:03.2957579+07:00" testType="13cdc9d9-ddb5-4fa4-a97d-d965ccfc6d4b" outcome="Passed" testListId="8c84fa94-04c1-424b-9868-57a2d4851a1d" relativeResultsDirectory="172213b5-f6af-4620-ac8b-54446ae99169" />
    <UnitTestResult executionId="f21e8f6e-bf18-4f10-a286-597a1f159359" testId="61980b92-fd36-a7c7-e0f1-681ac1ed4ac2" testName="TestingLayer.CustomerCheckoutServiceTests.CreateCustomerOrder_TwoBoothCart_UsesOnlyRequestedBooth" computerName="LAPTOP-MOKR56NE" duration="00:00:00.0424576" startTime="2026-08-17T14:43:03.3543605+07:00" endTime="2026-08-17T14:43:03.3949368+07:00" testType="13cdc9d9-ddb5-4fa4-a97d-d965ccfc6d4b" outcome="Passed" testListId="8c84fa94-04c1-424b-9868-57a2d4851a1d" relativeResultsDirectory="f21e8f6e-bf18-4f10-a286-597a1f159359" />
    <UnitTestResult executionId="2c9b88f9-fc12-417b-8c23-7b09b84078b9" testId="8ec07599-d542-f18b-bf73-5295a65a7439" testName="TestingLayer.NightMarketCustomerTests.CustomerAvailability_SupportsInheritedAndOvernightSchedules" computerName="LAPTOP-MOKR56NE" duration="00:00:00.0003018" startTime="2026-08-17T14:43:06.1440994+07:00" endTime="2026-08-17T14:43:06.1442024+07:00" testType="13cdc9d9-ddb5-4fa4-a97d-d965ccfc6d4b" outcome="Passed" testListId="8c84fa94-04c1-424b-9868-57a2d4851a1d" relativeResultsDirectory="2c9b88f9-fc12-417b-8c23-7b09b84078b9" />
    <UnitTestResult executionId="7c53bd13-0086-481c-9631-72ee767c0477" testId="1012e4b7-a81d-8da1-6930-17634b46ac24" testName="TestingLayer.AdminModerationServiceTests.GetBoothDetailAsync_ReturnsActualStatus(status: Banned)" computerName="LAPTOP-MOKR56NE" duration="00:00:00.0084509" startTime="2026-08-17T14:43:03.7822717+07:00" endTime="2026-08-17T14:43:03.7905395+07:00" testType="13cdc9d9-ddb5-4fa4-a97d-d965ccfc6d4b" outcome="Passed" testListId="8c84fa94-04c1-424b-9868-57a2d4851a1d" relativeResultsDirectory="7c53bd13-0086-481c-9631-72ee767c0477" />
    <UnitTestResult executionId="f1387ec2-34a4-4e66-90a1-a8803899b3bb" testId="6b5e8ee8-592f-a1b7-22e6-bce61d82d2bb" testName="TestingLayer.SubscriptionServiceTests.VerifySubscription_RejectMarket_WithReason_Succeeds" computerName="LAPTOP-MOKR56NE" duration="00:00:00.0150699" startTime="2026-08-17T14:43:03.3564114+07:00" endTime="2026-08-17T14:43:03.3708563+07:00" testType="13cdc9d9-ddb5-4fa4-a97d-d965ccfc6d4b" outcome="Passed" testListId="8c84fa94-04c1-424b-9868-57a2d4851a1d" relativeResultsDirectory="f1387ec2-34a4-4e66-90a1-a8803899b3bb" />
    <UnitTestResult executionId="b9dfe10f-ce0a-44c6-9ff3-c78b42c1b99c" testId="e32a5bab-637f-3c56-bbb4-fc2e4434a076" testName="TestingLayer.MarketLayoutDistanceFoundationTests.CreateEdge_WithoutPhysicalDistance_UsesCalibratedScaleAndReturnsMetres" computerName="LAPTOP-MOKR56NE" duration="00:00:02.2444719" startTime="2026-08-17T14:43:03.2163169+07:00" endTime="2026-08-17T14:43:05.4444164+07:00" testType="13cdc9d9-ddb5-4fa4-a97d-d965ccfc6d4b" outcome="Passed" testListId="8c84fa94-04c1-424b-9868-57a2d4851a1d" relativeResultsDirectory="b9dfe10f-ce0a-44c6-9ff3-c78b42c1b99c" />
    <UnitTestResult executionId="bc3b0b0c-1ff5-443a-b03d-705f7418f82b" testId="2e51da4d-0ee5-e2e3-4597-b393ab061883" testName="TestingLayer.PayOSWebhookServiceTests.Webhook_Upgrade_ExpiresCurrentPlanAndStartsReplacementImmediately" computerName="LAPTOP-MOKR56NE" duration="00:00:00.0182622" startTime="2026-08-17T14:43:04.7257724+07:00" endTime="2026-08-17T14:43:04.7438664+07:00" testType="13cdc9d9-ddb5-4fa4-a97d-d965ccfc6d4b" outcome="Passed" testListId="8c84fa94-04c1-424b-9868-57a2d4851a1d" relativeResultsDirectory="bc3b0b0c-1ff5-443a-b03d-705f7418f82b" />
    <UnitTestResult executionId="64ed064b-8f8c-4a36-8f8e-92394543e64e" testId="953e0c54-5c22-ff13-4cf2-5b570f4b3d92" testName="TestingLayer.PackagePolicySeederTests.SeedAsync_ExistingDraft_ReportsNeedsActivationAndDoesNotActivate" computerName="LAPTOP-MOKR56NE" duration="00:00:02.1486884" startTime="2026-08-17T14:43:03.1976265+07:00" endTime="2026-08-17T14:43:05.3239362+07:00" testType="13cdc9d9-ddb5-4fa4-a97d-d965ccfc6d4b" outcome="Passed" testListId="8c84fa94-04c1-424b-9868-57a2d4851a1d" relativeResultsDirectory="64ed064b-8f8c-4a36-8f8e-92394543e64e" />
    <UnitTestResult executionId="8940affb-2d8f-490d-801b-10817bd5f6fc" testId="fcdfa9f1-4616-6402-66bb-93a5535c1c29" testName="TestingLayer.NavigationEntranceServiceTests.NavigationRuntimeContract_DoesNotExposeQrResolveOrQrAdminFields" computerName="LAPTOP-MOKR56NE" duration="00:00:00.0006740" startTime="2026-08-17T14:43:05.5413243+07:00" endTime="2026-08-17T14:43:05.5420669+07:00" testType="13cdc9d9-ddb5-4fa4-a97d-d965ccfc6d4b" outcome="Passed" testListId="8c84fa94-04c1-424b-9868-57a2d4851a1d" relativeResultsDirectory="8940affb-2d8f-490d-801b-10817bd5f6fc" />
    <UnitTestResult executionId="428056aa-47ea-4f24-a830-b8ffc3f4f1e8" testId="8debb647-ebde-a982-e869-41436bc98b81" testName="TestingLayer.AdminModerationServiceTests.BanBooth_TooLongReason_Throws" computerName="LAPTOP-MOKR56NE" duration="00:00:00.0024837" startTime="2026-08-17T14:43:03.8269056+07:00" endTime="2026-08-17T14:43:03.8291417+07:00" testType="13cdc9d9-ddb5-4fa4-a97d-d965ccfc6d4b" outcome="Passed" testListId="8c84fa94-04c1-424b-9868-57a2d4851a1d" relativeResultsDirectory="428056aa-47ea-4f24-a830-b8ffc3f4f1e8" />
    <UnitTestResult executionId="a10f1ce8-04e6-4723-8d78-31cf47fa627c" testId="e0263aa0-70b2-869a-e05f-b322e34304c6" testName="TestingLayer.PackageTemplateTests.Create_BoothFreeTemplate_NonZeroPrice_Throws400" computerName="LAPTOP-MOKR56NE" duration="00:00:00.0011524" startTime="2026-08-17T14:43:03.4261815+07:00" endTime="2026-08-17T14:43:03.4270805+07:00" testType="13cdc9d9-ddb5-4fa4-a97d-d965ccfc6d4b" outcome="Passed" testListId="8c84fa94-04c1-424b-9868-57a2d4851a1d" relativeResultsDirectory="a10f1ce8-04e6-4723-8d78-31cf47fa627c" />
    <UnitTestResult executionId="0c0d130e-c2d1-4776-bbb0-5c263da073ab" testId="49283911-60ca-4601-27fe-690307ba1369" testName="TestingLayer.CustomerHistoryReviewComplaintTests.ReviewUpdate_RejectsOutsideEditWindow" computerName="LAPTOP-MOKR56NE" duration="00:00:00.0258835" startTime="2026-08-17T14:43:05.7437959+07:00" endTime="2026-08-17T14:43:05.7696711+07:00" testType="13cdc9d9-ddb5-4fa4-a97d-d965ccfc6d4b" outcome="Passed" testListId="8c84fa94-04c1-424b-9868-57a2d4851a1d" relativeResultsDirectory="0c0d130e-c2d1-4776-bbb0-5c263da073ab" />
    <UnitTestResult executionId="7dc5e344-f94d-487b-981a-fd86d5db24d0" testId="759b2719-5c4d-ef3a-86ca-fbc61cb10f5e" testName="TestingLayer.PackageTemplateTests.GetTemplates_MarketPro_HasMoreFeaturesThanBasic" computerName="LAPTOP-MOKR56NE" duration="00:00:00.0007179" startTime="2026-08-17T14:43:03.5064998+07:00" endTime="2026-08-17T14:43:03.5066320+07:00" testType="13cdc9d9-ddb5-4fa4-a97d-d965ccfc6d4b" outcome="Passed" testListId="8c84fa94-04c1-424b-9868-57a2d4851a1d" relativeResultsDirectory="7dc5e344-f94d-487b-981a-fd86d5db24d0" />
    <UnitTestResult executionId="ddc93161-d904-4509-811d-8099b243d99a" testId="1bf71456-87f3-2a01-4a70-07c593549429" testName="TestingLayer.PackageTemplateTests.UpdateAsync_RemovePromotion_MissingId_ThrowsBadRequest" computerName="LAPTOP-MOKR56NE" duration="00:00:00.0024261" startTime="2026-08-17T14:43:03.5069998+07:00" endTime="2026-08-17T14:43:03.5080549+07:00" testType="13cdc9d9-ddb5-4fa4-a97d-d965ccfc6d4b" outcome="Passed" testListId="8c84fa94-04c1-424b-9868-57a2d4851a1d" relativeResultsDirectory="ddc93161-d904-4509-811d-8099b243d99a" />
    <UnitTestResult executionId="8e539bf0-9b54-4d96-81b4-5eb53cf628ed" testId="fb9586c5-c05d-b874-38e8-19bc9d5fa6df" testName="TestingLayer.PackagePolicyServiceTests.CreatePolicyAsync_TitleTooLong_Rejects" computerName="LAPTOP-MOKR56NE" duration="00:00:00.0028723" startTime="2026-08-17T14:43:03.2882995+07:00" endTime="2026-08-17T14:43:03.2910432+07:00" testType="13cdc9d9-ddb5-4fa4-a97d-d965ccfc6d4b" outcome="Passed" testListId="8c84fa94-04c1-424b-9868-57a2d4851a1d" relativeResultsDirectory="8e539bf0-9b54-4d96-81b4-5eb53cf628ed" />
    <UnitTestResult executionId="839d0561-ccc9-4e7e-8a26-61d96fa2b9d4" testId="f2d83ba5-017e-3fac-ac6e-5988b2191063" testName="TestingLayer.PackageImageServiceTests.DeleteImageAsync_PackageNotFound_Throws404" computerName="LAPTOP-MOKR56NE" duration="00:00:00.0028497" startTime="2026-08-17T14:43:03.8906701+07:00" endTime="2026-08-17T14:43:03.8923188+07:00" testType="13cdc9d9-ddb5-4fa4-a97d-d965ccfc6d4b" outcome="Passed" testListId="8c84fa94-04c1-424b-9868-57a2d4851a1d" relativeResultsDirectory="839d0561-ccc9-4e7e-8a26-61d96fa2b9d4" />
    <UnitTestResult executionId="48b0faa2-31f3-46c2-9f0f-c3eb1cbf63c6" testId="0c2596ac-1ff9-cad2-2f2b-fe3f6becc05f" testName="TestingLayer.AssistantServiceTests.Assistant_DoesNotIntroduceSecondCartEntity" computerName="LAPTOP-MOKR56NE" duration="00:00:00.0078802" startTime="2026-08-17T14:43:03.4016186+07:00" endTime="2026-08-17T14:43:03.4090242+07:00" testType="13cdc9d9-ddb5-4fa4-a97d-d965ccfc6d4b" outcome="Passed" testListId="8c84fa94-04c1-424b-9868-57a2d4851a1d" relativeResultsDirectory="48b0faa2-31f3-46c2-9f0f-c3eb1cbf63c6" />
    <UnitTestResult executionId="29490c54-deab-4fad-8c51-b7a8524ff1b0" testId="132a7925-934d-e219-8c7f-56c301f20c97" testName="TestingLayer.AssistantIntentInterpreterTests.Interpret_ExplicitPartyAndBudget_OverrideLlmGuess" computerName="LAPTOP-MOKR56NE" duration="00:00:00.0020050" startTime="2026-08-17T14:43:04.8741072+07:00" endTime="2026-08-17T14:43:04.8758224+07:00" testType="13cdc9d9-ddb5-4fa4-a97d-d965ccfc6d4b" outcome="Passed" testListId="8c84fa94-04c1-424b-9868-57a2d4851a1d" relativeResultsDirectory="29490c54-deab-4fad-8c51-b7a8524ff1b0" />
    <UnitTestResult executionId="d24d613c-8c24-4a3b-a8b0-3fa599579aea" testId="3d12f1dd-a21c-ef29-8c1a-ff1d255d7a11" testName="TestingLayer.AccountServiceTests.ChangeUserStatusAsync_ValidUnban_CreatesOutbox" computerName="LAPTOP-MOKR56NE" duration="00:00:00.0083283" startTime="2026-08-17T14:43:03.9860427+07:00" endTime="2026-08-17T14:43:03.9942686+07:00" testType="13cdc9d9-ddb5-4fa4-a97d-d965ccfc6d4b" outcome="Passed" testListId="8c84fa94-04c1-424b-9868-57a2d4851a1d" relativeResultsDirectory="d24d613c-8c24-4a3b-a8b0-3fa599579aea" />
    <UnitTestResult executionId="0828c17b-7d69-46cd-adc6-c19514aada62" testId="25a24628-8a17-e841-e26f-977459a7e882" testName="TestingLayer.NightMarketCustomerTests.Availability_SupportsOvernightScheduleAndExclusiveClosingBoundary" computerName="LAPTOP-MOKR56NE" duration="00:00:00.0001513" startTime="2026-08-17T14:43:06.1436855+07:00" endTime="2026-08-17T14:43:06.1438017+07:00" testType="13cdc9d9-ddb5-4fa4-a97d-d965ccfc6d4b" outcome="Passed" testListId="8c84fa94-04c1-424b-9868-57a2d4851a1d" relativeResultsDirectory="0828c17b-7d69-46cd-adc6-c19514aada62" />
    <UnitTestResult executionId="733e2085-32e2-4c20-afc7-32e2dbabe6a8" testId="20afb41d-c2ce-a1af-b49f-a938aed8d2cf" testName="TestingLayer.PayOSOrderCodeGeneratorTests.Generate_SequenceIncrements_CodesAreUnique" computerName="LAPTOP-MOKR56NE" duration="00:00:00.0071605" startTime="2026-08-17T14:43:04.0790603+07:00" endTime="2026-08-17T14:43:04.0797489+07:00" testType="13cdc9d9-ddb5-4fa4-a97d-d965ccfc6d4b" outcome="Passed" testListId="8c84fa94-04c1-424b-9868-57a2d4851a1d" relativeResultsDirectory="733e2085-32e2-4c20-afc7-32e2dbabe6a8" />
    <UnitTestResult executionId="2e7fa4ed-d7f7-4620-a74f-4b5892cf751f" testId="b9fe4386-234a-7e22-984e-6248a690d32d" testName="TestingLayer.LocalFileStorageServiceTests.SaveAvatarAsync_MimeDoesNotMatchMagicBytes_IsRejected" computerName="LAPTOP-MOKR56NE" duration="00:00:00.0061923" startTime="2026-08-17T14:43:03.9483906+07:00" endTime="2026-08-17T14:43:03.9543723+07:00" testType="13cdc9d9-ddb5-4fa4-a97d-d965ccfc6d4b" outcome="Passed" testListId="8c84fa94-04c1-424b-9868-57a2d4851a1d" relativeResultsDirectory="2e7fa4ed-d7f7-4620-a74f-4b5892cf751f" />
    <UnitTestResult executionId="0490838b-5dd7-42f9-98e7-592375086d8a" testId="c57751fe-081a-ea9b-daef-8881e2e239ba" testName="TestingLayer.CustomerProfileContractTests.PublicReviewResponses_DoNotContainPrivateProfileFields(responseType: typeof(ApplicationLayer.DTOs.Responses.ReviewResponse))" computerName="LAPTOP-MOKR56NE" duration="00:00:00.0011360" startTime="2026-08-17T14:43:04.1457920+07:00" endTime="2026-08-17T14:43:04.1468418+07:00" testType="13cdc9d9-ddb5-4fa4-a97d-d965ccfc6d4b" outcome="Passed" testListId="8c84fa94-04c1-424b-9868-57a2d4851a1d" relativeResultsDirectory="0490838b-5dd7-42f9-98e7-592375086d8a" />
    <UnitTestResult executionId="f768e017-475a-4d05-9091-42db0b32f77a" testId="753827b6-6626-eff5-e55a-c018b8b4fe73" testName="TestingLayer.AssistantArbitraryPromptTests.Recommend_ArbitraryPrompt_UsesStageASemanticThenStageB(prompt: &quot;Tôi muốn một món đáng thử.&quot;, leftover: &quot;đáng thử&quot;)" computerName="LAPTOP-MOKR56NE" duration="00:00:00.0044960" startTime="2026-08-17T14:43:03.6117625+07:00" endTime="2026-08-17T14:43:03.6163088+07:00" testType="13cdc9d9-ddb5-4fa4-a97d-d965ccfc6d4b" outcome="Passed" testListId="8c84fa94-04c1-424b-9868-57a2d4851a1d" relativeResultsDirectory="f768e017-475a-4d05-9091-42db0b32f77a" />
    <UnitTestResult executionId="df2db464-a28d-4efc-a2f5-feea362f4425" testId="e5d022b2-b28a-00d5-2816-b4d9e04d1869" testName="TestingLayer.OrderPaymentWebhookTests.WrongAmount_DoesNotOverwriteExpectedAmount_AndRoutesToRefund(received: 59000)" computerName="LAPTOP-MOKR56NE" duration="00:00:00.0128143" startTime="2026-08-17T14:43:03.4196065+07:00" endTime="2026-08-17T14:43:03.4322788+07:00" testType="13cdc9d9-ddb5-4fa4-a97d-d965ccfc6d4b" outcome="Passed" testListId="8c84fa94-04c1-424b-9868-57a2d4851a1d" relativeResultsDirectory="df2db464-a28d-4efc-a2f5-feea362f4425" />
    <UnitTestResult executionId="1dc29ddd-d232-4833-bc84-a4f242bc80e0" testId="664900a4-2197-8cb5-103f-b1082fbb1ba1" testName="TestingLayer.SubscriptionServiceTests.VerifySubscription_BoothNotFound_ThrowsNotFound" computerName="LAPTOP-MOKR56NE" duration="00:00:00.0094483" startTime="2026-08-17T14:43:03.3100273+07:00" endTime="2026-08-17T14:43:03.3191580+07:00" testType="13cdc9d9-ddb5-4fa4-a97d-d965ccfc6d4b" outcome="Passed" testListId="8c84fa94-04c1-424b-9868-57a2d4851a1d" relativeResultsDirectory="1dc29ddd-d232-4833-bc84-a4f242bc80e0" />
    <UnitTestResult executionId="346afc13-bd53-4db9-9b5b-106ed5641ade" testId="793fc9b4-2c68-363e-2f97-9a6040604a7a" testName="TestingLayer.AdminModerationServiceTests.RestoreBooth_NotBanned_Throws" computerName="LAPTOP-MOKR56NE" duration="00:00:00.0027232" startTime="2026-08-17T14:43:03.9103031+07:00" endTime="2026-08-17T14:43:03.9122153+07:00" testType="13cdc9d9-ddb5-4fa4-a97d-d965ccfc6d4b" outcome="Passed" testListId="8c84fa94-04c1-424b-9868-57a2d4851a1d" relativeResultsDirectory="346afc13-bd53-4db9-9b5b-106ed5641ade" />
    <UnitTestResult executionId="42a5e086-60c1-4980-8eae-8e389142297b" testId="3222364c-2773-3ac8-700e-13acdcb37027" testName="TestingLayer.PayOSOrderCodeGeneratorTests.Generate_Concurrent_NoCollisions" computerName="LAPTOP-MOKR56NE" duration="00:00:00.0183991" startTime="2026-08-17T14:43:04.0358199+07:00" endTime="2026-08-17T14:43:04.0540535+07:00" testType="13cdc9d9-ddb5-4fa4-a97d-d965ccfc6d4b" outcome="Passed" testListId="8c84fa94-04c1-424b-9868-57a2d4851a1d" relativeResultsDirectory="42a5e086-60c1-4980-8eae-8e389142297b" />
    <UnitTestResult executionId="3fd14e0d-14c6-4374-af98-9bbfe186a991" testId="58622e9b-55b3-f03c-a3f0-f4b8ba427b91" testName="TestingLayer.AssistantCompatibilityScorerTests.Score_CombinesConfiguredWeights_NotSemanticAlone" computerName="LAPTOP-MOKR56NE" duration="00:00:00.0041484" startTime="2026-08-17T14:43:03.2296942+07:00" endTime="2026-08-17T14:43:03.2322891+07:00" testType="13cdc9d9-ddb5-4fa4-a97d-d965ccfc6d4b" outcome="Passed" testListId="8c84fa94-04c1-424b-9868-57a2d4851a1d" relativeResultsDirectory="3fd14e0d-14c6-4374-af98-9bbfe186a991" />
    <UnitTestResult executionId="4ae030d8-feb5-438b-8456-12e27e15a40b" testId="7d86e01b-34fe-30fb-86e9-1aa75ff7551a" testName="TestingLayer.AssistantIntentInterpreterTests.Sanitize_KeepsUserGoalAndDiningContext" computerName="LAPTOP-MOKR56NE" duration="00:00:00.0003044" startTime="2026-08-17T14:43:04.8812378+07:00" endTime="2026-08-17T14:43:04.8813683+07:00" testType="13cdc9d9-ddb5-4fa4-a97d-d965ccfc6d4b" outcome="Passed" testListId="8c84fa94-04c1-424b-9868-57a2d4851a1d" relativeResultsDirectory="4ae030d8-feb5-438b-8456-12e27e15a40b" />
    <UnitTestResult executionId="763d4c2e-4f01-492f-a0a0-c9351246f1bd" testId="e93b092e-743c-5938-8444-7d9f505b2afd" testName="TestingLayer.BackgroundWorkerCancellationTests.OrderCleanupWorker_RealFailure_IsLoggedAndRetried" computerName="LAPTOP-MOKR56NE" duration="00:00:00.0488125" startTime="2026-08-17T14:43:03.1975648+07:00" endTime="2026-08-17T14:43:03.2342675+07:00" testType="13cdc9d9-ddb5-4fa4-a97d-d965ccfc6d4b" outcome="Passed" testListId="8c84fa94-04c1-424b-9868-57a2d4851a1d" relativeResultsDirectory="763d4c2e-4f01-492f-a0a0-c9351246f1bd" />
    <UnitTestResult executionId="2edb2855-d4a6-48c5-8975-10d4e43de5b5" testId="928ca1be-0e0f-336c-a70a-ef4a3bf06f2e" testName="TestingLayer.ComplaintServiceTests.UpdateStatusAsync_TargetStatusPending_Returns400" computerName="LAPTOP-MOKR56NE" duration="00:00:00.0053732" startTime="2026-08-17T14:43:03.6846986+07:00" endTime="2026-08-17T14:43:03.6899752+07:00" testType="13cdc9d9-ddb5-4fa4-a97d-d965ccfc6d4b" outcome="Passed" testListId="8c84fa94-04c1-424b-9868-57a2d4851a1d" relativeResultsDirectory="2edb2855-d4a6-48c5-8975-10d4e43de5b5" />
    <UnitTestResult executionId="4aab9a63-9a23-42ab-90af-297e359ec999" testId="abe5f06d-bbe9-1e99-106e-9867ac5d6d9c" testName="TestingLayer.CartCheckoutOrderabilityTests.CartRepository_PreservesSoftDeletedFoodAsInvalidCartItem" computerName="LAPTOP-MOKR56NE" duration="00:00:02.2351098" startTime="2026-08-17T14:43:03.2335147+07:00" endTime="2026-08-17T14:43:05.4560516+07:00" testType="13cdc9d9-ddb5-4fa4-a97d-d965ccfc6d4b" outcome="Passed" testListId="8c84fa94-04c1-424b-9868-57a2d4851a1d" relativeResultsDirectory="4aab9a63-9a23-42ab-90af-297e359ec999" />
    <UnitTestResult executionId="ff629083-709f-4bbe-b351-a2d1fa4b9e20" testId="d1b8a77f-5ba0-69c9-ef9b-77d6a94f5585" testName="TestingLayer.PackageTemplateTests.ResolveTemplate_MarketBasic_ReturnsCorrectEntitlements" computerName="LAPTOP-MOKR56NE" duration="00:00:00.0051843" startTime="2026-08-17T14:43:03.4163713+07:00" endTime="2026-08-17T14:43:03.4221610+07:00" testType="13cdc9d9-ddb5-4fa4-a97d-d965ccfc6d4b" outcome="Passed" testListId="8c84fa94-04c1-424b-9868-57a2d4851a1d" relativeResultsDirectory="ff629083-709f-4bbe-b351-a2d1fa4b9e20" />
    <UnitTestResult executionId="ae55f5da-63cd-4a9f-afd2-b827cfb0c1b1" testId="6ae7b26e-f1de-d40b-f570-ad88064f7402" testName="TestingLayer.PackagePolicyServiceTests.CreatePolicyAsync_AutoIncrementsVersion_WhenPolicyExists" computerName="LAPTOP-MOKR56NE" duration="00:00:00.0109155" startTime="2026-08-17T14:43:03.3358461+07:00" endTime="2026-08-17T14:43:03.3464501+07:00" testType="13cdc9d9-ddb5-4fa4-a97d-d965ccfc6d4b" outcome="Passed" testListId="8c84fa94-04c1-424b-9868-57a2d4851a1d" relativeResultsDirectory="ae55f5da-63cd-4a9f-afd2-b827cfb0c1b1" />
    <UnitTestResult executionId="9ca93dec-9a58-4255-8aaf-e17f9a6812b6" testId="4d660fd1-3f64-d3bc-7f59-9addb709f1d5" testName="TestingLayer.AssistantArbitraryPromptTests.MealPlan_NoDessertInPool_DessertSectionEmpty" computerName="LAPTOP-MOKR56NE" duration="00:00:00.0070419" startTime="2026-08-17T14:43:03.5864006+07:00" endTime="2026-08-17T14:43:03.5933457+07:00" testType="13cdc9d9-ddb5-4fa4-a97d-d965ccfc6d4b" outcome="Passed" testListId="8c84fa94-04c1-424b-9868-57a2d4851a1d" relativeResultsDirectory="9ca93dec-9a58-4255-8aaf-e17f9a6812b6" />
    <UnitTestResult executionId="71d42b95-79bd-471b-b838-bec1c18ad9ec" testId="dcd84e26-8726-dd52-1b4a-45b36cdbb852" testName="TestingLayer.IndoorNavigationCorridorTests.GetMap_ReturnsPersistedBlocksWithoutMutatingLayout" computerName="LAPTOP-MOKR56NE" duration="00:00:00.3502398" startTime="2026-08-17T14:43:05.5020696+07:00" endTime="2026-08-17T14:43:05.8516665+07:00" testType="13cdc9d9-ddb5-4fa4-a97d-d965ccfc6d4b" outcome="Passed" testListId="8c84fa94-04c1-424b-9868-57a2d4851a1d" relativeResultsDirectory="71d42b95-79bd-471b-b838-bec1c18ad9ec" />
    <UnitTestResult executionId="821ef938-b906-4f7c-b04c-ec8e3c84fe71" testId="adfa60b2-9d3f-5342-9da4-ece97f9d2555" testName="TestingLayer.AssistantArbitraryPromptTests.MealPlan_StageCExtraId_Throws503" computerName="LAPTOP-MOKR56NE" duration="00:00:00.0034842" startTime="2026-08-17T14:43:03.5573096+07:00" endTime="2026-08-17T14:43:03.5607045+07:00" testType="13cdc9d9-ddb5-4fa4-a97d-d965ccfc6d4b" outcome="Passed" testListId="8c84fa94-04c1-424b-9868-57a2d4851a1d" relativeResultsDirectory="821ef938-b906-4f7c-b04c-ec8e3c84fe71" />
    <UnitTestResult executionId="3f10dd9e-bcff-44f0-af78-d0c0a90b39db" testId="3e7fdf44-bb05-0688-f291-8d0dc8b171f1" testName="TestingLayer.ChatServiceTests.SendMessage_FromBoothOwner_PublishesRealtimeToCustomerRecipient" computerName="LAPTOP-MOKR56NE" duration="00:00:00.0121165" startTime="2026-08-17T14:43:03.7134447+07:00" endTime="2026-08-17T14:43:03.7253197+07:00" testType="13cdc9d9-ddb5-4fa4-a97d-d965ccfc6d4b" outcome="Passed" testListId="8c84fa94-04c1-424b-9868-57a2d4851a1d" relativeResultsDirectory="3f10dd9e-bcff-44f0-af78-d0c0a90b39db" />
    <UnitTestResult executionId="88ebb996-569f-4605-bdee-49dd1d98f52e" testId="077a19dc-7f3a-6b73-aded-a31f101770e4" testName="TestingLayer.AssistantArbitraryPromptTests.MealPlan_ThreeOptionsConfigured_ReturnsOneWhenOnlyOneQuality" computerName="LAPTOP-MOKR56NE" duration="00:00:00.0038725" startTime="2026-08-17T14:43:03.5775864+07:00" endTime="2026-08-17T14:43:03.5812417+07:00" testType="13cdc9d9-ddb5-4fa4-a97d-d965ccfc6d4b" outcome="Passed" testListId="8c84fa94-04c1-424b-9868-57a2d4851a1d" relativeResultsDirectory="88ebb996-569f-4605-bdee-49dd1d98f52e" />
    <UnitTestResult executionId="170404d5-fac5-4157-b2cd-d3bf8fbd15b1" testId="fb1487d0-62cf-c407-ac3d-c1d57bd90d6a" testName="TestingLayer.AssistantArbitraryPromptTests.Recommend_ArbitraryPrompt_UsesStageASemanticThenStageB(prompt: &quot;Tìm 1 món ngon ngon cho hôm nay.&quot;, leftover: &quot;ngon ngon&quot;)" computerName="LAPTOP-MOKR56NE" duration="00:00:00.0058618" startTime="2026-08-17T14:43:03.6022667+07:00" endTime="2026-08-17T14:43:03.6079088+07:00" testType="13cdc9d9-ddb5-4fa4-a97d-d965ccfc6d4b" outcome="Passed" testListId="8c84fa94-04c1-424b-9868-57a2d4851a1d" relativeResultsDirectory="170404d5-fac5-4157-b2cd-d3bf8fbd15b1" />
    <UnitTestResult executionId="5df7898c-e61a-4add-8b3f-33dbebaed8f2" testId="46cc3b42-d0d6-2833-290d-27429bf5aac2" testName="TestingLayer.AdminModerationServiceTests.GetBoothsAsync_ReturnsActualBoothStatus(status: Active)" computerName="LAPTOP-MOKR56NE" duration="00:00:00.0126919" startTime="2026-08-17T14:43:03.8644693+07:00" endTime="2026-08-17T14:43:03.8770878+07:00" testType="13cdc9d9-ddb5-4fa4-a97d-d965ccfc6d4b" outcome="Passed" testListId="8c84fa94-04c1-424b-9868-57a2d4851a1d" relativeResultsDirectory="5df7898c-e61a-4add-8b3f-33dbebaed8f2" />
    <UnitTestResult executionId="8cf1cbee-83c0-402f-81c1-d957bcafd2c1" testId="a5900331-519e-4268-5d09-07d2ce50b77c" testName="TestingLayer.PriceServiceTests.CreatePackagePriceAsync_PromotionPriceEqualsBasePrice_ThrowsBadRequest" computerName="LAPTOP-MOKR56NE" duration="00:00:00.0019949" startTime="2026-08-17T14:43:03.7964528+07:00" endTime="2026-08-17T14:43:03.7970323+07:00" testType="13cdc9d9-ddb5-4fa4-a97d-d965ccfc6d4b" outcome="Passed" testListId="8c84fa94-04c1-424b-9868-57a2d4851a1d" relativeResultsDirectory="8cf1cbee-83c0-402f-81c1-d957bcafd2c1" />
    <UnitTestResult executionId="6899195e-9eab-4e5d-b365-d74419a9ba2f" testId="a488c284-2b06-0891-a85b-c521b6ded281" testName="TestingLayer.IndoorNavigationCorridorTests.LayoutDistance_ConvertsPixelsWithPixelsPerMeter" computerName="LAPTOP-MOKR56NE" duration="00:00:00.0001674" startTime="2026-08-17T14:43:04.1174261+07:00" endTime="2026-08-17T14:43:04.1175373+07:00" testType="13cdc9d9-ddb5-4fa4-a97d-d965ccfc6d4b" outcome="Passed" testListId="8c84fa94-04c1-424b-9868-57a2d4851a1d" relativeResultsDirectory="6899195e-9eab-4e5d-b365-d74419a9ba2f" />
    <UnitTestResult executionId="af03e500-421a-4c82-8cee-ae9cf1b16c65" testId="ec745154-bf3c-51e8-5e55-d8a92f914ca1" testName="TestingLayer.LocalFileStorageServiceTests.SaveAvatarAsync_ClientPathNeverControlsFinalStoragePath(clientFileName: &quot;C:\\temp\\escape.png&quot;)" computerName="LAPTOP-MOKR56NE" duration="00:00:00.0228536" startTime="2026-08-17T14:43:03.7827046+07:00" endTime="2026-08-17T14:43:03.8067244+07:00" testType="13cdc9d9-ddb5-4fa4-a97d-d965ccfc6d4b" outcome="Passed" testListId="8c84fa94-04c1-424b-9868-57a2d4851a1d" relativeResultsDirectory="af03e500-421a-4c82-8cee-ae9cf1b16c65" />
    <UnitTestResult executionId="07fad42d-1dd6-4a4e-b7fe-88bb315d0c94" testId="89bf04a3-5999-ab69-daac-4a52c6ddf4e7" testName="TestingLayer.AccountServiceTests.UpdateAvatarAsync_ConcurrentStaleSnapshots_DeleteOnlyTheirPreviousAvatar" computerName="LAPTOP-MOKR56NE" duration="00:00:00.0291437" startTime="2026-08-17T14:43:03.9099184+07:00" endTime="2026-08-17T14:43:03.9390667+07:00" testType="13cdc9d9-ddb5-4fa4-a97d-d965ccfc6d4b" outcome="Passed" testListId="8c84fa94-04c1-424b-9868-57a2d4851a1d" relativeResultsDirectory="07fad42d-1dd6-4a4e-b7fe-88bb315d0c94" />
    <UnitTestResult executionId="df6fa67b-63d5-4261-99fc-a7ee2eb4d7ad" testId="34644ba8-ab10-80c7-cba2-f9f1c8dcf06b" testName="TestingLayer.PostgresHomeDiscoveryTests.AppliedSeededDatabase_Phase05FoodDiscoveryContracts_AreVerified" computerName="LAPTOP-MOKR56NE" duration="00:00:00.0053001" startTime="2026-08-17T14:43:03.7884872+07:00" endTime="2026-08-17T14:43:03.7935526+07:00" testType="13cdc9d9-ddb5-4fa4-a97d-d965ccfc6d4b" outcome="Passed" testListId="8c84fa94-04c1-424b-9868-57a2d4851a1d" relativeResultsDirectory="df6fa67b-63d5-4261-99fc-a7ee2eb4d7ad" />
    <UnitTestResult executionId="ea221230-3547-4234-8077-3c1d3aaa2d19" testId="36494beb-16e9-ce46-75cf-7a3da938364e" testName="TestingLayer.EdgeProjectionPhase5Tests.Projection_ClampsToSegment(x: 5, y: 2, expectedX: 5, expectedY: 0, progress: 0.5)" computerName="LAPTOP-MOKR56NE" duration="00:00:00.0002737" startTime="2026-08-17T14:43:12.1867983+07:00" endTime="2026-08-17T14:43:12.1870283+07:00" testType="13cdc9d9-ddb5-4fa4-a97d-d965ccfc6d4b" outcome="Passed" testListId="8c84fa94-04c1-424b-9868-57a2d4851a1d" relativeResultsDirectory="ea221230-3547-4234-8077-3c1d3aaa2d19" />
    <UnitTestResult executionId="4981663c-46ec-40b1-bc13-a435a816cfd4" testId="f6e1bb6e-6df0-afb3-4fd9-97c9a8a943da" testName="TestingLayer.PackageTemplateTests.Create_MarketTemplate_ZeroPrice_Throws400" computerName="LAPTOP-MOKR56NE" duration="00:00:00.0016378" startTime="2026-08-17T14:43:03.4234283+07:00" endTime="2026-08-17T14:43:03.4243942+07:00" testType="13cdc9d9-ddb5-4fa4-a97d-d965ccfc6d4b" outcome="Passed" testListId="8c84fa94-04c1-424b-9868-57a2d4851a1d" relativeResultsDirectory="4981663c-46ec-40b1-bc13-a435a816cfd4" />
    <UnitTestResult executionId="d6fc043e-c3bb-471e-b764-d22c29e50227" testId="567a67c5-fea1-8eb0-118f-7dc2c6519e2e" testName="TestingLayer.LayoutGraphValidationFoundationTests.Validate_UsesTheSameAccessibleDirectedGraphPolicyAsRouting" computerName="LAPTOP-MOKR56NE" duration="00:00:02.2303403" startTime="2026-08-17T14:43:03.2341508+07:00" endTime="2026-08-17T14:43:05.4537865+07:00" testType="13cdc9d9-ddb5-4fa4-a97d-d965ccfc6d4b" outcome="Passed" testListId="8c84fa94-04c1-424b-9868-57a2d4851a1d" relativeResultsDirectory="d6fc043e-c3bb-471e-b764-d22c29e50227" />
    <UnitTestResult executionId="2d2424cc-dc1f-4797-959f-8285803e9cb3" testId="d41571cd-6e88-4b08-1f2d-8a9ad49bb9d5" testName="TestingLayer.AuthenticationServiceTests.Register_EmailSendFailure_ReturnsEmailDeliveryFailedAfterCreatingPendingUser" computerName="LAPTOP-MOKR56NE" duration="00:00:00.0101341" startTime="2026-08-17T14:43:03.5979890+07:00" endTime="2026-08-17T14:43:03.6084326+07:00" testType="13cdc9d9-ddb5-4fa4-a97d-d965ccfc6d4b" outcome="Passed" testListId="8c84fa94-04c1-424b-9868-57a2d4851a1d" relativeResultsDirectory="2d2424cc-dc1f-4797-959f-8285803e9cb3" />
    <UnitTestResult executionId="5564c1d2-6b1f-4e77-bf87-5508e6f865e7" testId="2eb2639c-bf92-3406-b780-e5f3d48d5b8c" testName="TestingLayer.AuthenticationServiceTests.Register_DuplicateEmail_ReturnsConflictWithoutCreatingUser" computerName="LAPTOP-MOKR56NE" duration="00:00:00.0031644" startTime="2026-08-17T14:43:03.6169268+07:00" endTime="2026-08-17T14:43:03.6198898+07:00" testType="13cdc9d9-ddb5-4fa4-a97d-d965ccfc6d4b" outcome="Passed" testListId="8c84fa94-04c1-424b-9868-57a2d4851a1d" relativeResultsDirectory="5564c1d2-6b1f-4e77-bf87-5508e6f865e7" />
    <UnitTestResult executionId="75477a82-a002-4318-9875-5a38ceef771b" testId="80ec6209-0096-5f78-5166-7a9c1774b660" testName="TestingLayer.AuthenticationServiceTests.ChangePassword_WrongCurrentPassword_DoesNotUpdateAccount" computerName="LAPTOP-MOKR56NE" duration="00:00:00.0142414" startTime="2026-08-17T14:43:03.5579389+07:00" endTime="2026-08-17T14:43:03.5726750+07:00" testType="13cdc9d9-ddb5-4fa4-a97d-d965ccfc6d4b" outcome="Passed" testListId="8c84fa94-04c1-424b-9868-57a2d4851a1d" relativeResultsDirectory="75477a82-a002-4318-9875-5a38ceef771b" />
    <UnitTestResult executionId="50608c2a-dd11-412e-b93c-4e9522f1e428" testId="cf6ea92c-3e2c-cffb-b4ab-389eec7d1b85" testName="TestingLayer.AssistantSemanticMatcherTests.GetBatchSizes_FourteenWithThirty_IsSinglePartialBatch" computerName="LAPTOP-MOKR56NE" duration="00:00:00.0006824" startTime="2026-08-17T14:43:03.9325230+07:00" endTime="2026-08-17T14:43:03.9329588+07:00" testType="13cdc9d9-ddb5-4fa4-a97d-d965ccfc6d4b" outcome="Passed" testListId="8c84fa94-04c1-424b-9868-57a2d4851a1d" relativeResultsDirectory="50608c2a-dd11-412e-b93c-4e9522f1e428" />
    <UnitTestResult executionId="eea15d06-9929-4c6f-8a96-d3163c26b341" testId="77ba004a-a41a-15b1-3a25-15a81c5c398a" testName="TestingLayer.AdminModerationServiceTests.ChangeMarketModerationStatus_Restore_Succeeds" computerName="LAPTOP-MOKR56NE" duration="00:00:00.0045459" startTime="2026-08-17T14:43:03.9356314+07:00" endTime="2026-08-17T14:43:03.9386026+07:00" testType="13cdc9d9-ddb5-4fa4-a97d-d965ccfc6d4b" outcome="Passed" testListId="8c84fa94-04c1-424b-9868-57a2d4851a1d" relativeResultsDirectory="eea15d06-9929-4c6f-8a96-d3163c26b341" />
    <UnitTestResult executionId="6085af25-2c20-45c5-a886-e74bc5178199" testId="70b8754a-0aee-1954-85ba-b34b6948a8db" testName="TestingLayer.AccountServiceTests.UpdateAvatarAsync_OldAvatarCleanupFailure_DoesNotFailCommittedUpdate" computerName="LAPTOP-MOKR56NE" duration="00:00:00.0101505" startTime="2026-08-17T14:43:03.8790430+07:00" endTime="2026-08-17T14:43:03.8877436+07:00" testType="13cdc9d9-ddb5-4fa4-a97d-d965ccfc6d4b" outcome="Passed" testListId="8c84fa94-04c1-424b-9868-57a2d4851a1d" relativeResultsDirectory="6085af25-2c20-45c5-a886-e74bc5178199" />
    <UnitTestResult executionId="d5090c81-ab1a-43a7-bc6c-dac413d5ab7d" testId="6b2adc58-fa9d-0cc0-a216-237c32d6205f" testName="TestingLayer.CustomerProfileContractTests.ChatCustomerResponse_ContainsOnlyPublicIdentityFields" computerName="LAPTOP-MOKR56NE" duration="00:00:00.0007371" startTime="2026-08-17T14:43:04.1474622+07:00" endTime="2026-08-17T14:43:04.1479305+07:00" testType="13cdc9d9-ddb5-4fa4-a97d-d965ccfc6d4b" outcome="Passed" testListId="8c84fa94-04c1-424b-9868-57a2d4851a1d" relativeResultsDirectory="d5090c81-ab1a-43a7-bc6c-dac413d5ab7d" />
    <UnitTestResult executionId="785b83e3-99f1-4ae4-bb7a-54b677476ff4" testId="efecf8dc-e420-1417-656b-56feb7c65253" testName="TestingLayer.LocalFileStorageServiceTests.DeleteAvatarIfManagedAsync_DoesNotDeleteExternalOrUnmanagedFiles" computerName="LAPTOP-MOKR56NE" duration="00:00:00.0083131" startTime="2026-08-17T14:43:03.9563457+07:00" endTime="2026-08-17T14:43:03.9632796+07:00" testType="13cdc9d9-ddb5-4fa4-a97d-d965ccfc6d4b" outcome="Passed" testListId="8c84fa94-04c1-424b-9868-57a2d4851a1d" relativeResultsDirectory="785b83e3-99f1-4ae4-bb7a-54b677476ff4" />
    <UnitTestResult executionId="9e100235-3656-493a-b405-0a86a3b7de83" testId="f8a343a7-f4f2-0fcc-086c-55966c924a9f" testName="TestingLayer.PromotionUsageLifecycleTests.PaidConsumedUsage_IsNeverReleasedByLaterCancellation" computerName="LAPTOP-MOKR56NE" duration="00:00:00.0059241" startTime="2026-08-17T14:43:03.4229977+07:00" endTime="2026-08-17T14:43:03.4285244+07:00" testType="13cdc9d9-ddb5-4fa4-a97d-d965ccfc6d4b" outcome="Passed" testListId="8c84fa94-04c1-424b-9868-57a2d4851a1d" relativeResultsDirectory="9e100235-3656-493a-b405-0a86a3b7de83" />
    <UnitTestResult executionId="23656a68-c34c-47f8-b510-0cc9cfe41c0c" testId="b2768ad3-c85e-b461-0080-35ddbc3d6293" testName="TestingLayer.AdminNotificationServiceTests.CreateByAdminAsync_TargetAllUsers_CreatesBatch" computerName="LAPTOP-MOKR56NE" duration="00:00:00.0307691" startTime="2026-08-17T14:43:03.6854494+07:00" endTime="2026-08-17T14:43:03.7160303+07:00" testType="13cdc9d9-ddb5-4fa4-a97d-d965ccfc6d4b" outcome="Passed" testListId="8c84fa94-04c1-424b-9868-57a2d4851a1d" relativeResultsDirectory="23656a68-c34c-47f8-b510-0cc9cfe41c0c" />
    <UnitTestResult executionId="1fe8c2b4-8aa8-4251-96b1-bf54edaf35ac" testId="35353cdc-78e8-f9ff-a2b2-57a865eabd0c" testName="TestingLayer.CustomerCheckoutServiceTests.Checkout_ReusedRequestId_ReturnsExistingOrderWithoutCreatingAnother" computerName="LAPTOP-MOKR56NE" duration="00:00:00.1608554" startTime="2026-08-17T14:43:03.1975527+07:00" endTime="2026-08-17T14:43:03.3359748+07:00" testType="13cdc9d9-ddb5-4fa4-a97d-d965ccfc6d4b" outcome="Passed" testListId="8c84fa94-04c1-424b-9868-57a2d4851a1d" relativeResultsDirectory="1fe8c2b4-8aa8-4251-96b1-bf54edaf35ac" />
    <UnitTestResult executionId="e4374814-86c3-46af-aaea-1843fcdec308" testId="4a4e9b88-9677-b9d9-b042-84e5f5999583" testName="TestingLayer.AccountServiceTests.UpdateAvatarAsync_DatabaseFailure_CleansUpNewAvatar" computerName="LAPTOP-MOKR56NE" duration="00:00:00.0031396" startTime="2026-08-17T14:43:03.9512945+07:00" endTime="2026-08-17T14:43:03.9546361+07:00" testType="13cdc9d9-ddb5-4fa4-a97d-d965ccfc6d4b" outcome="Passed" testListId="8c84fa94-04c1-424b-9868-57a2d4851a1d" relativeResultsDirectory="e4374814-86c3-46af-aaea-1843fcdec308" />
    <UnitTestResult executionId="3faa7acc-a22e-4001-acb8-33e4ab90e2d3" testId="0cba50e5-6c02-2071-66c7-d6e0ac14e978" testName="TestingLayer.AdminModerationServiceTests.ChangeMarketModerationStatus_ExpectedUpdatedAtMismatch_Throws" computerName="LAPTOP-MOKR56NE" duration="00:00:00.0054449" startTime="2026-08-17T14:43:03.8818856+07:00" endTime="2026-08-17T14:43:03.8871963+07:00" testType="13cdc9d9-ddb5-4fa4-a97d-d965ccfc6d4b" outcome="Passed" testListId="8c84fa94-04c1-424b-9868-57a2d4851a1d" relativeResultsDirectory="3faa7acc-a22e-4001-acb8-33e4ab90e2d3" />
    <UnitTestResult executionId="5e223e68-4f87-4f91-8b10-39000ac032ad" testId="32c1d3a4-f35c-9ad4-38a9-671305632a35" testName="TestingLayer.AssistantServiceTests.GetMealPlanItemReplacements_HallucinatedId_Throws503" computerName="LAPTOP-MOKR56NE" duration="00:00:00.0075930" startTime="2026-08-17T14:43:03.5334778+07:00" endTime="2026-08-17T14:43:03.5408456+07:00" testType="13cdc9d9-ddb5-4fa4-a97d-d965ccfc6d4b" outcome="Passed" testListId="8c84fa94-04c1-424b-9868-57a2d4851a1d" relativeResultsDirectory="5e223e68-4f87-4f91-8b10-39000ac032ad" />
    <UnitTestResult executionId="b27d6f78-18df-47a7-9cf5-ceddf32b1650" testId="626dead4-e4e8-1137-bcb8-c6688dcd60a8" testName="TestingLayer.AssistantArbitraryPromptTests.Recommend_ArbitraryPrompt_UsesStageASemanticThenStageB(prompt: &quot;Tôi muốn ăn gì đó hấp dẫn.&quot;, leftover: &quot;hấp dẫn&quot;)" computerName="LAPTOP-MOKR56NE" duration="00:00:00.0034507" startTime="2026-08-17T14:43:03.6165603+07:00" endTime="2026-08-17T14:43:03.6199826+07:00" testType="13cdc9d9-ddb5-4fa4-a97d-d965ccfc6d4b" outcome="Passed" testListId="8c84fa94-04c1-424b-9868-57a2d4851a1d" relativeResultsDirectory="b27d6f78-18df-47a7-9cf5-ceddf32b1650" />
    <UnitTestResult executionId="3e597b02-7f1d-4954-9d76-7065c14631e3" testId="e3a89f35-85b1-7115-4b88-d2fff34d19d8" testName="TestingLayer.OrderPaymentWebhookTests.WrongAmount_DoesNotOverwriteExpectedAmount_AndRoutesToRefund(received: 61000)" computerName="LAPTOP-MOKR56NE" duration="00:00:00.0121649" startTime="2026-08-17T14:43:03.4325641+07:00" endTime="2026-08-17T14:43:03.4453979+07:00" testType="13cdc9d9-ddb5-4fa4-a97d-d965ccfc6d4b" outcome="Passed" testListId="8c84fa94-04c1-424b-9868-57a2d4851a1d" relativeResultsDirectory="3e597b02-7f1d-4954-9d76-7065c14631e3" />
    <UnitTestResult executionId="91200530-8309-4560-90ac-1f8555015182" testId="0b40b0dc-6fa5-856c-1e08-987dc825f279" testName="TestingLayer.BackgroundWorkerCancellationTests.SubscriptionExpiryWorker_CancellationWithoutHostShutdown_IsLoggedAndRetried" computerName="LAPTOP-MOKR56NE" duration="00:00:00.0915252" startTime="2026-08-17T14:43:03.4220355+07:00" endTime="2026-08-17T14:43:03.5127688+07:00" testType="13cdc9d9-ddb5-4fa4-a97d-d965ccfc6d4b" outcome="Passed" testListId="8c84fa94-04c1-424b-9868-57a2d4851a1d" relativeResultsDirectory="91200530-8309-4560-90ac-1f8555015182" />
    <UnitTestResult executionId="40f8e09b-717a-4540-af8c-99dda7f3303a" testId="83f973d6-1e2e-7d8e-b6be-265a20490621" testName="TestingLayer.SubscriptionServiceTests.VerifySubscription_RejectWithoutReason_ThrowsBadRequest" computerName="LAPTOP-MOKR56NE" duration="00:00:00.0005742" startTime="2026-08-17T14:43:03.3518811+07:00" endTime="2026-08-17T14:43:03.3536037+07:00" testType="13cdc9d9-ddb5-4fa4-a97d-d965ccfc6d4b" outcome="Passed" testListId="8c84fa94-04c1-424b-9868-57a2d4851a1d" relativeResultsDirectory="40f8e09b-717a-4540-af8c-99dda7f3303a" />
    <UnitTestResult executionId="2d1af8bf-643e-427d-9c8b-37bbdef08624" testId="d097e001-7390-e011-9d16-46e2fab05c66" testName="TestingLayer.PackageTemplateTests.GetFeatures_ReturnsExpectedFeaturesCount(code: &quot;MARKET_PRO&quot;, expectedCount: 13)" computerName="LAPTOP-MOKR56NE" duration="00:00:00.0002486" startTime="2026-08-17T14:43:03.4053619+07:00" endTime="2026-08-17T14:43:03.4054754+07:00" testType="13cdc9d9-ddb5-4fa4-a97d-d965ccfc6d4b" outcome="Passed" testListId="8c84fa94-04c1-424b-9868-57a2d4851a1d" relativeResultsDirectory="2d1af8bf-643e-427d-9c8b-37bbdef08624" />
    <UnitTestResult executionId="166eb3f6-4944-4dc5-b30c-4612b4fd8c9d" testId="4047546c-3950-1d53-0ed2-1e0b8fee8b65" testName="TestingLayer.SubscriptionServiceTests.VerifySubscription_ApproveBooth_CancelsExistingAndActivates" computerName="LAPTOP-MOKR56NE" duration="00:00:00.0072636" startTime="2026-08-17T14:43:03.3381906+07:00" endTime="2026-08-17T14:43:03.3442912+07:00" testType="13cdc9d9-ddb5-4fa4-a97d-d965ccfc6d4b" outcome="Passed" testListId="8c84fa94-04c1-424b-9868-57a2d4851a1d" relativeResultsDirectory="166eb3f6-4944-4dc5-b30c-4612b4fd8c9d" />
    <UnitTestResult executionId="1e43f072-67c1-47a9-be66-097efdb362ad" testId="bab2ae28-5759-4d58-f4ea-ad919a38f4e2" testName="TestingLayer.CustomerHistoryReviewComplaintTests.ReviewCreate_DerivesBoothFromCompletedOwnedOrder" computerName="LAPTOP-MOKR56NE" duration="00:00:00.0099223" startTime="2026-08-17T14:43:05.7752495+07:00" endTime="2026-08-17T14:43:05.7850682+07:00" testType="13cdc9d9-ddb5-4fa4-a97d-d965ccfc6d4b" outcome="Passed" testListId="8c84fa94-04c1-424b-9868-57a2d4851a1d" relativeResultsDirectory="1e43f072-67c1-47a9-be66-097efdb362ad" />
    <UnitTestResult executionId="aad57724-02cd-4df5-8609-0d4ffb4532f3" testId="3418b61a-f720-b1d1-dce6-58e1408e4ee8" testName="TestingLayer.IndoorRouteInstructionBuilderTests.Build_MergesConsecutiveStraightSegmentsAndSkipsNoise" computerName="LAPTOP-MOKR56NE" duration="00:00:00.0334072" startTime="2026-08-17T14:43:03.1975896+07:00" endTime="2026-08-17T14:43:03.2287206+07:00" testType="13cdc9d9-ddb5-4fa4-a97d-d965ccfc6d4b" outcome="Passed" testListId="8c84fa94-04c1-424b-9868-57a2d4851a1d" relativeResultsDirectory="aad57724-02cd-4df5-8609-0d4ffb4532f3" />
    <UnitTestResult executionId="ae485347-8450-4b51-b029-433a676c6106" testId="226257c3-03dc-9e6e-8832-ce4265af1cfa" testName="TestingLayer.ComplaintServiceTests.UpdateStatusAsync_BoothUpdateError_RollsBackTransaction" computerName="LAPTOP-MOKR56NE" duration="00:00:00.0062670" startTime="2026-08-17T14:43:03.7173622+07:00" endTime="2026-08-17T14:43:03.7234115+07:00" testType="13cdc9d9-ddb5-4fa4-a97d-d965ccfc6d4b" outcome="Passed" testListId="8c84fa94-04c1-424b-9868-57a2d4851a1d" relativeResultsDirectory="ae485347-8450-4b51-b029-433a676c6106" />
    <UnitTestResult executionId="8fab94ec-cdd7-49d9-bada-3e790666da78" testId="636cdec7-9ca7-323a-26b8-c4021f3bbeb8" testName="TestingLayer.AssistantArbitraryPromptTests.MealPlan_FamilySharingVariety_ComposesFromStageC" computerName="LAPTOP-MOKR56NE" duration="00:00:00.3851140" startTime="2026-08-17T14:43:03.1958891+07:00" endTime="2026-08-17T14:43:03.5571011+07:00" testType="13cdc9d9-ddb5-4fa4-a97d-d965ccfc6d4b" outcome="Passed" testListId="8c84fa94-04c1-424b-9868-57a2d4851a1d" relativeResultsDirectory="8fab94ec-cdd7-49d9-bada-3e790666da78" />
    <UnitTestResult executionId="ac8d598b-9a4b-4ef9-950c-44f0d50f14a4" testId="085a1daf-3375-29f5-9a56-7dbf17533e14" testName="TestingLayer.AccountServiceTests.ChangeUserStatusAsync_AdminCannotBanSelf" computerName="LAPTOP-MOKR56NE" duration="00:00:00.0014136" startTime="2026-08-17T14:43:03.9967389+07:00" endTime="2026-08-17T14:43:03.9969326+07:00" testType="13cdc9d9-ddb5-4fa4-a97d-d965ccfc6d4b" outcome="Passed" testListId="8c84fa94-04c1-424b-9868-57a2d4851a1d" relativeResultsDirectory="ac8d598b-9a4b-4ef9-950c-44f0d50f14a4" />
    <UnitTestResult executionId="8e11e52f-0944-41ea-80be-53e43648e171" testId="67e21cd4-bae7-1d12-9d41-000f139ffa4c" testName="TestingLayer.OrderZeroPaymentTests.CancellingZeroPaymentOrder_DoesNotRequireRefundBankDetails" computerName="LAPTOP-MOKR56NE" duration="00:00:00.0114406" startTime="2026-08-17T14:43:03.5151737+07:00" endTime="2026-08-17T14:43:03.5245306+07:00" testType="13cdc9d9-ddb5-4fa4-a97d-d965ccfc6d4b" outcome="Passed" testListId="8c84fa94-04c1-424b-9868-57a2d4851a1d" relativeResultsDirectory="8e11e52f-0944-41ea-80be-53e43648e171" />
    <UnitTestResult executionId="83a8ca60-6398-4499-99a2-acadbed2a1e5" testId="e8239287-46ea-873a-82e3-ad5111ffb711" testName="TestingLayer.AssistantSemanticMatcherTests.ParseBatch_PreservesUnknownCaloriesFacet" computerName="LAPTOP-MOKR56NE" duration="00:00:00.0017791" startTime="2026-08-17T14:43:03.9333094+07:00" endTime="2026-08-17T14:43:03.9357680+07:00" testType="13cdc9d9-ddb5-4fa4-a97d-d965ccfc6d4b" outcome="Passed" testListId="8c84fa94-04c1-424b-9868-57a2d4851a1d" relativeResultsDirectory="83a8ca60-6398-4499-99a2-acadbed2a1e5" />
    <UnitTestResult executionId="6abcd314-fc2b-465e-8a6d-b71e57275479" testId="c9b58c9c-b8ba-e9c9-2794-65057264fff0" testName="TestingLayer.PackageImageServiceTests.UploadImageAsync_FirstUpload_NoOldFile_DoesNotCallDelete" computerName="LAPTOP-MOKR56NE" duration="00:00:00.0053196" startTime="2026-08-17T14:43:03.8749297+07:00" endTime="2026-08-17T14:43:03.8800795+07:00" testType="13cdc9d9-ddb5-4fa4-a97d-d965ccfc6d4b" outcome="Passed" testListId="8c84fa94-04c1-424b-9868-57a2d4851a1d" relativeResultsDirectory="6abcd314-fc2b-465e-8a6d-b71e57275479" />
    <UnitTestResult executionId="ac64c9c2-5647-4146-984c-adb1bd4e1108" testId="cde29648-4d44-d33b-cfa9-c37b64bd5570" testName="TestingLayer.LayoutGeneratorHubAndSpokeRegressionTests.ComputeGeneration_StillProducesOneJunctionPerZoneAndStarEdges" computerName="LAPTOP-MOKR56NE" duration="00:00:00.0389104" startTime="2026-08-17T14:43:04.8976184+07:00" endTime="2026-08-17T14:43:04.9362507+07:00" testType="13cdc9d9-ddb5-4fa4-a97d-d965ccfc6d4b" outcome="Passed" testListId="8c84fa94-04c1-424b-9868-57a2d4851a1d" relativeResultsDirectory="ac64c9c2-5647-4146-984c-adb1bd4e1108" />
    <UnitTestResult executionId="4fe6508e-a96e-4fd7-8044-6e6b69c99baa" testId="cc1856e4-2264-d5db-50ed-bced59a6f4e9" testName="TestingLayer.PackagePolicyServiceTests.ActivatePolicyAsync_ConcurrentConflict_RollsBack" computerName="LAPTOP-MOKR56NE" duration="00:00:00.0224946" startTime="2026-08-17T14:43:03.2976767+07:00" endTime="2026-08-17T14:43:03.3196008+07:00" testType="13cdc9d9-ddb5-4fa4-a97d-d965ccfc6d4b" outcome="Passed" testListId="8c84fa94-04c1-424b-9868-57a2d4851a1d" relativeResultsDirectory="4fe6508e-a96e-4fd7-8044-6e6b69c99baa" />
    <UnitTestResult executionId="04b93c17-d502-4d09-9371-7505f07f4ad7" testId="86dda864-98d0-558b-b0a3-d3a8f226c664" testName="TestingLayer.SubscriptionEntitlementServiceTests.RequireBoothFeature_FeatureNotAvailable_ThrowsForbidden" computerName="LAPTOP-MOKR56NE" duration="00:00:00.0032520" startTime="2026-08-17T14:43:03.8217694+07:00" endTime="2026-08-17T14:43:03.8247625+07:00" testType="13cdc9d9-ddb5-4fa4-a97d-d965ccfc6d4b" outcome="Passed" testListId="8c84fa94-04c1-424b-9868-57a2d4851a1d" relativeResultsDirectory="04b93c17-d502-4d09-9371-7505f07f4ad7" />
    <UnitTestResult executionId="3cb17770-90d0-483f-8817-1655e02a8146" testId="64e2ad8e-e6bf-d62b-d72f-cf4a3edbcd3e" testName="TestingLayer.CustomerCheckoutServiceTests.Checkout_EmptyRequestId_IsRejectedBeforeRepositoryAccess" computerName="LAPTOP-MOKR56NE" duration="00:00:00.0015593" startTime="2026-08-17T14:43:03.4147260+07:00" endTime="2026-08-17T14:43:03.4155098+07:00" testType="13cdc9d9-ddb5-4fa4-a97d-d965ccfc6d4b" outcome="Passed" testListId="8c84fa94-04c1-424b-9868-57a2d4851a1d" relativeResultsDirectory="3cb17770-90d0-483f-8817-1655e02a8146" />
    <UnitTestResult executionId="fee6b9c4-6a20-451e-a438-72de88bfbaff" testId="668797ad-2d06-e979-873f-9d56f055bcdf" testName="TestingLayer.SubscriptionServiceTests.VerifySubscription_RejectBooth_CancelsSubscription" computerName="LAPTOP-MOKR56NE" duration="00:00:00.0093147" startTime="2026-08-17T14:43:03.3195203+07:00" endTime="2026-08-17T14:43:03.3286256+07:00" testType="13cdc9d9-ddb5-4fa4-a97d-d965ccfc6d4b" outcome="Passed" testListId="8c84fa94-04c1-424b-9868-57a2d4851a1d" relativeResultsDirectory="fee6b9c4-6a20-451e-a438-72de88bfbaff" />
    <UnitTestResult executionId="4a6512bb-ace9-4c4a-b2ad-cae8bf387a13" testId="20834c2d-9703-1bd5-b697-5a7fbf38a578" testName="TestingLayer.AuthenticationServiceTests.ResendVerification_UnknownOrActiveAccount_DoesNotSend" computerName="LAPTOP-MOKR56NE" duration="00:00:00.0038990" startTime="2026-08-17T14:43:03.5482933+07:00" endTime="2026-08-17T14:43:03.5519694+07:00" testType="13cdc9d9-ddb5-4fa4-a97d-d965ccfc6d4b" outcome="Passed" testListId="8c84fa94-04c1-424b-9868-57a2d4851a1d" relativeResultsDirectory="4a6512bb-ace9-4c4a-b2ad-cae8bf387a13" />
    <UnitTestResult executionId="4631215f-319c-480d-ad42-3e7ee9ddc40f" testId="51d6fcda-c9d0-31ae-9b83-717d4d274ce4" testName="TestingLayer.PayOSOrderCodeGeneratorTests.Generate_ThreeSources_NeverOverlap" computerName="LAPTOP-MOKR56NE" duration="00:00:00.0118420" startTime="2026-08-17T14:43:04.0604992+07:00" endTime="2026-08-17T14:43:04.0718338+07:00" testType="13cdc9d9-ddb5-4fa4-a97d-d965ccfc6d4b" outcome="Passed" testListId="8c84fa94-04c1-424b-9868-57a2d4851a1d" relativeResultsDirectory="4631215f-319c-480d-ad42-3e7ee9ddc40f" />
    <UnitTestResult executionId="1ba259fe-1af3-42d9-8f7b-70201231df88" testId="a347325a-be7b-1740-93c9-2290a4736a57" testName="TestingLayer.AssistantArbitraryPromptTests.MealPlan_ManyDishesAndValueDinner_ReturnGroundedPlans" computerName="LAPTOP-MOKR56NE" duration="00:00:00.0164133" startTime="2026-08-17T14:43:03.5697546+07:00" endTime="2026-08-17T14:43:03.5772465+07:00" testType="13cdc9d9-ddb5-4fa4-a97d-d965ccfc6d4b" outcome="Passed" testListId="8c84fa94-04c1-424b-9868-57a2d4851a1d" relativeResultsDirectory="1ba259fe-1af3-42d9-8f7b-70201231df88" />
    <UnitTestResult executionId="c4e1578b-f966-45ac-80fc-cb410cf2d851" testId="11040872-0f4f-067a-fcaa-33eea4a88f99" testName="TestingLayer.AuthenticationServiceTests.ResendVerification_EmailNotConfigured_FailsBeforeUserLookup" computerName="LAPTOP-MOKR56NE" duration="00:00:00.0029795" startTime="2026-08-17T14:43:03.5156840+07:00" endTime="2026-08-17T14:43:03.5190639+07:00" testType="13cdc9d9-ddb5-4fa4-a97d-d965ccfc6d4b" outcome="Passed" testListId="8c84fa94-04c1-424b-9868-57a2d4851a1d" relativeResultsDirectory="c4e1578b-f966-45ac-80fc-cb410cf2d851" />
    <UnitTestResult executionId="4f43c1d2-d436-42a9-a28a-4df2239c38c0" testId="4a5d9b80-765c-e362-f0b0-13b8e3733744" testName="TestingLayer.AdminModerationServiceTests.GetMarketDetailAsync_NotFound_Throws" computerName="LAPTOP-MOKR56NE" duration="00:00:00.0019004" startTime="2026-08-17T14:43:03.9013475+07:00" endTime="2026-08-17T14:43:03.9032601+07:00" testType="13cdc9d9-ddb5-4fa4-a97d-d965ccfc6d4b" outcome="Passed" testListId="8c84fa94-04c1-424b-9868-57a2d4851a1d" relativeResultsDirectory="4f43c1d2-d436-42a9-a28a-4df2239c38c0" />
    <UnitTestResult executionId="c9f65e4b-683c-4b67-ab49-7790dc84a79e" testId="7b81afe3-4b2d-67e2-acc5-32d6c0ab97b4" testName="TestingLayer.AccountServiceTests.GetUserStatusHistoryAsync_ReturnsPagedResult" computerName="LAPTOP-MOKR56NE" duration="00:00:00.0059677" startTime="2026-08-17T14:43:03.9972076+07:00" endTime="2026-08-17T14:43:04.0027042+07:00" testType="13cdc9d9-ddb5-4fa4-a97d-d965ccfc6d4b" outcome="Passed" testListId="8c84fa94-04c1-424b-9868-57a2d4851a1d" relativeResultsDirectory="c9f65e4b-683c-4b67-ab49-7790dc84a79e" />
    <UnitTestResult executionId="289c9d57-0028-46da-a086-43a2910f487b" testId="6842f4a5-b107-d6b7-5b4b-ece29390d045" testName="TestingLayer.AdminModerationServiceTests.GetBoothDetailAsync_NotFound_Throws" computerName="LAPTOP-MOKR56NE" duration="00:00:00.0015035" startTime="2026-08-17T14:43:03.9035260+07:00" endTime="2026-08-17T14:43:03.9047015+07:00" testType="13cdc9d9-ddb5-4fa4-a97d-d965ccfc6d4b" outcome="Passed" testListId="8c84fa94-04c1-424b-9868-57a2d4851a1d" relativeResultsDirectory="289c9d57-0028-46da-a086-43a2910f487b" />
    <UnitTestResult executionId="542b5556-a466-44d9-a825-e4d4c2aeeeaf" testId="05b2e15c-f449-dec6-ed72-11f382acba79" testName="TestingLayer.CustomerProfileContractTests.DoB_IsAbsentFromNotificationAndPublicResponseContracts" computerName="LAPTOP-MOKR56NE" duration="00:00:00.0016302" startTime="2026-08-17T14:43:04.1482307+07:00" endTime="2026-08-17T14:43:04.1496481+07:00" testType="13cdc9d9-ddb5-4fa4-a97d-d965ccfc6d4b" outcome="Passed" testListId="8c84fa94-04c1-424b-9868-57a2d4851a1d" relativeResultsDirectory="542b5556-a466-44d9-a825-e4d4c2aeeeaf" />
    <UnitTestResult executionId="3fd8b3f1-c5e7-4598-ad45-78c17191f283" testId="9edbbcbc-7a4c-a773-a2be-86bc88248601" testName="TestingLayer.AuthenticationServiceTests.ForgotPassword_EmailNotConfigured_FailsBeforeUserLookup" computerName="LAPTOP-MOKR56NE" duration="00:00:00.0034631" startTime="2026-08-17T14:43:03.6133841+07:00" endTime="2026-08-17T14:43:03.6166400+07:00" testType="13cdc9d9-ddb5-4fa4-a97d-d965ccfc6d4b" outcome="Passed" testListId="8c84fa94-04c1-424b-9868-57a2d4851a1d" relativeResultsDirectory="3fd8b3f1-c5e7-4598-ad45-78c17191f283" />
    <UnitTestResult executionId="3e4d7eef-a397-4a77-bd89-39c80ed72f7c" testId="e334281f-1349-332e-7a6e-fa3e606a3bcb" testName="TestingLayer.PackageTemplateTests.GetTemplates_ReturnsAllFiveTemplates" computerName="LAPTOP-MOKR56NE" duration="00:00:00.0014078" startTime="2026-08-17T14:43:03.4887739+07:00" endTime="2026-08-17T14:43:03.4889122+07:00" testType="13cdc9d9-ddb5-4fa4-a97d-d965ccfc6d4b" outcome="Passed" testListId="8c84fa94-04c1-424b-9868-57a2d4851a1d" relativeResultsDirectory="3e4d7eef-a397-4a77-bd89-39c80ed72f7c" />
    <UnitTestResult executionId="62d131a3-e138-4e5e-ae7c-b20e8585ef85" testId="043e0943-51dd-4c10-578d-85fb733fcc4a" testName="TestingLayer.PackageImageSeederTests.SeedAsync_MissingPackages_DoesNothing" computerName="LAPTOP-MOKR56NE" duration="00:00:01.1271500" startTime="2026-08-17T14:43:03.9611389+07:00" endTime="2026-08-17T14:43:05.0884861+07:00" testType="13cdc9d9-ddb5-4fa4-a97d-d965ccfc6d4b" outcome="Passed" testListId="8c84fa94-04c1-424b-9868-57a2d4851a1d" relativeResultsDirectory="62d131a3-e138-4e5e-ae7c-b20e8585ef85" />
    <UnitTestResult executionId="702d26ad-17f3-4b05-8851-dc8d5a156027" testId="bf877b60-0fb4-e812-507c-a18d1320da33" testName="TestingLayer.PromotionUsageLifecycleTests.ConsumeReserved_IsIdempotent" computerName="LAPTOP-MOKR56NE" duration="00:00:00.0002718" startTime="2026-08-17T14:43:03.4340994+07:00" endTime="2026-08-17T14:43:03.4342293+07:00" testType="13cdc9d9-ddb5-4fa4-a97d-d965ccfc6d4b" outcome="Passed" testListId="8c84fa94-04c1-424b-9868-57a2d4851a1d" relativeResultsDirectory="702d26ad-17f3-4b05-8851-dc8d5a156027" />
    <UnitTestResult executionId="af1aebe8-f6a3-4282-9846-ccc36f36e165" testId="158e14c7-6bc3-802c-d2b0-0e80fc845d9e" testName="TestingLayer.AuthenticationServiceTests.ForgotPassword_ActiveLocalUser_SendsOtpAndOptionalLink" computerName="LAPTOP-MOKR56NE" duration="00:00:00.0123336" startTime="2026-08-17T14:43:03.5192416+07:00" endTime="2026-08-17T14:43:03.5308509+07:00" testType="13cdc9d9-ddb5-4fa4-a97d-d965ccfc6d4b" outcome="Passed" testListId="8c84fa94-04c1-424b-9868-57a2d4851a1d" relativeResultsDirectory="af1aebe8-f6a3-4282-9846-ccc36f36e165" />
    <UnitTestResult executionId="f79180a4-ced8-4608-836b-53775bc9cccf" testId="1b20a9eb-98dd-d579-bb22-1c619c52a01b" testName="TestingLayer.AssistantServiceTests.AddMealPlanToCart_FoodUnavailable_ThrowsConflict" computerName="LAPTOP-MOKR56NE" duration="00:00:00.0091280" startTime="2026-08-17T14:43:03.5905988+07:00" endTime="2026-08-17T14:43:03.5983214+07:00" testType="13cdc9d9-ddb5-4fa4-a97d-d965ccfc6d4b" outcome="Passed" testListId="8c84fa94-04c1-424b-9868-57a2d4851a1d" relativeResultsDirectory="f79180a4-ced8-4608-836b-53775bc9cccf" />
    <UnitTestResult executionId="d3291159-6f1d-4a67-b75c-fc9db495be4c" testId="1f51dea7-2e79-5740-0833-b55fbf0f27ed" testName="TestingLayer.AuthenticationServiceTests.GenerateNumericCode_ReturnsRequestedCryptographicCodeShape" computerName="LAPTOP-MOKR56NE" duration="00:00:00.0195514" startTime="2026-08-17T14:43:03.6223661+07:00" endTime="2026-08-17T14:43:03.6398462+07:00" testType="13cdc9d9-ddb5-4fa4-a97d-d965ccfc6d4b" outcome="Passed" testListId="8c84fa94-04c1-424b-9868-57a2d4851a1d" relativeResultsDirectory="d3291159-6f1d-4a67-b75c-fc9db495be4c" />
    <UnitTestResult executionId="1f9c0a08-68b1-4087-b077-f83816a88716" testId="f8f00f10-f19f-a80c-729a-59cd9c2dd294" testName="TestingLayer.SubscriptionEntitlementServiceTests.GetMaxMarketsAsync_NoSubscription_Returns0" computerName="LAPTOP-MOKR56NE" duration="00:00:00.0012680" startTime="2026-08-17T14:43:03.8287069+07:00" endTime="2026-08-17T14:43:03.8311280+07:00" testType="13cdc9d9-ddb5-4fa4-a97d-d965ccfc6d4b" outcome="Passed" testListId="8c84fa94-04c1-424b-9868-57a2d4851a1d" relativeResultsDirectory="1f9c0a08-68b1-4087-b077-f83816a88716" />
    <UnitTestResult executionId="90145871-d4bd-4ea7-80fc-e5e144f86061" testId="f2831cd2-e10f-fa2a-e38a-8eb42b65475a" testName="TestingLayer.OrderRefundLifecycleTests.Cancellation_PersistsAuthoritativeAmount_AndDoesNotCompleteOnCreate" computerName="LAPTOP-MOKR56NE" duration="00:00:00.0171323" startTime="2026-08-17T14:43:04.0883119+07:00" endTime="2026-08-17T14:43:04.1050591+07:00" testType="13cdc9d9-ddb5-4fa4-a97d-d965ccfc6d4b" outcome="Passed" testListId="8c84fa94-04c1-424b-9868-57a2d4851a1d" relativeResultsDirectory="90145871-d4bd-4ea7-80fc-e5e144f86061" />
    <UnitTestResult executionId="6539d256-aec6-4554-8f9b-d6d79f482a25" testId="343ab6cf-5570-1eb2-28d9-5e5febba2433" testName="TestingLayer.AccountServiceTests.UpdateMyAccountAsync_FutureDateOfBirth_IsRejected" computerName="LAPTOP-MOKR56NE" duration="00:00:00.0026636" startTime="2026-08-17T14:43:03.9393870+07:00" endTime="2026-08-17T14:43:03.9418122+07:00" testType="13cdc9d9-ddb5-4fa4-a97d-d965ccfc6d4b" outcome="Passed" testListId="8c84fa94-04c1-424b-9868-57a2d4851a1d" relativeResultsDirectory="6539d256-aec6-4554-8f9b-d6d79f482a25" />
    <UnitTestResult executionId="cac1ac71-2dc0-46ff-b094-781370b830a0" testId="cae8effc-7d97-a3dd-c97d-bec9377d786c" testName="TestingLayer.PackageImageSeederTests.SeedAsync_SetsSeedImageOnlyWhenImageUrlIsEmpty" computerName="LAPTOP-MOKR56NE" duration="00:00:00.0086592" startTime="2026-08-17T14:43:05.2228692+07:00" endTime="2026-08-17T14:43:05.2312947+07:00" testType="13cdc9d9-ddb5-4fa4-a97d-d965ccfc6d4b" outcome="Passed" testListId="8c84fa94-04c1-424b-9868-57a2d4851a1d" relativeResultsDirectory="cac1ac71-2dc0-46ff-b094-781370b830a0" />
    <UnitTestResult executionId="e3b5a4da-10aa-4180-8c4e-a983252d1b62" testId="96841969-5390-fd06-8334-b7736548c7f7" testName="TestingLayer.SubscriptionEntitlementServiceTests.RequireMarketFeature_FeatureAvailable_Succeeds" computerName="LAPTOP-MOKR56NE" duration="00:00:00.0018504" startTime="2026-08-17T14:43:03.8315078+07:00" endTime="2026-08-17T14:43:03.8327035+07:00" testType="13cdc9d9-ddb5-4fa4-a97d-d965ccfc6d4b" outcome="Passed" testListId="8c84fa94-04c1-424b-9868-57a2d4851a1d" relativeResultsDirectory="e3b5a4da-10aa-4180-8c4e-a983252d1b62" />
    <UnitTestResult executionId="82df0411-adbf-438f-9e8f-bdab9e04dfd4" testId="89202286-d930-02f7-97af-e6c771a9c225" testName="TestingLayer.AuthenticationServiceTests.ForgotPassword_SendFailure_StillReturnsGenericSuccess" computerName="LAPTOP-MOKR56NE" duration="00:00:00.0052764" startTime="2026-08-17T14:43:03.5372912+07:00" endTime="2026-08-17T14:43:03.5412703+07:00" testType="13cdc9d9-ddb5-4fa4-a97d-d965ccfc6d4b" outcome="Passed" testListId="8c84fa94-04c1-424b-9868-57a2d4851a1d" relativeResultsDirectory="82df0411-adbf-438f-9e8f-bdab9e04dfd4" />
    <UnitTestResult executionId="37dc1e1e-f127-40a1-bb08-f456b1eb6b6c" testId="95943305-eae4-9bb8-30c1-bc006fe7cb25" testName="TestingLayer.CustomerHistoryReviewComplaintTests.CustomerOrderDetail_UsesSnapshotsAndHidesForeignOrder" computerName="LAPTOP-MOKR56NE" duration="00:00:02.3877989" startTime="2026-08-17T14:43:03.3564682+07:00" endTime="2026-08-17T14:43:05.7436260+07:00" testType="13cdc9d9-ddb5-4fa4-a97d-d965ccfc6d4b" outcome="Passed" testListId="8c84fa94-04c1-424b-9868-57a2d4851a1d" relativeResultsDirectory="37dc1e1e-f127-40a1-bb08-f456b1eb6b6c" />
    <UnitTestResult executionId="1bb5313f-eea8-4096-adde-a408321016e5" testId="259e0a45-fcf4-4779-89b8-ab58d1c8d11b" testName="TestingLayer.CartCheckoutOrderabilityTests.AddItem_AllRulesPass_AddsCartItem" computerName="LAPTOP-MOKR56NE" duration="00:00:00.0118717" startTime="2026-08-17T14:43:05.4588355+07:00" endTime="2026-08-17T14:43:05.4688434+07:00" testType="13cdc9d9-ddb5-4fa4-a97d-d965ccfc6d4b" outcome="Passed" testListId="8c84fa94-04c1-424b-9868-57a2d4851a1d" relativeResultsDirectory="1bb5313f-eea8-4096-adde-a408321016e5" />
    <UnitTestResult executionId="625065ba-6866-40bd-9d5e-3fda1d11a20d" testId="f2867a44-836d-4c05-27d7-11f5fc68c541" testName="TestingLayer.PromotionValidationServiceTests.MinimumOrder_UsesCurrentEffectiveBoothSubtotal" computerName="LAPTOP-MOKR56NE" duration="00:00:00.0017500" startTime="2026-08-17T14:43:04.0814187+07:00" endTime="2026-08-17T14:43:04.0831402+07:00" testType="13cdc9d9-ddb5-4fa4-a97d-d965ccfc6d4b" outcome="Passed" testListId="8c84fa94-04c1-424b-9868-57a2d4851a1d" relativeResultsDirectory="625065ba-6866-40bd-9d5e-3fda1d11a20d" />
    <UnitTestResult executionId="73332060-a394-403c-9bab-f80534e965e2" testId="54946f45-f615-ea93-4759-1b0f0a682511" testName="TestingLayer.AssistantIntentInterpreterTests.Interpret_UsesStructuredJson_NotKeywordMatching" computerName="LAPTOP-MOKR56NE" duration="00:00:00.0078695" startTime="2026-08-17T14:43:04.8816680+07:00" endTime="2026-08-17T14:43:04.8881206+07:00" testType="13cdc9d9-ddb5-4fa4-a97d-d965ccfc6d4b" outcome="Passed" testListId="8c84fa94-04c1-424b-9868-57a2d4851a1d" relativeResultsDirectory="73332060-a394-403c-9bab-f80534e965e2" />
    <UnitTestResult executionId="022fc1f3-39e1-4066-af9e-cfdb4c9c94d5" testId="51973f33-8f8c-c7c5-2fdc-3e08e4f00e5c" testName="TestingLayer.SubscriptionEntitlementServiceTests.GetBoothEntitlements_NoSubscription_ReturnsFree" computerName="LAPTOP-MOKR56NE" duration="00:00:00.0012771" startTime="2026-08-17T14:43:03.8119483+07:00" endTime="2026-08-17T14:43:03.8131657+07:00" testType="13cdc9d9-ddb5-4fa4-a97d-d965ccfc6d4b" outcome="Passed" testListId="8c84fa94-04c1-424b-9868-57a2d4851a1d" relativeResultsDirectory="022fc1f3-39e1-4066-af9e-cfdb4c9c94d5" />
    <UnitTestResult executionId="54af8193-9b05-481f-86f6-905eb06fc7fb" testId="7ae0ff6f-9111-d640-23f4-81ef83528c57" testName="TestingLayer.AssistantServiceTests.UpdateMealPlanItemQuantity_RecalculatesTotals_AllowsOverBudget" computerName="LAPTOP-MOKR56NE" duration="00:00:00.0099840" startTime="2026-08-17T14:43:03.5190069+07:00" endTime="2026-08-17T14:43:03.5281647+07:00" testType="13cdc9d9-ddb5-4fa4-a97d-d965ccfc6d4b" outcome="Passed" testListId="8c84fa94-04c1-424b-9868-57a2d4851a1d" relativeResultsDirectory="54af8193-9b05-481f-86f6-905eb06fc7fb" />
    <UnitTestResult executionId="3515cc48-02aa-453c-b132-a4be833603d1" testId="f8c72c81-b8e4-d89e-8bfb-abbd5a4a09c6" testName="TestingLayer.NavigationEntranceServiceTests.DraftAnchor_RejectsCrossLayoutNode" computerName="LAPTOP-MOKR56NE" duration="00:00:00.0074225" startTime="2026-08-17T14:43:05.5345413+07:00" endTime="2026-08-17T14:43:05.5409653+07:00" testType="13cdc9d9-ddb5-4fa4-a97d-d965ccfc6d4b" outcome="Passed" testListId="8c84fa94-04c1-424b-9868-57a2d4851a1d" relativeResultsDirectory="3515cc48-02aa-453c-b132-a4be833603d1" />
    <UnitTestResult executionId="e103c85d-9049-412e-bbf4-ae13929f3cee" testId="900864f7-bc1e-8298-ed87-359a22e3e26a" testName="TestingLayer.PayOSOrderCodeGeneratorTests.Generate_Order_PrefixIs1" computerName="LAPTOP-MOKR56NE" duration="00:00:00.0007212" startTime="2026-08-17T14:43:04.0557612+07:00" endTime="2026-08-17T14:43:04.0560549+07:00" testType="13cdc9d9-ddb5-4fa4-a97d-d965ccfc6d4b" outcome="Passed" testListId="8c84fa94-04c1-424b-9868-57a2d4851a1d" relativeResultsDirectory="e103c85d-9049-412e-bbf4-ae13929f3cee" />
    <UnitTestResult executionId="a1d1c479-9058-42ed-84e4-176c20087111" testId="e5b2fd9a-a443-fa66-192b-980f442c06eb" testName="TestingLayer.AccountServiceTests.ChangeUserStatusAsync_SameStatus_ThrowsException" computerName="LAPTOP-MOKR56NE" duration="00:00:00.0021010" startTime="2026-08-17T14:43:03.8944586+07:00" endTime="2026-08-17T14:43:03.8948475+07:00" testType="13cdc9d9-ddb5-4fa4-a97d-d965ccfc6d4b" outcome="Passed" testListId="8c84fa94-04c1-424b-9868-57a2d4851a1d" relativeResultsDirectory="a1d1c479-9058-42ed-84e4-176c20087111" />
    <UnitTestResult executionId="50cc097a-67cf-4624-a373-11c484d1b577" testId="50fe0771-7ceb-e68f-3163-9170baa8c8ef" testName="TestingLayer.ComplaintServiceTests.UpdateStatusAsync_InvalidResolutionAction99_Throws400" computerName="LAPTOP-MOKR56NE" duration="00:00:00.0135806" startTime="2026-08-17T14:43:03.7084053+07:00" endTime="2026-08-17T14:43:03.7104228+07:00" testType="13cdc9d9-ddb5-4fa4-a97d-d965ccfc6d4b" outcome="Passed" testListId="8c84fa94-04c1-424b-9868-57a2d4851a1d" relativeResultsDirectory="50cc097a-67cf-4624-a373-11c484d1b577" />
    <UnitTestResult executionId="f07a0053-ba1f-4249-b2ee-808aec2dcd81" testId="fa837a86-09eb-5c13-94d3-8d97a649cc6f" testName="TestingLayer.AuthenticationServiceTests.ChangePassword_ValidLocalAccount_RevokesRefreshToken" computerName="LAPTOP-MOKR56NE" duration="00:00:00.0079431" startTime="2026-08-17T14:43:03.6470712+07:00" endTime="2026-08-17T14:43:03.6547533+07:00" testType="13cdc9d9-ddb5-4fa4-a97d-d965ccfc6d4b" outcome="Passed" testListId="8c84fa94-04c1-424b-9868-57a2d4851a1d" relativeResultsDirectory="f07a0053-ba1f-4249-b2ee-808aec2dcd81" />
    <UnitTestResult executionId="ee086a4b-a9dc-4e6c-90db-ae96463785f2" testId="f4a1d19d-e363-9109-2111-49cf197427ed" testName="TestingLayer.LocalFileStorageServiceTests.SaveAvatarAsync_InvalidOrRenamedActiveContent_IsRejected(fileName: &quot;renamed-svg.png&quot;, contentType: &quot;image/png&quot;, content: &quot;&lt;svg&gt;&lt;/svg&gt;&quot;)" computerName="LAPTOP-MOKR56NE" duration="00:00:00.0040120" startTime="2026-08-17T14:43:04.0188517+07:00" endTime="2026-08-17T14:43:04.0227667+07:00" testType="13cdc9d9-ddb5-4fa4-a97d-d965ccfc6d4b" outcome="Passed" testListId="8c84fa94-04c1-424b-9868-57a2d4851a1d" relativeResultsDirectory="ee086a4b-a9dc-4e6c-90db-ae96463785f2" />
    <UnitTestResult executionId="2108c8c4-6773-4362-95a8-595b2a26b476" testId="5db90111-45ab-bacb-5104-83cc26b1772c" testName="TestingLayer.IndoorNavigationCorridorTests.Dijkstra_UnreachableDestinationReturnsFailure" computerName="LAPTOP-MOKR56NE" duration="00:00:00.0007705" startTime="2026-08-17T14:43:05.9005302+07:00" endTime="2026-08-17T14:43:05.9010033+07:00" testType="13cdc9d9-ddb5-4fa4-a97d-d965ccfc6d4b" outcome="Passed" testListId="8c84fa94-04c1-424b-9868-57a2d4851a1d" relativeResultsDirectory="2108c8c4-6773-4362-95a8-595b2a26b476" />
    <UnitTestResult executionId="8be526f4-c3ff-4a33-bf05-dc23088d9cc5" testId="0f160a9c-125a-17bf-2f9a-90f60e14f114" testName="TestingLayer.SubscriptionEntitlementServiceTests.GetMaxMarketsAsync_ProSubscription_Returns3" computerName="LAPTOP-MOKR56NE" duration="00:00:00.0013745" startTime="2026-08-17T14:43:03.8263508+07:00" endTime="2026-08-17T14:43:03.8272675+07:00" testType="13cdc9d9-ddb5-4fa4-a97d-d965ccfc6d4b" outcome="Passed" testListId="8c84fa94-04c1-424b-9868-57a2d4851a1d" relativeResultsDirectory="8be526f4-c3ff-4a33-bf05-dc23088d9cc5" />
    <UnitTestResult executionId="be905ef4-f8dc-4afd-9509-aaf2578a7852" testId="afe8d2b4-abc6-0755-ee7c-fb33d0bba2ab" testName="TestingLayer.AdminModerationServiceTests.BanBooth_FromActiveOrInactive_SetsBannedAndWritesHistory(previousStatus: Inactive)" computerName="LAPTOP-MOKR56NE" duration="00:00:00.0110455" startTime="2026-08-17T14:43:03.8322996+07:00" endTime="2026-08-17T14:43:03.8420726+07:00" testType="13cdc9d9-ddb5-4fa4-a97d-d965ccfc6d4b" outcome="Passed" testListId="8c84fa94-04c1-424b-9868-57a2d4851a1d" relativeResultsDirectory="be905ef4-f8dc-4afd-9509-aaf2578a7852" />
    <UnitTestResult executionId="e5723428-c90a-4bd2-b53c-cae4892aace3" testId="265f4fdb-7cee-2ff7-56e9-15e516d1300a" testName="TestingLayer.IndoorNavigationCorridorTests.FindRoute_InvalidGeometry_DoesNotMutateLayout" computerName="LAPTOP-MOKR56NE" duration="00:00:01.3487893" startTime="2026-08-17T14:43:04.1194495+07:00" endTime="2026-08-17T14:43:05.4664820+07:00" testType="13cdc9d9-ddb5-4fa4-a97d-d965ccfc6d4b" outcome="Passed" testListId="8c84fa94-04c1-424b-9868-57a2d4851a1d" relativeResultsDirectory="e5723428-c90a-4bd2-b53c-cae4892aace3" />
    <UnitTestResult executionId="92912ae5-5c83-4675-93ff-9b282ccc920c" testId="7c121be6-a5c3-6b74-d7fe-7d20fe70aede" testName="TestingLayer.SNMContextFactoryTests.LoadDotEnv_FillsMissingEnvironmentValue" computerName="LAPTOP-MOKR56NE" duration="00:00:00.0138971" startTime="2026-08-17T14:43:04.0573210+07:00" endTime="2026-08-17T14:43:04.0710933+07:00" testType="13cdc9d9-ddb5-4fa4-a97d-d965ccfc6d4b" outcome="Passed" testListId="8c84fa94-04c1-424b-9868-57a2d4851a1d" relativeResultsDirectory="92912ae5-5c83-4675-93ff-9b282ccc920c" />
    <UnitTestResult executionId="47352b54-081e-42ae-bdac-54a1ce9ee047" testId="21c799b5-7201-7928-a2ae-6172289a782d" testName="TestingLayer.PackageTemplateTests.IsValidTemplate_InvalidCode_ReturnsFalse" computerName="LAPTOP-MOKR56NE" duration="00:00:00.0004258" startTime="2026-08-17T14:43:03.4882757+07:00" endTime="2026-08-17T14:43:03.4884128+07:00" testType="13cdc9d9-ddb5-4fa4-a97d-d965ccfc6d4b" outcome="Passed" testListId="8c84fa94-04c1-424b-9868-57a2d4851a1d" relativeResultsDirectory="47352b54-081e-42ae-bdac-54a1ce9ee047" />
[...]
    <TestEntry testId="bfc4b26e-8aa5-f2b5-cc5c-38b5f142980a" executionId="062d407a-ab12-4e08-b698-d8f63ecd8b00" testListId="8c84fa94-04c1-424b-9868-57a2d4851a1d" />
    <TestEntry testId="69c9c967-18dd-eec4-1ef5-9e827821eb56" executionId="5a32e788-e3bb-417f-af6a-005f5c0ca4d9" testListId="8c84fa94-04c1-424b-9868-57a2d4851a1d" />
    <TestEntry testId="a5d57e15-deda-88f2-d093-0362447d67c8" executionId="6f77d1ac-0de9-4b11-a010-9a33b7080d49" testListId="8c84fa94-04c1-424b-9868-57a2d4851a1d" />
    <TestEntry testId="bd0ab232-7c5a-2101-ac68-a5f8c0dd4073" executionId="3b4bb54e-60b4-4d98-93ec-ab281666edd3" testListId="8c84fa94-04c1-424b-9868-57a2d4851a1d" />
    <TestEntry testId="abb49440-4991-526d-73d8-0acb40132107" executionId="9ee2b8dc-23f8-45cf-9259-23cfc221ede4" testListId="8c84fa94-04c1-424b-9868-57a2d4851a1d" />
    <TestEntry testId="b0c96ec5-dd78-2801-f9fd-b4145e69cdf8" executionId="f608f23a-cd33-4f71-9845-8b37556eb1d3" testListId="8c84fa94-04c1-424b-9868-57a2d4851a1d" />
    <TestEntry testId="b0c75aab-c9b9-8115-5d7f-993341c3ee93" executionId="61fdd224-3888-4640-8ff8-9b8d442953a9" testListId="8c84fa94-04c1-424b-9868-57a2d4851a1d" />
    <TestEntry testId="e42b6ab1-6f31-f176-7d90-6fc9ae217801" executionId="20401954-a76c-4f77-8027-3b69534d3624" testListId="8c84fa94-04c1-424b-9868-57a2d4851a1d" />
    <TestEntry testId="678b06a9-7294-b9f8-361d-ff37a48d3585" executionId="9c2fd561-e973-4ddb-b315-c7438abed5a0" testListId="8c84fa94-04c1-424b-9868-57a2d4851a1d" />
    <TestEntry testId="6ccce425-80fb-a160-d16c-cc55cacefb00" executionId="7c1a55d3-9f2a-4dd0-b1b6-2dcf76a86638" testListId="8c84fa94-04c1-424b-9868-57a2d4851a1d" />
    <TestEntry testId="2ea56e98-1845-aca9-ece2-d4dc835467f5" executionId="51700b90-d073-4c50-adf5-e0b0112beedd" testListId="8c84fa94-04c1-424b-9868-57a2d4851a1d" />
    <TestEntry testId="57b8899d-3422-df88-f1df-1afef39d1ffc" executionId="0ce876ce-154c-4ede-ad51-0fef71f644bf" testListId="8c84fa94-04c1-424b-9868-57a2d4851a1d" />
    <TestEntry testId="52494d68-417a-3ceb-a776-a6e447a8880b" executionId="27d5d79f-d2a6-4b01-a06d-83856628c681" testListId="8c84fa94-04c1-424b-9868-57a2d4851a1d" />
    <TestEntry testId="35d5ba92-3a61-8f04-c9da-7e08e0f9adf4" executionId="fea1f1ec-6f31-4bff-b31d-751d1d432401" testListId="8c84fa94-04c1-424b-9868-57a2d4851a1d" />
    <TestEntry testId="de41fb8e-c5e2-1330-86dc-bcbb53ac89f6" executionId="5c1fa348-58ae-4f3a-99dc-30c800a0cca2" testListId="8c84fa94-04c1-424b-9868-57a2d4851a1d" />
    <TestEntry testId="36d1f7b1-e6e8-24c9-bf10-768039ffc405" executionId="cd4f80d8-0590-4acc-93a2-7fc76ae0a2ac" testListId="8c84fa94-04c1-424b-9868-57a2d4851a1d" />
    <TestEntry testId="72ec16ea-eff1-c237-66e7-518d96079bc2" executionId="a8f00bc8-1784-4558-9bae-34594489acbc" testListId="8c84fa94-04c1-424b-9868-57a2d4851a1d" />
    <TestEntry testId="9c48b417-27e6-3184-1438-c3020d0e52e6" executionId="4b9cc83b-b762-4be5-8d9a-a017283881d6" testListId="8c84fa94-04c1-424b-9868-57a2d4851a1d" />
    <TestEntry testId="b7a40375-bdbf-3d18-c64f-3fe1d974db15" executionId="0d05006f-41d6-47ea-b64e-c85b27c64952" testListId="8c84fa94-04c1-424b-9868-57a2d4851a1d" />
    <TestEntry testId="10781072-132f-8413-9960-6a55aefb4f54" executionId="2e54db41-c8a6-42e3-91b1-70f85d910c79" testListId="8c84fa94-04c1-424b-9868-57a2d4851a1d" />
    <TestEntry testId="1e79c366-9c8b-d0a9-9307-7f09a701d5ef" executionId="714a2bc0-7e6d-4f7b-8ec3-fcfaf4a8f643" testListId="8c84fa94-04c1-424b-9868-57a2d4851a1d" />
    <TestEntry testId="1d177352-bb5f-606b-75ef-5e79d8bdcfec" executionId="7b207cf3-529e-49df-8a2a-b37adca444b2" testListId="8c84fa94-04c1-424b-9868-57a2d4851a1d" />
    <TestEntry testId="9b4d8108-ca86-43da-f36a-e47af03362d5" executionId="17c16e6b-cd24-4a81-a325-fac0d9b4cfb6" testListId="8c84fa94-04c1-424b-9868-57a2d4851a1d" />
    <TestEntry testId="18f1a2b3-e18f-ee51-0486-0a83c3cec831" executionId="8930aab6-c79b-4fdb-a588-30901d3f0495" testListId="8c84fa94-04c1-424b-9868-57a2d4851a1d" />
    <TestEntry testId="a73b12eb-a551-ac86-a5ae-e9ee994fc883" executionId="ce0b0a17-67bd-4b05-b328-1866b54128b4" testListId="8c84fa94-04c1-424b-9868-57a2d4851a1d" />
    <TestEntry testId="483dc6ab-7ad7-85b6-63a8-18618ea8daff" executionId="b498c6ba-77e8-4ec3-8b03-e246a0206bc3" testListId="8c84fa94-04c1-424b-9868-57a2d4851a1d" />
    <TestEntry testId="f785a563-9856-afc9-3b04-4075090607db" executionId="c4cc9b17-ebad-42ce-a308-d7a74d3ec57f" testListId="8c84fa94-04c1-424b-9868-57a2d4851a1d" />
    <TestEntry testId="be15acee-4f0a-b443-eb6e-a846fb056c86" executionId="3c39bdfe-2557-4343-942f-42515748428a" testListId="8c84fa94-04c1-424b-9868-57a2d4851a1d" />
    <TestEntry testId="13f18633-9284-5a6d-74b7-43d9183a2f10" executionId="210eee14-e254-44af-b861-0182874a58c6" testListId="8c84fa94-04c1-424b-9868-57a2d4851a1d" />
    <TestEntry testId="eb62e58b-a9e9-b527-7ee7-a798be692162" executionId="44106226-3bc6-4ca4-ab99-6cc8049fe07b" testListId="8c84fa94-04c1-424b-9868-57a2d4851a1d" />
    <TestEntry testId="16164b56-6f42-f712-eeb8-5c41a55e0d5c" executionId="3b5353bf-04db-4217-aa2a-bc3dfae29d5d" testListId="8c84fa94-04c1-424b-9868-57a2d4851a1d" />
    <TestEntry testId="725edd46-52d8-dac7-6fae-8463b2d363a5" executionId="0d6db8b0-17d6-4249-a0a2-00c84bc9b637" testListId="8c84fa94-04c1-424b-9868-57a2d4851a1d" />
    <TestEntry testId="816ca2c3-f047-c03e-a466-34a357ed7210" executionId="bf1f2ab1-708f-40e0-b406-f5e29834e84c" testListId="8c84fa94-04c1-424b-9868-57a2d4851a1d" />
    <TestEntry testId="7f8bea3a-656d-cdc6-e6dd-7050a40053f6" executionId="9e64ac95-3775-4d2d-85cb-edff6403ef28" testListId="8c84fa94-04c1-424b-9868-57a2d4851a1d" />
    <TestEntry testId="d47c5539-9798-8bdc-4709-7817d921fe27" executionId="c8d96d3a-1652-4c94-902c-e786a3319e33" testListId="8c84fa94-04c1-424b-9868-57a2d4851a1d" />
    <TestEntry testId="a06cb852-b15b-69af-84ae-92d0a187008c" executionId="e82801c3-6294-4e2e-a829-8a0a31e5da3b" testListId="8c84fa94-04c1-424b-9868-57a2d4851a1d" />
    <TestEntry testId="be37b198-4597-734a-a4e1-e8ab56e2776a" executionId="3a25776f-f4d3-4c2f-ad57-2a3f3e9d09a1" testListId="8c84fa94-04c1-424b-9868-57a2d4851a1d" />
    <TestEntry testId="c314a57b-a5ca-dfe2-eb29-7c04a38bbec5" executionId="d24a2854-908a-4113-aa63-0ce0f8d562ed" testListId="8c84fa94-04c1-424b-9868-57a2d4851a1d" />
    <TestEntry testId="39e05c8d-f939-25f2-bfa5-ec387a144ec4" executionId="e8281fcf-2ed8-412a-b7d0-b2d7fab89f00" testListId="8c84fa94-04c1-424b-9868-57a2d4851a1d" />
    <TestEntry testId="060da052-3325-ac99-19ce-37d397171504" executionId="ab01e49f-923f-40ec-a398-4892bfffe4cc" testListId="8c84fa94-04c1-424b-9868-57a2d4851a1d" />
    <TestEntry testId="1c69ea24-f857-3f63-a10e-ad20053e31f2" executionId="7d44019e-9d5d-4018-9e47-832f6403b146" testListId="8c84fa94-04c1-424b-9868-57a2d4851a1d" />
    <TestEntry testId="cced3c92-5ea5-8884-939d-65f720b2d244" executionId="bc6471e6-1d3e-4631-91a1-d07a9d9184e4" testListId="8c84fa94-04c1-424b-9868-57a2d4851a1d" />
    <TestEntry testId="0ba849b9-e82c-9a79-cb78-adccb5780c26" executionId="9c17aa01-35fa-4ec7-9311-7dfcb0764e0f" testListId="8c84fa94-04c1-424b-9868-57a2d4851a1d" />
    <TestEntry testId="27ef2274-d52f-665f-5219-43846a07459f" executionId="1f1f048d-b45b-4111-8d49-8adb756367bc" testListId="8c84fa94-04c1-424b-9868-57a2d4851a1d" />
    <TestEntry testId="3026f9c3-cc02-67da-c65c-565112140e6a" executionId="2ee00641-7b20-45d0-b22c-1b4daf6479c8" testListId="8c84fa94-04c1-424b-9868-57a2d4851a1d" />
    <TestEntry testId="8dffbc2b-20af-de67-d76a-3d7a9c323e2c" executionId="29f9f66b-bac6-4cda-a174-103f2567205e" testListId="8c84fa94-04c1-424b-9868-57a2d4851a1d" />
    <TestEntry testId="11872a70-24ed-afc7-ed52-a154db46f3fd" executionId="d7848b22-3364-4ca0-875a-471dc979dd1b" testListId="8c84fa94-04c1-424b-9868-57a2d4851a1d" />
    <TestEntry testId="4306fd99-8247-55c9-b63e-b7f1d64fa712" executionId="802cbd23-cc75-414a-9337-e9df0d66fdb9" testListId="8c84fa94-04c1-424b-9868-57a2d4851a1d" />
    <TestEntry testId="123bac30-98ee-40e8-f3f0-e0798c41d1f9" executionId="83d1301b-fdce-4d51-8ad5-bdddb643102c" testListId="8c84fa94-04c1-424b-9868-57a2d4851a1d" />
    <TestEntry testId="d8aa8509-d766-8b4c-02c3-44c1110414f2" executionId="1fb4e171-24b9-4b8c-b2cc-3f894c453191" testListId="8c84fa94-04c1-424b-9868-57a2d4851a1d" />
    <TestEntry testId="28b3dc7a-633f-a067-2df2-189380308b0f" executionId="2c7766d0-ca17-465e-bf0a-f6fcd8d68128" testListId="8c84fa94-04c1-424b-9868-57a2d4851a1d" />
    <TestEntry testId="ab449f1d-5c51-64d1-3627-de9ec0286f2b" executionId="4151a4b2-c322-4a33-a107-32fa5eb63fc7" testListId="8c84fa94-04c1-424b-9868-57a2d4851a1d" />
    <TestEntry testId="b5f64c37-cdcc-8987-7412-5d20896d997e" executionId="903b6e3b-7858-4861-bb72-919bcde5bb31" testListId="8c84fa94-04c1-424b-9868-57a2d4851a1d" />
    <TestEntry testId="9b650201-824a-19ef-d9a9-7d83e601b174" executionId="89791dae-1bcd-4f4c-9a8a-1bedcd7def72" testListId="8c84fa94-04c1-424b-9868-57a2d4851a1d" />
    <TestEntry testId="42fd5f61-3f71-19d2-dc2e-4904760c57c2" executionId="e873e341-68e0-46d9-acfa-e8cc48a4d7f6" testListId="8c84fa94-04c1-424b-9868-57a2d4851a1d" />
    <TestEntry testId="483c2b43-741d-529f-3346-be7173c9d27c" executionId="0c321d01-a625-40ae-9752-6ef9101f26f4" testListId="8c84fa94-04c1-424b-9868-57a2d4851a1d" />
    <TestEntry testId="0de57dbb-03b3-f649-7421-bc2bade55b5e" executionId="39810684-8897-4bf8-aea4-02b737c33575" testListId="8c84fa94-04c1-424b-9868-57a2d4851a1d" />
    <TestEntry testId="309a190a-5c7f-9605-9fe2-79f94911ccc5" executionId="3aab9f45-8d9d-4243-85c1-e91856e3dfe7" testListId="8c84fa94-04c1-424b-9868-57a2d4851a1d" />
    <TestEntry testId="e71ead71-d441-af2b-357a-ff20695f4d54" executionId="7ad56182-e206-4724-b3af-5c42b027bb34" testListId="8c84fa94-04c1-424b-9868-57a2d4851a1d" />
    <TestEntry testId="5b2837be-e08e-27fd-fc30-3312e4760a46" executionId="6e12d739-be4f-4641-83df-1d4ec2676588" testListId="8c84fa94-04c1-424b-9868-57a2d4851a1d" />
    <TestEntry testId="5d4e48be-844a-a028-1afa-3fb76d009b74" executionId="14564574-e770-4e8b-8af6-939c3023787b" testListId="8c84fa94-04c1-424b-9868-57a2d4851a1d" />
    <TestEntry testId="8d3b8848-e569-524c-c15c-61a5c51d382b" executionId="97125f31-652a-4388-9ddd-cc3a5672a07b" testListId="8c84fa94-04c1-424b-9868-57a2d4851a1d" />
    <TestEntry testId="fb8d003f-7491-7f9d-3bd6-70e2e1de52e0" executionId="557f1671-201b-4c42-96d9-464a8450385e" testListId="8c84fa94-04c1-424b-9868-57a2d4851a1d" />
    <TestEntry testId="8b285d32-3dbb-4d02-c3d7-0d644df46d26" executionId="0757d580-c678-4edd-bff7-0a5757b6eb82" testListId="8c84fa94-04c1-424b-9868-57a2d4851a1d" />
    <TestEntry testId="474b31f9-8c48-199d-7db0-11378a83667d" executionId="b5d8a63d-f5f7-436b-ba82-1846536dac70" testListId="8c84fa94-04c1-424b-9868-57a2d4851a1d" />
    <TestEntry testId="3150043a-555c-5f5a-59f2-e4107f63cd4c" executionId="ce37d74d-d3e3-4a4c-a167-6436979860c6" testListId="8c84fa94-04c1-424b-9868-57a2d4851a1d" />
    <TestEntry testId="aeb9311b-0a98-3e62-db7e-9b851a7aebec" executionId="4fd50ffc-e9b0-4372-9ad6-59dbcef6c856" testListId="8c84fa94-04c1-424b-9868-57a2d4851a1d" />
    <TestEntry testId="854613ed-c802-8a10-f022-4a62866891da" executionId="c107fb84-f108-4138-95e7-9169cd7daf15" testListId="8c84fa94-04c1-424b-9868-57a2d4851a1d" />
    <TestEntry testId="b9c429be-caae-0013-f302-48f6c1236376" executionId="d631c21e-6214-457e-a2df-92ee7f058cf3" testListId="8c84fa94-04c1-424b-9868-57a2d4851a1d" />
    <TestEntry testId="2108244c-6838-cf99-62f4-c4cfc5101b44" executionId="3e284c8f-9f88-4868-ae0c-f73fe6254882" testListId="8c84fa94-04c1-424b-9868-57a2d4851a1d" />
    <TestEntry testId="ef0c296f-f0bb-f8e5-e9c5-a633c492f371" executionId="122d6b4f-b78e-4475-a35e-90e4db6558fb" testListId="8c84fa94-04c1-424b-9868-57a2d4851a1d" />
    <TestEntry testId="4f10b535-5325-10e3-c8cd-722beef34314" executionId="6a8ffd31-2ae4-448d-aa89-e14b3843736d" testListId="8c84fa94-04c1-424b-9868-57a2d4851a1d" />
    <TestEntry testId="7e490613-5448-6f5c-9dca-cbcfd73deacf" executionId="30a3d962-997e-4ffc-8cbd-8cc2f4946cb0" testListId="8c84fa94-04c1-424b-9868-57a2d4851a1d" />
    <TestEntry testId="4a1e84f3-821d-cb80-c8f0-58b0eb831574" executionId="102ca1c8-7ea6-4aa7-8f3e-6dccfd560d04" testListId="8c84fa94-04c1-424b-9868-57a2d4851a1d" />
    <TestEntry testId="6adcaef9-3019-06b3-1943-e9c842dfb49a" executionId="2435125f-4a9f-4f34-93de-349527263a0d" testListId="8c84fa94-04c1-424b-9868-57a2d4851a1d" />
    <TestEntry testId="da788274-f991-56b2-f98c-9cb39a40693b" executionId="f72065a8-204f-4863-9165-4c03ab591447" testListId="8c84fa94-04c1-424b-9868-57a2d4851a1d" />
    <TestEntry testId="98b0e0ab-36ae-0e21-bdd4-bef34eacc094" executionId="b607553b-7020-4138-9f22-7273b7cfc230" testListId="8c84fa94-04c1-424b-9868-57a2d4851a1d" />
    <TestEntry testId="7cca039d-27ac-a9dd-a9aa-f54829bc7361" executionId="6734377e-b77e-4b6d-bb35-ab050d0bae25" testListId="8c84fa94-04c1-424b-9868-57a2d4851a1d" />
    <TestEntry testId="fb62c1a2-500a-fabc-789b-a0a340987de0" executionId="ec07a010-9ccc-40a9-b27e-b1c26bedeb98" testListId="8c84fa94-04c1-424b-9868-57a2d4851a1d" />
    <TestEntry testId="76085f9a-7587-904a-8fae-a5e72ff62a58" executionId="7362e4d5-7b0a-484f-9a25-a63f89878711" testListId="8c84fa94-04c1-424b-9868-57a2d4851a1d" />
    <TestEntry testId="73b98de4-79dd-ec68-32c3-4a1889edbfa0" executionId="fe68d335-14ab-497d-9448-c2a999f33593" testListId="8c84fa94-04c1-424b-9868-57a2d4851a1d" />
    <TestEntry testId="a970b374-06f0-ba5d-a51a-b30bfe285049" executionId="2a9b81a6-a2ca-477c-9f3a-ca49e2d9809b" testListId="8c84fa94-04c1-424b-9868-57a2d4851a1d" />
    <TestEntry testId="0413a2c8-7d6c-3d03-4bbd-fb2fc6d75c2c" executionId="b3c5e3d9-7cab-4ea3-a2a9-78f32d4a55d6" testListId="8c84fa94-04c1-424b-9868-57a2d4851a1d" />
    <TestEntry testId="af3b9faa-eb43-5901-8782-81a017cb748f" executionId="ee70649f-663e-4ed1-b277-bfa5998a8bd6" testListId="8c84fa94-04c1-424b-9868-57a2d4851a1d" />
    <TestEntry testId="adf35207-5309-2704-ce0d-c4e8d7f3c936" executionId="f8c6cda2-7d86-4012-8fa6-f087bb272ad8" testListId="8c84fa94-04c1-424b-9868-57a2d4851a1d" />
    <TestEntry testId="7dd458cc-cbbc-85a3-8387-85f3a9a01276" executionId="7bd274d3-808c-4ced-8773-b66eb69df801" testListId="8c84fa94-04c1-424b-9868-57a2d4851a1d" />
    <TestEntry testId="ed752986-4906-ff44-6cb5-c9974b20ee2d" executionId="7cc70b8f-bc19-45ea-b40f-9c654ce1951b" testListId="8c84fa94-04c1-424b-9868-57a2d4851a1d" />
    <TestEntry testId="d7d4b40b-3655-2154-ed49-adf0d12027cc" executionId="a2f9b3a6-7f5b-49de-b36f-2b096647bb9c" testListId="8c84fa94-04c1-424b-9868-57a2d4851a1d" />
    <TestEntry testId="4edf8ce3-0441-5b99-ea23-9226d90f5f1c" executionId="63caf1ce-c1fc-4c28-98e9-20a92f2a6f50" testListId="8c84fa94-04c1-424b-9868-57a2d4851a1d" />
    <TestEntry testId="19212e79-ab92-8e05-0b2b-efee4257b7f4" executionId="3bc5e5e3-0421-4383-8f1e-1a357fa0786b" testListId="8c84fa94-04c1-424b-9868-57a2d4851a1d" />
    <TestEntry testId="0a386dd5-5585-4d7b-0625-a65421c74526" executionId="60562d70-752e-43df-ae3c-eb20754d887b" testListId="8c84fa94-04c1-424b-9868-57a2d4851a1d" />
    <TestEntry testId="2145c609-4219-2398-f135-a86668b33196" executionId="a4d3c876-8493-4982-a8f2-738be4f9a2ca" testListId="8c84fa94-04c1-424b-9868-57a2d4851a1d" />
    <TestEntry testId="f8722384-0234-8375-67dc-d355d376260e" executionId="b83ac34d-e773-4725-b640-1cfbc4f3e0b7" testListId="8c84fa94-04c1-424b-9868-57a2d4851a1d" />
    <TestEntry testId="14ab177a-8ce6-bfd6-4558-8beb1e317317" executionId="f043dbd2-f45a-4281-8073-4cb5e5c30410" testListId="8c84fa94-04c1-424b-9868-57a2d4851a1d" />
    <TestEntry testId="5facd7f8-0126-4d3a-9780-44b5b07f6dbe" executionId="ae3d11fc-ad22-44d6-b06c-34ee8a4e8945" testListId="8c84fa94-04c1-424b-9868-57a2d4851a1d" />
    <TestEntry testId="a72100bf-7325-3fa6-2909-833c2097c78c" executionId="ba4f54f6-daa5-45f5-b71a-a80a9b03bf7d" testListId="8c84fa94-04c1-424b-9868-57a2d4851a1d" />
    <TestEntry testId="87f2850d-39cc-f773-a7ec-46902dfc86aa" executionId="587c1ec2-77ab-4fd9-81f1-b000ef337d88" testListId="8c84fa94-04c1-424b-9868-57a2d4851a1d" />
    <TestEntry testId="76647366-40cb-440e-9a0f-ea1ebc4652af" executionId="ca31f51c-46a8-43c1-9c51-9628c1fea6e2" testListId="8c84fa94-04c1-424b-9868-57a2d4851a1d" />
    <TestEntry testId="8c8571c8-575a-1713-f1de-8a160eca8508" executionId="3593b14f-f8bb-4e5e-8ff2-7efd220a0853" testListId="8c84fa94-04c1-424b-9868-57a2d4851a1d" />
    <TestEntry testId="cbc4feb0-3422-fb93-4561-0ef8c842b6fc" executionId="49b2fda1-2aa7-47d4-a4ce-52ddfa6c6d7b" testListId="8c84fa94-04c1-424b-9868-57a2d4851a1d" />
    <TestEntry testId="ebf01608-6eaa-2897-6c85-e5b0929e0639" executionId="db1eeede-0a3d-4f50-8435-83dc5b4f0fb7" testListId="8c84fa94-04c1-424b-9868-57a2d4851a1d" />
    <TestEntry testId="2c4f555a-e0c2-ad13-baae-72a5ea1ba065" executionId="44756bf3-37d6-4710-9ae8-8f3d9d8e463b" testListId="8c84fa94-04c1-424b-9868-57a2d4851a1d" />
    <TestEntry testId="7b1a718f-8253-8ff9-9ede-0fc84e622d39" executionId="5f9cf402-b51c-446f-8888-fe6f13abf2d3" testListId="8c84fa94-04c1-424b-9868-57a2d4851a1d" />
    <TestEntry testId="3eb190ba-dbf2-d842-0b9f-9f55ccf4802e" executionId="b12161e1-bea9-4606-a1ab-9e8b3e802f09" testListId="8c84fa94-04c1-424b-9868-57a2d4851a1d" />
    <TestEntry testId="76f94966-1bab-f531-7a6c-65ae411dfd5a" executionId="de74bb9b-100c-4dfa-86e6-563f4fa96023" testListId="8c84fa94-04c1-424b-9868-57a2d4851a1d" />
    <TestEntry testId="d826fa2b-2de3-e631-2156-e0802a69ffd3" executionId="9e36a40f-5ab0-4da7-b534-48a0038f62bb" testListId="8c84fa94-04c1-424b-9868-57a2d4851a1d" />
    <TestEntry testId="c2bca609-6e3d-61a3-ec2c-8d81d56a1d95" executionId="4b3c9b13-4619-488d-8b26-da42672aa2ac" testListId="8c84fa94-04c1-424b-9868-57a2d4851a1d" />
    <TestEntry testId="3befb4e4-fb12-66b9-cb66-6bcf5835aed7" executionId="4b0252e0-f63a-40b4-8be7-5884235d7477" testListId="8c84fa94-04c1-424b-9868-57a2d4851a1d" />
    <TestEntry testId="a3de9065-416d-4eb0-6213-0c4f6530bad9" executionId="91957f9a-c3e0-40a6-be7b-644ebdfe7181" testListId="8c84fa94-04c1-424b-9868-57a2d4851a1d" />
    <TestEntry testId="7a091fac-9a10-9c52-0f29-74f5aac006a2" executionId="efb9e57a-168a-4b6a-8057-d078a7c2eeb1" testListId="8c84fa94-04c1-424b-9868-57a2d4851a1d" />
    <TestEntry testId="88ee0316-08af-65bb-0c14-7b026ad580c6" executionId="21486a6f-6499-46e7-981d-a357c9813c5c" testListId="8c84fa94-04c1-424b-9868-57a2d4851a1d" />
    <TestEntry testId="162118c6-19e0-1b20-90fa-242b64beecbf" executionId="c277956d-d460-4975-92e5-2bf136fdb90a" testListId="8c84fa94-04c1-424b-9868-57a2d4851a1d" />
    <TestEntry testId="a4ec3659-30d5-9f98-e0f3-e66c6538f21e" executionId="092da1b6-92ea-4294-9e0f-fa24545e4e96" testListId="8c84fa94-04c1-424b-9868-57a2d4851a1d" />
    <TestEntry testId="a956bb52-e731-a7a1-5041-3d32f9b95ddb" executionId="8b50bdbd-8517-44f5-af0c-2ebbef4778b7" testListId="8c84fa94-04c1-424b-9868-57a2d4851a1d" />
    <TestEntry testId="c86709b0-f21b-77a1-c622-ae79548eecca" executionId="04a96076-eac2-4769-be21-e93b28f39a50" testListId="8c84fa94-04c1-424b-9868-57a2d4851a1d" />
  </TestEntries>
  <TestLists>
    <TestList name="Results Not in a List" id="8c84fa94-04c1-424b-9868-57a2d4851a1d" />
    <TestList name="All Loaded Results" id="19431567-8539-422a-85d7-44ee4e166bda" />
  </TestLists>
  <ResultSummary outcome="Completed">
    <Counters total="505" executed="505" passed="505" failed="0" error="0" timeout="0" aborted="0" inconclusive="0" passedButRunAborted="0" notRunnable="0" notExecuted="0" disconnected="0" warning="0" completed="0" inProgress="0" pending="0" />
    <Output>
      <StdOut>[xUnit.net 00:00:00.00] xUnit.net VSTest Adapter v3.1.4+50e68bbb8b (64-bit .NET 8.0.20)&#xD;
[xUnit.net 00:00:00.11]   Discovering: TestingLayer&#xD;
[xUnit.net 00:00:00.21]   Discovered:  TestingLayer&#xD;
[xUnit.net 00:00:00.26]   Starting:    TestingLayer&#xD;
Complaint was persisted but notification delivery failed: Notification service down&#xD;
[xUnit.net 00:00:09.31]   Finished:    TestingLayer&#xD;
</StdOut>
    </Output>
  </ResultSummary>
</TestRun>