<?xml version="1.0" encoding="utf-8"?>
<TestRun id="5dcd7b44-4944-4e60-aad2-741062275cbe" name="Admin@LAPTOP-MOKR56NE 2026-08-17 14:36:15" runUser="LAPTOP-MOKR56NE\Admin" xmlns="http://microsoft.com/schemas/VisualStudio/TeamTest/2010">
  <Times creation="2026-08-17T14:36:15.4412983+07:00" queuing="2026-08-17T14:36:15.4412991+07:00" start="2026-08-17T14:36:14.7373038+07:00" finish="2026-08-17T14:36:22.4631433+07:00" />
  <TestSettings name="default" id="8e2103e1-f9ae-4a69-bed5-bf231aa1029f">
    <Deployment runDeploymentRoot="Admin_LAPTOP-MOKR56NE_2026-08-17_14_36_15" />
  </TestSettings>
  <Results>
    <UnitTestResult executionId="9de75045-3c14-4adb-9cdd-2998a951f002" testId="cde29648-4d44-d33b-cfa9-c37b64bd5570" testName="TestingLayer.LayoutGeneratorHubAndSpokeRegressionTests.ComputeGeneration_StillProducesOneJunctionPerZoneAndStarEdges" computerName="LAPTOP-MOKR56NE" duration="00:00:00.0849263" startTime="2026-08-17T14:36:15.3834586+07:00" endTime="2026-08-17T14:36:15.4520937+07:00" testType="13cdc9d9-ddb5-4fa4-a97d-d965ccfc6d4b" outcome="Passed" testListId="8c84fa94-04c1-424b-9868-57a2d4851a1d" relativeResultsDirectory="9de75045-3c14-4adb-9cdd-2998a951f002" />
    <UnitTestResult executionId="10efa3dc-c43f-45ef-b6dc-9c44698038ab" testId="0413a2c8-7d6c-3d03-4bbd-fb2fc6d75c2c" testName="TestingLayer.IntegrationDemoDataSeederTests.SeededDataset_SatisfiesCustomerDiscoveryAndShortestRouteContracts" computerName="LAPTOP-MOKR56NE" duration="00:00:01.1576576" startTime="2026-08-17T14:36:18.5853883+07:00" endTime="2026-08-17T14:36:19.7429561+07:00" testType="13cdc9d9-ddb5-4fa4-a97d-d965ccfc6d4b" outcome="Passed" testListId="8c84fa94-04c1-424b-9868-57a2d4851a1d" relativeResultsDirectory="10efa3dc-c43f-45ef-b6dc-9c44698038ab" />
    <UnitTestResult executionId="a66314b1-68c2-490c-9490-03452f6bdb78" testId="c57751fe-081a-ea9b-daef-8881e2e239ba" testName="TestingLayer.CustomerProfileContractTests.PublicReviewResponses_DoNotContainPrivateProfileFields(responseType: typeof(ApplicationLayer.DTOs.Responses.ReviewResponse))" computerName="LAPTOP-MOKR56NE" duration="00:00:00.0007316" startTime="2026-08-17T14:36:15.9507865+07:00" endTime="2026-08-17T14:36:15.9513805+07:00" testType="13cdc9d9-ddb5-4fa4-a97d-d965ccfc6d4b" outcome="Passed" testListId="8c84fa94-04c1-424b-9868-57a2d4851a1d" relativeResultsDirectory="a66314b1-68c2-490c-9490-03452f6bdb78" />
    <UnitTestResult executionId="2077eceb-5de8-4686-bebe-7d7a89f478f5" testId="d003ea0a-050d-2fe3-29ca-dbe33136515d" testName="TestingLayer.SubscriptionEntitlementServiceTests.GetBoothEntitlements_WithInvalidJson_ReturnsFree" computerName="LAPTOP-MOKR56NE" duration="00:00:00.0012856" startTime="2026-08-17T14:36:15.7443336+07:00" endTime="2026-08-17T14:36:15.7458147+07:00" testType="13cdc9d9-ddb5-4fa4-a97d-d965ccfc6d4b" outcome="Passed" testListId="8c84fa94-04c1-424b-9868-57a2d4851a1d" relativeResultsDirectory="2077eceb-5de8-4686-bebe-7d7a89f478f5" />
    <UnitTestResult executionId="fbd0ade6-8a06-4975-86cb-e5d336eb25c5" testId="98b0e0ab-36ae-0e21-bdd4-bef34eacc094" testName="TestingLayer.PriceServiceTests.CreatePackagePriceAsync_RegularPrice_Success" computerName="LAPTOP-MOKR56NE" duration="00:00:00.0058180" startTime="2026-08-17T14:36:15.7818239+07:00" endTime="2026-08-17T14:36:15.7874380+07:00" testType="13cdc9d9-ddb5-4fa4-a97d-d965ccfc6d4b" outcome="Passed" testListId="8c84fa94-04c1-424b-9868-57a2d4851a1d" relativeResultsDirectory="fbd0ade6-8a06-4975-86cb-e5d336eb25c5" />
    <UnitTestResult executionId="719e89ff-9dd2-41ee-a552-c067213e6f69" testId="bf495bea-4965-ba64-1985-11bde15d695a" testName="TestingLayer.NightMarketCustomerTests.CustomerList_SearchIsTrimmedAndCaseInsensitive" computerName="LAPTOP-MOKR56NE" duration="00:00:00.0141399" startTime="2026-08-17T14:36:17.4567741+07:00" endTime="2026-08-17T14:36:17.4709295+07:00" testType="13cdc9d9-ddb5-4fa4-a97d-d965ccfc6d4b" outcome="Passed" testListId="8c84fa94-04c1-424b-9868-57a2d4851a1d" relativeResultsDirectory="719e89ff-9dd2-41ee-a552-c067213e6f69" />
    <UnitTestResult executionId="75326b40-7e7a-49a6-a6fd-f5b9e53de523" testId="043e0943-51dd-4c10-578d-85fb733fcc4a" testName="TestingLayer.PackageImageSeederTests.SeedAsync_MissingPackages_DoesNothing" computerName="LAPTOP-MOKR56NE" duration="00:00:00.7060525" startTime="2026-08-17T14:36:16.0257015+07:00" endTime="2026-08-17T14:36:16.7313409+07:00" testType="13cdc9d9-ddb5-4fa4-a97d-d965ccfc6d4b" outcome="Passed" testListId="8c84fa94-04c1-424b-9868-57a2d4851a1d" relativeResultsDirectory="75326b40-7e7a-49a6-a6fd-f5b9e53de523" />
    <UnitTestResult executionId="7a781447-3447-48b4-bb5e-34ed34cd7907" testId="18f1a2b3-e18f-ee51-0486-0a83c3cec831" testName="TestingLayer.PackageImageServiceTests.UploadImageAsync_ReplaceExisting_SavesNewUpdatesEntityThenDeletesOldFile" computerName="LAPTOP-MOKR56NE" duration="00:00:00.0075029" startTime="2026-08-17T14:36:15.7633062+07:00" endTime="2026-08-17T14:36:15.7807326+07:00" testType="13cdc9d9-ddb5-4fa4-a97d-d965ccfc6d4b" outcome="Passed" testListId="8c84fa94-04c1-424b-9868-57a2d4851a1d" relativeResultsDirectory="7a781447-3447-48b4-bb5e-34ed34cd7907" />
    <UnitTestResult executionId="6e0d5443-363e-4a36-ae43-63544d0d7aa3" testId="ef0c296f-f0bb-f8e5-e9c5-a633c492f371" testName="TestingLayer.EmailServiceTests.CanSend_WhenSmtpAndVerificationEndpointMissing_IsFalse" computerName="LAPTOP-MOKR56NE" duration="00:00:00.0001665" startTime="2026-08-17T14:36:15.8381140+07:00" endTime="2026-08-17T14:36:15.8382338+07:00" testType="13cdc9d9-ddb5-4fa4-a97d-d965ccfc6d4b" outcome="Passed" testListId="8c84fa94-04c1-424b-9868-57a2d4851a1d" relativeResultsDirectory="6e0d5443-363e-4a36-ae43-63544d0d7aa3" />
    <UnitTestResult executionId="dd9d31ca-10ec-4913-ac61-5f158d108b86" testId="42fd5f61-3f71-19d2-dc2e-4904760c57c2" testName="TestingLayer.PackageImageSeederTests.SeedAsync_RunTwice_IsIdempotent" computerName="LAPTOP-MOKR56NE" duration="00:00:00.0949519" startTime="2026-08-17T14:36:16.7315547+07:00" endTime="2026-08-17T14:36:16.8264781+07:00" testType="13cdc9d9-ddb5-4fa4-a97d-d965ccfc6d4b" outcome="Passed" testListId="8c84fa94-04c1-424b-9868-57a2d4851a1d" relativeResultsDirectory="dd9d31ca-10ec-4913-ac61-5f158d108b86" />
    <UnitTestResult executionId="9f574b74-69d0-41ea-8629-62abb684f215" testId="7d86e01b-34fe-30fb-86e9-1aa75ff7551a" testName="TestingLayer.AssistantIntentInterpreterTests.Sanitize_KeepsUserGoalAndDiningContext" computerName="LAPTOP-MOKR56NE" duration="00:00:00.0002386" startTime="2026-08-17T14:36:16.0417870+07:00" endTime="2026-08-17T14:36:16.0418798+07:00" testType="13cdc9d9-ddb5-4fa4-a97d-d965ccfc6d4b" outcome="Passed" testListId="8c84fa94-04c1-424b-9868-57a2d4851a1d" relativeResultsDirectory="9f574b74-69d0-41ea-8629-62abb684f215" />
    <UnitTestResult executionId="2f407f23-1dea-449a-9aa6-c7f67bee78b6" testId="25a24628-8a17-e841-e26f-977459a7e882" testName="TestingLayer.NightMarketCustomerTests.Availability_SupportsOvernightScheduleAndExclusiveClosingBoundary" computerName="LAPTOP-MOKR56NE" duration="00:00:00.0001125" startTime="2026-08-17T14:36:17.4565365+07:00" endTime="2026-08-17T14:36:17.4565655+07:00" testType="13cdc9d9-ddb5-4fa4-a97d-d965ccfc6d4b" outcome="Passed" testListId="8c84fa94-04c1-424b-9868-57a2d4851a1d" relativeResultsDirectory="2f407f23-1dea-449a-9aa6-c7f67bee78b6" />
    <UnitTestResult executionId="03320e2f-c756-414f-a1fc-599a6f92fce4" testId="f63bcc1c-a994-7009-f1c1-99374267dbf9" testName="TestingLayer.IndoorNavigationCorridorTests.Calibration_FallsBackToNightMarketBoundaryAndStaysUncalibratedWithoutPhysicalData" computerName="LAPTOP-MOKR56NE" duration="00:00:00.0008618" startTime="2026-08-17T14:36:15.8672478+07:00" endTime="2026-08-17T14:36:15.8676972+07:00" testType="13cdc9d9-ddb5-4fa4-a97d-d965ccfc6d4b" outcome="Passed" testListId="8c84fa94-04c1-424b-9868-57a2d4851a1d" relativeResultsDirectory="03320e2f-c756-414f-a1fc-599a6f92fce4" />
    <UnitTestResult executionId="388b9600-fce0-4350-8b22-f9f2fdab9bc6" testId="474d75e8-a968-2715-8743-5913f11832ec" testName="TestingLayer.IndoorNavigationCorridorTests.Builder_DoesNotMutatePersistedGeometry" computerName="LAPTOP-MOKR56NE" duration="00:00:00.0098434" startTime="2026-08-17T14:36:17.2943620+07:00" endTime="2026-08-17T14:36:17.3038341+07:00" testType="13cdc9d9-ddb5-4fa4-a97d-d965ccfc6d4b" outcome="Passed" testListId="8c84fa94-04c1-424b-9868-57a2d4851a1d" relativeResultsDirectory="388b9600-fce0-4350-8b22-f9f2fdab9bc6" />
    <UnitTestResult executionId="54d868cd-c32c-4704-b929-99b4f8fb6830" testId="913a4a42-5a29-b01b-dea4-d470fab93120" testName="TestingLayer.SubscriptionServiceTests.VerifySubscription_BoothAlreadyProcessed_ThrowsConflict" computerName="LAPTOP-MOKR56NE" duration="00:00:00.0033112" startTime="2026-08-17T14:36:15.5301817+07:00" endTime="2026-08-17T14:36:15.5334053+07:00" testType="13cdc9d9-ddb5-4fa4-a97d-d965ccfc6d4b" outcome="Passed" testListId="8c84fa94-04c1-424b-9868-57a2d4851a1d" relativeResultsDirectory="54d868cd-c32c-4704-b929-99b4f8fb6830" />
    <UnitTestResult executionId="2794b275-74ed-4db0-ac0c-c509035c691b" testId="73b98de4-79dd-ec68-32c3-4a1889edbfa0" testName="TestingLayer.AdminModerationServiceTests.GetBoothDetailAsync_ReturnsDetail" computerName="LAPTOP-MOKR56NE" duration="00:00:00.0053250" startTime="2026-08-17T14:36:15.5917898+07:00" endTime="2026-08-17T14:36:15.5962225+07:00" testType="13cdc9d9-ddb5-4fa4-a97d-d965ccfc6d4b" outcome="Passed" testListId="8c84fa94-04c1-424b-9868-57a2d4851a1d" relativeResultsDirectory="2794b275-74ed-4db0-ac0c-c509035c691b" />
    <UnitTestResult executionId="ce302090-1460-4ab1-a0a7-63399268a523" testId="867e2b14-33ca-5bf1-fb78-2b44b5171770" testName="TestingLayer.IndoorPositioningServicePhase5Tests.VirtualOrigin_BidirectionalPartialCostAndPath(progress: 0.5, total: 100)" computerName="LAPTOP-MOKR56NE" duration="00:00:00.0095541" startTime="2026-08-17T14:36:22.3827508+07:00" endTime="2026-08-17T14:36:22.3923242+07:00" testType="13cdc9d9-ddb5-4fa4-a97d-d965ccfc6d4b" outcome="Passed" testListId="8c84fa94-04c1-424b-9868-57a2d4851a1d" relativeResultsDirectory="ce302090-1460-4ab1-a0a7-63399268a523" />
    <UnitTestResult executionId="de839c11-5fed-4605-ba38-dce75dfea8fa" testId="c9c9f6c3-91f7-913b-756a-096c89b573f6" testName="TestingLayer.ChatServiceTests.MarkRead_MarksOnlyIncomingMessagesAndConversationNotifications" computerName="LAPTOP-MOKR56NE" duration="00:00:00.0087926" startTime="2026-08-17T14:36:15.9931316+07:00" endTime="2026-08-17T14:36:16.0017260+07:00" testType="13cdc9d9-ddb5-4fa4-a97d-d965ccfc6d4b" outcome="Passed" testListId="8c84fa94-04c1-424b-9868-57a2d4851a1d" relativeResultsDirectory="de839c11-5fed-4605-ba38-dce75dfea8fa" />
    <UnitTestResult executionId="8a2253d0-3cd6-43b1-90bc-4a81260ac630" testId="d47c5539-9798-8bdc-4709-7817d921fe27" testName="TestingLayer.CustomerHistoryReviewComplaintTests.ComplaintDetail_HidesForeignComplaintAsNotFound" computerName="LAPTOP-MOKR56NE" duration="00:00:00.0034547" startTime="2026-08-17T14:36:15.6883485+07:00" endTime="2026-08-17T14:36:15.6905608+07:00" testType="13cdc9d9-ddb5-4fa4-a97d-d965ccfc6d4b" outcome="Passed" testListId="8c84fa94-04c1-424b-9868-57a2d4851a1d" relativeResultsDirectory="8a2253d0-3cd6-43b1-90bc-4a81260ac630" />
    <UnitTestResult executionId="597e10bd-4cc5-4a46-9109-35772a3eca9f" testId="13f18633-9284-5a6d-74b7-43d9183a2f10" testName="TestingLayer.IndoorPositioningServicePhase5Tests.Snap_RejectsTooFar_AndUncalibratedDoesNotClaimMeters" computerName="LAPTOP-MOKR56NE" duration="00:00:00.0020106" startTime="2026-08-17T14:36:22.4031168+07:00" endTime="2026-08-17T14:36:22.4050416+07:00" testType="13cdc9d9-ddb5-4fa4-a97d-d965ccfc6d4b" outcome="Passed" testListId="8c84fa94-04c1-424b-9868-57a2d4851a1d" relativeResultsDirectory="597e10bd-4cc5-4a46-9109-35772a3eca9f" />
    <UnitTestResult executionId="e1b5391f-c673-434a-893e-4fc2f2a24cd1" testId="664900a4-2197-8cb5-103f-b1082fbb1ba1" testName="TestingLayer.SubscriptionServiceTests.VerifySubscription_BoothNotFound_ThrowsNotFound" computerName="LAPTOP-MOKR56NE" duration="00:00:00.0028027" startTime="2026-08-17T14:36:15.5048980+07:00" endTime="2026-08-17T14:36:15.5073938+07:00" testType="13cdc9d9-ddb5-4fa4-a97d-d965ccfc6d4b" outcome="Passed" testListId="8c84fa94-04c1-424b-9868-57a2d4851a1d" relativeResultsDirectory="e1b5391f-c673-434a-893e-4fc2f2a24cd1" />
    <UnitTestResult executionId="9f1a8d7a-f348-4efe-bf41-e50a705a533e" testId="46cc3b42-d0d6-2833-290d-27429bf5aac2" testName="TestingLayer.AdminModerationServiceTests.GetBoothsAsync_ReturnsActualBoothStatus(status: Active)" computerName="LAPTOP-MOKR56NE" duration="00:00:00.0330580" startTime="2026-08-17T14:36:15.5976455+07:00" endTime="2026-08-17T14:36:15.6291787+07:00" testType="13cdc9d9-ddb5-4fa4-a97d-d965ccfc6d4b" outcome="Passed" testListId="8c84fa94-04c1-424b-9868-57a2d4851a1d" relativeResultsDirectory="9f1a8d7a-f348-4efe-bf41-e50a705a533e" />
    <UnitTestResult executionId="72aac354-c40e-4141-9fe3-56d75644ed28" testId="fcfbe41d-7b20-1b0e-d7b1-51e5f3e202d1" testName="TestingLayer.PackageTemplateTests.ResolveTemplate_BoothGrowth_ReturnsCorrectEntitlements" computerName="LAPTOP-MOKR56NE" duration="00:00:00.0085083" startTime="2026-08-17T14:36:15.9424872+07:00" endTime="2026-08-17T14:36:15.9429309+07:00" testType="13cdc9d9-ddb5-4fa4-a97d-d965ccfc6d4b" outcome="Passed" testListId="8c84fa94-04c1-424b-9868-57a2d4851a1d" relativeResultsDirectory="72aac354-c40e-4141-9fe3-56d75644ed28" />
    <UnitTestResult executionId="60f8ee1a-27ea-48a2-bae9-9655ad114e28" testId="8de5302f-29a7-6316-3bd8-26c19610090d" testName="TestingLayer.SystemFoodTaxonomyTests.MenuCreateAndUpdate_PersistValidatedSystemCategory" computerName="LAPTOP-MOKR56NE" duration="00:00:01.2921366" startTime="2026-08-17T14:36:15.7912605+07:00" endTime="2026-08-17T14:36:17.0825661+07:00" testType="13cdc9d9-ddb5-4fa4-a97d-d965ccfc6d4b" outcome="Passed" testListId="8c84fa94-04c1-424b-9868-57a2d4851a1d" relativeResultsDirectory="60f8ee1a-27ea-48a2-bae9-9655ad114e28" />
    <UnitTestResult executionId="95f9820a-bb09-4c2a-824c-98760f1213d7" testId="4d660fd1-3f64-d3bc-7f59-9addb709f1d5" testName="TestingLayer.AssistantArbitraryPromptTests.MealPlan_NoDessertInPool_DessertSectionEmpty" computerName="LAPTOP-MOKR56NE" duration="00:00:00.0066688" startTime="2026-08-17T14:36:15.8153681+07:00" endTime="2026-08-17T14:36:15.8218378+07:00" testType="13cdc9d9-ddb5-4fa4-a97d-d965ccfc6d4b" outcome="Passed" testListId="8c84fa94-04c1-424b-9868-57a2d4851a1d" relativeResultsDirectory="95f9820a-bb09-4c2a-824c-98760f1213d7" />
    <UnitTestResult executionId="e93b64cb-a7ca-4864-97f0-e7f4e094be7a" testId="981e2a8b-6309-0cb0-04f0-2c440468a8e8" testName="TestingLayer.AdminNotificationServiceTests.CreateByAdminAsync_NoRecipients_ThrowsNotFound" computerName="LAPTOP-MOKR56NE" duration="00:00:00.0016381" startTime="2026-08-17T14:36:15.6221726+07:00" endTime="2026-08-17T14:36:15.6234979+07:00" testType="13cdc9d9-ddb5-4fa4-a97d-d965ccfc6d4b" outcome="Passed" testListId="8c84fa94-04c1-424b-9868-57a2d4851a1d" relativeResultsDirectory="e93b64cb-a7ca-4864-97f0-e7f4e094be7a" />
    <UnitTestResult executionId="544b9206-2d6e-4606-9440-5a8152dea8cc" testId="8273fdd1-8379-4dc0-c1ad-1b0c69ab5e7f" testName="TestingLayer.PriceServiceTests.FoodPriceResolver_UsesActiveInclusiveRange_AndDeterministicCreatedAtTieBreak" computerName="LAPTOP-MOKR56NE" duration="00:00:00.0032029" startTime="2026-08-17T14:36:15.7592624+07:00" endTime="2026-08-17T14:36:15.7637458+07:00" testType="13cdc9d9-ddb5-4fa4-a97d-d965ccfc6d4b" outcome="Passed" testListId="8c84fa94-04c1-424b-9868-57a2d4851a1d" relativeResultsDirectory="544b9206-2d6e-4606-9440-5a8152dea8cc" />
    <UnitTestResult executionId="24b1e9ca-c292-40e2-8772-24f601b4af4d" testId="89202286-d930-02f7-97af-e6c771a9c225" testName="TestingLayer.AuthenticationServiceTests.ForgotPassword_SendFailure_StillReturnsGenericSuccess" computerName="LAPTOP-MOKR56NE" duration="00:00:00.0025745" startTime="2026-08-17T14:36:15.9614949+07:00" endTime="2026-08-17T14:36:15.9637408+07:00" testType="13cdc9d9-ddb5-4fa4-a97d-d965ccfc6d4b" outcome="Passed" testListId="8c84fa94-04c1-424b-9868-57a2d4851a1d" relativeResultsDirectory="24b1e9ca-c292-40e2-8772-24f601b4af4d" />
    <UnitTestResult executionId="4f0d4e2c-1247-494c-b4ee-2f675ebd03a4" testId="bfc4b26e-8aa5-f2b5-cc5c-38b5f142980a" testName="TestingLayer.AssistantSemanticMatcherTests.ProjectFood_IncludesSalesRatingAndPriceFacts" computerName="LAPTOP-MOKR56NE" duration="00:00:00.0104692" startTime="2026-08-17T14:36:15.6325435+07:00" endTime="2026-08-17T14:36:15.6422060+07:00" testType="13cdc9d9-ddb5-4fa4-a97d-d965ccfc6d4b" outcome="Passed" testListId="8c84fa94-04c1-424b-9868-57a2d4851a1d" relativeResultsDirectory="4f0d4e2c-1247-494c-b4ee-2f675ebd03a4" />
    <UnitTestResult executionId="c964e028-8754-49d5-a76e-3c6d69161191" testId="ba4c8a5f-17c2-754a-fc8e-92ea7df4eab3" testName="TestingLayer.IndoorRouteInstructionBuilderTests.TurnClassification_UsesTopLeftYAxisAndCoversCanonicalCodes" computerName="LAPTOP-MOKR56NE" duration="00:00:00.0003552" startTime="2026-08-17T14:36:15.9052831+07:00" endTime="2026-08-17T14:36:15.9053877+07:00" testType="13cdc9d9-ddb5-4fa4-a97d-d965ccfc6d4b" outcome="Passed" testListId="8c84fa94-04c1-424b-9868-57a2d4851a1d" relativeResultsDirectory="c964e028-8754-49d5-a76e-3c6d69161191" />
    <UnitTestResult executionId="5dd65e51-b92c-4e42-83cf-1b9d2a259fac" testId="52494d68-417a-3ceb-a776-a6e447a8880b" testName="TestingLayer.ChatServiceTests.SendMessage_PostCommitDeliveryFailures_DoNotFailPersistedMessage" computerName="LAPTOP-MOKR56NE" duration="00:00:00.0063557" startTime="2026-08-17T14:36:16.0187768+07:00" endTime="2026-08-17T14:36:16.0249973+07:00" testType="13cdc9d9-ddb5-4fa4-a97d-d965ccfc6d4b" outcome="Passed" testListId="8c84fa94-04c1-424b-9868-57a2d4851a1d" relativeResultsDirectory="5dd65e51-b92c-4e42-83cf-1b9d2a259fac" />
    <UnitTestResult executionId="2f410a79-812a-47c1-9220-f853b4081578" testId="7b3a0440-e3c2-7adf-d4b4-2b32169014bd" testName="TestingLayer.AuthenticationServiceTests.RefreshToken_RevokedOrExpired_IsUnauthorized(expired: True)" computerName="LAPTOP-MOKR56NE" duration="00:00:00.0018035" startTime="2026-08-17T14:36:15.9485302+07:00" endTime="2026-08-17T14:36:15.9501022+07:00" testType="13cdc9d9-ddb5-4fa4-a97d-d965ccfc6d4b" outcome="Passed" testListId="8c84fa94-04c1-424b-9868-57a2d4851a1d" relativeResultsDirectory="2f410a79-812a-47c1-9220-f853b4081578" />
    <UnitTestResult executionId="3be07688-c589-4948-9815-bbc7e0ceb4e5" testId="1fecf9a7-2212-4178-ee1f-4f5fda20a9cf" testName="TestingLayer.IndoorPositioningServicePhase5Tests.VirtualOrigin_BidirectionalPartialCostAndPath(progress: 0.75, total: 75)" computerName="LAPTOP-MOKR56NE" duration="00:00:00.0009735" startTime="2026-08-17T14:36:22.3940966+07:00" endTime="2026-08-17T14:36:22.3950199+07:00" testType="13cdc9d9-ddb5-4fa4-a97d-d965ccfc6d4b" outcome="Passed" testListId="8c84fa94-04c1-424b-9868-57a2d4851a1d" relativeResultsDirectory="3be07688-c589-4948-9815-bbc7e0ceb4e5" />
    <UnitTestResult executionId="c41ab2dc-4d01-4514-b98e-f8013176c8e6" testId="4edc4208-a20a-fc48-ec70-d1f495b7100e" testName="TestingLayer.IndoorNavigationCorridorTests.FindRoute_UsesTransientGraphWithoutRewritingPersistedStarEdges" computerName="LAPTOP-MOKR56NE" duration="00:00:00.0204361" startTime="2026-08-17T14:36:17.3039640+07:00" endTime="2026-08-17T14:36:17.3244711+07:00" testType="13cdc9d9-ddb5-4fa4-a97d-d965ccfc6d4b" outcome="Passed" testListId="8c84fa94-04c1-424b-9868-57a2d4851a1d" relativeResultsDirectory="c41ab2dc-4d01-4514-b98e-f8013176c8e6" />
    <UnitTestResult executionId="b9b4e3a0-eedd-4fa1-be13-29a509ebe90d" testId="53caef41-25ee-9441-de65-5d9928c6e854" testName="TestingLayer.OrderRefundLifecycleTests.Reconciliation_RequiresExactProviderAmount_BeforeRefunded" computerName="LAPTOP-MOKR56NE" duration="00:00:00.0063330" startTime="2026-08-17T14:36:15.5836480+07:00" endTime="2026-08-17T14:36:15.5908333+07:00" testType="13cdc9d9-ddb5-4fa4-a97d-d965ccfc6d4b" outcome="Passed" testListId="8c84fa94-04c1-424b-9868-57a2d4851a1d" relativeResultsDirectory="b9b4e3a0-eedd-4fa1-be13-29a509ebe90d" />
    <UnitTestResult executionId="c93bc5bc-51d7-4cef-a87a-4877212680ed" testId="1c69ea24-f857-3f63-a10e-ad20053e31f2" testName="TestingLayer.PostgresCustomerHistoryReviewComplaintVerificationTests.AppliedDatabase_HasMigrationBackfillAndExpectedIndexes" computerName="LAPTOP-MOKR56NE" duration="00:00:00.0018744" startTime="2026-08-17T14:36:15.7044701+07:00" endTime="2026-08-17T14:36:15.7058372+07:00" testType="13cdc9d9-ddb5-4fa4-a97d-d965ccfc6d4b" outcome="Passed" testListId="8c84fa94-04c1-424b-9868-57a2d4851a1d" relativeResultsDirectory="c93bc5bc-51d7-4cef-a87a-4877212680ed" />
    <UnitTestResult executionId="afe97e3b-be3c-4345-86cd-c81fc48bb351" testId="4178aba9-7132-c761-f947-455159a9d2f0" testName="TestingLayer.LocalFileStorageServiceTests.SaveAvatarAsync_AllSupportedFormats_AreAccepted(fileName: &quot;photo.webp&quot;, contentType: &quot;image/webp&quot;, format: &quot;webp&quot;)" computerName="LAPTOP-MOKR56NE" duration="00:00:00.0068069" startTime="2026-08-17T14:36:15.6291002+07:00" endTime="2026-08-17T14:36:15.6356218+07:00" testType="13cdc9d9-ddb5-4fa4-a97d-d965ccfc6d4b" outcome="Passed" testListId="8c84fa94-04c1-424b-9868-57a2d4851a1d" relativeResultsDirectory="afe97e3b-be3c-4345-86cd-c81fc48bb351" />
    <UnitTestResult executionId="f5346564-363d-40d7-90d1-0c9afdfa47ff" testId="fa27c4e4-3462-edfa-f1ff-fdb3f219150e" testName="TestingLayer.AssistantArbitraryPromptTests.MealPlan_GrilledFriends_UsesLlmMappedPrepAndContext" computerName="LAPTOP-MOKR56NE" duration="00:00:00.0072778" startTime="2026-08-17T14:36:15.8576065+07:00" endTime="2026-08-17T14:36:15.8646666+07:00" testType="13cdc9d9-ddb5-4fa4-a97d-d965ccfc6d4b" outcome="Passed" testListId="8c84fa94-04c1-424b-9868-57a2d4851a1d" relativeResultsDirectory="f5346564-363d-40d7-90d1-0c9afdfa47ff" />
    <UnitTestResult executionId="2f929239-6ecd-4474-9b76-e13d84562ae0" testId="1b20a9eb-98dd-d579-bb22-1c619c52a01b" testName="TestingLayer.AssistantServiceTests.AddMealPlanToCart_FoodUnavailable_ThrowsConflict" computerName="LAPTOP-MOKR56NE" duration="00:00:00.0069935" startTime="2026-08-17T14:36:15.8477453+07:00" endTime="2026-08-17T14:36:15.8545075+07:00" testType="13cdc9d9-ddb5-4fa4-a97d-d965ccfc6d4b" outcome="Passed" testListId="8c84fa94-04c1-424b-9868-57a2d4851a1d" relativeResultsDirectory="2f929239-6ecd-4474-9b76-e13d84562ae0" />
    <UnitTestResult executionId="10a5ebd5-2df7-4637-957c-9d0cdeff6577" testId="5e9f4ccd-48dd-f4aa-4ebb-c8c43f9e70e3" testName="TestingLayer.AdminModerationServiceTests.GetBoothHistoryAsync_ReturnsPagedHistory" computerName="LAPTOP-MOKR56NE" duration="00:00:00.0074519" startTime="2026-08-17T14:36:15.5291498+07:00" endTime="2026-08-17T14:36:15.5348835+07:00" testType="13cdc9d9-ddb5-4fa4-a97d-d965ccfc6d4b" outcome="Passed" testListId="8c84fa94-04c1-424b-9868-57a2d4851a1d" relativeResultsDirectory="10a5ebd5-2df7-4637-957c-9d0cdeff6577" />
    <UnitTestResult executionId="a4182644-b045-46d4-8d58-1641541bbc7a" testId="0affe0da-f900-7b37-3398-685576d4515d" testName="TestingLayer.NightMarketCustomerTests.CustomerDirectQueries_BlockHiddenParents" computerName="LAPTOP-MOKR56NE" duration="00:00:00.2153994" startTime="2026-08-17T14:36:16.9502437+07:00" endTime="2026-08-17T14:36:17.1655537+07:00" testType="13cdc9d9-ddb5-4fa4-a97d-d965ccfc6d4b" outcome="Passed" testListId="8c84fa94-04c1-424b-9868-57a2d4851a1d" relativeResultsDirectory="a4182644-b045-46d4-8d58-1641541bbc7a" />
    <UnitTestResult executionId="f3cd922e-9fb1-4fd2-b6a3-8ff00036de80" testId="ec745154-bf3c-51e8-5e55-d8a92f914ca1" testName="TestingLayer.LocalFileStorageServiceTests.SaveAvatarAsync_ClientPathNeverControlsFinalStoragePath(clientFileName: &quot;C:\\temp\\escape.png&quot;)" computerName="LAPTOP-MOKR56NE" duration="00:00:00.0088124" startTime="2026-08-17T14:36:15.6478956+07:00" endTime="2026-08-17T14:36:15.6568758+07:00" testType="13cdc9d9-ddb5-4fa4-a97d-d965ccfc6d4b" outcome="Passed" testListId="8c84fa94-04c1-424b-9868-57a2d4851a1d" relativeResultsDirectory="f3cd922e-9fb1-4fd2-b6a3-8ff00036de80" />
    <UnitTestResult executionId="42496b05-8e2d-4c55-b294-0823806156d4" testId="668797ad-2d06-e979-873f-9d56f055bcdf" testName="TestingLayer.SubscriptionServiceTests.VerifySubscription_RejectBooth_CancelsSubscription" computerName="LAPTOP-MOKR56NE" duration="00:00:00.0073345" startTime="2026-08-17T14:36:15.5077318+07:00" endTime="2026-08-17T14:36:15.5148845+07:00" testType="13cdc9d9-ddb5-4fa4-a97d-d965ccfc6d4b" outcome="Passed" testListId="8c84fa94-04c1-424b-9868-57a2d4851a1d" relativeResultsDirectory="42496b05-8e2d-4c55-b294-0823806156d4" />
    <UnitTestResult executionId="dd21f408-9c0c-4485-ac79-f37426229165" testId="64cdd7fc-8ba2-138c-c026-dae0b9148c37" testName="TestingLayer.AccountServiceTests.UpdateAvatarAsync_PersistsManagedUrlThenDeletesOldAvatar" computerName="LAPTOP-MOKR56NE" duration="00:00:00.0048394" startTime="2026-08-17T14:36:15.6504750+07:00" endTime="2026-08-17T14:36:15.6550210+07:00" testType="13cdc9d9-ddb5-4fa4-a97d-d965ccfc6d4b" outcome="Passed" testListId="8c84fa94-04c1-424b-9868-57a2d4851a1d" relativeResultsDirectory="dd21f408-9c0c-4485-ac79-f37426229165" />
    <UnitTestResult executionId="1d74858b-e2e2-45b6-8f98-3fc29bce1276" testId="39e05c8d-f939-25f2-bfa5-ec387a144ec4" testName="TestingLayer.DatabaseReadinessHealthCheckTests.CheckHealthAsync_ReturnsHealthy_WhenDatabaseCanConnect" computerName="LAPTOP-MOKR56NE" duration="00:00:00.8365588" startTime="2026-08-17T14:36:15.7641635+07:00" endTime="2026-08-17T14:36:16.5989901+07:00" testType="13cdc9d9-ddb5-4fa4-a97d-d965ccfc6d4b" outcome="Passed" testListId="8c84fa94-04c1-424b-9868-57a2d4851a1d" relativeResultsDirectory="1d74858b-e2e2-45b6-8f98-3fc29bce1276" />
    <UnitTestResult executionId="af7176f1-a940-4ebe-b429-ecf915f04975" testId="d097e001-7390-e011-9d16-46e2fab05c66" testName="TestingLayer.PackageTemplateTests.GetFeatures_ReturnsExpectedFeaturesCount(code: &quot;MARKET_PRO&quot;, expectedCount: 13)" computerName="LAPTOP-MOKR56NE" duration="00:00:00.0002587" startTime="2026-08-17T14:36:15.8708745+07:00" endTime="2026-08-17T14:36:15.8712752+07:00" testType="13cdc9d9-ddb5-4fa4-a97d-d965ccfc6d4b" outcome="Passed" testListId="8c84fa94-04c1-424b-9868-57a2d4851a1d" relativeResultsDirectory="af7176f1-a940-4ebe-b429-ecf915f04975" />
    <UnitTestResult executionId="d4be3979-c46a-4cbe-83f4-f830aec3f51a" testId="ef3f5c80-d1c6-c1fa-227f-52b5b944e6c3" testName="TestingLayer.PackagePolicySeederTests.SeedAsync_PaidPackage_AppendsSharedTermsAfterSpecificTerms(code: &quot;MARKET_PRO&quot;, specificCount: 15, firstSpecificTerm: &quot;Market Pro includes all Market Basic features.&quot;)" computerName="LAPTOP-MOKR56NE" duration="00:00:00.0185890" startTime="2026-08-17T14:36:16.9908021+07:00" endTime="2026-08-17T14:36:17.0092260+07:00" testType="13cdc9d9-ddb5-4fa4-a97d-d965ccfc6d4b" outcome="Passed" testListId="8c84fa94-04c1-424b-9868-57a2d4851a1d" relativeResultsDirectory="d4be3979-c46a-4cbe-83f4-f830aec3f51a" />
    <UnitTestResult executionId="1ca54ec9-3b36-4e91-8199-2926d4edf193" testId="32c1d3a4-f35c-9ad4-38a9-671305632a35" testName="TestingLayer.AssistantServiceTests.GetMealPlanItemReplacements_HallucinatedId_Throws503" computerName="LAPTOP-MOKR56NE" duration="00:00:00.0153784" startTime="2026-08-17T14:36:15.7454061+07:00" endTime="2026-08-17T14:36:15.7597006+07:00" testType="13cdc9d9-ddb5-4fa4-a97d-d965ccfc6d4b" outcome="Passed" testListId="8c84fa94-04c1-424b-9868-57a2d4851a1d" relativeResultsDirectory="1ca54ec9-3b36-4e91-8199-2926d4edf193" />
    <UnitTestResult executionId="4a7e392a-c394-4661-a067-a322d78c58d4" testId="0c275979-fa0d-5759-0f2f-88dee0d34886" testName="TestingLayer.AdminModerationServiceTests.GetBoothsAsync_ReturnsActualBoothStatus(status: Inactive)" computerName="LAPTOP-MOKR56NE" duration="00:00:00.0016095" startTime="2026-08-17T14:36:15.6327756+07:00" endTime="2026-08-17T14:36:15.6332317+07:00" testType="13cdc9d9-ddb5-4fa4-a97d-d965ccfc6d4b" outcome="Passed" testListId="8c84fa94-04c1-424b-9868-57a2d4851a1d" relativeResultsDirectory="4a7e392a-c394-4661-a067-a322d78c58d4" />
    <UnitTestResult executionId="696091f9-3d2e-4c7a-aab0-ddc39ce81807" testId="80ec6209-0096-5f78-5166-7a9c1774b660" testName="TestingLayer.AuthenticationServiceTests.ChangePassword_WrongCurrentPassword_DoesNotUpdateAccount" computerName="LAPTOP-MOKR56NE" duration="00:00:00.0046781" startTime="2026-08-17T14:36:15.9916614+07:00" endTime="2026-08-17T14:36:15.9961518+07:00" testType="13cdc9d9-ddb5-4fa4-a97d-d965ccfc6d4b" outcome="Passed" testListId="8c84fa94-04c1-424b-9868-57a2d4851a1d" relativeResultsDirectory="696091f9-3d2e-4c7a-aab0-ddc39ce81807" />
    <UnitTestResult executionId="22af594c-a108-4f88-a1ea-a54b94c114d4" testId="0ba849b9-e82c-9a79-cb78-adccb5780c26" testName="TestingLayer.PackageImageServiceTests.UploadImageAsync_SaveChangesThrows_NewFileDeleteFailure_StillRethrowsOriginal" computerName="LAPTOP-MOKR56NE" duration="00:00:00.0033292" startTime="2026-08-17T14:36:15.7966142+07:00" endTime="2026-08-17T14:36:15.8063245+07:00" testType="13cdc9d9-ddb5-4fa4-a97d-d965ccfc6d4b" outcome="Passed" testListId="8c84fa94-04c1-424b-9868-57a2d4851a1d" relativeResultsDirectory="22af594c-a108-4f88-a1ea-a54b94c114d4" />
    <UnitTestResult executionId="4fe80b29-252b-41b6-bb03-d14769ef6303" testId="7c121be6-a5c3-6b74-d7fe-7d20fe70aede" testName="TestingLayer.SNMContextFactoryTests.LoadDotEnv_FillsMissingEnvironmentValue" computerName="LAPTOP-MOKR56NE" duration="00:00:00.0284423" startTime="2026-08-17T14:36:15.5899081+07:00" endTime="2026-08-17T14:36:15.6181409+07:00" testType="13cdc9d9-ddb5-4fa4-a97d-d965ccfc6d4b" outcome="Passed" testListId="8c84fa94-04c1-424b-9868-57a2d4851a1d" relativeResultsDirectory="4fe80b29-252b-41b6-bb03-d14769ef6303" />
    <UnitTestResult executionId="97bf1261-dca1-491a-8a82-1dd0f9e31f97" testId="a5900331-519e-4268-5d09-07d2ce50b77c" testName="TestingLayer.PriceServiceTests.CreatePackagePriceAsync_PromotionPriceEqualsBasePrice_ThrowsBadRequest" computerName="LAPTOP-MOKR56NE" duration="00:00:00.0018932" startTime="2026-08-17T14:36:15.7642697+07:00" endTime="2026-08-17T14:36:15.7645310+07:00" testType="13cdc9d9-ddb5-4fa4-a97d-d965ccfc6d4b" outcome="Passed" testListId="8c84fa94-04c1-424b-9868-57a2d4851a1d" relativeResultsDirectory="97bf1261-dca1-491a-8a82-1dd0f9e31f97" />
    <UnitTestResult executionId="108b4e0b-4069-4241-a092-147ec76cb54f" testId="7ae0ff6f-9111-d640-23f4-81ef83528c57" testName="TestingLayer.AssistantServiceTests.UpdateMealPlanItemQuantity_RecalculatesTotals_AllowsOverBudget" computerName="LAPTOP-MOKR56NE" duration="00:00:00.0076123" startTime="2026-08-17T14:36:15.7331621+07:00" endTime="2026-08-17T14:36:15.7399482+07:00" testType="13cdc9d9-ddb5-4fa4-a97d-d965ccfc6d4b" outcome="Passed" testListId="8c84fa94-04c1-424b-9868-57a2d4851a1d" relativeResultsDirectory="108b4e0b-4069-4241-a092-147ec76cb54f" />
    <UnitTestResult executionId="62051e69-5fd1-4eac-ae28-26971c1f32d4" testId="de5178bc-fc95-40ba-a880-84d06d0fcffc" testName="TestingLayer.PackagePolicySeederTests.SeedAsync_ContentMarkdown_ContainsEveryTermFromContentJson" computerName="LAPTOP-MOKR56NE" duration="00:00:00.0169945" startTime="2026-08-17T14:36:17.0760335+07:00" endTime="2026-08-17T14:36:17.0928906+07:00" testType="13cdc9d9-ddb5-4fa4-a97d-d965ccfc6d4b" outcome="Passed" testListId="8c84fa94-04c1-424b-9868-57a2d4851a1d" relativeResultsDirectory="62051e69-5fd1-4eac-ae28-26971c1f32d4" />
    <UnitTestResult executionId="6021b58f-b5f1-4972-bdc6-fc3ac0bfdcb0" testId="953e0c54-5c22-ff13-4cf2-5b570f4b3d92" testName="TestingLayer.PackagePolicySeederTests.SeedAsync_ExistingDraft_ReportsNeedsActivationAndDoesNotActivate" computerName="LAPTOP-MOKR56NE" duration="00:00:01.5814530" startTime="2026-08-17T14:36:15.3837668+07:00" endTime="2026-08-17T14:36:16.9484590+07:00" testType="13cdc9d9-ddb5-4fa4-a97d-d965ccfc6d4b" outcome="Passed" testListId="8c84fa94-04c1-424b-9868-57a2d4851a1d" relativeResultsDirectory="6021b58f-b5f1-4972-bdc6-fc3ac0bfdcb0" />
    <UnitTestResult executionId="722eb751-e42a-44f4-ab22-2b848cab6685" testId="4a1e84f3-821d-cb80-c8f0-58b0eb831574" testName="TestingLayer.AssistantOpenAiLanguageModelClientTests.CompleteJson_MissingApiKey_Throws503_WithoutHttpCall" computerName="LAPTOP-MOKR56NE" duration="00:00:00.0028921" startTime="2026-08-17T14:36:16.8535141+07:00" endTime="2026-08-17T14:36:16.8561154+07:00" testType="13cdc9d9-ddb5-4fa4-a97d-d965ccfc6d4b" outcome="Passed" testListId="8c84fa94-04c1-424b-9868-57a2d4851a1d" relativeResultsDirectory="722eb751-e42a-44f4-ab22-2b848cab6685" />
    <UnitTestResult executionId="4b4927cc-6cdc-4194-8edb-93d7ccdf59ab" testId="3150043a-555c-5f5a-59f2-e4107f63cd4c" testName="TestingLayer.AssistantServiceTests.ReplaceMealPlanItem_RejectsIdOutsideBackendPool" computerName="LAPTOP-MOKR56NE" duration="00:00:00.0122450" startTime="2026-08-17T14:36:15.7906667+07:00" endTime="2026-08-17T14:36:15.8072904+07:00" testType="13cdc9d9-ddb5-4fa4-a97d-d965ccfc6d4b" outcome="Passed" testListId="8c84fa94-04c1-424b-9868-57a2d4851a1d" relativeResultsDirectory="4b4927cc-6cdc-4194-8edb-93d7ccdf59ab" />
    <UnitTestResult executionId="a746daba-1448-45c5-80b2-f6d804aac969" testId="2c4f555a-e0c2-ad13-baae-72a5ea1ba065" testName="TestingLayer.PackageTemplateTests.ResolveTemplate_BoothFree_ReturnsCorrectEntitlements" computerName="LAPTOP-MOKR56NE" duration="00:00:00.0048030" startTime="2026-08-17T14:36:15.8607506+07:00" endTime="2026-08-17T14:36:15.8654407+07:00" testType="13cdc9d9-ddb5-4fa4-a97d-d965ccfc6d4b" outcome="Passed" testListId="8c84fa94-04c1-424b-9868-57a2d4851a1d" relativeResultsDirectory="a746daba-1448-45c5-80b2-f6d804aac969" />
    <UnitTestResult executionId="b48a7575-24bc-401b-96ee-2cbba0478384" testId="7e490613-5448-6f5c-9dca-cbcfd73deacf" testName="TestingLayer.AssistantSemanticMatcherTests.Score_EmptyEligible_DoesNotCallProvider" computerName="LAPTOP-MOKR56NE" duration="00:00:00.0021546" startTime="2026-08-17T14:36:15.7028508+07:00" endTime="2026-08-17T14:36:15.7054582+07:00" testType="13cdc9d9-ddb5-4fa4-a97d-d965ccfc6d4b" outcome="Passed" testListId="8c84fa94-04c1-424b-9868-57a2d4851a1d" relativeResultsDirectory="b48a7575-24bc-401b-96ee-2cbba0478384" />
    <UnitTestResult executionId="34a7d49e-f4b8-4cd4-b496-ef37af0024c7" testId="27c94f20-40fd-fc61-07d6-b81e5b15b3ad" testName="TestingLayer.NavigationEntranceServiceTests.PublicEntrances_FilterExitBlockedAndUnreachable_AndSerializeVersionedContract" computerName="LAPTOP-MOKR56NE" duration="00:00:00.0122950" startTime="2026-08-17T14:36:17.1187608+07:00" endTime="2026-08-17T14:36:17.1309172+07:00" testType="13cdc9d9-ddb5-4fa4-a97d-d965ccfc6d4b" outcome="Passed" testListId="8c84fa94-04c1-424b-9868-57a2d4851a1d" relativeResultsDirectory="34a7d49e-f4b8-4cd4-b496-ef37af0024c7" />
    <UnitTestResult executionId="b9136036-a55d-4635-9d7b-a4c4cae87ee5" testId="0b40b0dc-6fa5-856c-1e08-987dc825f279" testName="TestingLayer.BackgroundWorkerCancellationTests.SubscriptionExpiryWorker_CancellationWithoutHostShutdown_IsLoggedAndRetried" computerName="LAPTOP-MOKR56NE" duration="00:00:00.0109116" startTime="2026-08-17T14:36:15.6447035+07:00" endTime="2026-08-17T14:36:15.6561208+07:00" testType="13cdc9d9-ddb5-4fa4-a97d-d965ccfc6d4b" outcome="Passed" testListId="8c84fa94-04c1-424b-9868-57a2d4851a1d" relativeResultsDirectory="b9136036-a55d-4635-9d7b-a4c4cae87ee5" />
    <UnitTestResult executionId="1f1bee94-1a4d-493c-9a14-3bca44df6015" testId="1d177352-bb5f-606b-75ef-5e79d8bdcfec" testName="TestingLayer.CartIntegrationBusinessTests.RealRepositories_CartLifecycle_PreservesBackendBusinessRules" computerName="LAPTOP-MOKR56NE" duration="00:00:02.7748702" startTime="2026-08-17T14:36:15.9621664+07:00" endTime="2026-08-17T14:36:18.7370289+07:00" testType="13cdc9d9-ddb5-4fa4-a97d-d965ccfc6d4b" outcome="Passed" testListId="8c84fa94-04c1-424b-9868-57a2d4851a1d" relativeResultsDirectory="1f1bee94-1a4d-493c-9a14-3bca44df6015" />
    <UnitTestResult executionId="2e197b42-37a6-43b5-8f63-9ac4e95f86f9" testId="de4ddfce-ee7d-46c2-e65f-d2ed056d69a6" testName="TestingLayer.SubscriptionEntitlementServiceTests.GetRecommendationPriorityAsync_NoSubscription_Returns1" computerName="LAPTOP-MOKR56NE" duration="00:00:00.0007251" startTime="2026-08-17T14:36:15.7463633+07:00" endTime="2026-08-17T14:36:15.7465726+07:00" testType="13cdc9d9-ddb5-4fa4-a97d-d965ccfc6d4b" outcome="Passed" testListId="8c84fa94-04c1-424b-9868-57a2d4851a1d" relativeResultsDirectory="2e197b42-37a6-43b5-8f63-9ac4e95f86f9" />
    <UnitTestResult executionId="ef4fa735-8ef7-43fe-ac59-b23793a3c9e8" testId="714c1f26-2aa2-d5e5-ab76-afeaefb92d37" testName="TestingLayer.IntegrationDemoDataSeederTests.SeedAsync_RunTwice_IsIdempotentAndBusinessConsistent" computerName="LAPTOP-MOKR56NE" duration="00:00:01.7510432" startTime="2026-08-17T14:36:20.6244510+07:00" endTime="2026-08-17T14:36:22.3754254+07:00" testType="13cdc9d9-ddb5-4fa4-a97d-d965ccfc6d4b" outcome="Passed" testListId="8c84fa94-04c1-424b-9868-57a2d4851a1d" relativeResultsDirectory="ef4fa735-8ef7-43fe-ac59-b23793a3c9e8" />
    <UnitTestResult executionId="fae602f2-99c6-4725-a5b0-da7ce41161cd" testId="5db90111-45ab-bacb-5104-83cc26b1772c" testName="TestingLayer.IndoorNavigationCorridorTests.Dijkstra_UnreachableDestinationReturnsFailure" computerName="LAPTOP-MOKR56NE" duration="00:00:00.0005883" startTime="2026-08-17T14:36:17.3247355+07:00" endTime="2026-08-17T14:36:17.3250412+07:00" testType="13cdc9d9-ddb5-4fa4-a97d-d965ccfc6d4b" outcome="Passed" testListId="8c84fa94-04c1-424b-9868-57a2d4851a1d" relativeResultsDirectory="fae602f2-99c6-4725-a5b0-da7ce41161cd" />
    <UnitTestResult executionId="67ae440c-271b-42a9-95ef-f5f4f9f86ade" testId="02dad825-7475-9bc8-352c-e3828f5131cc" testName="TestingLayer.AdminModerationServiceTests.ChangeMarketModerationStatus_Suspend_Succeeds" computerName="LAPTOP-MOKR56NE" duration="00:00:00.0098076" startTime="2026-08-17T14:36:15.6825515+07:00" endTime="2026-08-17T14:36:15.6910379+07:00" testType="13cdc9d9-ddb5-4fa4-a97d-d965ccfc6d4b" outcome="Passed" testListId="8c84fa94-04c1-424b-9868-57a2d4851a1d" relativeResultsDirectory="67ae440c-271b-42a9-95ef-f5f4f9f86ade" />
    <UnitTestResult executionId="5e96e8db-445e-42ac-b7bb-8bfcb1ceee35" testId="474b31f9-8c48-199d-7db0-11378a83667d" testName="TestingLayer.PromotionUsageLifecycleTests.ReleaseReserved_MakesQuotaReusableAndIsIdempotent" computerName="LAPTOP-MOKR56NE" duration="00:00:00.0035552" startTime="2026-08-17T14:36:15.4022968+07:00" endTime="2026-08-17T14:36:15.4143885+07:00" testType="13cdc9d9-ddb5-4fa4-a97d-d965ccfc6d4b" outcome="Passed" testListId="8c84fa94-04c1-424b-9868-57a2d4851a1d" relativeResultsDirectory="5e96e8db-445e-42ac-b7bb-8bfcb1ceee35" />
    <UnitTestResult executionId="ecbf3716-936b-41f0-988a-6d6e4f81d889" testId="dbbd7331-5f81-8e86-6757-d55effad7ea7" testName="TestingLayer.AssistantSemanticMatcherTests.Score_UsesConfiguredConcurrencyBound" computerName="LAPTOP-MOKR56NE" duration="00:00:00.1090830" startTime="2026-08-17T14:36:15.7487051+07:00" endTime="2026-08-17T14:36:15.8581474+07:00" testType="13cdc9d9-ddb5-4fa4-a97d-d965ccfc6d4b" outcome="Passed" testListId="8c84fa94-04c1-424b-9868-57a2d4851a1d" relativeResultsDirectory="ecbf3716-936b-41f0-988a-6d6e4f81d889" />
    <UnitTestResult executionId="94c6c541-ff8d-4747-b5f1-d32a0613e867" testId="0bab9828-309a-8b24-39d2-2bdc71fc00ce" testName="TestingLayer.AdminModerationServiceTests.BanBooth_NotFound_Throws" computerName="LAPTOP-MOKR56NE" duration="00:00:00.0012567" startTime="2026-08-17T14:36:15.5780578+07:00" endTime="2026-08-17T14:36:15.5785649+07:00" testType="13cdc9d9-ddb5-4fa4-a97d-d965ccfc6d4b" outcome="Passed" testListId="8c84fa94-04c1-424b-9868-57a2d4851a1d" relativeResultsDirectory="94c6c541-ff8d-4747-b5f1-d32a0613e867" />
    <UnitTestResult executionId="a4cbe7a4-dadc-4f35-8a30-54c34b5ca5b7" testId="9e574264-8909-01e6-4293-a5fbc4905262" testName="TestingLayer.AccountServiceTests.ChangeUserStatusAsync_NotificationFails_DoesNotThrow" computerName="LAPTOP-MOKR56NE" duration="00:00:00.0122761" startTime="2026-08-17T14:36:15.6342857+07:00" endTime="2026-08-17T14:36:15.6463570+07:00" testType="13cdc9d9-ddb5-4fa4-a97d-d965ccfc6d4b" outcome="Passed" testListId="8c84fa94-04c1-424b-9868-57a2d4851a1d" relativeResultsDirectory="a4cbe7a4-dadc-4f35-8a30-54c34b5ca5b7" />
    <UnitTestResult executionId="b00637e1-d2dc-4065-b493-15cb6290e727" testId="3befb4e4-fb12-66b9-cb66-6bcf5835aed7" testName="TestingLayer.EdgeProjectionPhase5Tests.Projection_ClampsToSegment(x: 15, y: 1, expectedX: 10, expectedY: 0, progress: 1)" computerName="LAPTOP-MOKR56NE" duration="00:00:00.0023865" startTime="2026-08-17T14:36:22.4073313+07:00" endTime="2026-08-17T14:36:22.4075056+07:00" testType="13cdc9d9-ddb5-4fa4-a97d-d965ccfc6d4b" outcome="Passed" testListId="8c84fa94-04c1-424b-9868-57a2d4851a1d" relativeResultsDirectory="b00637e1-d2dc-4065-b493-15cb6290e727" />
    <UnitTestResult executionId="df906a82-793b-47ba-b26d-23d624b8ef5f" testId="955125fb-5bf6-7584-1703-52de0c053821" testName="TestingLayer.PromotionUsageLifecycleTests.ReleasedUsage_IsNeverConsumedByLatePayment" computerName="LAPTOP-MOKR56NE" duration="00:00:00.0009255" startTime="2026-08-17T14:36:15.4019283+07:00" endTime="2026-08-17T14:36:15.4020466+07:00" testType="13cdc9d9-ddb5-4fa4-a97d-d965ccfc6d4b" outcome="Passed" testListId="8c84fa94-04c1-424b-9868-57a2d4851a1d" relativeResultsDirectory="df906a82-793b-47ba-b26d-23d624b8ef5f" />
    <UnitTestResult executionId="bd7e7bf0-df43-41d6-a573-5afd6f0cbcb2" testId="793fc9b4-2c68-363e-2f97-9a6040604a7a" testName="TestingLayer.AdminModerationServiceTests.RestoreBooth_NotBanned_Throws" computerName="LAPTOP-MOKR56NE" duration="00:00:00.0023574" startTime="2026-08-17T14:36:15.6708492+07:00" endTime="2026-08-17T14:36:15.6733498+07:00" testType="13cdc9d9-ddb5-4fa4-a97d-d965ccfc6d4b" outcome="Passed" testListId="8c84fa94-04c1-424b-9868-57a2d4851a1d" relativeResultsDirectory="bd7e7bf0-df43-41d6-a573-5afd6f0cbcb2" />
    <UnitTestResult executionId="ec05090e-8fb0-4132-b09d-1d67de279f35" testId="b9fe4386-234a-7e22-984e-6248a690d32d" testName="TestingLayer.LocalFileStorageServiceTests.SaveAvatarAsync_MimeDoesNotMatchMagicBytes_IsRejected" computerName="LAPTOP-MOKR56NE" duration="00:00:00.0033861" startTime="2026-08-17T14:36:15.6930765+07:00" endTime="2026-08-17T14:36:15.6948220+07:00" testType="13cdc9d9-ddb5-4fa4-a97d-d965ccfc6d4b" outcome="Passed" testListId="8c84fa94-04c1-424b-9868-57a2d4851a1d" relativeResultsDirectory="ec05090e-8fb0-4132-b09d-1d67de279f35" />
    <UnitTestResult executionId="4ede1cf2-a799-472e-8ce8-8b070f87378a" testId="8983b9e5-cac1-07d7-6507-839d8b3a0b4d" testName="TestingLayer.PromotionValidationServiceTests.CustomerLimit_ReturnsStableConflictCode" computerName="LAPTOP-MOKR56NE" duration="00:00:00.0018691" startTime="2026-08-17T14:36:16.0825107+07:00" endTime="2026-08-17T14:36:16.0842143+07:00" testType="13cdc9d9-ddb5-4fa4-a97d-d965ccfc6d4b" outcome="Passed" testListId="8c84fa94-04c1-424b-9868-57a2d4851a1d" relativeResultsDirectory="4ede1cf2-a799-472e-8ce8-8b070f87378a" />
    <UnitTestResult executionId="2d88b778-6ae9-4749-a4d6-fadc4481adb3" testId="9edbbcbc-7a4c-a773-a2be-86bc88248601" testName="TestingLayer.AuthenticationServiceTests.ForgotPassword_EmailNotConfigured_FailsBeforeUserLookup" computerName="LAPTOP-MOKR56NE" duration="00:00:00.0028276" startTime="2026-08-17T14:36:16.0149271+07:00" endTime="2026-08-17T14:36:16.0177323+07:00" testType="13cdc9d9-ddb5-4fa4-a97d-d965ccfc6d4b" outcome="Passed" testListId="8c84fa94-04c1-424b-9868-57a2d4851a1d" relativeResultsDirectory="2d88b778-6ae9-4749-a4d6-fadc4481adb3" />
    <UnitTestResult executionId="094b9907-5a5a-4801-b092-1b2265c48888" testId="8c8571c8-575a-1713-f1de-8a160eca8508" testName="TestingLayer.ComplaintServiceTests.UpdateStatusAsync_NotFound_Throws404" computerName="LAPTOP-MOKR56NE" duration="00:00:00.0019878" startTime="2026-08-17T14:36:15.6337965+07:00" endTime="2026-08-17T14:36:15.6353629+07:00" testType="13cdc9d9-ddb5-4fa4-a97d-d965ccfc6d4b" outcome="Passed" testListId="8c84fa94-04c1-424b-9868-57a2d4851a1d" relativeResultsDirectory="094b9907-5a5a-4801-b092-1b2265c48888" />
    <UnitTestResult executionId="bc7ba1e1-2934-4c6b-a91d-e224e7988ed3" testId="444ea603-7ffb-8357-93f1-afffbbc7f6e9" testName="TestingLayer.AssistantCompatibilityScorerTests.Score_UnknownCalories_DoNotInventNutrients" computerName="LAPTOP-MOKR56NE" duration="00:00:00.0005733" startTime="2026-08-17T14:36:15.9578142+07:00" endTime="2026-08-17T14:36:15.9579415+07:00" testType="13cdc9d9-ddb5-4fa4-a97d-d965ccfc6d4b" outcome="Passed" testListId="8c84fa94-04c1-424b-9868-57a2d4851a1d" relativeResultsDirectory="bc7ba1e1-2934-4c6b-a91d-e224e7988ed3" />
    <UnitTestResult executionId="dfe8cc93-26f1-47e3-9c8a-9b581effaa83" testId="7f8bea3a-656d-cdc6-e6dd-7050a40053f6" testName="TestingLayer.SubscriptionServiceTests.VerifySubscription_MarketNotFound_ThrowsNotFound" computerName="LAPTOP-MOKR56NE" duration="00:00:00.0024013" startTime="2026-08-17T14:36:15.5578222+07:00" endTime="2026-08-17T14:36:15.5599694+07:00" testType="13cdc9d9-ddb5-4fa4-a97d-d965ccfc6d4b" outcome="Passed" testListId="8c84fa94-04c1-424b-9868-57a2d4851a1d" relativeResultsDirectory="dfe8cc93-26f1-47e3-9c8a-9b581effaa83" />
    <UnitTestResult executionId="c15d412c-6cce-4117-981b-914d7901d836" testId="de41fb8e-c5e2-1330-86dc-bcbb53ac89f6" testName="TestingLayer.PackagePolicySeederTests.SeedAsync_RunTwice_SecondRunIsNoOpWithSkipReport" computerName="LAPTOP-MOKR56NE" duration="00:00:00.0366969" startTime="2026-08-17T14:36:16.9486843+07:00" endTime="2026-08-17T14:36:16.9852905+07:00" testType="13cdc9d9-ddb5-4fa4-a97d-d965ccfc6d4b" outcome="Passed" testListId="8c84fa94-04c1-424b-9868-57a2d4851a1d" relativeResultsDirectory="c15d412c-6cce-4117-981b-914d7901d836" />
    <UnitTestResult executionId="72c6f058-9989-4644-8cc9-164b7488629c" testId="13d9e0e6-6619-fe80-3a45-b1d36197adb9" testName="TestingLayer.PostgresConcurrencyTests.Migrations_UniqueCheckoutIndex_AndAdvisoryLock_WorkOnPostgres" computerName="LAPTOP-MOKR56NE" duration="00:00:00.0146485" startTime="2026-08-17T14:36:15.3832897+07:00" endTime="2026-08-17T14:36:15.3877874+07:00" testType="13cdc9d9-ddb5-4fa4-a97d-d965ccfc6d4b" outcome="Passed" testListId="8c84fa94-04c1-424b-9868-57a2d4851a1d" relativeResultsDirectory="72c6f058-9989-4644-8cc9-164b7488629c" />
    <UnitTestResult executionId="6fab8d0c-51c8-429a-abd7-14320209f1b8" testId="176093d0-664c-087f-571a-34ad9696c232" testName="TestingLayer.OrderPaymentStateMachineTests.PaidPayment_CannotBeCancelledFailedOrExpired" computerName="LAPTOP-MOKR56NE" duration="00:00:00.0060086" startTime="2026-08-17T14:36:16.0535649+07:00" endTime="2026-08-17T14:36:16.0547339+07:00" testType="13cdc9d9-ddb5-4fa4-a97d-d965ccfc6d4b" outcome="Passed" testListId="8c84fa94-04c1-424b-9868-57a2d4851a1d" relativeResultsDirectory="6fab8d0c-51c8-429a-abd7-14320209f1b8" />
    <UnitTestResult executionId="683b78c1-364b-4b83-9fc6-76f7b1a0d912" testId="988a4782-bafa-bfc6-108a-767e1a4f7211" testName="TestingLayer.OrderPaymentWebhookTests.CancelledOrder_LateWebhookRoutesPaymentToRefund" computerName="LAPTOP-MOKR56NE" duration="00:00:00.0484333" startTime="2026-08-17T14:36:15.6157577+07:00" endTime="2026-08-17T14:36:15.6448624+07:00" testType="13cdc9d9-ddb5-4fa4-a97d-d965ccfc6d4b" outcome="Passed" testListId="8c84fa94-04c1-424b-9868-57a2d4851a1d" relativeResultsDirectory="683b78c1-364b-4b83-9fc6-76f7b1a0d912" />
    <UnitTestResult executionId="bfdff23e-9dbc-4593-a56d-439d9a01933f" testId="64bbcb90-8e0c-55ea-a99c-e36c1a39819a" testName="TestingLayer.AccountServiceTests.UpdateMyAccountAsync_UpdatesOnlyProfileAllowList" computerName="LAPTOP-MOKR56NE" duration="00:00:00.0150139" startTime="2026-08-17T14:36:15.5783233+07:00" endTime="2026-08-17T14:36:15.5946240+07:00" testType="13cdc9d9-ddb5-4fa4-a97d-d965ccfc6d4b" outcome="Passed" testListId="8c84fa94-04c1-424b-9868-57a2d4851a1d" relativeResultsDirectory="bfdff23e-9dbc-4593-a56d-439d9a01933f" />
    <UnitTestResult executionId="4c26584d-d350-49af-acbb-597f9ac387fb" testId="37c8142a-47d4-d045-f84c-21a8bbbb6e60" testName="TestingLayer.PackageTemplateTests.Create_DuplicatePackageName_ReturnsSpecificConflictCode" computerName="LAPTOP-MOKR56NE" duration="00:00:00.0016286" startTime="2026-08-17T14:36:15.8972201+07:00" endTime="2026-08-17T14:36:15.8985752+07:00" testType="13cdc9d9-ddb5-4fa4-a97d-d965ccfc6d4b" outcome="Passed" testListId="8c84fa94-04c1-424b-9868-57a2d4851a1d" relativeResultsDirectory="4c26584d-d350-49af-acbb-597f9ac387fb" />
    <UnitTestResult executionId="a8e1d026-e869-452c-8d6d-f7d5a1df91ad" testId="e4618e64-f629-6d99-94dc-411863a1330c" testName="TestingLayer.ComplaintServiceTests.UpdateStatusAsync_RejectWithResolutionAction_Throws400" computerName="LAPTOP-MOKR56NE" duration="00:00:00.0021633" startTime="2026-08-17T14:36:15.6297303+07:00" endTime="2026-08-17T14:36:15.6311602+07:00" testType="13cdc9d9-ddb5-4fa4-a97d-d965ccfc6d4b" outcome="Passed" testListId="8c84fa94-04c1-424b-9868-57a2d4851a1d" relativeResultsDirectory="a8e1d026-e869-452c-8d6d-f7d5a1df91ad" />
    <UnitTestResult executionId="cf5fec7d-07ea-41cc-a39b-cf0a2d3a483e" testId="f2867a44-836d-4c05-27d7-11f5fc68c541" testName="TestingLayer.PromotionValidationServiceTests.MinimumOrder_UsesCurrentEffectiveBoothSubtotal" computerName="LAPTOP-MOKR56NE" duration="00:00:00.0009935" startTime="2026-08-17T14:36:16.0814784+07:00" endTime="2026-08-17T14:36:16.0822978+07:00" testType="13cdc9d9-ddb5-4fa4-a97d-d965ccfc6d4b" outcome="Passed" testListId="8c84fa94-04c1-424b-9868-57a2d4851a1d" relativeResultsDirectory="cf5fec7d-07ea-41cc-a39b-cf0a2d3a483e" />
    <UnitTestResult executionId="480d5490-dbc1-4dac-a018-5653526ffcc6" testId="b1edd25f-3715-3eb9-30e9-f5c6082b7f43" testName="TestingLayer.LocalFileStorageServiceTests.SaveAvatarAsync_ClientPathNeverControlsFinalStoragePath(clientFileName: &quot;crafted-name.png&quot;)" computerName="LAPTOP-MOKR56NE" duration="00:00:00.0063367" startTime="2026-08-17T14:36:15.6791996+07:00" endTime="2026-08-17T14:36:15.6850121+07:00" testType="13cdc9d9-ddb5-4fa4-a97d-d965ccfc6d4b" outcome="Passed" testListId="8c84fa94-04c1-424b-9868-57a2d4851a1d" relativeResultsDirectory="480d5490-dbc1-4dac-a018-5653526ffcc6" />
    <UnitTestResult executionId="d400db15-a24e-491e-8077-1145202e2691" testId="afe8d2b4-abc6-0755-ee7c-fb33d0bba2ab" testName="TestingLayer.AdminModerationServiceTests.BanBooth_FromActiveOrInactive_SetsBannedAndWritesHistory(previousStatus: Inactive)" computerName="LAPTOP-MOKR56NE" duration="00:00:00.0077136" startTime="2026-08-17T14:36:15.5788994+07:00" endTime="2026-08-17T14:36:15.5869682+07:00" testType="13cdc9d9-ddb5-4fa4-a97d-d965ccfc6d4b" outcome="Passed" testListId="8c84fa94-04c1-424b-9868-57a2d4851a1d" relativeResultsDirectory="d400db15-a24e-491e-8077-1145202e2691" />
    <UnitTestResult executionId="94b726cf-ebf0-407e-b811-dc3f4892210d" testId="59bd2d1f-5ea3-e796-d77d-ea4e0e8863c9" testName="TestingLayer.AccountServiceTests.UpdateMyAccountAsync_InvalidPhone_IsRejectedBeforePersistence(invalidPhone: &quot;0000000000&quot;)" computerName="LAPTOP-MOKR56NE" duration="00:00:00.0124531" startTime="2026-08-17T14:36:15.5473688+07:00" endTime="2026-08-17T14:36:15.5484062+07:00" testType="13cdc9d9-ddb5-4fa4-a97d-d965ccfc6d4b" outcome="Passed" testListId="8c84fa94-04c1-424b-9868-57a2d4851a1d" relativeResultsDirectory="94b726cf-ebf0-407e-b811-dc3f4892210d" />
    <UnitTestResult executionId="9a035528-baf2-4bc1-a87a-b12c2247a912" testId="7cca039d-27ac-a9dd-a9aa-f54829bc7361" testName="TestingLayer.BackgroundWorkerCancellationTests.EmailOutboxWorker_HostShutdownDuringIteration_CompletesWithoutError" computerName="LAPTOP-MOKR56NE" duration="00:00:00.0034875" startTime="2026-08-17T14:36:15.6562994+07:00" endTime="2026-08-17T14:36:15.6602960+07:00" testType="13cdc9d9-ddb5-4fa4-a97d-d965ccfc6d4b" outcome="Passed" testListId="8c84fa94-04c1-424b-9868-57a2d4851a1d" relativeResultsDirectory="9a035528-baf2-4bc1-a87a-b12c2247a912" />
    <UnitTestResult executionId="8bc01921-528c-4134-8d9c-1baf2a26f6de" testId="1138289f-bd9a-5e20-e2ed-a3d9845af063" testName="TestingLayer.SubscriptionServiceTests.VerifySubscription_MarketPackageTypeMismatch_ThrowsBadRequest" computerName="LAPTOP-MOKR56NE" duration="00:00:00.0034361" startTime="2026-08-17T14:36:15.5266023+07:00" endTime="2026-08-17T14:36:15.5299802+07:00" testType="13cdc9d9-ddb5-4fa4-a97d-d965ccfc6d4b" outcome="Passed" testListId="8c84fa94-04c1-424b-9868-57a2d4851a1d" relativeResultsDirectory="8bc01921-528c-4134-8d9c-1baf2a26f6de" />
    <UnitTestResult executionId="2d6fb782-e379-4fcf-8e02-b98627984b60" testId="b6101447-d270-055a-0b58-9622efd7ecbb" testName="TestingLayer.PackageTemplateTests.UpdateAsync_UpsertPromotion_ValidId_UpdatesExistingRecord" computerName="LAPTOP-MOKR56NE" duration="00:00:00.0101318" startTime="2026-08-17T14:36:15.9201767+07:00" endTime="2026-08-17T14:36:15.9301381+07:00" testType="13cdc9d9-ddb5-4fa4-a97d-d965ccfc6d4b" outcome="Passed" testListId="8c84fa94-04c1-424b-9868-57a2d4851a1d" relativeResultsDirectory="2d6fb782-e379-4fcf-8e02-b98627984b60" />
    <UnitTestResult executionId="8c40baa3-5293-44a0-b317-0bebba2992c8" testId="28b3dc7a-633f-a067-2df2-189380308b0f" testName="TestingLayer.PostgresLocalCustomerE2EVerificationTests.AppliedLocalDatabase_ContainsSeedAndVerifiedCustomerMutationFlow" computerName="LAPTOP-MOKR56NE" duration="00:00:00.0020216" startTime="2026-08-17T14:36:15.9533895+07:00" endTime="2026-08-17T14:36:15.9552092+07:00" testType="13cdc9d9-ddb5-4fa4-a97d-d965ccfc6d4b" outcome="Passed" testListId="8c84fa94-04c1-424b-9868-57a2d4851a1d" relativeResultsDirectory="8c40baa3-5293-44a0-b317-0bebba2992c8" />
    <UnitTestResult executionId="e91df4f9-c87d-4c0f-a38f-32ba8a1931a6" testId="43fe5478-6825-a5b7-0f8f-1931b893cdd6" testName="TestingLayer.AssistantServiceTests.SendMessage_UsesStructuredPartySizeAndBudget_WithoutRewritingPrompt" computerName="LAPTOP-MOKR56NE" duration="00:00:00.0083162" startTime="2026-08-17T14:36:15.7599883+07:00" endTime="2026-08-17T14:36:15.7677922+07:00" testType="13cdc9d9-ddb5-4fa4-a97d-d965ccfc6d4b" outcome="Passed" testListId="8c84fa94-04c1-424b-9868-57a2d4851a1d" relativeResultsDirectory="e91df4f9-c87d-4c0f-a38f-32ba8a1931a6" />
    <UnitTestResult executionId="8dfe9009-bc8a-4a36-8197-1dcccced8753" testId="2108244c-6838-cf99-62f4-c4cfc5101b44" testName="TestingLayer.PayOSWebhookServiceTests.Webhook_SubscriptionNotFound_ReturnsNotFound" computerName="LAPTOP-MOKR56NE" duration="00:00:00.0103046" startTime="2026-08-17T14:36:15.8596432+07:00" endTime="2026-08-17T14:36:15.8709788+07:00" testType="13cdc9d9-ddb5-4fa4-a97d-d965ccfc6d4b" outcome="Passed" testListId="8c84fa94-04c1-424b-9868-57a2d4851a1d" relativeResultsDirectory="8dfe9009-bc8a-4a36-8197-1dcccced8753" />
    <UnitTestResult executionId="89931661-dc22-41c3-bd2a-de46aef1fe45" testId="9e39015b-0922-4752-03e0-51d661a53d3d" testName="TestingLayer.PackageTemplateTests.GetFeatures_ReturnsExpectedFeaturesCount(code: &quot;MARKET_BASIC&quot;, expectedCount: 8)" computerName="LAPTOP-MOKR56NE" duration="00:00:00.0019902" startTime="2026-08-17T14:36:15.8668089+07:00" endTime="2026-08-17T14:36:15.8680397+07:00" testType="13cdc9d9-ddb5-4fa4-a97d-d965ccfc6d4b" outcome="Passed" testListId="8c84fa94-04c1-424b-9868-57a2d4851a1d" relativeResultsDirectory="89931661-dc22-41c3-bd2a-de46aef1fe45" />
    <UnitTestResult executionId="88134987-23d5-47cc-9456-468dd8cd80ea" testId="e6bcaec4-16d7-ab08-ab35-0269e02d3907" testName="TestingLayer.PromotionValidationServiceTests.FixedDiscount_IsClampedToSubtotal(discountValue: 60, subtotal: 60, expectedDiscount: 60, expectedFinal: 0)" computerName="LAPTOP-MOKR56NE" duration="00:00:00.0009516" startTime="2026-08-17T14:36:16.0727013+07:00" endTime="2026-08-17T14:36:16.0734374+07:00" testType="13cdc9d9-ddb5-4fa4-a97d-d965ccfc6d4b" outcome="Passed" testListId="8c84fa94-04c1-424b-9868-57a2d4851a1d" relativeResultsDirectory="88134987-23d5-47cc-9456-468dd8cd80ea" />
    <UnitTestResult executionId="f9a4284e-7c59-43d0-bc18-54c51a284fdc" testId="f8c72c81-b8e4-d89e-8bfb-abbd5a4a09c6" testName="TestingLayer.NavigationEntranceServiceTests.DraftAnchor_RejectsCrossLayoutNode" computerName="LAPTOP-MOKR56NE" duration="00:00:00.0039826" startTime="2026-08-17T14:36:17.1139892+07:00" endTime="2026-08-17T14:36:17.1178305+07:00" testType="13cdc9d9-ddb5-4fa4-a97d-d965ccfc6d4b" outcome="Passed" testListId="8c84fa94-04c1-424b-9868-57a2d4851a1d" relativeResultsDirectory="f9a4284e-7c59-43d0-bc18-54c51a284fdc" />
    <UnitTestResult executionId="0a02d8e6-40a1-4fba-9dd9-043ef8b77f7e" testId="fc38a37d-b5da-b5c8-b27e-3fadba2d2d1d" testName="TestingLayer.ComplaintServiceTests.UpdateStatusAsync_AlreadyProcessed_Returns409" computerName="LAPTOP-MOKR56NE" duration="00:00:00.0032236" startTime="2026-08-17T14:36:15.5630813+07:00" endTime="2026-08-17T14:36:15.5660817+07:00" testType="13cdc9d9-ddb5-4fa4-a97d-d965ccfc6d4b" outcome="Passed" testListId="8c84fa94-04c1-424b-9868-57a2d4851a1d" relativeResultsDirectory="0a02d8e6-40a1-4fba-9dd9-043ef8b77f7e" />
    <UnitTestResult executionId="cbae0c46-2bcf-4ddb-a1ca-d1e9c89dbad7" testId="fa6275e6-9c38-cae6-787a-90d5161648e9" testName="TestingLayer.AssistantArbitraryPromptTests.Recommend_Bestseller_WithZeroSales_IsUnknown_NotFeaturedRemap" computerName="LAPTOP-MOKR56NE" duration="00:00:00.0071050" startTime="2026-08-17T14:36:15.8221558+07:00" endTime="2026-08-17T14:36:15.8291888+07:00" testType="13cdc9d9-ddb5-4fa4-a97d-d965ccfc6d4b" outcome="Passed" testListId="8c84fa94-04c1-424b-9868-57a2d4851a1d" relativeResultsDirectory="cbae0c46-2bcf-4ddb-a1ca-d1e9c89dbad7" />
    <UnitTestResult executionId="f3f24d73-7f1c-4374-9032-24bcf8d7b412" testId="8b3bb1aa-3e71-39ed-b587-9c19c3c043d9" testName="TestingLayer.NavigationEntranceServiceTests.UncalibratedLayout_DoesNotInventIndoorEta" computerName="LAPTOP-MOKR56NE" duration="00:00:00.4944603" startTime="2026-08-17T14:36:16.5996838+07:00" endTime="2026-08-17T14:36:17.0936429+07:00" testType="13cdc9d9-ddb5-4fa4-a97d-d965ccfc6d4b" outcome="Passed" testListId="8c84fa94-04c1-424b-9868-57a2d4851a1d" relativeResultsDirectory="f3f24d73-7f1c-4374-9032-24bcf8d7b412" />
    <UnitTestResult executionId="255c649f-409b-4ba8-9cc6-eda85eb735ae" testId="c811405c-43c6-0036-561e-ac94da73f077" testName="TestingLayer.AssistantSemanticMatcherTests.GetBatchSizes_FortySevenWithThirty_SplitsRemainder" computerName="LAPTOP-MOKR56NE" duration="00:00:00.0101121" startTime="2026-08-17T14:36:15.6441692+07:00" endTime="2026-08-17T14:36:15.6522393+07:00" testType="13cdc9d9-ddb5-4fa4-a97d-d965ccfc6d4b" outcome="Passed" testListId="8c84fa94-04c1-424b-9868-57a2d4851a1d" relativeResultsDirectory="255c649f-409b-4ba8-9cc6-eda85eb735ae" />
    <UnitTestResult executionId="eb4bc62c-0897-4e72-b957-0853800f31d7" testId="76f94966-1bab-f531-7a6c-65ae411dfd5a" testName="TestingLayer.AccountServiceTests.UpdateMyAccountAsync_InvalidPhone_IsRejectedBeforePersistence(invalidPhone: &quot;0212345678&quot;)" computerName="LAPTOP-MOKR56NE" duration="00:00:00.1729825" startTime="2026-08-17T14:36:15.3810761+07:00" endTime="2026-08-17T14:36:15.5362401+07:00" testType="13cdc9d9-ddb5-4fa4-a97d-d965ccfc6d4b" outcome="Passed" testListId="8c84fa94-04c1-424b-9868-57a2d4851a1d" relativeResultsDirectory="eb4bc62c-0897-4e72-b957-0853800f31d7" />
    <UnitTestResult executionId="c320336f-8cc8-44ee-95b2-4aaad9cab00c" testId="4a4e9b88-9677-b9d9-b042-84e5f5999583" testName="TestingLayer.AccountServiceTests.UpdateAvatarAsync_DatabaseFailure_CleansUpNewAvatar" computerName="LAPTOP-MOKR56NE" duration="00:00:00.0036425" startTime="2026-08-17T14:36:15.6475960+07:00" endTime="2026-08-17T14:36:15.6501089+07:00" testType="13cdc9d9-ddb5-4fa4-a97d-d965ccfc6d4b" outcome="Passed" testListId="8c84fa94-04c1-424b-9868-57a2d4851a1d" relativeResultsDirectory="c320336f-8cc8-44ee-95b2-4aaad9cab00c" />
    <UnitTestResult executionId="5f702c6d-36ab-45c7-8adb-ce42647f2e7d" testId="a939e84a-df2d-313a-c976-7b768c394465" testName="TestingLayer.AdminModerationServiceTests.ChangeMarketModerationStatus_AlreadySuspended_Throws" computerName="LAPTOP-MOKR56NE" duration="00:00:00.0133955" startTime="2026-08-17T14:36:15.7113779+07:00" endTime="2026-08-17T14:36:15.7246041+07:00" testType="13cdc9d9-ddb5-4fa4-a97d-d965ccfc6d4b" outcome="Passed" testListId="8c84fa94-04c1-424b-9868-57a2d4851a1d" relativeResultsDirectory="5f702c6d-36ab-45c7-8adb-ce42647f2e7d" />
    <UnitTestResult executionId="8e25aefa-ea92-4bc9-8585-28d9415cfa52" testId="fb8d003f-7491-7f9d-3bd6-70e2e1de52e0" testName="TestingLayer.ComplaintServiceTests.UpdateStatusAsync_ResolveWithNoViolation_Succeeds" computerName="LAPTOP-MOKR56NE" duration="00:00:00.0046489" startTime="2026-08-17T14:36:15.5854301+07:00" endTime="2026-08-17T14:36:15.5900324+07:00" testType="13cdc9d9-ddb5-4fa4-a97d-d965ccfc6d4b" outcome="Passed" testListId="8c84fa94-04c1-424b-9868-57a2d4851a1d" relativeResultsDirectory="8e25aefa-ea92-4bc9-8585-28d9415cfa52" />
    <UnitTestResult executionId="a8fcd9ff-cf5f-4da2-a667-3192b570dbf8" testId="7dd458cc-cbbc-85a3-8387-85f3a9a01276" testName="TestingLayer.AdminNotificationServiceTests.CreateByAdminAsync_TargetSpecificUser_NotFound_Throws" computerName="LAPTOP-MOKR56NE" duration="00:00:00.0021665" startTime="2026-08-17T14:36:15.5957018+07:00" endTime="2026-08-17T14:36:15.6159219+07:00" testType="13cdc9d9-ddb5-4fa4-a97d-d965ccfc6d4b" outcome="Passed" testListId="8c84fa94-04c1-424b-9868-57a2d4851a1d" relativeResultsDirectory="a8fcd9ff-cf5f-4da2-a667-3192b570dbf8" />
    <UnitTestResult executionId="cb60d07e-c1b9-4516-9023-ddba0e921913" testId="72ec16ea-eff1-c237-66e7-518d96079bc2" testName="TestingLayer.MarketLayoutDistanceFoundationTests.CreateEdge_LegacyDistanceField_RemainsACompatibleMetresAlias" computerName="LAPTOP-MOKR56NE" duration="00:00:00.0471646" startTime="2026-08-17T14:36:17.0715828+07:00" endTime="2026-08-17T14:36:17.1175974+07:00" testType="13cdc9d9-ddb5-4fa4-a97d-d965ccfc6d4b" outcome="Passed" testListId="8c84fa94-04c1-424b-9868-57a2d4851a1d" relativeResultsDirectory="cb60d07e-c1b9-4516-9023-ddba0e921913" />
    <UnitTestResult executionId="cd22cd7e-50b4-4f80-b77a-782c1245040e" testId="52ec6a55-ac3e-9dc1-faa9-949faeded19f" testName="TestingLayer.PromotionValidationServiceTests.InvalidPersistedPercentage_IsRejectedAtApplicationTime" computerName="LAPTOP-MOKR56NE" duration="00:00:00.0013728" startTime="2026-08-17T14:36:16.0697985+07:00" endTime="2026-08-17T14:36:16.0709184+07:00" testType="13cdc9d9-ddb5-4fa4-a97d-d965ccfc6d4b" outcome="Passed" testListId="8c84fa94-04c1-424b-9868-57a2d4851a1d" relativeResultsDirectory="cd22cd7e-50b4-4f80-b77a-782c1245040e" />
    <UnitTestResult executionId="0877b16d-5a4e-46c7-b2e1-15db64cba95f" testId="96f01fe6-7363-d0fa-d725-c343ba158234" testName="TestingLayer.AssistantServiceTests.SendMessage_EmptyEligible_SkipsStageB_AndReturnsEmptyList" computerName="LAPTOP-MOKR56NE" duration="00:00:00.0043316" startTime="2026-08-17T14:36:15.8676266+07:00" endTime="2026-08-17T14:36:15.8719899+07:00" testType="13cdc9d9-ddb5-4fa4-a97d-d965ccfc6d4b" outcome="Passed" testListId="8c84fa94-04c1-424b-9868-57a2d4851a1d" relativeResultsDirectory="0877b16d-5a4e-46c7-b2e1-15db64cba95f" />
    <UnitTestResult executionId="dc556887-9e37-4bca-9fdc-f08514cd0a33" testId="4306fd99-8247-55c9-b63e-b7f1d64fa712" testName="TestingLayer.AssistantServiceTests.SendMessage_EmptyApiKey_FailsProviderUnavailable" computerName="LAPTOP-MOKR56NE" duration="00:00:00.0068604" startTime="2026-08-17T14:36:15.7256813+07:00" endTime="2026-08-17T14:36:15.7328569+07:00" testType="13cdc9d9-ddb5-4fa4-a97d-d965ccfc6d4b" outcome="Passed" testListId="8c84fa94-04c1-424b-9868-57a2d4851a1d" relativeResultsDirectory="dc556887-9e37-4bca-9fdc-f08514cd0a33" />
    <UnitTestResult executionId="38a8881d-307f-4593-ad34-dff2ea1a97bf" testId="ccd934ec-b64f-a23c-68e2-853534cceedf" testName="TestingLayer.ChatServiceTests.CreateConversation_UsesCustomerAndBoothAsIdempotencyKey" computerName="LAPTOP-MOKR56NE" duration="00:00:00.0067487" startTime="2026-08-17T14:36:16.0018036+07:00" endTime="2026-08-17T14:36:16.0085256+07:00" testType="13cdc9d9-ddb5-4fa4-a97d-d965ccfc6d4b" outcome="Passed" testListId="8c84fa94-04c1-424b-9868-57a2d4851a1d" relativeResultsDirectory="38a8881d-307f-4593-ad34-dff2ea1a97bf" />
    <UnitTestResult executionId="bcb455c4-e244-4de4-b146-19e097ab8ac0" testId="ef61fb11-34b3-54c9-5bd2-0dbd4f3c744d" testName="TestingLayer.OrderPaymentWebhookTests.PaymentLinkMismatch_IsRejectedBeforeMutation" computerName="LAPTOP-MOKR56NE" duration="00:00:00.0055884" startTime="2026-08-17T14:36:15.6994005+07:00" endTime="2026-08-17T14:36:15.7045924+07:00" testType="13cdc9d9-ddb5-4fa4-a97d-d965ccfc6d4b" outcome="Passed" testListId="8c84fa94-04c1-424b-9868-57a2d4851a1d" relativeResultsDirectory="bcb455c4-e244-4de4-b146-19e097ab8ac0" />
    <UnitTestResult executionId="de3f7fab-7f85-4f72-8810-21816dbe2ffd" testId="289e945d-21ed-3fb4-3d9c-808cab7eb14a" testName="TestingLayer.CartIntegrationBusinessTests.AppliedPostgres_CartLifecycle_IsTransactionalAndUsesSeededCatalog" computerName="LAPTOP-MOKR56NE" duration="00:00:00.0028377" startTime="2026-08-17T14:36:15.9590732+07:00" endTime="2026-08-17T14:36:15.9619543+07:00" testType="13cdc9d9-ddb5-4fa4-a97d-d965ccfc6d4b" outcome="Passed" testListId="8c84fa94-04c1-424b-9868-57a2d4851a1d" relativeResultsDirectory="de3f7fab-7f85-4f72-8810-21816dbe2ffd" />
    <UnitTestResult executionId="2437eae9-0b2f-41f8-9d61-ef63d9761b76" testId="95943305-eae4-9bb8-30c1-bc006fe7cb25" testName="TestingLayer.CustomerHistoryReviewComplaintTests.CustomerOrderDetail_UsesSnapshotsAndHidesForeignOrder" computerName="LAPTOP-MOKR56NE" duration="00:00:01.4762080" startTime="2026-08-17T14:36:15.6909105+07:00" endTime="2026-08-17T14:36:17.1777084+07:00" testType="13cdc9d9-ddb5-4fa4-a97d-d965ccfc6d4b" outcome="Passed" testListId="8c84fa94-04c1-424b-9868-57a2d4851a1d" relativeResultsDirectory="2437eae9-0b2f-41f8-9d61-ef63d9761b76" />
    <UnitTestResult executionId="dc1f9e12-54ee-4831-83fe-3125e7eb4c54" testId="c80a5c6f-e009-3dbd-b54f-200608ebd0b8" testName="TestingLayer.ComplaintServiceTests.UpdateStatusAsync_NotificationError_DoesNotFailComplaintUpdate" computerName="LAPTOP-MOKR56NE" duration="00:00:00.0059583" startTime="2026-08-17T14:36:15.5921369+07:00" endTime="2026-08-17T14:36:15.6162196+07:00" testType="13cdc9d9-ddb5-4fa4-a97d-d965ccfc6d4b" outcome="Passed" testListId="8c84fa94-04c1-424b-9868-57a2d4851a1d" relativeResultsDirectory="dc1f9e12-54ee-4831-83fe-3125e7eb4c54" />
    <UnitTestResult executionId="862b2f6d-b0d2-49e7-b9d6-8bfb8af4927a" testId="7a091fac-9a10-9c52-0f29-74f5aac006a2" testName="TestingLayer.ComplaintServiceTests.UpdateStatusAsync_SuspendBooth_UpdatesBoothInTransaction" computerName="LAPTOP-MOKR56NE" duration="00:00:00.0131165" startTime="2026-08-17T14:36:15.6163137+07:00" endTime="2026-08-17T14:36:15.6294637+07:00" testType="13cdc9d9-ddb5-4fa4-a97d-d965ccfc6d4b" outcome="Passed" testListId="8c84fa94-04c1-424b-9868-57a2d4851a1d" relativeResultsDirectory="862b2f6d-b0d2-49e7-b9d6-8bfb8af4927a" />
    <UnitTestResult executionId="d6af912c-d074-42cc-9f76-a38ca844ed47" testId="265f4fdb-7cee-2ff7-56e9-15e516d1300a" testName="TestingLayer.IndoorNavigationCorridorTests.FindRoute_InvalidGeometry_DoesNotMutateLayout" computerName="LAPTOP-MOKR56NE" duration="00:00:01.2056035" startTime="2026-08-17T14:36:15.8702341+07:00" endTime="2026-08-17T14:36:17.0738094+07:00" testType="13cdc9d9-ddb5-4fa4-a97d-d965ccfc6d4b" outcome="Passed" testListId="8c84fa94-04c1-424b-9868-57a2d4851a1d" relativeResultsDirectory="d6af912c-d074-42cc-9f76-a38ca844ed47" />
    <UnitTestResult executionId="be755e2f-9e7c-47c7-9c43-ebcd94d81783" testId="05b2e15c-f449-dec6-ed72-11f382acba79" testName="TestingLayer.CustomerProfileContractTests.DoB_IsAbsentFromNotificationAndPublicResponseContracts" computerName="LAPTOP-MOKR56NE" duration="00:00:00.0009062" startTime="2026-08-17T14:36:15.9526792+07:00" endTime="2026-08-17T14:36:15.9530049+07:00" testType="13cdc9d9-ddb5-4fa4-a97d-d965ccfc6d4b" outcome="Passed" testListId="8c84fa94-04c1-424b-9868-57a2d4851a1d" relativeResultsDirectory="be755e2f-9e7c-47c7-9c43-ebcd94d81783" />
    <UnitTestResult executionId="14dd0af7-99a4-45bd-be94-b476c3fc185c" testId="be37b198-4597-734a-a4e1-e8ab56e2776a" testName="TestingLayer.EdgeProjectionPhase5Tests.Projection_HandlesZeroLengthAndTopLeftCoordinates" computerName="LAPTOP-MOKR56NE" duration="00:00:00.0002004" startTime="2026-08-17T14:36:22.4086233+07:00" endTime="2026-08-17T14:36:22.4086745+07:00" testType="13cdc9d9-ddb5-4fa4-a97d-d965ccfc6d4b" outcome="Passed" testListId="8c84fa94-04c1-424b-9868-57a2d4851a1d" relativeResultsDirectory="14dd0af7-99a4-45bd-be94-b476c3fc185c" />
    <UnitTestResult executionId="d553b7e5-6c54-4848-a5ef-729312ce73ad" testId="a33e9e44-c6b9-f728-50fb-0d60176a60e3" testName="TestingLayer.PostgresHomeDiscoveryTests.LatestMigrations_HomeDiscoveryQueries_FindOnlyTheDeterministicFixtureWhenFiltered" computerName="LAPTOP-MOKR56NE" duration="00:00:00.0013112" startTime="2026-08-17T14:36:15.7397396+07:00" endTime="2026-08-17T14:36:15.7408520+07:00" testType="13cdc9d9-ddb5-4fa4-a97d-d965ccfc6d4b" outcome="Passed" testListId="8c84fa94-04c1-424b-9868-57a2d4851a1d" relativeResultsDirectory="d553b7e5-6c54-4848-a5ef-729312ce73ad" />
    <UnitTestResult executionId="fae64d78-3881-43f2-b995-3a0faf6848d8" testId="11872a70-24ed-afc7-ed52-a154db46f3fd" testName="TestingLayer.AccountServiceTests.ChangeUserStatusAsync_ReasonTooShort_ThrowsException" computerName="LAPTOP-MOKR56NE" duration="00:00:00.0011363" startTime="2026-08-17T14:36:15.6790787+07:00" endTime="2026-08-17T14:36:15.6793012+07:00" testType="13cdc9d9-ddb5-4fa4-a97d-d965ccfc6d4b" outcome="Passed" testListId="8c84fa94-04c1-424b-9868-57a2d4851a1d" relativeResultsDirectory="fae64d78-3881-43f2-b995-3a0faf6848d8" />
    <UnitTestResult executionId="7ee69b1b-b2e5-4757-ab0d-4a00af8edbb4" testId="452eb4f4-5d75-a034-6a4a-70b2d761abbf" testName="TestingLayer.SubscriptionServiceTests.VerifySubscription_RejectWithEmptyReason_ThrowsBadRequest" computerName="LAPTOP-MOKR56NE" duration="00:00:00.0011259" startTime="2026-08-17T14:36:15.5601865+07:00" endTime="2026-08-17T14:36:15.5611630+07:00" testType="13cdc9d9-ddb5-4fa4-a97d-d965ccfc6d4b" outcome="Passed" testListId="8c84fa94-04c1-424b-9868-57a2d4851a1d" relativeResultsDirectory="7ee69b1b-b2e5-4757-ab0d-4a00af8edbb4" />
    <UnitTestResult executionId="4bfdb07a-ceb6-4113-999f-b6f94b6d183d" testId="fb62c1a2-500a-fabc-789b-a0a340987de0" testName="TestingLayer.SNMContextFactoryTests.LoadDotEnv_DoesNotOverrideExplicitEnvironmentValue" computerName="LAPTOP-MOKR56NE" duration="00:00:00.0132420" startTime="2026-08-17T14:36:15.6183790+07:00" endTime="2026-08-17T14:36:15.6302618+07:00" testType="13cdc9d9-ddb5-4fa4-a97d-d965ccfc6d4b" outcome="Passed" testListId="8c84fa94-04c1-424b-9868-57a2d4851a1d" relativeResultsDirectory="4bfdb07a-ceb6-4113-999f-b6f94b6d183d" />
    <UnitTestResult executionId="b4ce9cfa-dd0c-406f-b1eb-50115945619c" testId="20afb41d-c2ce-a1af-b49f-a938aed8d2cf" testName="TestingLayer.PayOSOrderCodeGeneratorTests.Generate_SequenceIncrements_CodesAreUnique" computerName="LAPTOP-MOKR56NE" duration="00:00:00.0020875" startTime="2026-08-17T14:36:15.6972439+07:00" endTime="2026-08-17T14:36:15.6998911+07:00" testType="13cdc9d9-ddb5-4fa4-a97d-d965ccfc6d4b" outcome="Passed" testListId="8c84fa94-04c1-424b-9868-57a2d4851a1d" relativeResultsDirectory="b4ce9cfa-dd0c-406f-b1eb-50115945619c" />
    <UnitTestResult executionId="71e2bbb9-5780-4bc2-b1c9-c908f18200bb" testId="7331862e-98c3-e026-e215-0e57c381c102" testName="TestingLayer.AdminModerationServiceTests.GetBoothsAsync_ReturnsPagedResult" computerName="LAPTOP-MOKR56NE" duration="00:00:00.0043340" startTime="2026-08-17T14:36:15.7247787+07:00" endTime="2026-08-17T14:36:15.7290610+07:00" testType="13cdc9d9-ddb5-4fa4-a97d-d965ccfc6d4b" outcome="Passed" testListId="8c84fa94-04c1-424b-9868-57a2d4851a1d" relativeResultsDirectory="71e2bbb9-5780-4bc2-b1c9-c908f18200bb" />
    <UnitTestResult executionId="0af05d64-c784-4b7e-ae79-c5b967523e6a" testId="aeb9311b-0a98-3e62-db7e-9b851a7aebec" testName="TestingLayer.PayOSWebhookDispatcherTests.Dispatch_UnknownPrefix_NoMatch_ReturnsNotFound" computerName="LAPTOP-MOKR56NE" duration="00:00:00.0058230" startTime="2026-08-17T14:36:15.7053614+07:00" endTime="2026-08-17T14:36:15.7099992+07:00" testType="13cdc9d9-ddb5-4fa4-a97d-d965ccfc6d4b" outcome="Passed" testListId="8c84fa94-04c1-424b-9868-57a2d4851a1d" relativeResultsDirectory="0af05d64-c784-4b7e-ae79-c5b967523e6a" />
    <UnitTestResult executionId="7f610e9b-4180-4c5b-9c05-053c08e61d07" testId="76647366-40cb-440e-9a0f-ea1ebc4652af" testName="TestingLayer.LocalFileStorageServiceTests.DeleteAvatarIfManagedAsync_DeletesOnlyGuidFileInsideManagedPrefix" computerName="LAPTOP-MOKR56NE" duration="00:00:00.0100273" startTime="2026-08-17T14:36:15.7559893+07:00" endTime="2026-08-17T14:36:15.7660888+07:00" testType="13cdc9d9-ddb5-4fa4-a97d-d965ccfc6d4b" outcome="Passed" testListId="8c84fa94-04c1-424b-9868-57a2d4851a1d" relativeResultsDirectory="7f610e9b-4180-4c5b-9c05-053c08e61d07" />
    <UnitTestResult executionId="4f5bfb84-689e-4695-9c5c-5fd1a1c5eb81" testId="9ddaf765-2d61-6327-8034-4e46aadd6c08" testName="TestingLayer.AdminModerationServiceTests.ChangeMarketModerationStatus_ConcurrencyConflict_Throws" computerName="LAPTOP-MOKR56NE" duration="00:00:00.0051410" startTime="2026-08-17T14:36:15.6756890+07:00" endTime="2026-08-17T14:36:15.6811707+07:00" testType="13cdc9d9-ddb5-4fa4-a97d-d965ccfc6d4b" outcome="Passed" testListId="8c84fa94-04c1-424b-9868-57a2d4851a1d" relativeResultsDirectory="4f5bfb84-689e-4695-9c5c-5fd1a1c5eb81" />
    <UnitTestResult executionId="9962b922-59e9-4ae3-a570-92f3b3da8e65" testId="83f973d6-1e2e-7d8e-b6be-265a20490621" testName="TestingLayer.SubscriptionServiceTests.VerifySubscription_RejectWithoutReason_ThrowsBadRequest" computerName="LAPTOP-MOKR56NE" duration="00:00:00.0009271" startTime="2026-08-17T14:36:15.5361019+07:00" endTime="2026-08-17T14:36:15.5474104+07:00" testType="13cdc9d9-ddb5-4fa4-a97d-d965ccfc6d4b" outcome="Passed" testListId="8c84fa94-04c1-424b-9868-57a2d4851a1d" relativeResultsDirectory="9962b922-59e9-4ae3-a570-92f3b3da8e65" />
    <UnitTestResult executionId="5b7e1a68-9e1b-470e-891f-eb9772e9735f" testId="cf6ea92c-3e2c-cffb-b4ab-389eec7d1b85" testName="TestingLayer.AssistantSemanticMatcherTests.GetBatchSizes_FourteenWithThirty_IsSinglePartialBatch" computerName="LAPTOP-MOKR56NE" duration="00:00:00.0008327" startTime="2026-08-17T14:36:15.7446865+07:00" endTime="2026-08-17T14:36:15.7454756+07:00" testType="13cdc9d9-ddb5-4fa4-a97d-d965ccfc6d4b" outcome="Passed" testListId="8c84fa94-04c1-424b-9868-57a2d4851a1d" relativeResultsDirectory="5b7e1a68-9e1b-470e-891f-eb9772e9735f" />
    <UnitTestResult executionId="5cfbe0a9-4243-4d58-b0c8-a202ce3458f0" testId="4047546c-3950-1d53-0ed2-1e0b8fee8b65" testName="TestingLayer.SubscriptionServiceTests.VerifySubscription_ApproveBooth_CancelsExistingAndActivates" computerName="LAPTOP-MOKR56NE" duration="00:00:00.0054149" startTime="2026-08-17T14:36:15.5213443+07:00" endTime="2026-08-17T14:36:15.5264142+07:00" testType="13cdc9d9-ddb5-4fa4-a97d-d965ccfc6d4b" outcome="Passed" testListId="8c84fa94-04c1-424b-9868-57a2d4851a1d" relativeResultsDirectory="5cfbe0a9-4243-4d58-b0c8-a202ce3458f0" />
    <UnitTestResult executionId="65c2deea-0810-4b23-b5e8-0263965ed0e8" testId="0cb501a5-beb3-1ac3-1acb-a915a7ef09b6" testName="TestingLayer.SubscriptionEntitlementServiceTests.GetBoothEntitlements_WithFeaturedPackage_ReturnsFeaturedEntitlements" computerName="LAPTOP-MOKR56NE" duration="00:00:00.0010339" startTime="2026-08-17T14:36:15.7531120+07:00" endTime="2026-08-17T14:36:15.7538498+07:00" testType="13cdc9d9-ddb5-4fa4-a97d-d965ccfc6d4b" outcome="Passed" testListId="8c84fa94-04c1-424b-9868-57a2d4851a1d" relativeResultsDirectory="65c2deea-0810-4b23-b5e8-0263965ed0e8" />
    <UnitTestResult executionId="19641365-f9d9-48af-8c4a-25c176a548dd" testId="c294d832-fc51-e0d0-4852-2806d12348f7" testName="TestingLayer.AccountServiceTests.UpdateMyAccountAsync_WhitespaceFullName_IsRejectedBeforePersistence" computerName="LAPTOP-MOKR56NE" duration="00:00:00.0036232" startTime="2026-08-17T14:36:15.5542152+07:00" endTime="2026-08-17T14:36:15.5579226+07:00" testType="13cdc9d9-ddb5-4fa4-a97d-d965ccfc6d4b" outcome="Passed" testListId="8c84fa94-04c1-424b-9868-57a2d4851a1d" relativeResultsDirectory="19641365-f9d9-48af-8c4a-25c176a548dd" />
    <UnitTestResult executionId="817c6112-d1db-441b-9581-e0c6174c72d6" testId="fcdfa9f1-4616-6402-66bb-93a5535c1c29" testName="TestingLayer.NavigationEntranceServiceTests.NavigationRuntimeContract_DoesNotExposeQrResolveOrQrAdminFields" computerName="LAPTOP-MOKR56NE" duration="00:00:00.0006195" startTime="2026-08-17T14:36:17.1180933+07:00" endTime="2026-08-17T14:36:17.1185103+07:00" testType="13cdc9d9-ddb5-4fa4-a97d-d965ccfc6d4b" outcome="Passed" testListId="8c84fa94-04c1-424b-9868-57a2d4851a1d" relativeResultsDirectory="817c6112-d1db-441b-9581-e0c6174c72d6" />
    <UnitTestResult executionId="f669010f-c57a-4392-8639-4e861e728df6" testId="03a9dcdb-8939-0797-f2ab-b75c38d39915" testName="TestingLayer.PackagePolicySeederTests.SeedAsync_EmptyDatabase_CreatesFiveActiveVersionOnePolicies" computerName="LAPTOP-MOKR56NE" duration="00:00:00.0051257" startTime="2026-08-17T14:36:16.9856375+07:00" endTime="2026-08-17T14:36:16.9904980+07:00" testType="13cdc9d9-ddb5-4fa4-a97d-d965ccfc6d4b" outcome="Passed" testListId="8c84fa94-04c1-424b-9868-57a2d4851a1d" relativeResultsDirectory="f669010f-c57a-4392-8639-4e861e728df6" />
    <UnitTestResult executionId="6d576eea-4f19-4b4f-b860-cb18f5bc0ab7" testId="efecf8dc-e420-1417-656b-56feb7c65253" testName="TestingLayer.LocalFileStorageServiceTests.DeleteAvatarIfManagedAsync_DoesNotDeleteExternalOrUnmanagedFiles" computerName="LAPTOP-MOKR56NE" duration="00:00:00.0599990" startTime="2026-08-17T14:36:15.6951352+07:00" endTime="2026-08-17T14:36:15.7556146+07:00" testType="13cdc9d9-ddb5-4fa4-a97d-d965ccfc6d4b" outcome="Passed" testListId="8c84fa94-04c1-424b-9868-57a2d4851a1d" relativeResultsDirectory="6d576eea-4f19-4b4f-b860-cb18f5bc0ab7" />
    <UnitTestResult executionId="4edd8f08-45bc-4f39-9b60-05d273cc6b5f" testId="aa6895de-381e-f4ae-35dd-33f595a30567" testName="TestingLayer.PayOSWebhookServiceTests.Webhook_AmountMismatch_Throws400" computerName="LAPTOP-MOKR56NE" duration="00:00:00.0021088" startTime="2026-08-17T14:36:15.9070209+07:00" endTime="2026-08-17T14:36:15.9078363+07:00" testType="13cdc9d9-ddb5-4fa4-a97d-d965ccfc6d4b" outcome="Passed" testListId="8c84fa94-04c1-424b-9868-57a2d4851a1d" relativeResultsDirectory="4edd8f08-45bc-4f39-9b60-05d273cc6b5f" />
    <UnitTestResult executionId="55358801-bc08-4147-ae06-d8ddc6e507e8" testId="3ae6f2c5-574c-cbf3-a480-94ca13cb8fb8" testName="TestingLayer.NightMarketCustomerTests.CustomerList_OpenNowFiltersByStatusAndSameDaySchedule" computerName="LAPTOP-MOKR56NE" duration="00:00:00.0148529" startTime="2026-08-17T14:36:17.3565911+07:00" endTime="2026-08-17T14:36:17.3702110+07:00" testType="13cdc9d9-ddb5-4fa4-a97d-d965ccfc6d4b" outcome="Passed" testListId="8c84fa94-04c1-424b-9868-57a2d4851a1d" relativeResultsDirectory="55358801-bc08-4147-ae06-d8ddc6e507e8" />
    <UnitTestResult executionId="2bc00b26-7aa1-4c67-bc8f-f376c6620898" testId="d005ada3-5082-50ff-5351-b13e01ad6f0c" testName="TestingLayer.SubscriptionEntitlementServiceTests.CanUsePromotionAsync_GrowthSubscription_ReturnsTrue" computerName="LAPTOP-MOKR56NE" duration="00:00:00.0011971" startTime="2026-08-17T14:36:15.7589124+07:00" endTime="2026-08-17T14:36:15.7593302+07:00" testType="13cdc9d9-ddb5-4fa4-a97d-d965ccfc6d4b" outcome="Passed" testListId="8c84fa94-04c1-424b-9868-57a2d4851a1d" relativeResultsDirectory="2bc00b26-7aa1-4c67-bc8f-f376c6620898" />
[...]
    <TestEntry testId="f2831cd2-e10f-fa2a-e38a-8eb42b65475a" executionId="f19c0983-2acf-444d-a61d-997bced385b7" testListId="8c84fa94-04c1-424b-9868-57a2d4851a1d" />
    <TestEntry testId="bd0ab232-7c5a-2101-ac68-a5f8c0dd4073" executionId="6610ce5a-eb04-42b9-b1f2-23f1e8865597" testListId="8c84fa94-04c1-424b-9868-57a2d4851a1d" />
    <TestEntry testId="99a4dcf0-d76c-b5c4-5810-f388e259ed83" executionId="92c6b70a-f595-4967-9fc0-f64b6f2e36a1" testListId="8c84fa94-04c1-424b-9868-57a2d4851a1d" />
    <TestEntry testId="070111a9-0ae8-429e-a4f5-ffae2f1137c5" executionId="2846c422-c35b-4149-9f5c-2abe1c1fbb55" testListId="8c84fa94-04c1-424b-9868-57a2d4851a1d" />
    <TestEntry testId="1f51dea7-2e79-5740-0833-b55fbf0f27ed" executionId="e44c122d-8dae-4f2f-affe-0f127396e507" testListId="8c84fa94-04c1-424b-9868-57a2d4851a1d" />
    <TestEntry testId="35f075ca-3129-fe1a-357a-6305868d3b75" executionId="0ceae560-8d4a-47a8-8cc8-c920ad8900bf" testListId="8c84fa94-04c1-424b-9868-57a2d4851a1d" />
    <TestEntry testId="1235bc73-47e6-0fc9-2a8e-0ba9f943db14" executionId="11df12a5-1ec8-442e-9d45-701d59de9253" testListId="8c84fa94-04c1-424b-9868-57a2d4851a1d" />
    <TestEntry testId="0c2596ac-1ff9-cad2-2f2b-fe3f6becc05f" executionId="57aa6832-f08c-4f72-9225-e237dce16e02" testListId="8c84fa94-04c1-424b-9868-57a2d4851a1d" />
    <TestEntry testId="a2178461-cffc-1be5-2370-bad97f7ae6d2" executionId="c61ef48c-97c2-4235-aa82-21ea8f0b2690" testListId="8c84fa94-04c1-424b-9868-57a2d4851a1d" />
    <TestEntry testId="3e1cdc25-5e0c-6f45-0de1-3a282e914557" executionId="922c2770-8dbf-4ffb-9b16-eefe38d03aae" testListId="8c84fa94-04c1-424b-9868-57a2d4851a1d" />
    <TestEntry testId="b5f64c37-cdcc-8987-7412-5d20896d997e" executionId="d63d5f21-e240-4fcc-a2cf-19f7c3965834" testListId="8c84fa94-04c1-424b-9868-57a2d4851a1d" />
    <TestEntry testId="36494beb-16e9-ce46-75cf-7a3da938364e" executionId="d550ac9b-078c-4e83-a69f-fb525e2fd6af" testListId="8c84fa94-04c1-424b-9868-57a2d4851a1d" />
    <TestEntry testId="5d4e48be-844a-a028-1afa-3fb76d009b74" executionId="5e5512d0-b3bd-44f4-bb8b-92568f456880" testListId="8c84fa94-04c1-424b-9868-57a2d4851a1d" />
    <TestEntry testId="95fcdb80-4963-d68a-768a-22fd62276cf0" executionId="998a6b83-8a91-4833-bea8-55fba07d16a8" testListId="8c84fa94-04c1-424b-9868-57a2d4851a1d" />
    <TestEntry testId="8181818b-a22c-f6b3-6d27-903310379d24" executionId="c04f24bc-4ed1-49cd-ac11-2b4b96d852c0" testListId="8c84fa94-04c1-424b-9868-57a2d4851a1d" />
    <TestEntry testId="928ca1be-0e0f-336c-a70a-ef4a3bf06f2e" executionId="b3bc945e-14bf-438b-b644-fc12683f64bf" testListId="8c84fa94-04c1-424b-9868-57a2d4851a1d" />
    <TestEntry testId="abe5f06d-bbe9-1e99-106e-9867ac5d6d9c" executionId="9e5859da-5c08-47a6-a05c-e6f1384826ef" testListId="8c84fa94-04c1-424b-9868-57a2d4851a1d" />
    <TestEntry testId="92deb4c5-50b3-fe49-d3af-2e520327e6de" executionId="2dba2c0c-6fae-47d3-a665-005f76cf7a65" testListId="8c84fa94-04c1-424b-9868-57a2d4851a1d" />
    <TestEntry testId="3418b61a-f720-b1d1-dce6-58e1408e4ee8" executionId="da2b2a6c-8a93-4dd0-83c6-96aa17426d10" testListId="8c84fa94-04c1-424b-9868-57a2d4851a1d" />
    <TestEntry testId="336389f0-2b6f-e66c-8d94-850e901119f0" executionId="87784c44-5ad6-4a12-948f-4d2ca03d66e6" testListId="8c84fa94-04c1-424b-9868-57a2d4851a1d" />
    <TestEntry testId="81453a76-9960-2ae3-d797-8bafd9a9778f" executionId="856ff659-8152-4fba-af4a-38b4c7498153" testListId="8c84fa94-04c1-424b-9868-57a2d4851a1d" />
    <TestEntry testId="19212e79-ab92-8e05-0b2b-efee4257b7f4" executionId="c701abf4-d6c7-410e-b1fe-c1c02e519ba8" testListId="8c84fa94-04c1-424b-9868-57a2d4851a1d" />
    <TestEntry testId="9f0e1b2d-7afe-c0bf-b577-202ff825252e" executionId="39fd7b00-d914-452e-96ed-c34d8ab89858" testListId="8c84fa94-04c1-424b-9868-57a2d4851a1d" />
    <TestEntry testId="d826fa2b-2de3-e631-2156-e0802a69ffd3" executionId="7dd5e1b1-9147-4155-a770-bc04966189c0" testListId="8c84fa94-04c1-424b-9868-57a2d4851a1d" />
    <TestEntry testId="5709501d-9e74-282b-8684-1bbd2650b2ca" executionId="ea9b0844-0bb3-4dfa-b245-5071255111bb" testListId="8c84fa94-04c1-424b-9868-57a2d4851a1d" />
    <TestEntry testId="132a7925-934d-e219-8c7f-56c301f20c97" executionId="2ed7b717-ce81-4bcf-b676-48116067e693" testListId="8c84fa94-04c1-424b-9868-57a2d4851a1d" />
    <TestEntry testId="16164b56-6f42-f712-eeb8-5c41a55e0d5c" executionId="5c5aa761-dd8e-42ce-a58e-77e1ebf2352f" testListId="8c84fa94-04c1-424b-9868-57a2d4851a1d" />
    <TestEntry testId="779502e4-cd1d-35d0-967d-e3bc4d97a6dd" executionId="640025be-d17c-491f-ae5f-c319f8fb0b9c" testListId="8c84fa94-04c1-424b-9868-57a2d4851a1d" />
    <TestEntry testId="86dda864-98d0-558b-b0a3-d3a8f226c664" executionId="82c819fa-af45-4cf1-9ffe-0bd8b6ab9836" testListId="8c84fa94-04c1-424b-9868-57a2d4851a1d" />
    <TestEntry testId="b0c75aab-c9b9-8115-5d7f-993341c3ee93" executionId="302252ce-e4cb-49d0-b7b1-4c44ce8156a6" testListId="8c84fa94-04c1-424b-9868-57a2d4851a1d" />
    <TestEntry testId="7327396e-b6f0-bd96-8bc7-a99d66882081" executionId="5bb19980-0ecb-4043-a7fa-2bdbd441ffc7" testListId="8c84fa94-04c1-424b-9868-57a2d4851a1d" />
    <TestEntry testId="6a948ad5-da92-f9dd-8152-e32f76fa8093" executionId="4ac242fc-7451-48a6-801c-ffe229ae6a97" testListId="8c84fa94-04c1-424b-9868-57a2d4851a1d" />
    <TestEntry testId="139f4a96-5d75-d7a3-c941-58fcb79d4495" executionId="6fa79f3b-9101-491f-8806-88b509c42426" testListId="8c84fa94-04c1-424b-9868-57a2d4851a1d" />
    <TestEntry testId="3ba88f4a-4c75-c55b-6644-37ddd737971f" executionId="7752e5b6-8484-496c-8bf6-42ef6fe24dfd" testListId="8c84fa94-04c1-424b-9868-57a2d4851a1d" />
    <TestEntry testId="275c0104-c239-fae8-2db8-35d1d0228f7b" executionId="9ac23481-e2ad-4cba-ae93-96831d42f0ec" testListId="8c84fa94-04c1-424b-9868-57a2d4851a1d" />
    <TestEntry testId="49488b4f-a018-aee2-5cd7-ede0616e51c4" executionId="d1635a33-8c39-442e-81fa-e98b7db1ce7b" testListId="8c84fa94-04c1-424b-9868-57a2d4851a1d" />
    <TestEntry testId="f5726042-159d-9cf7-4d10-4562537eec49" executionId="066d1f7f-138d-4ffd-a5d2-5c6a703d86e9" testListId="8c84fa94-04c1-424b-9868-57a2d4851a1d" />
    <TestEntry testId="9c48b417-27e6-3184-1438-c3020d0e52e6" executionId="0602b5dd-f325-4d23-a098-40f6a49ff4f3" testListId="8c84fa94-04c1-424b-9868-57a2d4851a1d" />
    <TestEntry testId="b78677cc-a169-482f-a555-2ce60740a0a7" executionId="375fa70c-378d-453e-84ab-ea8ebc23a396" testListId="8c84fa94-04c1-424b-9868-57a2d4851a1d" />
    <TestEntry testId="9b4d8108-ca86-43da-f36a-e47af03362d5" executionId="8ba85c30-dc4c-4206-a1d0-eb6da3a2a354" testListId="8c84fa94-04c1-424b-9868-57a2d4851a1d" />
    <TestEntry testId="6b5e8ee8-592f-a1b7-22e6-bce61d82d2bb" executionId="93d62abd-463e-41f7-9263-adb625fbbe91" testListId="8c84fa94-04c1-424b-9868-57a2d4851a1d" />
    <TestEntry testId="936233d2-8900-809d-2928-66b5ccd0db90" executionId="4719070d-4a0c-443e-aeb4-74eabe620db3" testListId="8c84fa94-04c1-424b-9868-57a2d4851a1d" />
    <TestEntry testId="5be8cf63-cefe-382b-b495-8d2f2d1ef2eb" executionId="1a3bee89-4cb0-455b-a2d8-7599a2e36982" testListId="8c84fa94-04c1-424b-9868-57a2d4851a1d" />
    <TestEntry testId="c3eaa481-98ef-6c78-fb60-0d0c5df45951" executionId="872f9b6d-4237-4414-bff3-83bfe91eb0d3" testListId="8c84fa94-04c1-424b-9868-57a2d4851a1d" />
    <TestEntry testId="7b81afe3-4b2d-67e2-acc5-32d6c0ab97b4" executionId="8357512c-e1bb-4623-a571-9df16e9c91a6" testListId="8c84fa94-04c1-424b-9868-57a2d4851a1d" />
    <TestEntry testId="dcd84e26-8726-dd52-1b4a-45b36cdbb852" executionId="adbae616-ee8f-42ae-9cb6-1f796e2a440a" testListId="8c84fa94-04c1-424b-9868-57a2d4851a1d" />
    <TestEntry testId="483c2b43-741d-529f-3346-be7173c9d27c" executionId="a83a97a9-45e9-4fd5-ad89-12f6b70c87b5" testListId="8c84fa94-04c1-424b-9868-57a2d4851a1d" />
    <TestEntry testId="91bf00d2-f85a-b872-77e2-9e914497d6e3" executionId="164da635-6857-4d86-872d-62ea6e1ba1fb" testListId="8c84fa94-04c1-424b-9868-57a2d4851a1d" />
    <TestEntry testId="22b8a24b-6a5a-35dc-c42b-8b0020ec3a5e" executionId="435f3f37-0d25-4f83-86c0-aad883794df8" testListId="8c84fa94-04c1-424b-9868-57a2d4851a1d" />
    <TestEntry testId="526c0c53-967b-d73e-f61c-7d756f5c70a6" executionId="db94cf92-0a77-4bd7-a698-6fe92c041b0e" testListId="8c84fa94-04c1-424b-9868-57a2d4851a1d" />
    <TestEntry testId="0de57dbb-03b3-f649-7421-bc2bade55b5e" executionId="6f1b08ee-ef58-4299-be9e-5e2056aa7502" testListId="8c84fa94-04c1-424b-9868-57a2d4851a1d" />
    <TestEntry testId="4c01d7c8-63e8-f52c-8f46-7fa4260e290b" executionId="8745e174-c84f-44c2-9a3b-06816b623ef2" testListId="8c84fa94-04c1-424b-9868-57a2d4851a1d" />
    <TestEntry testId="bf877b60-0fb4-e812-507c-a18d1320da33" executionId="917972ef-d508-49b2-b702-ee861f721f29" testListId="8c84fa94-04c1-424b-9868-57a2d4851a1d" />
    <TestEntry testId="e8239287-46ea-873a-82e3-ad5111ffb711" executionId="77ac5a9e-4528-4d06-aa43-236931350411" testListId="8c84fa94-04c1-424b-9868-57a2d4851a1d" />
    <TestEntry testId="e71ead71-d441-af2b-357a-ff20695f4d54" executionId="77bbc010-d2b7-44f3-a069-d57c1dae1e1b" testListId="8c84fa94-04c1-424b-9868-57a2d4851a1d" />
    <TestEntry testId="ca156042-e542-b8a3-99a8-b8d3ae92766e" executionId="f8a2de9c-fdd9-4913-8e1d-c5bbf69b814c" testListId="8c84fa94-04c1-424b-9868-57a2d4851a1d" />
    <TestEntry testId="cc1856e4-2264-d5db-50ed-bced59a6f4e9" executionId="61ce8a97-58f3-4608-bd77-5197dfc0ee2a" testListId="8c84fa94-04c1-424b-9868-57a2d4851a1d" />
    <TestEntry testId="77ba004a-a41a-15b1-3a25-15a81c5c398a" executionId="a21287fc-fd51-45e4-9513-a0808955d74b" testListId="8c84fa94-04c1-424b-9868-57a2d4851a1d" />
    <TestEntry testId="b36a58de-9913-92f6-ccf9-bd0c05f25b8d" executionId="ce2f67c4-8f38-4dae-a253-edc4602e4ba4" testListId="8c84fa94-04c1-424b-9868-57a2d4851a1d" />
    <TestEntry testId="cbc4feb0-3422-fb93-4561-0ef8c842b6fc" executionId="8581c358-3180-4b3a-a19e-8f1bbd81df72" testListId="8c84fa94-04c1-424b-9868-57a2d4851a1d" />
    <TestEntry testId="aed78143-ed2f-0a44-b759-739ff69857e2" executionId="b62e592d-9a16-40f8-85c7-6fcc89ad2d8f" testListId="8c84fa94-04c1-424b-9868-57a2d4851a1d" />
    <TestEntry testId="f8a343a7-f4f2-0fcc-086c-55966c924a9f" executionId="735631e6-ab32-4cc2-bcae-e8213820e574" testListId="8c84fa94-04c1-424b-9868-57a2d4851a1d" />
    <TestEntry testId="49283911-60ca-4601-27fe-690307ba1369" executionId="30d3ff1d-32de-4806-9c6f-10c7bce52c9b" testListId="8c84fa94-04c1-424b-9868-57a2d4851a1d" />
    <TestEntry testId="69bc6c2d-d16d-bc1c-b2ae-4b5299d2b8ae" executionId="fd7fc90e-de5b-4a58-afc0-8aa58a00ca6a" testListId="8c84fa94-04c1-424b-9868-57a2d4851a1d" />
    <TestEntry testId="c4d50f68-7963-5fa4-f056-0224dd4c42d6" executionId="bab4e0be-fdc9-4880-882b-b1a74b41ab3a" testListId="8c84fa94-04c1-424b-9868-57a2d4851a1d" />
    <TestEntry testId="a347325a-be7b-1740-93c9-2290a4736a57" executionId="8993a625-32ea-4282-8719-c57f477a9fd2" testListId="8c84fa94-04c1-424b-9868-57a2d4851a1d" />
    <TestEntry testId="077a19dc-7f3a-6b73-aded-a31f101770e4" executionId="c703815c-2b83-4617-b303-e039b3b4b04a" testListId="8c84fa94-04c1-424b-9868-57a2d4851a1d" />
    <TestEntry testId="0a386dd5-5585-4d7b-0625-a65421c74526" executionId="408b1ca4-5d48-49e8-8d17-811a8507d62f" testListId="8c84fa94-04c1-424b-9868-57a2d4851a1d" />
    <TestEntry testId="a19be5db-f870-5911-91e9-999b5cc7ee9d" executionId="de70d114-000e-4c4f-b2c9-7003cae1c54e" testListId="8c84fa94-04c1-424b-9868-57a2d4851a1d" />
    <TestEntry testId="a72100bf-7325-3fa6-2909-833c2097c78c" executionId="2e4348c8-46ae-4e87-9098-da9dd41a9cc9" testListId="8c84fa94-04c1-424b-9868-57a2d4851a1d" />
    <TestEntry testId="9adf4682-3337-610e-4d7a-a8606f7ac66f" executionId="b5b2eeef-7c82-48bf-868e-18faa19756e5" testListId="8c84fa94-04c1-424b-9868-57a2d4851a1d" />
    <TestEntry testId="a06cb852-b15b-69af-84ae-92d0a187008c" executionId="0ee36fc0-b14c-4237-9d64-b202083057b8" testListId="8c84fa94-04c1-424b-9868-57a2d4851a1d" />
    <TestEntry testId="259e0a45-fcf4-4779-89b8-ab58d1c8d11b" executionId="c87cb6e6-b1b4-4933-8ffa-7120c536a5a0" testListId="8c84fa94-04c1-424b-9868-57a2d4851a1d" />
    <TestEntry testId="cb36fbf2-5f87-eb47-0cf8-56e9872a8648" executionId="84e0c135-7043-4e5a-b6c1-8479745c9379" testListId="8c84fa94-04c1-424b-9868-57a2d4851a1d" />
    <TestEntry testId="2f5e38ee-d607-432d-4ba6-6df8d7d756cc" executionId="8dc7bd6b-cbd0-4bfc-89a9-615e2834b505" testListId="8c84fa94-04c1-424b-9868-57a2d4851a1d" />
    <TestEntry testId="f434835e-4936-d377-e6cc-3b7063bef60d" executionId="d4b9e9c5-e9b7-4d02-ae56-ffd14100ff10" testListId="8c84fa94-04c1-424b-9868-57a2d4851a1d" />
    <TestEntry testId="7f29d193-6f06-7c71-8457-784a1f347677" executionId="38c5c5e7-1a21-463b-ac19-69fda0c2339c" testListId="8c84fa94-04c1-424b-9868-57a2d4851a1d" />
    <TestEntry testId="34644ba8-ab10-80c7-cba2-f9f1c8dcf06b" executionId="319f33d0-8de3-4383-b6d9-1f0d7ce1d748" testListId="8c84fa94-04c1-424b-9868-57a2d4851a1d" />
    <TestEntry testId="e6e3f3f1-93ad-7e1d-2cfb-e589aaa0bbf9" executionId="b09b2928-75d1-4dda-a8a9-9975f692f59b" testListId="8c84fa94-04c1-424b-9868-57a2d4851a1d" />
    <TestEntry testId="4f9f2e9f-5d9a-e6a7-6e39-51e069a8dc0b" executionId="618f365a-da27-46f2-95c1-b44eccd0abaa" testListId="8c84fa94-04c1-424b-9868-57a2d4851a1d" />
    <TestEntry testId="b8f1f084-683d-91a3-02e9-3c1faa331d06" executionId="181a9173-d9c5-4f15-b976-4755ed955057" testListId="8c84fa94-04c1-424b-9868-57a2d4851a1d" />
    <TestEntry testId="2eb2639c-bf92-3406-b780-e5f3d48d5b8c" executionId="205ee144-2f0c-43d8-b38d-0841265a0d72" testListId="8c84fa94-04c1-424b-9868-57a2d4851a1d" />
    <TestEntry testId="c274656d-2407-878b-d465-b304a399ef94" executionId="283ac0ba-3a79-454c-9dce-7e8c88698c9a" testListId="8c84fa94-04c1-424b-9868-57a2d4851a1d" />
    <TestEntry testId="6adcaef9-3019-06b3-1943-e9c842dfb49a" executionId="d083e737-4e5e-452c-90b1-df1b7ce083de" testListId="8c84fa94-04c1-424b-9868-57a2d4851a1d" />
    <TestEntry testId="faad194e-5ba6-1977-d7f3-f65c92d994b9" executionId="5b757493-8487-43f8-88af-45418c4d824e" testListId="8c84fa94-04c1-424b-9868-57a2d4851a1d" />
    <TestEntry testId="36d1f7b1-e6e8-24c9-bf10-768039ffc405" executionId="a695bfa6-780f-409a-a7e3-80f07cc8fc80" testListId="8c84fa94-04c1-424b-9868-57a2d4851a1d" />
    <TestEntry testId="f22f2dc3-fd35-6672-ee95-239b2544d505" executionId="4c9211d6-8a02-4038-9d97-2938ef43e3de" testListId="8c84fa94-04c1-424b-9868-57a2d4851a1d" />
    <TestEntry testId="eb62e58b-a9e9-b527-7ee7-a798be692162" executionId="e02775aa-7cd1-4b9c-9261-d5f5d702babd" testListId="8c84fa94-04c1-424b-9868-57a2d4851a1d" />
    <TestEntry testId="cced3c92-5ea5-8884-939d-65f720b2d244" executionId="3506dde4-7834-456e-bbdc-abd95be90f17" testListId="8c84fa94-04c1-424b-9868-57a2d4851a1d" />
    <TestEntry testId="f683daaa-e2aa-432d-576a-e2635efbf69d" executionId="e1853eb5-190f-43d8-8d45-0622e285df76" testListId="8c84fa94-04c1-424b-9868-57a2d4851a1d" />
    <TestEntry testId="3e7fdf44-bb05-0688-f291-8d0dc8b171f1" executionId="7ed74323-97ab-4a5b-afa1-ef5d5f94c490" testListId="8c84fa94-04c1-424b-9868-57a2d4851a1d" />
    <TestEntry testId="8b285d32-3dbb-4d02-c3d7-0d644df46d26" executionId="ca02540d-57e0-453f-8aa1-071bc4021497" testListId="8c84fa94-04c1-424b-9868-57a2d4851a1d" />
    <TestEntry testId="2208813b-aae3-4779-ab4a-1c08988bd8c7" executionId="3e40574d-2d62-48c6-91c2-5e874434f7e2" testListId="8c84fa94-04c1-424b-9868-57a2d4851a1d" />
    <TestEntry testId="626dead4-e4e8-1137-bcb8-c6688dcd60a8" executionId="9a45d62e-efbe-4f2f-81f6-e4153c22017b" testListId="8c84fa94-04c1-424b-9868-57a2d4851a1d" />
    <TestEntry testId="b7a40375-bdbf-3d18-c64f-3fe1d974db15" executionId="057619e2-3a3e-4237-8588-142ba6cd3d68" testListId="8c84fa94-04c1-424b-9868-57a2d4851a1d" />
    <TestEntry testId="96841969-5390-fd06-8334-b7736548c7f7" executionId="b2ff4c4c-7102-4681-a241-ff611dc1b00b" testListId="8c84fa94-04c1-424b-9868-57a2d4851a1d" />
    <TestEntry testId="5b2837be-e08e-27fd-fc30-3312e4760a46" executionId="1491c737-7b33-4de1-8f35-6f006e69043b" testListId="8c84fa94-04c1-424b-9868-57a2d4851a1d" />
    <TestEntry testId="efc630ef-1cc4-0f34-8e5b-768e20177f1c" executionId="c06a9680-5e04-4c18-aaf5-c97b2049a4e3" testListId="8c84fa94-04c1-424b-9868-57a2d4851a1d" />
    <TestEntry testId="64e2ad8e-e6bf-d62b-d72f-cf4a3edbcd3e" executionId="42093533-ce09-45e7-9319-1c7a7ba92306" testListId="8c84fa94-04c1-424b-9868-57a2d4851a1d" />
    <TestEntry testId="b145f924-8d03-0afd-b432-6ea6d81e7a13" executionId="c65399d6-e726-4b1c-9fc7-9d384b44dbaf" testListId="8c84fa94-04c1-424b-9868-57a2d4851a1d" />
    <TestEntry testId="aa30ee5f-3bde-e7b1-195b-692d252199dc" executionId="b167a9cd-ed0e-4fe3-be8a-7fbec60e5feb" testListId="8c84fa94-04c1-424b-9868-57a2d4851a1d" />
    <TestEntry testId="8d3b8848-e569-524c-c15c-61a5c51d382b" executionId="d21b3371-b3ca-4a40-a907-237272ca630c" testListId="8c84fa94-04c1-424b-9868-57a2d4851a1d" />
    <TestEntry testId="e5b2fd9a-a443-fa66-192b-980f442c06eb" executionId="eb19d12f-a1ba-4211-aa49-1add16f0b334" testListId="8c84fa94-04c1-424b-9868-57a2d4851a1d" />
    <TestEntry testId="4f10b535-5325-10e3-c8cd-722beef34314" executionId="1cecd4fc-414e-4c3b-a477-21b6aa023e48" testListId="8c84fa94-04c1-424b-9868-57a2d4851a1d" />
    <TestEntry testId="759b2719-5c4d-ef3a-86ca-fbc61cb10f5e" executionId="eae66ea8-657d-45f6-89ea-41c519c4ba05" testListId="8c84fa94-04c1-424b-9868-57a2d4851a1d" />
    <TestEntry testId="232dca56-4723-bff7-a233-a41109f02407" executionId="7a5dab65-25bf-4e72-8123-a6ee9cf95d2c" testListId="8c84fa94-04c1-424b-9868-57a2d4851a1d" />
    <TestEntry testId="887f3a40-e42b-072a-5358-240c5a8f988c" executionId="db85fa7a-a410-475c-9dfa-87202760797c" testListId="8c84fa94-04c1-424b-9868-57a2d4851a1d" />
    <TestEntry testId="060da052-3325-ac99-19ce-37d397171504" executionId="ed85d9e7-1fd4-4a1d-9735-ee469112be1c" testListId="8c84fa94-04c1-424b-9868-57a2d4851a1d" />
    <TestEntry testId="7b1a718f-8253-8ff9-9ede-0fc84e622d39" executionId="852934c3-5c5f-4b5d-ae82-2b6983da145e" testListId="8c84fa94-04c1-424b-9868-57a2d4851a1d" />
    <TestEntry testId="0e38cd04-570e-8c9c-0084-02bae578053c" executionId="dd59d81b-a455-4344-92cd-02439d9f70c3" testListId="8c84fa94-04c1-424b-9868-57a2d4851a1d" />
    <TestEntry testId="dd0678c0-acc1-f3cb-f332-b293f08ebc80" executionId="e34c441e-8909-4f78-9f08-1866cb5de4db" testListId="8c84fa94-04c1-424b-9868-57a2d4851a1d" />
    <TestEntry testId="10781072-132f-8413-9960-6a55aefb4f54" executionId="3848886a-d1d4-4186-9f34-b528db19031f" testListId="8c84fa94-04c1-424b-9868-57a2d4851a1d" />
    <TestEntry testId="e18b4135-e3cd-dd6e-f8a2-b5626aa3625a" executionId="b9b7db0b-5526-4097-a855-27ed4fe6df87" testListId="8c84fa94-04c1-424b-9868-57a2d4851a1d" />
    <TestEntry testId="fc262570-900e-725d-8b8e-cf4c1a0d264b" executionId="2b6f3577-3a3a-4ae1-b2f1-0cf9d047322f" testListId="8c84fa94-04c1-424b-9868-57a2d4851a1d" />
    <TestEntry testId="b873307c-8d2e-7ebc-bb5c-6b1d0b4e066b" executionId="c573831e-b218-44b2-899c-059b1952983f" testListId="8c84fa94-04c1-424b-9868-57a2d4851a1d" />
  </TestEntries>
  <TestLists>
    <TestList name="Results Not in a List" id="8c84fa94-04c1-424b-9868-57a2d4851a1d" />
    <TestList name="All Loaded Results" id="19431567-8539-422a-85d7-44ee4e166bda" />
  </TestLists>
  <ResultSummary outcome="Completed">
    <Counters total="505" executed="505" passed="505" failed="0" error="0" timeout="0" aborted="0" inconclusive="0" passedButRunAborted="0" notRunnable="0" notExecuted="0" disconnected="0" warning="0" completed="0" inProgress="0" pending="0" />
    <Output>
      <StdOut>[xUnit.net 00:00:00.00] xUnit.net VSTest Adapter v3.1.4+50e68bbb8b (64-bit .NET 8.0.20)&#xD;
[xUnit.net 00:00:00.08]   Discovering: TestingLayer&#xD;
[xUnit.net 00:00:00.15]   Discovered:  TestingLayer&#xD;
[xUnit.net 00:00:00.22]   Starting:    TestingLayer&#xD;
Complaint was persisted but notification delivery failed: Notification service down&#xD;
[xUnit.net 00:00:07.29]   Finished:    TestingLayer&#xD;
</StdOut>
    </Output>
  </ResultSummary>
</TestRun>